ARM GAS  C:\Users\PC\AppData\Local\Temp\ccYKGyPO.s 			page 1


   1              		.syntax unified
   2              		.cpu cortex-m4
   3              		.eabi_attribute 27, 1
   4              		.fpu fpv4-sp-d16
   5              		.eabi_attribute 20, 1
   6              		.eabi_attribute 21, 1
   7              		.eabi_attribute 23, 3
   8              		.eabi_attribute 24, 1
   9              		.eabi_attribute 25, 1
  10              		.eabi_attribute 26, 1
  11              		.eabi_attribute 30, 1
  12              		.eabi_attribute 34, 1
  13              		.eabi_attribute 18, 4
  14              		.thumb
  15              		.syntax unified
  16              		.file	"cyfitter_sysint_cfg.c"
  17              		.text
  18              	.Ltext0:
  19              		.cfi_sections	.debug_frame
  20              		.global	CY_EINK_SPIM_SCB_IRQ_cfg
  21              		.section	.rodata
  22              		.align	2
  23              		.type	CY_EINK_SPIM_SCB_IRQ_cfg, %object
  24              		.size	CY_EINK_SPIM_SCB_IRQ_cfg, 8
  25              	CY_EINK_SPIM_SCB_IRQ_cfg:
  26 0000 2F00     		.short	47
  27 0002 0000     		.space	2
  28 0004 07000000 		.word	7
  29              		.text
  30              	.Letext0:
  31              		.file 1 "Generated_Source\\PSoC6\\pdl\\devices/psoc6/psoc63/include/cy8c6347bzi_bld53.h"
  32              		.file 2 "c:\\program files (x86)\\cypress\\psoc creator\\4.4\\psoc creator\\import\\gnu\\arm\\5.4.
  33              		.file 3 "c:\\program files (x86)\\cypress\\psoc creator\\4.4\\psoc creator\\import\\gnu\\arm\\5.4.
  34              		.file 4 "Generated_Source\\PSoC6\\pdl\\drivers/peripheral/sysint/cy_sysint.h"
  35              		.file 5 "Generated_Source\\PSoC6\\pdl\\cmsis/include/core_cm4.h"
  36              		.file 6 "Generated_Source\\PSoC6\\cyfitter_sysint_cfg.c"
  37              		.section	.debug_info,"",%progbits
  38              	.Ldebug_info0:
  39 0000 CE040000 		.4byte	0x4ce
  40 0004 0400     		.2byte	0x4
  41 0006 00000000 		.4byte	.Ldebug_abbrev0
  42 000a 04       		.byte	0x4
  43 000b 01       		.uleb128 0x1
  44 000c B7090000 		.4byte	.LASF182
  45 0010 0C       		.byte	0xc
  46 0011 DF0D0000 		.4byte	.LASF183
  47 0015 1B000000 		.4byte	.LASF184
  48 0019 00000000 		.4byte	.Ldebug_line0
  49 001d 02       		.uleb128 0x2
  50 001e 02       		.byte	0x2
  51 001f DE030000 		.4byte	0x3de
  52 0023 01       		.byte	0x1
  53 0024 24       		.byte	0x24
  54 0025 DE030000 		.4byte	0x3de
  55 0029 03       		.uleb128 0x3
  56 002a 9D020000 		.4byte	.LASF0
  57 002e 71       		.sleb128 -15
ARM GAS  C:\Users\PC\AppData\Local\Temp\ccYKGyPO.s 			page 2


  58 002f 03       		.uleb128 0x3
  59 0030 940E0000 		.4byte	.LASF1
  60 0034 72       		.sleb128 -14
  61 0035 03       		.uleb128 0x3
  62 0036 FE0E0000 		.4byte	.LASF2
  63 003a 73       		.sleb128 -13
  64 003b 03       		.uleb128 0x3
  65 003c DC0A0000 		.4byte	.LASF3
  66 0040 74       		.sleb128 -12
  67 0041 03       		.uleb128 0x3
  68 0042 4B050000 		.4byte	.LASF4
  69 0046 75       		.sleb128 -11
  70 0047 03       		.uleb128 0x3
  71 0048 4E0D0000 		.4byte	.LASF5
  72 004c 76       		.sleb128 -10
  73 004d 03       		.uleb128 0x3
  74 004e F0060000 		.4byte	.LASF6
  75 0052 7B       		.sleb128 -5
  76 0053 03       		.uleb128 0x3
  77 0054 290F0000 		.4byte	.LASF7
  78 0058 7C       		.sleb128 -4
  79 0059 03       		.uleb128 0x3
  80 005a 5D0E0000 		.4byte	.LASF8
  81 005e 7E       		.sleb128 -2
  82 005f 03       		.uleb128 0x3
  83 0060 E5070000 		.4byte	.LASF9
  84 0064 7F       		.sleb128 -1
  85 0065 04       		.uleb128 0x4
  86 0066 16020000 		.4byte	.LASF10
  87 006a 00       		.byte	0
  88 006b 04       		.uleb128 0x4
  89 006c E20E0000 		.4byte	.LASF11
  90 0070 01       		.byte	0x1
  91 0071 04       		.uleb128 0x4
  92 0072 7E000000 		.4byte	.LASF12
  93 0076 02       		.byte	0x2
  94 0077 04       		.uleb128 0x4
  95 0078 290E0000 		.4byte	.LASF13
  96 007c 03       		.byte	0x3
  97 007d 04       		.uleb128 0x4
  98 007e 25100000 		.4byte	.LASF14
  99 0082 04       		.byte	0x4
 100 0083 04       		.uleb128 0x4
 101 0084 D0050000 		.4byte	.LASF15
 102 0088 05       		.byte	0x5
 103 0089 04       		.uleb128 0x4
 104 008a 96070000 		.4byte	.LASF16
 105 008e 06       		.byte	0x6
 106 008f 04       		.uleb128 0x4
 107 0090 7E090000 		.4byte	.LASF17
 108 0094 07       		.byte	0x7
 109 0095 04       		.uleb128 0x4
 110 0096 C8110000 		.4byte	.LASF18
 111 009a 08       		.byte	0x8
 112 009b 04       		.uleb128 0x4
 113 009c 52020000 		.4byte	.LASF19
 114 00a0 09       		.byte	0x9
ARM GAS  C:\Users\PC\AppData\Local\Temp\ccYKGyPO.s 			page 3


 115 00a1 04       		.uleb128 0x4
 116 00a2 130C0000 		.4byte	.LASF20
 117 00a6 0A       		.byte	0xa
 118 00a7 04       		.uleb128 0x4
 119 00a8 BF0A0000 		.4byte	.LASF21
 120 00ac 0B       		.byte	0xb
 121 00ad 04       		.uleb128 0x4
 122 00ae 55100000 		.4byte	.LASF22
 123 00b2 0C       		.byte	0xc
 124 00b3 04       		.uleb128 0x4
 125 00b4 1E060000 		.4byte	.LASF23
 126 00b8 0D       		.byte	0xd
 127 00b9 04       		.uleb128 0x4
 128 00ba C8070000 		.4byte	.LASF24
 129 00be 0E       		.byte	0xe
 130 00bf 04       		.uleb128 0x4
 131 00c0 7E040000 		.4byte	.LASF25
 132 00c4 0F       		.byte	0xf
 133 00c5 04       		.uleb128 0x4
 134 00c6 C2100000 		.4byte	.LASF26
 135 00ca 10       		.byte	0x10
 136 00cb 04       		.uleb128 0x4
 137 00cc 7B030000 		.4byte	.LASF27
 138 00d0 11       		.byte	0x11
 139 00d1 04       		.uleb128 0x4
 140 00d2 DD000000 		.4byte	.LASF28
 141 00d6 12       		.byte	0x12
 142 00d7 04       		.uleb128 0x4
 143 00d8 97040000 		.4byte	.LASF29
 144 00dc 13       		.byte	0x13
 145 00dd 04       		.uleb128 0x4
 146 00de 85060000 		.4byte	.LASF30
 147 00e2 14       		.byte	0x14
 148 00e3 04       		.uleb128 0x4
 149 00e4 11110000 		.4byte	.LASF31
 150 00e8 15       		.byte	0x15
 151 00e9 04       		.uleb128 0x4
 152 00ea C9000000 		.4byte	.LASF32
 153 00ee 16       		.byte	0x16
 154 00ef 04       		.uleb128 0x4
 155 00f0 85050000 		.4byte	.LASF33
 156 00f4 17       		.byte	0x17
 157 00f5 04       		.uleb128 0x4
 158 00f6 25010000 		.4byte	.LASF34
 159 00fa 18       		.byte	0x18
 160 00fb 04       		.uleb128 0x4
 161 00fc 4E0F0000 		.4byte	.LASF35
 162 0100 19       		.byte	0x19
 163 0101 04       		.uleb128 0x4
 164 0102 29070000 		.4byte	.LASF36
 165 0106 1A       		.byte	0x1a
 166 0107 04       		.uleb128 0x4
 167 0108 00090000 		.4byte	.LASF37
 168 010c 1B       		.byte	0x1b
 169 010d 04       		.uleb128 0x4
 170 010e DD0B0000 		.4byte	.LASF38
 171 0112 1C       		.byte	0x1c
ARM GAS  C:\Users\PC\AppData\Local\Temp\ccYKGyPO.s 			page 4


 172 0113 04       		.uleb128 0x4
 173 0114 7F010000 		.4byte	.LASF39
 174 0118 1D       		.byte	0x1d
 175 0119 04       		.uleb128 0x4
 176 011a CE030000 		.4byte	.LASF40
 177 011e 1E       		.byte	0x1e
 178 011f 04       		.uleb128 0x4
 179 0120 EC050000 		.4byte	.LASF41
 180 0124 1F       		.byte	0x1f
 181 0125 04       		.uleb128 0x4
 182 0126 5E0D0000 		.4byte	.LASF42
 183 012a 20       		.byte	0x20
 184 012b 04       		.uleb128 0x4
 185 012c 9F0F0000 		.4byte	.LASF43
 186 0130 21       		.byte	0x21
 187 0131 04       		.uleb128 0x4
 188 0132 E4110000 		.4byte	.LASF44
 189 0136 22       		.byte	0x22
 190 0137 04       		.uleb128 0x4
 191 0138 2C110000 		.4byte	.LASF45
 192 013c 23       		.byte	0x23
 193 013d 04       		.uleb128 0x4
 194 013e 9B010000 		.4byte	.LASF46
 195 0142 24       		.byte	0x24
 196 0143 04       		.uleb128 0x4
 197 0144 06040000 		.4byte	.LASF47
 198 0148 25       		.byte	0x25
 199 0149 04       		.uleb128 0x4
 200 014a 16120000 		.4byte	.LASF48
 201 014e 26       		.byte	0x26
 202 014f 04       		.uleb128 0x4
 203 0150 960D0000 		.4byte	.LASF49
 204 0154 27       		.byte	0x27
 205 0155 04       		.uleb128 0x4
 206 0156 D70F0000 		.4byte	.LASF50
 207 015a 28       		.byte	0x28
 208 015b 04       		.uleb128 0x4
 209 015c 50010000 		.4byte	.LASF51
 210 0160 29       		.byte	0x29
 211 0161 04       		.uleb128 0x4
 212 0162 59050000 		.4byte	.LASF52
 213 0166 2A       		.byte	0x2a
 214 0167 04       		.uleb128 0x4
 215 0168 9E050000 		.4byte	.LASF53
 216 016c 2B       		.byte	0x2b
 217 016d 04       		.uleb128 0x4
 218 016e 690E0000 		.4byte	.LASF54
 219 0172 2C       		.byte	0x2c
 220 0173 04       		.uleb128 0x4
 221 0174 69090000 		.4byte	.LASF55
 222 0178 2D       		.byte	0x2d
 223 0179 04       		.uleb128 0x4
 224 017a 9A000000 		.4byte	.LASF56
 225 017e 2E       		.byte	0x2e
 226 017f 04       		.uleb128 0x4
 227 0180 CD0E0000 		.4byte	.LASF57
 228 0184 2F       		.byte	0x2f
ARM GAS  C:\Users\PC\AppData\Local\Temp\ccYKGyPO.s 			page 5


 229 0185 04       		.uleb128 0x4
 230 0186 11050000 		.4byte	.LASF58
 231 018a 30       		.byte	0x30
 232 018b 04       		.uleb128 0x4
 233 018c 3B0F0000 		.4byte	.LASF59
 234 0190 31       		.byte	0x31
 235 0191 04       		.uleb128 0x4
 236 0192 A6100000 		.4byte	.LASF60
 237 0196 32       		.byte	0x32
 238 0197 04       		.uleb128 0x4
 239 0198 F2000000 		.4byte	.LASF61
 240 019c 33       		.byte	0x33
 241 019d 04       		.uleb128 0x4
 242 019e 48030000 		.4byte	.LASF62
 243 01a2 34       		.byte	0x34
 244 01a3 04       		.uleb128 0x4
 245 01a4 A30A0000 		.4byte	.LASF63
 246 01a8 35       		.byte	0x35
 247 01a9 04       		.uleb128 0x4
 248 01aa 62040000 		.4byte	.LASF64
 249 01ae 36       		.byte	0x36
 250 01af 04       		.uleb128 0x4
 251 01b0 0D0F0000 		.4byte	.LASF65
 252 01b4 37       		.byte	0x37
 253 01b5 04       		.uleb128 0x4
 254 01b6 D5040000 		.4byte	.LASF66
 255 01ba 38       		.byte	0x38
 256 01bb 04       		.uleb128 0x4
 257 01bc 65110000 		.4byte	.LASF67
 258 01c0 39       		.byte	0x39
 259 01c1 04       		.uleb128 0x4
 260 01c2 9D080000 		.4byte	.LASF68
 261 01c6 3A       		.byte	0x3a
 262 01c7 04       		.uleb128 0x4
 263 01c8 740B0000 		.4byte	.LASF69
 264 01cc 3B       		.byte	0x3b
 265 01cd 04       		.uleb128 0x4
 266 01ce C9080000 		.4byte	.LASF70
 267 01d2 3C       		.byte	0x3c
 268 01d3 04       		.uleb128 0x4
 269 01d4 A60B0000 		.4byte	.LASF71
 270 01d8 3D       		.byte	0x3d
 271 01d9 04       		.uleb128 0x4
 272 01da 0C0E0000 		.4byte	.LASF72
 273 01de 3E       		.byte	0x3e
 274 01df 04       		.uleb128 0x4
 275 01e0 9A090000 		.4byte	.LASF73
 276 01e4 3F       		.byte	0x3f
 277 01e5 04       		.uleb128 0x4
 278 01e6 B3050000 		.4byte	.LASF74
 279 01ea 40       		.byte	0x40
 280 01eb 04       		.uleb128 0x4
 281 01ec 79070000 		.4byte	.LASF75
 282 01f0 41       		.byte	0x41
 283 01f1 04       		.uleb128 0x4
 284 01f2 410B0000 		.4byte	.LASF76
 285 01f6 42       		.byte	0x42
ARM GAS  C:\Users\PC\AppData\Local\Temp\ccYKGyPO.s 			page 6


 286 01f7 04       		.uleb128 0x4
 287 01f8 7A0D0000 		.4byte	.LASF77
 288 01fc 43       		.byte	0x43
 289 01fd 04       		.uleb128 0x4
 290 01fe BB0F0000 		.4byte	.LASF78
 291 0202 44       		.byte	0x44
 292 0203 04       		.uleb128 0x4
 293 0204 9C0C0000 		.4byte	.LASF79
 294 0208 45       		.byte	0x45
 295 0209 04       		.uleb128 0x4
 296 020a 45070000 		.4byte	.LASF80
 297 020e 46       		.byte	0x46
 298 020f 04       		.uleb128 0x4
 299 0210 1C090000 		.4byte	.LASF81
 300 0214 47       		.byte	0x47
 301 0215 04       		.uleb128 0x4
 302 0216 49110000 		.4byte	.LASF82
 303 021a 48       		.byte	0x48
 304 021b 04       		.uleb128 0x4
 305 021c EA030000 		.4byte	.LASF83
 306 0220 49       		.byte	0x49
 307 0221 04       		.uleb128 0x4
 308 0222 23040000 		.4byte	.LASF84
 309 0226 4A       		.byte	0x4a
 310 0227 04       		.uleb128 0x4
 311 0228 2C030000 		.4byte	.LASF85
 312 022c 4B       		.byte	0x4b
 313 022d 04       		.uleb128 0x4
 314 022e F4100000 		.4byte	.LASF86
 315 0232 4C       		.byte	0x4c
 316 0233 04       		.uleb128 0x4
 317 0234 D20C0000 		.4byte	.LASF87
 318 0238 4D       		.byte	0x4d
 319 0239 04       		.uleb128 0x4
 320 023a 89100000 		.4byte	.LASF88
 321 023e 4E       		.byte	0x4e
 322 023f 04       		.uleb128 0x4
 323 0240 56060000 		.4byte	.LASF89
 324 0244 4F       		.byte	0x4f
 325 0245 04       		.uleb128 0x4
 326 0246 F2070000 		.4byte	.LASF90
 327 024a 50       		.byte	0x50
 328 024b 04       		.uleb128 0x4
 329 024c 6A0A0000 		.4byte	.LASF91
 330 0250 51       		.byte	0x51
 331 0251 04       		.uleb128 0x4
 332 0252 D2060000 		.4byte	.LASF92
 333 0256 52       		.byte	0x52
 334 0257 04       		.uleb128 0x4
 335 0258 5F080000 		.4byte	.LASF93
 336 025c 53       		.byte	0x53
 337 025d 04       		.uleb128 0x4
 338 025e DC020000 		.4byte	.LASF94
 339 0262 54       		.byte	0x54
 340 0263 04       		.uleb128 0x4
 341 0264 61070000 		.4byte	.LASF95
 342 0268 55       		.byte	0x55
ARM GAS  C:\Users\PC\AppData\Local\Temp\ccYKGyPO.s 			page 7


 343 0269 04       		.uleb128 0x4
 344 026a A8110000 		.4byte	.LASF96
 345 026e 56       		.byte	0x56
 346 026f 04       		.uleb128 0x4
 347 0270 32020000 		.4byte	.LASF97
 348 0274 57       		.byte	0x57
 349 0275 04       		.uleb128 0x4
 350 0276 610C0000 		.4byte	.LASF98
 351 027a 58       		.byte	0x58
 352 027b 04       		.uleb128 0x4
 353 027c F1040000 		.4byte	.LASF99
 354 0280 59       		.byte	0x59
 355 0281 04       		.uleb128 0x4
 356 0282 DA100000 		.4byte	.LASF100
 357 0286 5A       		.byte	0x5a
 358 0287 04       		.uleb128 0x4
 359 0288 A1060000 		.4byte	.LASF101
 360 028c 5B       		.byte	0x5b
 361 028d 04       		.uleb128 0x4
 362 028e 2A080000 		.4byte	.LASF102
 363 0292 5C       		.byte	0x5c
 364 0293 04       		.uleb128 0x4
 365 0294 F20A0000 		.4byte	.LASF103
 366 0298 5D       		.byte	0x5d
 367 0299 04       		.uleb128 0x4
 368 029a AF000000 		.4byte	.LASF104
 369 029e 5E       		.byte	0x5e
 370 029f 04       		.uleb128 0x4
 371 02a0 12030000 		.4byte	.LASF105
 372 02a4 5F       		.byte	0x5f
 373 02a5 04       		.uleb128 0x4
 374 02a6 26050000 		.4byte	.LASF106
 375 02aa 60       		.byte	0x60
 376 02ab 04       		.uleb128 0x4
 377 02ac B80C0000 		.4byte	.LASF107
 378 02b0 61       		.byte	0x61
 379 02b1 04       		.uleb128 0x4
 380 02b2 91030000 		.4byte	.LASF108
 381 02b6 62       		.byte	0x62
 382 02b7 04       		.uleb128 0x4
 383 02b8 270B0000 		.4byte	.LASF109
 384 02bc 63       		.byte	0x63
 385 02bd 04       		.uleb128 0x4
 386 02be 340D0000 		.4byte	.LASF110
 387 02c2 64       		.byte	0x64
 388 02c3 04       		.uleb128 0x4
 389 02c4 850F0000 		.4byte	.LASF111
 390 02c8 65       		.byte	0x65
 391 02c9 04       		.uleb128 0x4
 392 02ca 8E110000 		.4byte	.LASF112
 393 02ce 66       		.byte	0x66
 394 02cf 04       		.uleb128 0x4
 395 02d0 0F070000 		.4byte	.LASF113
 396 02d4 67       		.byte	0x67
 397 02d5 04       		.uleb128 0x4
 398 02d6 E6080000 		.4byte	.LASF114
 399 02da 68       		.byte	0x68
ARM GAS  C:\Users\PC\AppData\Local\Temp\ccYKGyPO.s 			page 8


 400 02db 04       		.uleb128 0x4
 401 02dc C30B0000 		.4byte	.LASF115
 402 02e0 69       		.byte	0x69
 403 02e1 04       		.uleb128 0x4
 404 02e2 65010000 		.4byte	.LASF116
 405 02e6 6A       		.byte	0x6a
 406 02e7 04       		.uleb128 0x4
 407 02e8 B4030000 		.4byte	.LASF117
 408 02ec 6B       		.byte	0x6b
 409 02ed 04       		.uleb128 0x4
 410 02ee FB010000 		.4byte	.LASF118
 411 02f2 6C       		.byte	0x6c
 412 02f3 04       		.uleb128 0x4
 413 02f4 47040000 		.4byte	.LASF119
 414 02f8 6D       		.byte	0x6d
 415 02f9 04       		.uleb128 0x4
 416 02fa 3B060000 		.4byte	.LASF120
 417 02fe 6E       		.byte	0x6e
 418 02ff 04       		.uleb128 0x4
 419 0300 44080000 		.4byte	.LASF121
 420 0304 6F       		.byte	0x6f
 421 0305 04       		.uleb128 0x4
 422 0306 0A100000 		.4byte	.LASF122
 423 030a 70       		.byte	0x70
 424 030b 04       		.uleb128 0x4
 425 030c 00000000 		.4byte	.LASF123
 426 0310 71       		.byte	0x71
 427 0311 04       		.uleb128 0x4
 428 0312 A8020000 		.4byte	.LASF124
 429 0316 72       		.byte	0x72
 430 0317 04       		.uleb128 0x4
 431 0318 4E090000 		.4byte	.LASF125
 432 031c 73       		.byte	0x73
 433 031d 04       		.uleb128 0x4
 434 031e 810C0000 		.4byte	.LASF126
 435 0322 74       		.byte	0x74
 436 0323 04       		.uleb128 0x4
 437 0324 B20E0000 		.4byte	.LASF127
 438 0328 75       		.byte	0x75
 439 0329 04       		.uleb128 0x4
 440 032a 0C0B0000 		.4byte	.LASF128
 441 032e 76       		.byte	0x76
 442 032f 04       		.uleb128 0x4
 443 0330 100D0000 		.4byte	.LASF129
 444 0334 77       		.byte	0x77
 445 0335 04       		.uleb128 0x4
 446 0336 6A0F0000 		.4byte	.LASF130
 447 033a 78       		.byte	0x78
 448 033b 04       		.uleb128 0x4
 449 033c 0F080000 		.4byte	.LASF131
 450 0340 79       		.byte	0x79
 451 0341 04       		.uleb128 0x4
 452 0342 B8010000 		.4byte	.LASF132
 453 0346 7A       		.byte	0x7a
 454 0347 04       		.uleb128 0x4
 455 0348 3A010000 		.4byte	.LASF133
 456 034c 7B       		.byte	0x7b
ARM GAS  C:\Users\PC\AppData\Local\Temp\ccYKGyPO.s 			page 9


 457 034d 04       		.uleb128 0x4
 458 034e 08060000 		.4byte	.LASF134
 459 0352 7C       		.byte	0x7c
 460 0353 04       		.uleb128 0x4
 461 0354 B2070000 		.4byte	.LASF135
 462 0358 7D       		.byte	0x7d
 463 0359 04       		.uleb128 0x4
 464 035a F40F0000 		.4byte	.LASF136
 465 035e 7E       		.byte	0x7e
 466 035f 04       		.uleb128 0x4
 467 0360 00120000 		.4byte	.LASF137
 468 0364 7F       		.byte	0x7f
 469 0365 04       		.uleb128 0x4
 470 0366 87020000 		.4byte	.LASF138
 471 036a 80       		.byte	0x80
 472 036b 04       		.uleb128 0x4
 473 036c 38090000 		.4byte	.LASF139
 474 0370 81       		.byte	0x81
 475 0371 04       		.uleb128 0x4
 476 0372 300C0000 		.4byte	.LASF140
 477 0376 82       		.byte	0x82
 478 0377 04       		.uleb128 0x4
 479 0378 7E0E0000 		.4byte	.LASF141
 480 037c 83       		.byte	0x83
 481 037d 04       		.uleb128 0x4
 482 037e 86080000 		.4byte	.LASF142
 483 0382 84       		.byte	0x84
 484 0383 04       		.uleb128 0x4
 485 0384 5D0B0000 		.4byte	.LASF143
 486 0388 85       		.byte	0x85
 487 0389 04       		.uleb128 0x4
 488 038a 0E010000 		.4byte	.LASF144
 489 038e 86       		.byte	0x86
 490 038f 04       		.uleb128 0x4
 491 0390 64030000 		.4byte	.LASF145
 492 0394 87       		.byte	0x87
 493 0395 04       		.uleb128 0x4
 494 0396 6E050000 		.4byte	.LASF146
 495 039a 88       		.byte	0x88
 496 039b 04       		.uleb128 0x4
 497 039c EF0C0000 		.4byte	.LASF147
 498 03a0 89       		.byte	0x89
 499 03a1 04       		.uleb128 0x4
 500 03a2 450E0000 		.4byte	.LASF148
 501 03a6 8A       		.byte	0x8a
 502 03a7 04       		.uleb128 0x4
 503 03a8 BA040000 		.4byte	.LASF149
 504 03ac 8B       		.byte	0x8b
 505 03ad 04       		.uleb128 0x4
 506 03ae B30D0000 		.4byte	.LASF150
 507 03b2 8C       		.byte	0x8c
 508 03b3 04       		.uleb128 0x4
 509 03b4 72100000 		.4byte	.LASF151
 510 03b8 8D       		.byte	0x8d
 511 03b9 04       		.uleb128 0x4
 512 03ba 41100000 		.4byte	.LASF152
 513 03be 8E       		.byte	0x8e
ARM GAS  C:\Users\PC\AppData\Local\Temp\ccYKGyPO.s 			page 10


 514 03bf 04       		.uleb128 0x4
 515 03c0 870A0000 		.4byte	.LASF153
 516 03c4 8F       		.byte	0x8f
 517 03c5 04       		.uleb128 0x4
 518 03c6 BB060000 		.4byte	.LASF154
 519 03ca 90       		.byte	0x90
 520 03cb 04       		.uleb128 0x4
 521 03cc E5010000 		.4byte	.LASF155
 522 03d0 91       		.byte	0x91
 523 03d1 04       		.uleb128 0x4
 524 03d2 6E020000 		.4byte	.LASF156
 525 03d6 92       		.byte	0x92
 526 03d7 04       		.uleb128 0x4
 527 03d8 460C0000 		.4byte	.LASF157
 528 03dc F0       		.byte	0xf0
 529 03dd 00       		.byte	0
 530 03de 05       		.uleb128 0x5
 531 03df 02       		.byte	0x2
 532 03e0 05       		.byte	0x5
 533 03e1 570C0000 		.4byte	.LASF158
 534 03e5 06       		.uleb128 0x6
 535 03e6 060D0000 		.4byte	.LASF162
 536 03ea 01       		.byte	0x1
 537 03eb F4       		.byte	0xf4
 538 03ec 1D000000 		.4byte	0x1d
 539 03f0 05       		.uleb128 0x5
 540 03f1 01       		.byte	0x1
 541 03f2 06       		.byte	0x6
 542 03f3 06030000 		.4byte	.LASF159
 543 03f7 05       		.uleb128 0x5
 544 03f8 01       		.byte	0x1
 545 03f9 08       		.byte	0x8
 546 03fa 980B0000 		.4byte	.LASF160
 547 03fe 05       		.uleb128 0x5
 548 03ff 02       		.byte	0x2
 549 0400 07       		.byte	0x7
 550 0401 FC060000 		.4byte	.LASF161
 551 0405 06       		.uleb128 0x6
 552 0406 A80E0000 		.4byte	.LASF163
 553 040a 02       		.byte	0x2
 554 040b 3F       		.byte	0x3f
 555 040c 10040000 		.4byte	0x410
 556 0410 05       		.uleb128 0x5
 557 0411 04       		.byte	0x4
 558 0412 05       		.byte	0x5
 559 0413 AB030000 		.4byte	.LASF164
 560 0417 06       		.uleb128 0x6
 561 0418 40050000 		.4byte	.LASF165
 562 041c 02       		.byte	0x2
 563 041d 41       		.byte	0x41
 564 041e 22040000 		.4byte	0x422
 565 0422 05       		.uleb128 0x5
 566 0423 04       		.byte	0x4
 567 0424 07       		.byte	0x7
 568 0425 73060000 		.4byte	.LASF166
 569 0429 05       		.uleb128 0x5
 570 042a 08       		.byte	0x8
ARM GAS  C:\Users\PC\AppData\Local\Temp\ccYKGyPO.s 			page 11


 571 042b 05       		.byte	0x5
 572 042c F8020000 		.4byte	.LASF167
 573 0430 05       		.uleb128 0x5
 574 0431 08       		.byte	0x8
 575 0432 07       		.byte	0x7
 576 0433 CE010000 		.4byte	.LASF168
 577 0437 07       		.uleb128 0x7
 578 0438 04       		.byte	0x4
 579 0439 05       		.byte	0x5
 580 043a 696E7400 		.ascii	"int\000"
 581 043e 05       		.uleb128 0x5
 582 043f 04       		.byte	0x4
 583 0440 07       		.byte	0x7
 584 0441 060C0000 		.4byte	.LASF169
 585 0445 06       		.uleb128 0x6
 586 0446 900B0000 		.4byte	.LASF170
 587 044a 03       		.byte	0x3
 588 044b 2C       		.byte	0x2c
 589 044c 05040000 		.4byte	0x405
 590 0450 06       		.uleb128 0x6
 591 0451 2B0D0000 		.4byte	.LASF171
 592 0455 03       		.byte	0x3
 593 0456 30       		.byte	0x30
 594 0457 17040000 		.4byte	0x417
 595 045b 05       		.uleb128 0x5
 596 045c 04       		.byte	0x4
 597 045d 07       		.byte	0x7
 598 045e 7D080000 		.4byte	.LASF172
 599 0462 05       		.uleb128 0x5
 600 0463 08       		.byte	0x8
 601 0464 04       		.byte	0x4
 602 0465 CE0D0000 		.4byte	.LASF173
 603 0469 05       		.uleb128 0x5
 604 046a 01       		.byte	0x1
 605 046b 08       		.byte	0x8
 606 046c DA0D0000 		.4byte	.LASF174
 607 0470 05       		.uleb128 0x5
 608 0471 04       		.byte	0x4
 609 0472 04       		.byte	0x4
 610 0473 9D0A0000 		.4byte	.LASF175
 611 0477 05       		.uleb128 0x5
 612 0478 08       		.byte	0x8
 613 0479 04       		.byte	0x4
 614 047a B3040000 		.4byte	.LASF176
 615 047e 08       		.uleb128 0x8
 616 047f 08       		.byte	0x8
 617 0480 04       		.byte	0x4
 618 0481 EB       		.byte	0xeb
 619 0482 9F040000 		.4byte	0x49f
 620 0486 09       		.uleb128 0x9
 621 0487 3F040000 		.4byte	.LASF177
 622 048b 04       		.byte	0x4
 623 048c EC       		.byte	0xec
 624 048d E5030000 		.4byte	0x3e5
 625 0491 00       		.byte	0
 626 0492 09       		.uleb128 0x9
 627 0493 81110000 		.4byte	.LASF178
ARM GAS  C:\Users\PC\AppData\Local\Temp\ccYKGyPO.s 			page 12


 628 0497 04       		.byte	0x4
 629 0498 F0       		.byte	0xf0
 630 0499 50040000 		.4byte	0x450
 631 049d 04       		.byte	0x4
 632 049e 00       		.byte	0
 633 049f 06       		.uleb128 0x6
 634 04a0 B9080000 		.4byte	.LASF179
 635 04a4 04       		.byte	0x4
 636 04a5 F1       		.byte	0xf1
 637 04a6 7E040000 		.4byte	0x47e
 638 04aa 0A       		.uleb128 0xa
 639 04ab F90B0000 		.4byte	.LASF180
 640 04af 05       		.byte	0x5
 641 04b0 EA07     		.2byte	0x7ea
 642 04b2 B6040000 		.4byte	0x4b6
 643 04b6 0B       		.uleb128 0xb
 644 04b7 45040000 		.4byte	0x445
 645 04bb 0C       		.uleb128 0xc
 646 04bc C3020000 		.4byte	.LASF181
 647 04c0 06       		.byte	0x6
 648 04c1 24       		.byte	0x24
 649 04c2 CC040000 		.4byte	0x4cc
 650 04c6 05       		.uleb128 0x5
 651 04c7 03       		.byte	0x3
 652 04c8 00000000 		.4byte	CY_EINK_SPIM_SCB_IRQ_cfg
 653 04cc 0D       		.uleb128 0xd
 654 04cd 9F040000 		.4byte	0x49f
 655 04d1 00       		.byte	0
 656              		.section	.debug_abbrev,"",%progbits
 657              	.Ldebug_abbrev0:
 658 0000 01       		.uleb128 0x1
 659 0001 11       		.uleb128 0x11
 660 0002 01       		.byte	0x1
 661 0003 25       		.uleb128 0x25
 662 0004 0E       		.uleb128 0xe
 663 0005 13       		.uleb128 0x13
 664 0006 0B       		.uleb128 0xb
 665 0007 03       		.uleb128 0x3
 666 0008 0E       		.uleb128 0xe
 667 0009 1B       		.uleb128 0x1b
 668 000a 0E       		.uleb128 0xe
 669 000b 10       		.uleb128 0x10
 670 000c 17       		.uleb128 0x17
 671 000d 00       		.byte	0
 672 000e 00       		.byte	0
 673 000f 02       		.uleb128 0x2
 674 0010 04       		.uleb128 0x4
 675 0011 01       		.byte	0x1
 676 0012 0B       		.uleb128 0xb
 677 0013 0B       		.uleb128 0xb
 678 0014 49       		.uleb128 0x49
 679 0015 13       		.uleb128 0x13
 680 0016 3A       		.uleb128 0x3a
 681 0017 0B       		.uleb128 0xb
 682 0018 3B       		.uleb128 0x3b
 683 0019 0B       		.uleb128 0xb
 684 001a 01       		.uleb128 0x1
ARM GAS  C:\Users\PC\AppData\Local\Temp\ccYKGyPO.s 			page 13


 685 001b 13       		.uleb128 0x13
 686 001c 00       		.byte	0
 687 001d 00       		.byte	0
 688 001e 03       		.uleb128 0x3
 689 001f 28       		.uleb128 0x28
 690 0020 00       		.byte	0
 691 0021 03       		.uleb128 0x3
 692 0022 0E       		.uleb128 0xe
 693 0023 1C       		.uleb128 0x1c
 694 0024 0D       		.uleb128 0xd
 695 0025 00       		.byte	0
 696 0026 00       		.byte	0
 697 0027 04       		.uleb128 0x4
 698 0028 28       		.uleb128 0x28
 699 0029 00       		.byte	0
 700 002a 03       		.uleb128 0x3
 701 002b 0E       		.uleb128 0xe
 702 002c 1C       		.uleb128 0x1c
 703 002d 0B       		.uleb128 0xb
 704 002e 00       		.byte	0
 705 002f 00       		.byte	0
 706 0030 05       		.uleb128 0x5
 707 0031 24       		.uleb128 0x24
 708 0032 00       		.byte	0
 709 0033 0B       		.uleb128 0xb
 710 0034 0B       		.uleb128 0xb
 711 0035 3E       		.uleb128 0x3e
 712 0036 0B       		.uleb128 0xb
 713 0037 03       		.uleb128 0x3
 714 0038 0E       		.uleb128 0xe
 715 0039 00       		.byte	0
 716 003a 00       		.byte	0
 717 003b 06       		.uleb128 0x6
 718 003c 16       		.uleb128 0x16
 719 003d 00       		.byte	0
 720 003e 03       		.uleb128 0x3
 721 003f 0E       		.uleb128 0xe
 722 0040 3A       		.uleb128 0x3a
 723 0041 0B       		.uleb128 0xb
 724 0042 3B       		.uleb128 0x3b
 725 0043 0B       		.uleb128 0xb
 726 0044 49       		.uleb128 0x49
 727 0045 13       		.uleb128 0x13
 728 0046 00       		.byte	0
 729 0047 00       		.byte	0
 730 0048 07       		.uleb128 0x7
 731 0049 24       		.uleb128 0x24
 732 004a 00       		.byte	0
 733 004b 0B       		.uleb128 0xb
 734 004c 0B       		.uleb128 0xb
 735 004d 3E       		.uleb128 0x3e
 736 004e 0B       		.uleb128 0xb
 737 004f 03       		.uleb128 0x3
 738 0050 08       		.uleb128 0x8
 739 0051 00       		.byte	0
 740 0052 00       		.byte	0
 741 0053 08       		.uleb128 0x8
ARM GAS  C:\Users\PC\AppData\Local\Temp\ccYKGyPO.s 			page 14


 742 0054 13       		.uleb128 0x13
 743 0055 01       		.byte	0x1
 744 0056 0B       		.uleb128 0xb
 745 0057 0B       		.uleb128 0xb
 746 0058 3A       		.uleb128 0x3a
 747 0059 0B       		.uleb128 0xb
 748 005a 3B       		.uleb128 0x3b
 749 005b 0B       		.uleb128 0xb
 750 005c 01       		.uleb128 0x1
 751 005d 13       		.uleb128 0x13
 752 005e 00       		.byte	0
 753 005f 00       		.byte	0
 754 0060 09       		.uleb128 0x9
 755 0061 0D       		.uleb128 0xd
 756 0062 00       		.byte	0
 757 0063 03       		.uleb128 0x3
 758 0064 0E       		.uleb128 0xe
 759 0065 3A       		.uleb128 0x3a
 760 0066 0B       		.uleb128 0xb
 761 0067 3B       		.uleb128 0x3b
 762 0068 0B       		.uleb128 0xb
 763 0069 49       		.uleb128 0x49
 764 006a 13       		.uleb128 0x13
 765 006b 38       		.uleb128 0x38
 766 006c 0B       		.uleb128 0xb
 767 006d 00       		.byte	0
 768 006e 00       		.byte	0
 769 006f 0A       		.uleb128 0xa
 770 0070 34       		.uleb128 0x34
 771 0071 00       		.byte	0
 772 0072 03       		.uleb128 0x3
 773 0073 0E       		.uleb128 0xe
 774 0074 3A       		.uleb128 0x3a
 775 0075 0B       		.uleb128 0xb
 776 0076 3B       		.uleb128 0x3b
 777 0077 05       		.uleb128 0x5
 778 0078 49       		.uleb128 0x49
 779 0079 13       		.uleb128 0x13
 780 007a 3F       		.uleb128 0x3f
 781 007b 19       		.uleb128 0x19
 782 007c 3C       		.uleb128 0x3c
 783 007d 19       		.uleb128 0x19
 784 007e 00       		.byte	0
 785 007f 00       		.byte	0
 786 0080 0B       		.uleb128 0xb
 787 0081 35       		.uleb128 0x35
 788 0082 00       		.byte	0
 789 0083 49       		.uleb128 0x49
 790 0084 13       		.uleb128 0x13
 791 0085 00       		.byte	0
 792 0086 00       		.byte	0
 793 0087 0C       		.uleb128 0xc
 794 0088 34       		.uleb128 0x34
 795 0089 00       		.byte	0
 796 008a 03       		.uleb128 0x3
 797 008b 0E       		.uleb128 0xe
 798 008c 3A       		.uleb128 0x3a
ARM GAS  C:\Users\PC\AppData\Local\Temp\ccYKGyPO.s 			page 15


 799 008d 0B       		.uleb128 0xb
 800 008e 3B       		.uleb128 0x3b
 801 008f 0B       		.uleb128 0xb
 802 0090 49       		.uleb128 0x49
 803 0091 13       		.uleb128 0x13
 804 0092 3F       		.uleb128 0x3f
 805 0093 19       		.uleb128 0x19
 806 0094 02       		.uleb128 0x2
 807 0095 18       		.uleb128 0x18
 808 0096 00       		.byte	0
 809 0097 00       		.byte	0
 810 0098 0D       		.uleb128 0xd
 811 0099 26       		.uleb128 0x26
 812 009a 00       		.byte	0
 813 009b 49       		.uleb128 0x49
 814 009c 13       		.uleb128 0x13
 815 009d 00       		.byte	0
 816 009e 00       		.byte	0
 817 009f 00       		.byte	0
 818              		.section	.debug_aranges,"",%progbits
 819 0000 14000000 		.4byte	0x14
 820 0004 0200     		.2byte	0x2
 821 0006 00000000 		.4byte	.Ldebug_info0
 822 000a 04       		.byte	0x4
 823 000b 00       		.byte	0
 824 000c 0000     		.2byte	0
 825 000e 0000     		.2byte	0
 826 0010 00000000 		.4byte	0
 827 0014 00000000 		.4byte	0
 828              		.section	.debug_line,"",%progbits
 829              	.Ldebug_line0:
 830 0000 10020000 		.section	.debug_str,"MS",%progbits,1
 830      02000A02 
 830      00000201 
 830      FB0E0D00 
 830      01010101 
 831              	.LASF123:
 832 0000 74637077 		.ascii	"tcpwm_1_interrupts_15_IRQn\000"
 832      6D5F315F 
 832      696E7465 
 832      72727570 
 832      74735F31 
 833              	.LASF184:
 834 001b 433A5C55 		.ascii	"C:\\Users\\PC\\Desktop\\WorkspaceLab10.cydsn\\Blank"
 834      73657273 
 834      5C50435C 
 834      4465736B 
 834      746F705C 
 835 0049 2D323032 		.ascii	"-20240329T070651Z-001\\Blank\\Psoc6E-INK DISPLAY.cy"
 835      34303332 
 835      39543037 
 835      30363531 
 835      5A2D3030 
 836 007a 64736E00 		.ascii	"dsn\000"
 837              	.LASF12:
 838 007e 696F7373 		.ascii	"ioss_interrupts_gpio_2_IRQn\000"
 838      5F696E74 
ARM GAS  C:\Users\PC\AppData\Local\Temp\ccYKGyPO.s 			page 16


 838      65727275 
 838      7074735F 
 838      6770696F 
 839              	.LASF56:
 840 009a 7363625F 		.ascii	"scb_5_interrupt_IRQn\000"
 840      355F696E 
 840      74657272 
 840      7570745F 
 840      4952516E 
 841              	.LASF104:
 842 00af 74637077 		.ascii	"tcpwm_0_interrupts_4_IRQn\000"
 842      6D5F305F 
 842      696E7465 
 842      72727570 
 842      74735F34 
 843              	.LASF32:
 844 00c9 73727373 		.ascii	"srss_interrupt_IRQn\000"
 844      5F696E74 
 844      65727275 
 844      70745F49 
 844      52516E00 
 845              	.LASF28:
 846 00dd 7363625F 		.ascii	"scb_8_interrupt_IRQn\000"
 846      385F696E 
 846      74657272 
 846      7570745F 
 846      4952516E 
 847              	.LASF61:
 848 00f2 63707573 		.ascii	"cpuss_interrupts_dw0_1_IRQn\000"
 848      735F696E 
 848      74657272 
 848      75707473 
 848      5F647730 
 849              	.LASF144:
 850 010e 7564625F 		.ascii	"udb_interrupts_12_IRQn\000"
 850      696E7465 
 850      72727570 
 850      74735F31 
 850      325F4952 
 851              	.LASF34:
 852 0125 626C6573 		.ascii	"bless_interrupt_IRQn\000"
 852      735F696E 
 852      74657272 
 852      7570745F 
 852      4952516E 
 853              	.LASF133:
 854 013a 7564625F 		.ascii	"udb_interrupts_1_IRQn\000"
 854      696E7465 
 854      72727570 
 854      74735F31 
 854      5F495251 
 855              	.LASF51:
 856 0150 7363625F 		.ascii	"scb_0_interrupt_IRQn\000"
 856      305F696E 
 856      74657272 
 856      7570745F 
 856      4952516E 
ARM GAS  C:\Users\PC\AppData\Local\Temp\ccYKGyPO.s 			page 17


 857              	.LASF116:
 858 0165 74637077 		.ascii	"tcpwm_1_interrupts_8_IRQn\000"
 858      6D5F315F 
 858      696E7465 
 858      72727570 
 858      74735F38 
 859              	.LASF39:
 860 017f 63707573 		.ascii	"cpuss_interrupts_ipc_4_IRQn\000"
 860      735F696E 
 860      74657272 
 860      75707473 
 860      5F697063 
 861              	.LASF46:
 862 019b 63707573 		.ascii	"cpuss_interrupts_ipc_11_IRQn\000"
 862      735F696E 
 862      74657272 
 862      75707473 
 862      5F697063 
 863              	.LASF132:
 864 01b8 7564625F 		.ascii	"udb_interrupts_0_IRQn\000"
 864      696E7465 
 864      72727570 
 864      74735F30 
 864      5F495251 
 865              	.LASF168:
 866 01ce 6C6F6E67 		.ascii	"long long unsigned int\000"
 866      206C6F6E 
 866      6720756E 
 866      7369676E 
 866      65642069 
 867              	.LASF155:
 868 01e5 7573625F 		.ascii	"usb_interrupt_lo_IRQn\000"
 868      696E7465 
 868      72727570 
 868      745F6C6F 
 868      5F495251 
 869              	.LASF118:
 870 01fb 74637077 		.ascii	"tcpwm_1_interrupts_10_IRQn\000"
 870      6D5F315F 
 870      696E7465 
 870      72727570 
 870      74735F31 
 871              	.LASF10:
 872 0216 696F7373 		.ascii	"ioss_interrupts_gpio_0_IRQn\000"
 872      5F696E74 
 872      65727275 
 872      7074735F 
 872      6770696F 
 873              	.LASF97:
 874 0232 63707573 		.ascii	"cpuss_interrupts_cm0_cti_1_IRQn\000"
 874      735F696E 
 874      74657272 
 874      75707473 
 874      5F636D30 
 875              	.LASF19:
 876 0252 696F7373 		.ascii	"ioss_interrupts_gpio_9_IRQn\000"
 876      5F696E74 
ARM GAS  C:\Users\PC\AppData\Local\Temp\ccYKGyPO.s 			page 18


 876      65727275 
 876      7074735F 
 876      6770696F 
 877              	.LASF156:
 878 026e 70617373 		.ascii	"pass_interrupt_dacs_IRQn\000"
 878      5F696E74 
 878      65727275 
 878      70745F64 
 878      6163735F 
 879              	.LASF138:
 880 0287 7564625F 		.ascii	"udb_interrupts_6_IRQn\000"
 880      696E7465 
 880      72727570 
 880      74735F36 
 880      5F495251 
 881              	.LASF0:
 882 029d 52657365 		.ascii	"Reset_IRQn\000"
 882      745F4952 
 882      516E00
 883              	.LASF124:
 884 02a8 74637077 		.ascii	"tcpwm_1_interrupts_16_IRQn\000"
 884      6D5F315F 
 884      696E7465 
 884      72727570 
 884      74735F31 
 885              	.LASF181:
 886 02c3 43595F45 		.ascii	"CY_EINK_SPIM_SCB_IRQ_cfg\000"
 886      494E4B5F 
 886      5350494D 
 886      5F534342 
 886      5F495251 
 887              	.LASF94:
 888 02dc 63707573 		.ascii	"cpuss_interrupt_crypto_IRQn\000"
 888      735F696E 
 888      74657272 
 888      7570745F 
 888      63727970 
 889              	.LASF167:
 890 02f8 6C6F6E67 		.ascii	"long long int\000"
 890      206C6F6E 
 890      6720696E 
 890      7400
 891              	.LASF159:
 892 0306 7369676E 		.ascii	"signed char\000"
 892      65642063 
 892      68617200 
 893              	.LASF105:
 894 0312 74637077 		.ascii	"tcpwm_0_interrupts_5_IRQn\000"
 894      6D5F305F 
 894      696E7465 
 894      72727570 
 894      74735F35 
 895              	.LASF85:
 896 032c 63707573 		.ascii	"cpuss_interrupts_dw1_9_IRQn\000"
 896      735F696E 
 896      74657272 
 896      75707473 
ARM GAS  C:\Users\PC\AppData\Local\Temp\ccYKGyPO.s 			page 19


 896      5F647731 
 897              	.LASF62:
 898 0348 63707573 		.ascii	"cpuss_interrupts_dw0_2_IRQn\000"
 898      735F696E 
 898      74657272 
 898      75707473 
 898      5F647730 
 899              	.LASF145:
 900 0364 7564625F 		.ascii	"udb_interrupts_13_IRQn\000"
 900      696E7465 
 900      72727570 
 900      74735F31 
 900      335F4952 
 901              	.LASF27:
 902 037b 6C70636F 		.ascii	"lpcomp_interrupt_IRQn\000"
 902      6D705F69 
 902      6E746572 
 902      72757074 
 902      5F495251 
 903              	.LASF108:
 904 0391 74637077 		.ascii	"tcpwm_1_interrupts_0_IRQn\000"
 904      6D5F315F 
 904      696E7465 
 904      72727570 
 904      74735F30 
 905              	.LASF164:
 906 03ab 6C6F6E67 		.ascii	"long int\000"
 906      20696E74 
 906      00
 907              	.LASF117:
 908 03b4 74637077 		.ascii	"tcpwm_1_interrupts_9_IRQn\000"
 908      6D5F315F 
 908      696E7465 
 908      72727570 
 908      74735F39 
 909              	.LASF40:
 910 03ce 63707573 		.ascii	"cpuss_interrupts_ipc_5_IRQn\000"
 910      735F696E 
 910      74657272 
 910      75707473 
 910      5F697063 
 911              	.LASF83:
 912 03ea 63707573 		.ascii	"cpuss_interrupts_dw1_7_IRQn\000"
 912      735F696E 
 912      74657272 
 912      75707473 
 912      5F647731 
 913              	.LASF47:
 914 0406 63707573 		.ascii	"cpuss_interrupts_ipc_12_IRQn\000"
 914      735F696E 
 914      74657272 
 914      75707473 
 914      5F697063 
 915              	.LASF84:
 916 0423 63707573 		.ascii	"cpuss_interrupts_dw1_8_IRQn\000"
 916      735F696E 
 916      74657272 
ARM GAS  C:\Users\PC\AppData\Local\Temp\ccYKGyPO.s 			page 20


 916      75707473 
 916      5F647731 
 917              	.LASF177:
 918 043f 696E7472 		.ascii	"intrSrc\000"
 918      53726300 
 919              	.LASF119:
 920 0447 74637077 		.ascii	"tcpwm_1_interrupts_11_IRQn\000"
 920      6D5F315F 
 920      696E7465 
 920      72727570 
 920      74735F31 
 921              	.LASF64:
 922 0462 63707573 		.ascii	"cpuss_interrupts_dw0_4_IRQn\000"
 922      735F696E 
 922      74657272 
 922      75707473 
 922      5F647730 
 923              	.LASF25:
 924 047e 696F7373 		.ascii	"ioss_interrupt_gpio_IRQn\000"
 924      5F696E74 
 924      65727275 
 924      70745F67 
 924      70696F5F 
 925              	.LASF29:
 926 0497 73727373 		.ascii	"srss_interrupt_mcwdt_0_IRQn\000"
 926      5F696E74 
 926      65727275 
 926      70745F6D 
 926      63776474 
 927              	.LASF176:
 928 04b3 646F7562 		.ascii	"double\000"
 928      6C6500
 929              	.LASF149:
 930 04ba 61756469 		.ascii	"audioss_interrupt_i2s_IRQn\000"
 930      6F73735F 
 930      696E7465 
 930      72727570 
 930      745F6932 
 931              	.LASF66:
 932 04d5 63707573 		.ascii	"cpuss_interrupts_dw0_6_IRQn\000"
 932      735F696E 
 932      74657272 
 932      75707473 
 932      5F647730 
 933              	.LASF99:
 934 04f1 63707573 		.ascii	"cpuss_interrupts_cm4_cti_1_IRQn\000"
 934      735F696E 
 934      74657272 
 934      75707473 
 934      5F636D34 
 935              	.LASF58:
 936 0511 7363625F 		.ascii	"scb_7_interrupt_IRQn\000"
 936      375F696E 
 936      74657272 
 936      7570745F 
 936      4952516E 
 937              	.LASF106:
ARM GAS  C:\Users\PC\AppData\Local\Temp\ccYKGyPO.s 			page 21


 938 0526 74637077 		.ascii	"tcpwm_0_interrupts_6_IRQn\000"
 938      6D5F305F 
 938      696E7465 
 938      72727570 
 938      74735F36 
 939              	.LASF165:
 940 0540 5F5F7569 		.ascii	"__uint32_t\000"
 940      6E743332 
 940      5F7400
 941              	.LASF4:
 942 054b 42757346 		.ascii	"BusFault_IRQn\000"
 942      61756C74 
 942      5F495251 
 942      6E00
 943              	.LASF52:
 944 0559 7363625F 		.ascii	"scb_1_interrupt_IRQn\000"
 944      315F696E 
 944      74657272 
 944      7570745F 
 944      4952516E 
 945              	.LASF146:
 946 056e 7564625F 		.ascii	"udb_interrupts_14_IRQn\000"
 946      696E7465 
 946      72727570 
 946      74735F31 
 946      345F4952 
 947              	.LASF33:
 948 0585 70617373 		.ascii	"pass_interrupt_ctbs_IRQn\000"
 948      5F696E74 
 948      65727275 
 948      70745F63 
 948      7462735F 
 949              	.LASF53:
 950 059e 7363625F 		.ascii	"scb_2_interrupt_IRQn\000"
 950      325F696E 
 950      74657272 
 950      7570745F 
 950      4952516E 
 951              	.LASF74:
 952 05b3 63707573 		.ascii	"cpuss_interrupts_dw0_14_IRQn\000"
 952      735F696E 
 952      74657272 
 952      75707473 
 952      5F647730 
 953              	.LASF15:
 954 05d0 696F7373 		.ascii	"ioss_interrupts_gpio_5_IRQn\000"
 954      5F696E74 
 954      65727275 
 954      7074735F 
 954      6770696F 
 955              	.LASF41:
 956 05ec 63707573 		.ascii	"cpuss_interrupts_ipc_6_IRQn\000"
 956      735F696E 
 956      74657272 
 956      75707473 
 956      5F697063 
 957              	.LASF134:
ARM GAS  C:\Users\PC\AppData\Local\Temp\ccYKGyPO.s 			page 22


 958 0608 7564625F 		.ascii	"udb_interrupts_2_IRQn\000"
 958      696E7465 
 958      72727570 
 958      74735F32 
 958      5F495251 
 959              	.LASF23:
 960 061e 696F7373 		.ascii	"ioss_interrupts_gpio_13_IRQn\000"
 960      5F696E74 
 960      65727275 
 960      7074735F 
 960      6770696F 
 961              	.LASF120:
 962 063b 74637077 		.ascii	"tcpwm_1_interrupts_12_IRQn\000"
 962      6D5F315F 
 962      696E7465 
 962      72727570 
 962      74735F31 
 963              	.LASF89:
 964 0656 63707573 		.ascii	"cpuss_interrupts_dw1_13_IRQn\000"
 964      735F696E 
 964      74657272 
 964      75707473 
 964      5F647731 
 965              	.LASF166:
 966 0673 6C6F6E67 		.ascii	"long unsigned int\000"
 966      20756E73 
 966      69676E65 
 966      6420696E 
 966      7400
 967              	.LASF30:
 968 0685 73727373 		.ascii	"srss_interrupt_mcwdt_1_IRQn\000"
 968      5F696E74 
 968      65727275 
 968      70745F6D 
 968      63776474 
 969              	.LASF101:
 970 06a1 74637077 		.ascii	"tcpwm_0_interrupts_1_IRQn\000"
 970      6D5F305F 
 970      696E7465 
 970      72727570 
 970      74735F31 
 971              	.LASF154:
 972 06bb 7573625F 		.ascii	"usb_interrupt_med_IRQn\000"
 972      696E7465 
 972      72727570 
 972      745F6D65 
 972      645F4952 
 973              	.LASF92:
 974 06d2 63707573 		.ascii	"cpuss_interrupts_fault_0_IRQn\000"
 974      735F696E 
 974      74657272 
 974      75707473 
 974      5F666175 
 975              	.LASF6:
 976 06f0 53564361 		.ascii	"SVCall_IRQn\000"
 976      6C6C5F49 
 976      52516E00 
ARM GAS  C:\Users\PC\AppData\Local\Temp\ccYKGyPO.s 			page 23


 977              	.LASF161:
 978 06fc 73686F72 		.ascii	"short unsigned int\000"
 978      7420756E 
 978      7369676E 
 978      65642069 
 978      6E7400
 979              	.LASF113:
 980 070f 74637077 		.ascii	"tcpwm_1_interrupts_5_IRQn\000"
 980      6D5F315F 
 980      696E7465 
 980      72727570 
 980      74735F35 
 981              	.LASF36:
 982 0729 63707573 		.ascii	"cpuss_interrupts_ipc_1_IRQn\000"
 982      735F696E 
 982      74657272 
 982      75707473 
 982      5F697063 
 983              	.LASF80:
 984 0745 63707573 		.ascii	"cpuss_interrupts_dw1_4_IRQn\000"
 984      735F696E 
 984      74657272 
 984      75707473 
 984      5F647731 
 985              	.LASF95:
 986 0761 63707573 		.ascii	"cpuss_interrupt_fm_IRQn\000"
 986      735F696E 
 986      74657272 
 986      7570745F 
 986      666D5F49 
 987              	.LASF75:
 988 0779 63707573 		.ascii	"cpuss_interrupts_dw0_15_IRQn\000"
 988      735F696E 
 988      74657272 
 988      75707473 
 988      5F647730 
 989              	.LASF16:
 990 0796 696F7373 		.ascii	"ioss_interrupts_gpio_6_IRQn\000"
 990      5F696E74 
 990      65727275 
 990      7074735F 
 990      6770696F 
 991              	.LASF135:
 992 07b2 7564625F 		.ascii	"udb_interrupts_3_IRQn\000"
 992      696E7465 
 992      72727570 
 992      74735F33 
 992      5F495251 
 993              	.LASF24:
 994 07c8 696F7373 		.ascii	"ioss_interrupts_gpio_14_IRQn\000"
 994      5F696E74 
 994      65727275 
 994      7074735F 
 994      6770696F 
 995              	.LASF9:
 996 07e5 53797354 		.ascii	"SysTick_IRQn\000"
 996      69636B5F 
ARM GAS  C:\Users\PC\AppData\Local\Temp\ccYKGyPO.s 			page 24


 996      4952516E 
 996      00
 997              	.LASF90:
 998 07f2 63707573 		.ascii	"cpuss_interrupts_dw1_14_IRQn\000"
 998      735F696E 
 998      74657272 
 998      75707473 
 998      5F647731 
 999              	.LASF131:
 1000 080f 74637077 		.ascii	"tcpwm_1_interrupts_23_IRQn\000"
 1000      6D5F315F 
 1000      696E7465 
 1000      72727570 
 1000      74735F32 
 1001              	.LASF102:
 1002 082a 74637077 		.ascii	"tcpwm_0_interrupts_2_IRQn\000"
 1002      6D5F305F 
 1002      696E7465 
 1002      72727570 
 1002      74735F32 
 1003              	.LASF121:
 1004 0844 74637077 		.ascii	"tcpwm_1_interrupts_13_IRQn\000"
 1004      6D5F315F 
 1004      696E7465 
 1004      72727570 
 1004      74735F31 
 1005              	.LASF93:
 1006 085f 63707573 		.ascii	"cpuss_interrupts_fault_1_IRQn\000"
 1006      735F696E 
 1006      74657272 
 1006      75707473 
 1006      5F666175 
 1007              	.LASF172:
 1008 087d 73697A65 		.ascii	"sizetype\000"
 1008      74797065 
 1008      00
 1009              	.LASF142:
 1010 0886 7564625F 		.ascii	"udb_interrupts_10_IRQn\000"
 1010      696E7465 
 1010      72727570 
 1010      74735F31 
 1010      305F4952 
 1011              	.LASF68:
 1012 089d 63707573 		.ascii	"cpuss_interrupts_dw0_8_IRQn\000"
 1012      735F696E 
 1012      74657272 
 1012      75707473 
 1012      5F647730 
 1013              	.LASF179:
 1014 08b9 63795F73 		.ascii	"cy_stc_sysint_t\000"
 1014      74635F73 
 1014      7973696E 
 1014      745F7400 
 1015              	.LASF70:
 1016 08c9 63707573 		.ascii	"cpuss_interrupts_dw0_10_IRQn\000"
 1016      735F696E 
 1016      74657272 
ARM GAS  C:\Users\PC\AppData\Local\Temp\ccYKGyPO.s 			page 25


 1016      75707473 
 1016      5F647730 
 1017              	.LASF114:
 1018 08e6 74637077 		.ascii	"tcpwm_1_interrupts_6_IRQn\000"
 1018      6D5F315F 
 1018      696E7465 
 1018      72727570 
 1018      74735F36 
 1019              	.LASF37:
 1020 0900 63707573 		.ascii	"cpuss_interrupts_ipc_2_IRQn\000"
 1020      735F696E 
 1020      74657272 
 1020      75707473 
 1020      5F697063 
 1021              	.LASF81:
 1022 091c 63707573 		.ascii	"cpuss_interrupts_dw1_5_IRQn\000"
 1022      735F696E 
 1022      74657272 
 1022      75707473 
 1022      5F647731 
 1023              	.LASF139:
 1024 0938 7564625F 		.ascii	"udb_interrupts_7_IRQn\000"
 1024      696E7465 
 1024      72727570 
 1024      74735F37 
 1024      5F495251 
 1025              	.LASF125:
 1026 094e 74637077 		.ascii	"tcpwm_1_interrupts_17_IRQn\000"
 1026      6D5F315F 
 1026      696E7465 
 1026      72727570 
 1026      74735F31 
 1027              	.LASF55:
 1028 0969 7363625F 		.ascii	"scb_4_interrupt_IRQn\000"
 1028      345F696E 
 1028      74657272 
 1028      7570745F 
 1028      4952516E 
 1029              	.LASF17:
 1030 097e 696F7373 		.ascii	"ioss_interrupts_gpio_7_IRQn\000"
 1030      5F696E74 
 1030      65727275 
 1030      7074735F 
 1030      6770696F 
 1031              	.LASF73:
 1032 099a 63707573 		.ascii	"cpuss_interrupts_dw0_13_IRQn\000"
 1032      735F696E 
 1032      74657272 
 1032      75707473 
 1032      5F647730 
 1033              	.LASF182:
 1034 09b7 474E5520 		.ascii	"GNU C11 5.4.1 20160609 (release) [ARM/embedded-5-br"
 1034      43313120 
 1034      352E342E 
 1034      31203230 
 1034      31363036 
 1035 09ea 616E6368 		.ascii	"anch revision 237715] -mcpu=cortex-m4 -mfloat-abi=s"
ARM GAS  C:\Users\PC\AppData\Local\Temp\ccYKGyPO.s 			page 26


 1035      20726576 
 1035      6973696F 
 1035      6E203233 
 1035      37373135 
 1036 0a1d 6F667466 		.ascii	"oftfp -mfpu=fpv4-sp-d16 -mthumb -g -Og -ffunction-s"
 1036      70202D6D 
 1036      6670753D 
 1036      66707634 
 1036      2D73702D 
 1037 0a50 65637469 		.ascii	"ections -ffat-lto-objects\000"
 1037      6F6E7320 
 1037      2D666661 
 1037      742D6C74 
 1037      6F2D6F62 
 1038              	.LASF91:
 1039 0a6a 63707573 		.ascii	"cpuss_interrupts_dw1_15_IRQn\000"
 1039      735F696E 
 1039      74657272 
 1039      75707473 
 1039      5F647731 
 1040              	.LASF153:
 1041 0a87 7573625F 		.ascii	"usb_interrupt_hi_IRQn\000"
 1041      696E7465 
 1041      72727570 
 1041      745F6869 
 1041      5F495251 
 1042              	.LASF175:
 1043 0a9d 666C6F61 		.ascii	"float\000"
 1043      7400
 1044              	.LASF63:
 1045 0aa3 63707573 		.ascii	"cpuss_interrupts_dw0_3_IRQn\000"
 1045      735F696E 
 1045      74657272 
 1045      75707473 
 1045      5F647730 
 1046              	.LASF21:
 1047 0abf 696F7373 		.ascii	"ioss_interrupts_gpio_11_IRQn\000"
 1047      5F696E74 
 1047      65727275 
 1047      7074735F 
 1047      6770696F 
 1048              	.LASF3:
 1049 0adc 4D656D6F 		.ascii	"MemoryManagement_IRQn\000"
 1049      72794D61 
 1049      6E616765 
 1049      6D656E74 
 1049      5F495251 
 1050              	.LASF103:
 1051 0af2 74637077 		.ascii	"tcpwm_0_interrupts_3_IRQn\000"
 1051      6D5F305F 
 1051      696E7465 
 1051      72727570 
 1051      74735F33 
 1052              	.LASF128:
 1053 0b0c 74637077 		.ascii	"tcpwm_1_interrupts_20_IRQn\000"
 1053      6D5F315F 
 1053      696E7465 
ARM GAS  C:\Users\PC\AppData\Local\Temp\ccYKGyPO.s 			page 27


 1053      72727570 
 1053      74735F32 
 1054              	.LASF109:
 1055 0b27 74637077 		.ascii	"tcpwm_1_interrupts_1_IRQn\000"
 1055      6D5F315F 
 1055      696E7465 
 1055      72727570 
 1055      74735F31 
 1056              	.LASF76:
 1057 0b41 63707573 		.ascii	"cpuss_interrupts_dw1_0_IRQn\000"
 1057      735F696E 
 1057      74657272 
 1057      75707473 
 1057      5F647731 
 1058              	.LASF143:
 1059 0b5d 7564625F 		.ascii	"udb_interrupts_11_IRQn\000"
 1059      696E7465 
 1059      72727570 
 1059      74735F31 
 1059      315F4952 
 1060              	.LASF69:
 1061 0b74 63707573 		.ascii	"cpuss_interrupts_dw0_9_IRQn\000"
 1061      735F696E 
 1061      74657272 
 1061      75707473 
 1061      5F647730 
 1062              	.LASF170:
 1063 0b90 696E7433 		.ascii	"int32_t\000"
 1063      325F7400 
 1064              	.LASF160:
 1065 0b98 756E7369 		.ascii	"unsigned char\000"
 1065      676E6564 
 1065      20636861 
 1065      7200
 1066              	.LASF71:
 1067 0ba6 63707573 		.ascii	"cpuss_interrupts_dw0_11_IRQn\000"
 1067      735F696E 
 1067      74657272 
 1067      75707473 
 1067      5F647730 
 1068              	.LASF115:
 1069 0bc3 74637077 		.ascii	"tcpwm_1_interrupts_7_IRQn\000"
 1069      6D5F315F 
 1069      696E7465 
 1069      72727570 
 1069      74735F37 
 1070              	.LASF38:
 1071 0bdd 63707573 		.ascii	"cpuss_interrupts_ipc_3_IRQn\000"
 1071      735F696E 
 1071      74657272 
 1071      75707473 
 1071      5F697063 
 1072              	.LASF180:
 1073 0bf9 49544D5F 		.ascii	"ITM_RxBuffer\000"
 1073      52784275 
 1073      66666572 
 1073      00
ARM GAS  C:\Users\PC\AppData\Local\Temp\ccYKGyPO.s 			page 28


 1074              	.LASF169:
 1075 0c06 756E7369 		.ascii	"unsigned int\000"
 1075      676E6564 
 1075      20696E74 
 1075      00
 1076              	.LASF20:
 1077 0c13 696F7373 		.ascii	"ioss_interrupts_gpio_10_IRQn\000"
 1077      5F696E74 
 1077      65727275 
 1077      7074735F 
 1077      6770696F 
 1078              	.LASF140:
 1079 0c30 7564625F 		.ascii	"udb_interrupts_8_IRQn\000"
 1079      696E7465 
 1079      72727570 
 1079      74735F38 
 1079      5F495251 
 1080              	.LASF157:
 1081 0c46 756E636F 		.ascii	"unconnected_IRQn\000"
 1081      6E6E6563 
 1081      7465645F 
 1081      4952516E 
 1081      00
 1082              	.LASF158:
 1083 0c57 73686F72 		.ascii	"short int\000"
 1083      7420696E 
 1083      7400
 1084              	.LASF98:
 1085 0c61 63707573 		.ascii	"cpuss_interrupts_cm4_cti_0_IRQn\000"
 1085      735F696E 
 1085      74657272 
 1085      75707473 
 1085      5F636D34 
 1086              	.LASF126:
 1087 0c81 74637077 		.ascii	"tcpwm_1_interrupts_18_IRQn\000"
 1087      6D5F315F 
 1087      696E7465 
 1087      72727570 
 1087      74735F31 
 1088              	.LASF79:
 1089 0c9c 63707573 		.ascii	"cpuss_interrupts_dw1_3_IRQn\000"
 1089      735F696E 
 1089      74657272 
 1089      75707473 
 1089      5F647731 
 1090              	.LASF107:
 1091 0cb8 74637077 		.ascii	"tcpwm_0_interrupts_7_IRQn\000"
 1091      6D5F305F 
 1091      696E7465 
 1091      72727570 
 1091      74735F37 
 1092              	.LASF87:
 1093 0cd2 63707573 		.ascii	"cpuss_interrupts_dw1_11_IRQn\000"
 1093      735F696E 
 1093      74657272 
 1093      75707473 
 1093      5F647731 
ARM GAS  C:\Users\PC\AppData\Local\Temp\ccYKGyPO.s 			page 29


 1094              	.LASF147:
 1095 0cef 7564625F 		.ascii	"udb_interrupts_15_IRQn\000"
 1095      696E7465 
 1095      72727570 
 1095      74735F31 
 1095      355F4952 
 1096              	.LASF162:
 1097 0d06 4952516E 		.ascii	"IRQn_Type\000"
 1097      5F547970 
 1097      6500
 1098              	.LASF129:
 1099 0d10 74637077 		.ascii	"tcpwm_1_interrupts_21_IRQn\000"
 1099      6D5F315F 
 1099      696E7465 
 1099      72727570 
 1099      74735F32 
 1100              	.LASF171:
 1101 0d2b 75696E74 		.ascii	"uint32_t\000"
 1101      33325F74 
 1101      00
 1102              	.LASF110:
 1103 0d34 74637077 		.ascii	"tcpwm_1_interrupts_2_IRQn\000"
 1103      6D5F315F 
 1103      696E7465 
 1103      72727570 
 1103      74735F32 
 1104              	.LASF5:
 1105 0d4e 55736167 		.ascii	"UsageFault_IRQn\000"
 1105      65466175 
 1105      6C745F49 
 1105      52516E00 
 1106              	.LASF42:
 1107 0d5e 63707573 		.ascii	"cpuss_interrupts_ipc_7_IRQn\000"
 1107      735F696E 
 1107      74657272 
 1107      75707473 
 1107      5F697063 
 1108              	.LASF77:
 1109 0d7a 63707573 		.ascii	"cpuss_interrupts_dw1_1_IRQn\000"
 1109      735F696E 
 1109      74657272 
 1109      75707473 
 1109      5F647731 
 1110              	.LASF49:
 1111 0d96 63707573 		.ascii	"cpuss_interrupts_ipc_14_IRQn\000"
 1111      735F696E 
 1111      74657272 
 1111      75707473 
 1111      5F697063 
 1112              	.LASF150:
 1113 0db3 61756469 		.ascii	"audioss_interrupt_pdm_IRQn\000"
 1113      6F73735F 
 1113      696E7465 
 1113      72727570 
 1113      745F7064 
 1114              	.LASF173:
 1115 0dce 6C6F6E67 		.ascii	"long double\000"
ARM GAS  C:\Users\PC\AppData\Local\Temp\ccYKGyPO.s 			page 30


 1115      20646F75 
 1115      626C6500 
 1116              	.LASF174:
 1117 0dda 63686172 		.ascii	"char\000"
 1117      00
 1118              	.LASF183:
 1119 0ddf 47656E65 		.ascii	"Generated_Source\\PSoC6\\cyfitter_sysint_cfg.c\000"
 1119      72617465 
 1119      645F536F 
 1119      75726365 
 1119      5C50536F 
 1120              	.LASF72:
 1121 0e0c 63707573 		.ascii	"cpuss_interrupts_dw0_12_IRQn\000"
 1121      735F696E 
 1121      74657272 
 1121      75707473 
 1121      5F647730 
 1122              	.LASF13:
 1123 0e29 696F7373 		.ascii	"ioss_interrupts_gpio_3_IRQn\000"
 1123      5F696E74 
 1123      65727275 
 1123      7074735F 
 1123      6770696F 
 1124              	.LASF148:
 1125 0e45 70617373 		.ascii	"pass_interrupt_sar_IRQn\000"
 1125      5F696E74 
 1125      65727275 
 1125      70745F73 
 1125      61725F49 
 1126              	.LASF8:
 1127 0e5d 50656E64 		.ascii	"PendSV_IRQn\000"
 1127      53565F49 
 1127      52516E00 
 1128              	.LASF54:
 1129 0e69 7363625F 		.ascii	"scb_3_interrupt_IRQn\000"
 1129      335F696E 
 1129      74657272 
 1129      7570745F 
 1129      4952516E 
 1130              	.LASF141:
 1131 0e7e 7564625F 		.ascii	"udb_interrupts_9_IRQn\000"
 1131      696E7465 
 1131      72727570 
 1131      74735F39 
 1131      5F495251 
 1132              	.LASF1:
 1133 0e94 4E6F6E4D 		.ascii	"NonMaskableInt_IRQn\000"
 1133      61736B61 
 1133      626C6549 
 1133      6E745F49 
 1133      52516E00 
 1134              	.LASF163:
 1135 0ea8 5F5F696E 		.ascii	"__int32_t\000"
 1135      7433325F 
 1135      7400
 1136              	.LASF127:
 1137 0eb2 74637077 		.ascii	"tcpwm_1_interrupts_19_IRQn\000"
ARM GAS  C:\Users\PC\AppData\Local\Temp\ccYKGyPO.s 			page 31


 1137      6D5F315F 
 1137      696E7465 
 1137      72727570 
 1137      74735F31 
 1138              	.LASF57:
 1139 0ecd 7363625F 		.ascii	"scb_6_interrupt_IRQn\000"
 1139      365F696E 
 1139      74657272 
 1139      7570745F 
 1139      4952516E 
 1140              	.LASF11:
 1141 0ee2 696F7373 		.ascii	"ioss_interrupts_gpio_1_IRQn\000"
 1141      5F696E74 
 1141      65727275 
 1141      7074735F 
 1141      6770696F 
 1142              	.LASF2:
 1143 0efe 48617264 		.ascii	"HardFault_IRQn\000"
 1143      4661756C 
 1143      745F4952 
 1143      516E00
 1144              	.LASF65:
 1145 0f0d 63707573 		.ascii	"cpuss_interrupts_dw0_5_IRQn\000"
 1145      735F696E 
 1145      74657272 
 1145      75707473 
 1145      5F647730 
 1146              	.LASF7:
 1147 0f29 44656275 		.ascii	"DebugMonitor_IRQn\000"
 1147      674D6F6E 
 1147      69746F72 
 1147      5F495251 
 1147      6E00
 1148              	.LASF59:
 1149 0f3b 6373645F 		.ascii	"csd_interrupt_IRQn\000"
 1149      696E7465 
 1149      72727570 
 1149      745F4952 
 1149      516E00
 1150              	.LASF35:
 1151 0f4e 63707573 		.ascii	"cpuss_interrupts_ipc_0_IRQn\000"
 1151      735F696E 
 1151      74657272 
 1151      75707473 
 1151      5F697063 
 1152              	.LASF130:
 1153 0f6a 74637077 		.ascii	"tcpwm_1_interrupts_22_IRQn\000"
 1153      6D5F315F 
 1153      696E7465 
 1153      72727570 
 1153      74735F32 
 1154              	.LASF111:
 1155 0f85 74637077 		.ascii	"tcpwm_1_interrupts_3_IRQn\000"
 1155      6D5F315F 
 1155      696E7465 
 1155      72727570 
 1155      74735F33 
ARM GAS  C:\Users\PC\AppData\Local\Temp\ccYKGyPO.s 			page 32


 1156              	.LASF43:
 1157 0f9f 63707573 		.ascii	"cpuss_interrupts_ipc_8_IRQn\000"
 1157      735F696E 
 1157      74657272 
 1157      75707473 
 1157      5F697063 
 1158              	.LASF78:
 1159 0fbb 63707573 		.ascii	"cpuss_interrupts_dw1_2_IRQn\000"
 1159      735F696E 
 1159      74657272 
 1159      75707473 
 1159      5F647731 
 1160              	.LASF50:
 1161 0fd7 63707573 		.ascii	"cpuss_interrupts_ipc_15_IRQn\000"
 1161      735F696E 
 1161      74657272 
 1161      75707473 
 1161      5F697063 
 1162              	.LASF136:
 1163 0ff4 7564625F 		.ascii	"udb_interrupts_4_IRQn\000"
 1163      696E7465 
 1163      72727570 
 1163      74735F34 
 1163      5F495251 
 1164              	.LASF122:
 1165 100a 74637077 		.ascii	"tcpwm_1_interrupts_14_IRQn\000"
 1165      6D5F315F 
 1165      696E7465 
 1165      72727570 
 1165      74735F31 
 1166              	.LASF14:
 1167 1025 696F7373 		.ascii	"ioss_interrupts_gpio_4_IRQn\000"
 1167      5F696E74 
 1167      65727275 
 1167      7074735F 
 1167      6770696F 
 1168              	.LASF152:
 1169 1041 736D6966 		.ascii	"smif_interrupt_IRQn\000"
 1169      5F696E74 
 1169      65727275 
 1169      70745F49 
 1169      52516E00 
 1170              	.LASF22:
 1171 1055 696F7373 		.ascii	"ioss_interrupts_gpio_12_IRQn\000"
 1171      5F696E74 
 1171      65727275 
 1171      7074735F 
 1171      6770696F 
 1172              	.LASF151:
 1173 1072 70726F66 		.ascii	"profile_interrupt_IRQn\000"
 1173      696C655F 
 1173      696E7465 
 1173      72727570 
 1173      745F4952 
 1174              	.LASF88:
 1175 1089 63707573 		.ascii	"cpuss_interrupts_dw1_12_IRQn\000"
 1175      735F696E 
ARM GAS  C:\Users\PC\AppData\Local\Temp\ccYKGyPO.s 			page 33


 1175      74657272 
 1175      75707473 
 1175      5F647731 
 1176              	.LASF60:
 1177 10a6 63707573 		.ascii	"cpuss_interrupts_dw0_0_IRQn\000"
 1177      735F696E 
 1177      74657272 
 1177      75707473 
 1177      5F647730 
 1178              	.LASF26:
 1179 10c2 696F7373 		.ascii	"ioss_interrupt_vdd_IRQn\000"
 1179      5F696E74 
 1179      65727275 
 1179      70745F76 
 1179      64645F49 
 1180              	.LASF100:
 1181 10da 74637077 		.ascii	"tcpwm_0_interrupts_0_IRQn\000"
 1181      6D5F305F 
 1181      696E7465 
 1181      72727570 
 1181      74735F30 
 1182              	.LASF86:
 1183 10f4 63707573 		.ascii	"cpuss_interrupts_dw1_10_IRQn\000"
 1183      735F696E 
 1183      74657272 
 1183      75707473 
 1183      5F647731 
 1184              	.LASF31:
 1185 1111 73727373 		.ascii	"srss_interrupt_backup_IRQn\000"
 1185      5F696E74 
 1185      65727275 
 1185      70745F62 
 1185      61636B75 
 1186              	.LASF45:
 1187 112c 63707573 		.ascii	"cpuss_interrupts_ipc_10_IRQn\000"
 1187      735F696E 
 1187      74657272 
 1187      75707473 
 1187      5F697063 
 1188              	.LASF82:
 1189 1149 63707573 		.ascii	"cpuss_interrupts_dw1_6_IRQn\000"
 1189      735F696E 
 1189      74657272 
 1189      75707473 
 1189      5F647731 
 1190              	.LASF67:
 1191 1165 63707573 		.ascii	"cpuss_interrupts_dw0_7_IRQn\000"
 1191      735F696E 
 1191      74657272 
 1191      75707473 
 1191      5F647730 
 1192              	.LASF178:
 1193 1181 696E7472 		.ascii	"intrPriority\000"
 1193      5072696F 
 1193      72697479 
 1193      00
 1194              	.LASF112:
ARM GAS  C:\Users\PC\AppData\Local\Temp\ccYKGyPO.s 			page 34


 1195 118e 74637077 		.ascii	"tcpwm_1_interrupts_4_IRQn\000"
 1195      6D5F315F 
 1195      696E7465 
 1195      72727570 
 1195      74735F34 
 1196              	.LASF96:
 1197 11a8 63707573 		.ascii	"cpuss_interrupts_cm0_cti_0_IRQn\000"
 1197      735F696E 
 1197      74657272 
 1197      75707473 
 1197      5F636D30 
 1198              	.LASF18:
 1199 11c8 696F7373 		.ascii	"ioss_interrupts_gpio_8_IRQn\000"
 1199      5F696E74 
 1199      65727275 
 1199      7074735F 
 1199      6770696F 
 1200              	.LASF44:
 1201 11e4 63707573 		.ascii	"cpuss_interrupts_ipc_9_IRQn\000"
 1201      735F696E 
 1201      74657272 
 1201      75707473 
 1201      5F697063 
 1202              	.LASF137:
 1203 1200 7564625F 		.ascii	"udb_interrupts_5_IRQn\000"
 1203      696E7465 
 1203      72727570 
 1203      74735F35 
 1203      5F495251 
 1204              	.LASF48:
 1205 1216 63707573 		.ascii	"cpuss_interrupts_ipc_13_IRQn\000"
 1205      735F696E 
 1205      74657272 
 1205      75707473 
 1205      5F697063 
 1206              		.ident	"GCC: (GNU Tools for ARM Embedded Processors) 5.4.1 20160609 (release) [ARM/embedded-5-bran
