ARM GAS  C:\Users\PC\AppData\Local\Temp\ccpnmFBX.s 			page 1


   1              		.syntax unified
   2              		.cpu cortex-m4
   3              		.eabi_attribute 27, 1
   4              		.fpu fpv4-sp-d16
   5              		.eabi_attribute 20, 1
   6              		.eabi_attribute 21, 1
   7              		.eabi_attribute 23, 3
   8              		.eabi_attribute 24, 1
   9              		.eabi_attribute 25, 1
  10              		.eabi_attribute 26, 1
  11              		.eabi_attribute 30, 1
  12              		.eabi_attribute 34, 1
  13              		.eabi_attribute 18, 4
  14              		.thumb
  15              		.syntax unified
  16              		.file	"LCDConf.c"
  17              		.text
  18              	.Ltext0:
  19              		.cfi_sections	.debug_frame
  20              		.section	.text.LCD_X_Config,"ax",%progbits
  21              		.align	2
  22              		.global	LCD_X_Config
  23              		.thumb
  24              		.thumb_func
  25              		.type	LCD_X_Config, %function
  26              	LCD_X_Config:
  27              	.LFB125:
  28              		.file 1 "LCDConf.c"
   1:LCDConf.c     **** /*********************************************************************
   2:LCDConf.c     **** *                SEGGER Microcontroller GmbH & Co. KG                *
   3:LCDConf.c     **** *        Solutions for real time microcontroller applications        *
   4:LCDConf.c     **** **********************************************************************
   5:LCDConf.c     **** *                                                                    *
   6:LCDConf.c     **** *        (c) 1996 - 2017  SEGGER Microcontroller GmbH & Co. KG       *
   7:LCDConf.c     **** *                                                                    *
   8:LCDConf.c     **** *        Internet: www.segger.com    Support:  support@segger.com    *
   9:LCDConf.c     **** *                                                                    *
  10:LCDConf.c     **** **********************************************************************
  11:LCDConf.c     **** 
  12:LCDConf.c     **** ** emWin V5.46 - Graphical user interface for embedded applications **
  13:LCDConf.c     **** All  Intellectual Property rights  in the Software belongs to  SEGGER.
  14:LCDConf.c     **** emWin is protected by  international copyright laws.  Knowledge of the
  15:LCDConf.c     **** source code may not be used to write a similar product.  This file may
  16:LCDConf.c     **** only be used in accordance with the following terms:
  17:LCDConf.c     **** 
  18:LCDConf.c     **** The software  has been licensed to  Cypress Semiconductor Corporation,
  19:LCDConf.c     **** whose registered  office is situated  at 198 Champion Ct. San Jose, CA 
  20:LCDConf.c     **** 95134 USA  solely for the  purposes of creating  libraries for Cypress
  21:LCDConf.c     **** PSoC3 and  PSoC5 processor-based devices,  sublicensed and distributed
  22:LCDConf.c     **** under  the  terms  and  conditions  of  the  Cypress  End User License
  23:LCDConf.c     **** Agreement.
  24:LCDConf.c     **** Full source code is available at: www.segger.com
  25:LCDConf.c     **** 
  26:LCDConf.c     **** We appreciate your understanding and fairness.
  27:LCDConf.c     **** ----------------------------------------------------------------------
  28:LCDConf.c     **** Licensing information
  29:LCDConf.c     **** Licensor:                 SEGGER Microcontroller Systems LLC
ARM GAS  C:\Users\PC\AppData\Local\Temp\ccpnmFBX.s 			page 2


  30:LCDConf.c     **** Licensed to:              Cypress Semiconductor Corp, 198 Champion Ct., San Jose, CA 95134, USA
  31:LCDConf.c     **** Licensed SEGGER software: emWin
  32:LCDConf.c     **** License number:           GUI-00319
  33:LCDConf.c     **** License model:            Services and License Agreement, signed June 10th, 2009
  34:LCDConf.c     **** Licensed platform:        Any Cypress platform (Initial targets are: PSoC3, PSoC5)
  35:LCDConf.c     **** ----------------------------------------------------------------------
  36:LCDConf.c     **** Support and Update Agreement (SUA)
  37:LCDConf.c     **** SUA period:               2009-06-12 - 2022-07-27
  38:LCDConf.c     **** Contact to extend SUA:    sales@segger.com
  39:LCDConf.c     **** ----------------------------------------------------------------------
  40:LCDConf.c     **** File        : LCDConf.c
  41:LCDConf.c     **** Purpose     : Display configuration file for GUIDRV_Bitplains to be
  42:LCDConf.c     ****               used without any display controller. This implementation
  43:LCDConf.c     ****               has been written and tested with the RSKR32C111 with
  44:LCDConf.c     ****               Visualization Add On.
  45:LCDConf.c     **** ---------------------------END-OF-HEADER------------------------------
  46:LCDConf.c     **** */
  47:LCDConf.c     **** 
  48:LCDConf.c     **** #include <stddef.h>
  49:LCDConf.c     **** #include "syslib/cy_syslib.h"
  50:LCDConf.c     **** 
  51:LCDConf.c     **** #include "GUI.h"
  52:LCDConf.c     **** 
  53:LCDConf.c     **** #include "GUIDRV_BitPlains.h"
  54:LCDConf.c     **** 
  55:LCDConf.c     **** /*********************************************************************
  56:LCDConf.c     **** *
  57:LCDConf.c     **** *       Layer configuration
  58:LCDConf.c     **** *
  59:LCDConf.c     **** **********************************************************************
  60:LCDConf.c     **** */
  61:LCDConf.c     **** //
  62:LCDConf.c     **** // Physical display size
  63:LCDConf.c     **** //
  64:LCDConf.c     **** #define XSIZE_PHYS 264
  65:LCDConf.c     **** #define YSIZE_PHYS 176
  66:LCDConf.c     **** 
  67:LCDConf.c     **** //
  68:LCDConf.c     **** // Initial color conversion API
  69:LCDConf.c     **** //
  70:LCDConf.c     **** #define COLOR_CONVERSION GUICC_1
  71:LCDConf.c     **** 
  72:LCDConf.c     **** /*********************************************************************
  73:LCDConf.c     **** *
  74:LCDConf.c     **** *       Configuration checking
  75:LCDConf.c     **** *
  76:LCDConf.c     **** **********************************************************************
  77:LCDConf.c     **** */
  78:LCDConf.c     **** //
  79:LCDConf.c     **** // Checking display driver configuration
  80:LCDConf.c     **** //
  81:LCDConf.c     **** #ifndef   XSIZE_PHYS
  82:LCDConf.c     ****   #error Physical X size of display is not defined!
  83:LCDConf.c     **** #endif
  84:LCDConf.c     **** #ifndef   YSIZE_PHYS
  85:LCDConf.c     ****   #error Physical Y size of display is not defined!
  86:LCDConf.c     **** #endif
ARM GAS  C:\Users\PC\AppData\Local\Temp\ccpnmFBX.s 			page 3


  87:LCDConf.c     **** #ifndef   COLOR_CONVERSION
  88:LCDConf.c     ****   #error Color conversion not defined!
  89:LCDConf.c     **** #endif
  90:LCDConf.c     **** 
  91:LCDConf.c     **** //
  92:LCDConf.c     **** // Number of bytes per line
  93:LCDConf.c     **** //
  94:LCDConf.c     **** #define BYTES_PER_LINE ((XSIZE_PHYS + 7) >> 3)
  95:LCDConf.c     **** 
  96:LCDConf.c     **** /*********************************************************************
  97:LCDConf.c     **** *
  98:LCDConf.c     **** *       Static data
  99:LCDConf.c     **** *
 100:LCDConf.c     **** **********************************************************************
 101:LCDConf.c     **** */
 102:LCDConf.c     **** //
 103:LCDConf.c     **** // Data arrays to be used by the display driver
 104:LCDConf.c     **** //
 105:LCDConf.c     **** static U8 _aPlain_0[BYTES_PER_LINE * YSIZE_PHYS];
 106:LCDConf.c     **** 
 107:LCDConf.c     **** //
 108:LCDConf.c     **** // Structure to be passed to the driver
 109:LCDConf.c     **** //
 110:LCDConf.c     **** static struct {
 111:LCDConf.c     ****   U8 * apVRAM[8];
 112:LCDConf.c     **** } _VRAM_Desc = {{
 113:LCDConf.c     ****   _aPlain_0,
 114:LCDConf.c     **** }};
 115:LCDConf.c     **** 
 116:LCDConf.c     **** /*********************************************************************
 117:LCDConf.c     **** *
 118:LCDConf.c     **** *       Public code
 119:LCDConf.c     **** *
 120:LCDConf.c     **** **********************************************************************
 121:LCDConf.c     **** */
 122:LCDConf.c     **** /*********************************************************************
 123:LCDConf.c     **** *
 124:LCDConf.c     **** *       LCD_X_Config
 125:LCDConf.c     **** *
 126:LCDConf.c     **** * Purpose:
 127:LCDConf.c     **** *   Called during the initialization process in order to set up the
 128:LCDConf.c     **** *   display driver configuration.
 129:LCDConf.c     **** *   
 130:LCDConf.c     **** */
 131:LCDConf.c     **** void LCD_X_Config(void) {
  29              		.loc 1 131 0
  30              		.cfi_startproc
  31              		@ args = 0, pretend = 0, frame = 8
  32              		@ frame_needed = 0, uses_anonymous_args = 0
  33 0000 10B5     		push	{r4, lr}
  34              		.cfi_def_cfa_offset 8
  35              		.cfi_offset 4, -8
  36              		.cfi_offset 14, -4
  37 0002 82B0     		sub	sp, sp, #8
  38              		.cfi_def_cfa_offset 16
 132:LCDConf.c     **** 	
 133:LCDConf.c     **** 	GUI_DEVICE * pDevice;
ARM GAS  C:\Users\PC\AppData\Local\Temp\ccpnmFBX.s 			page 4


 134:LCDConf.c     **** 	CONFIG_BITPLAINS Config;
 135:LCDConf.c     **** 	
 136:LCDConf.c     **** 	Config.Mirror = 1;
  39              		.loc 1 136 0
  40 0004 02AC     		add	r4, sp, #8
  41 0006 0123     		movs	r3, #1
  42 0008 44F8043D 		str	r3, [r4, #-4]!
 137:LCDConf.c     **** 	
 138:LCDConf.c     **** 	
 139:LCDConf.c     ****   //
 140:LCDConf.c     ****   // Set display driver and color conversion for 1st layer
 141:LCDConf.c     ****   //
 142:LCDConf.c     ****   pDevice = GUI_DEVICE_CreateAndLink(GUIDRV_BITPLAINS, COLOR_CONVERSION, 0, 0);
  43              		.loc 1 142 0
  44 000c 0023     		movs	r3, #0
  45 000e 1A46     		mov	r2, r3
  46 0010 1449     		ldr	r1, .L5
  47 0012 1548     		ldr	r0, .L5+4
  48 0014 FFF7FEFF 		bl	GUI_DEVICE_CreateAndLink
  49              	.LVL0:
 143:LCDConf.c     ****   GUIDRV_BitPlains_Config(pDevice, &Config);
  50              		.loc 1 143 0
  51 0018 2146     		mov	r1, r4
  52 001a FFF7FEFF 		bl	GUIDRV_BitPlains_Config
  53              	.LVL1:
 144:LCDConf.c     **** 
 145:LCDConf.c     ****   //
 146:LCDConf.c     ****   // Display driver configuration
 147:LCDConf.c     ****   //
 148:LCDConf.c     ****   if (LCD_GetSwapXY()) {
  54              		.loc 1 148 0
  55 001e FFF7FEFF 		bl	LCD_GetSwapXY
  56              	.LVL2:
  57 0022 60B1     		cbz	r0, .L2
 149:LCDConf.c     ****     LCD_SetSizeEx (0, YSIZE_PHYS, XSIZE_PHYS);
  58              		.loc 1 149 0
  59 0024 4FF48472 		mov	r2, #264
  60 0028 B021     		movs	r1, #176
  61 002a 0020     		movs	r0, #0
  62 002c FFF7FEFF 		bl	LCD_SetSizeEx
  63              	.LVL3:
 150:LCDConf.c     ****     LCD_SetVSizeEx(0, YSIZE_PHYS, XSIZE_PHYS);
  64              		.loc 1 150 0
  65 0030 4FF48472 		mov	r2, #264
  66 0034 B021     		movs	r1, #176
  67 0036 0020     		movs	r0, #0
  68 0038 FFF7FEFF 		bl	LCD_SetVSizeEx
  69              	.LVL4:
  70 003c 0BE0     		b	.L3
  71              	.L2:
 151:LCDConf.c     ****   } else {
 152:LCDConf.c     ****     LCD_SetSizeEx (0, XSIZE_PHYS, YSIZE_PHYS);
  72              		.loc 1 152 0
  73 003e B022     		movs	r2, #176
  74 0040 4FF48471 		mov	r1, #264
  75 0044 0020     		movs	r0, #0
  76 0046 FFF7FEFF 		bl	LCD_SetSizeEx
ARM GAS  C:\Users\PC\AppData\Local\Temp\ccpnmFBX.s 			page 5


  77              	.LVL5:
 153:LCDConf.c     ****     LCD_SetVSizeEx(0, XSIZE_PHYS, YSIZE_PHYS);
  78              		.loc 1 153 0
  79 004a B022     		movs	r2, #176
  80 004c 4FF48471 		mov	r1, #264
  81 0050 0020     		movs	r0, #0
  82 0052 FFF7FEFF 		bl	LCD_SetVSizeEx
  83              	.LVL6:
  84              	.L3:
 154:LCDConf.c     ****   }
 155:LCDConf.c     ****   //
 156:LCDConf.c     ****   // Initialize VRAM access off driver
 157:LCDConf.c     ****   //
 158:LCDConf.c     ****   LCD_SetVRAMAddrEx(0, (void *)&_VRAM_Desc);
  85              		.loc 1 158 0
  86 0056 0549     		ldr	r1, .L5+8
  87 0058 0020     		movs	r0, #0
  88 005a FFF7FEFF 		bl	LCD_SetVRAMAddrEx
  89              	.LVL7:
 159:LCDConf.c     **** }
  90              		.loc 1 159 0
  91 005e 02B0     		add	sp, sp, #8
  92              		.cfi_def_cfa_offset 8
  93              		@ sp needed
  94 0060 10BD     		pop	{r4, pc}
  95              	.L6:
  96 0062 00BF     		.align	2
  97              	.L5:
  98 0064 00000000 		.word	LCD_API_ColorConv_1
  99 0068 00000000 		.word	GUIDRV_BitPlains_API
 100 006c 00000000 		.word	.LANCHOR0
 101              		.cfi_endproc
 102              	.LFE125:
 103              		.size	LCD_X_Config, .-LCD_X_Config
 104              		.section	.text.LCD_X_DisplayDriver,"ax",%progbits
 105              		.align	2
 106              		.global	LCD_X_DisplayDriver
 107              		.thumb
 108              		.thumb_func
 109              		.type	LCD_X_DisplayDriver, %function
 110              	LCD_X_DisplayDriver:
 111              	.LFB126:
 160:LCDConf.c     **** 
 161:LCDConf.c     **** /*********************************************************************
 162:LCDConf.c     **** *
 163:LCDConf.c     **** *       LCD_X_DisplayDriver
 164:LCDConf.c     **** *
 165:LCDConf.c     **** * Purpose:
 166:LCDConf.c     **** *   This function is called by the display driver for several purposes.
 167:LCDConf.c     **** *   To support the according task the routine needs to be adapted to
 168:LCDConf.c     **** *   the display controller. Please note that the commands marked with
 169:LCDConf.c     **** *   'optional' are not cogently required and should only be adapted if 
 170:LCDConf.c     **** *   the display controller supports these features.
 171:LCDConf.c     **** *
 172:LCDConf.c     **** * Parameter:
 173:LCDConf.c     **** *   LayerIndex - Index of layer to be configured
 174:LCDConf.c     **** *   Cmd        - Please refer to the details in the switch statement below
ARM GAS  C:\Users\PC\AppData\Local\Temp\ccpnmFBX.s 			page 6


 175:LCDConf.c     **** *   pData      - Pointer to a LCD_X_DATA structure
 176:LCDConf.c     **** *
 177:LCDConf.c     **** * Return Value:
 178:LCDConf.c     **** *   < -1 - Error
 179:LCDConf.c     **** *     -1 - Command not handled
 180:LCDConf.c     **** *      0 - Ok
 181:LCDConf.c     **** */
 182:LCDConf.c     **** int LCD_X_DisplayDriver(unsigned LayerIndex, unsigned Cmd, void * p) {
 112              		.loc 1 182 0
 113              		.cfi_startproc
 114              		@ args = 0, pretend = 0, frame = 0
 115              		@ frame_needed = 0, uses_anonymous_args = 0
 116              		@ link register save eliminated.
 117              	.LVL8:
 183:LCDConf.c     ****   int r;
 184:LCDConf.c     ****   GUI_USE_PARA(LayerIndex);
 185:LCDConf.c     ****   GUI_USE_PARA(p);
 186:LCDConf.c     **** 
 187:LCDConf.c     ****   switch (Cmd) {
 118              		.loc 1 187 0
 119 0000 0129     		cmp	r1, #1
 120 0002 01D1     		bne	.L11
 188:LCDConf.c     ****   case LCD_X_INITCONTROLLER: {
 189:LCDConf.c     **** 	//
 190:LCDConf.c     ****     // Called during the initialization process in order to set up the
 191:LCDConf.c     ****     // display controller and put it into operation. If the display
 192:LCDConf.c     ****     // controller is not initialized by any external routine this needs
 193:LCDConf.c     ****     // to be adapted by the customer...
 194:LCDConf.c     ****     //
 195:LCDConf.c     ****     return 0;
 121              		.loc 1 195 0
 122 0004 0020     		movs	r0, #0
 123              	.LVL9:
 124 0006 7047     		bx	lr
 125              	.LVL10:
 126              	.L11:
 196:LCDConf.c     ****   }
 197:LCDConf.c     ****   default:
 198:LCDConf.c     ****     r = -1;
 199:LCDConf.c     ****   }
 200:LCDConf.c     ****   return r;
 127              		.loc 1 200 0
 128 0008 4FF0FF30 		mov	r0, #-1
 129              	.LVL11:
 201:LCDConf.c     **** }
 130              		.loc 1 201 0
 131 000c 7047     		bx	lr
 132              		.cfi_endproc
 133              	.LFE126:
 134              		.size	LCD_X_DisplayDriver, .-LCD_X_DisplayDriver
 135 000e 00BF     		.section	.text.LCD_CopyDisplayBuffer,"ax",%progbits
 136              		.align	2
 137              		.global	LCD_CopyDisplayBuffer
 138              		.thumb
 139              		.thumb_func
 140              		.type	LCD_CopyDisplayBuffer, %function
 141              	LCD_CopyDisplayBuffer:
ARM GAS  C:\Users\PC\AppData\Local\Temp\ccpnmFBX.s 			page 7


 142              	.LFB127:
 202:LCDConf.c     **** 
 203:LCDConf.c     **** 
 204:LCDConf.c     **** /*******************************************************************************
 205:LCDConf.c     **** * Function Name: void LCD_CopyDisplayBuffer(uint8* destination, int count)
 206:LCDConf.c     **** ********************************************************************************
 207:LCDConf.c     **** *
 208:LCDConf.c     **** * Summary: This function copies the EmWin display buffer to an external buffer
 209:LCDConf.c     **** *
 210:LCDConf.c     **** * Parameters:
 211:LCDConf.c     **** *  uint8* destination - pointer to the destination buffer
 212:LCDConf.c     **** *  int count - number of bytes to be copied
 213:LCDConf.c     **** *
 214:LCDConf.c     **** * Return:
 215:LCDConf.c     **** *  None
 216:LCDConf.c     **** *
 217:LCDConf.c     **** *******************************************************************************/
 218:LCDConf.c     **** void LCD_CopyDisplayBuffer(uint8* destination, int count)
 219:LCDConf.c     **** {
 143              		.loc 1 219 0
 144              		.cfi_startproc
 145              		@ args = 0, pretend = 0, frame = 0
 146              		@ frame_needed = 0, uses_anonymous_args = 0
 147              		@ link register save eliminated.
 148              	.LVL12:
 220:LCDConf.c     **** 	int i;
 221:LCDConf.c     **** 	
 222:LCDConf.c     **** 	for(i=0; i<count; i++)
 149              		.loc 1 222 0
 150 0000 0023     		movs	r3, #0
 151 0002 03E0     		b	.L13
 152              	.LVL13:
 153              	.L14:
 223:LCDConf.c     **** 	{
 224:LCDConf.c     **** 		destination[i] = _aPlain_0[i];
 154              		.loc 1 224 0 discriminator 3
 155 0004 034A     		ldr	r2, .L15
 156 0006 D25C     		ldrb	r2, [r2, r3]	@ zero_extendqisi2
 157 0008 C254     		strb	r2, [r0, r3]
 222:LCDConf.c     **** 	{
 158              		.loc 1 222 0 discriminator 3
 159 000a 0133     		adds	r3, r3, #1
 160              	.LVL14:
 161              	.L13:
 222:LCDConf.c     **** 	{
 162              		.loc 1 222 0 is_stmt 0 discriminator 1
 163 000c 8B42     		cmp	r3, r1
 164 000e F9DB     		blt	.L14
 225:LCDConf.c     **** 	}
 226:LCDConf.c     **** }
 165              		.loc 1 226 0 is_stmt 1
 166 0010 7047     		bx	lr
 167              	.L16:
 168 0012 00BF     		.align	2
 169              	.L15:
 170 0014 00000000 		.word	.LANCHOR1
 171              		.cfi_endproc
ARM GAS  C:\Users\PC\AppData\Local\Temp\ccpnmFBX.s 			page 8


 172              	.LFE127:
 173              		.size	LCD_CopyDisplayBuffer, .-LCD_CopyDisplayBuffer
 174              		.data
 175              		.align	2
 176              		.set	.LANCHOR0,. + 0
 177              		.type	_VRAM_Desc, %object
 178              		.size	_VRAM_Desc, 32
 179              	_VRAM_Desc:
 180 0000 00000000 		.word	_aPlain_0
 181 0004 00000000 		.space	28
 181      00000000 
 181      00000000 
 181      00000000 
 181      00000000 
 182              		.bss
 183              		.align	2
 184              		.set	.LANCHOR1,. + 0
 185              		.type	_aPlain_0, %object
 186              		.size	_aPlain_0, 5808
 187              	_aPlain_0:
 188 0000 00000000 		.space	5808
 188      00000000 
 188      00000000 
 188      00000000 
 188      00000000 
 189              		.text
 190              	.Letext0:
 191              		.file 2 "c:\\program files (x86)\\cypress\\psoc creator\\4.4\\psoc creator\\import\\gnu\\arm\\5.4.
 192              		.file 3 "c:\\program files (x86)\\cypress\\psoc creator\\4.4\\psoc creator\\import\\gnu\\arm\\5.4.
 193              		.file 4 "Generated_Source\\PSoC6\\pdl\\drivers/peripheral/syslib/cy_syslib.h"
 194              		.file 5 "Generated_Source\\PSoC6\\pdl\\middleware/emWin/code/include/LCD.h"
 195              		.file 6 "Generated_Source\\PSoC6\\pdl\\middleware/emWin/code/include/GUI.h"
 196              		.file 7 "Generated_Source\\PSoC6\\pdl\\middleware/emWin/code/drivers/BitPlains/GUIDRV_BitPlains.h"
 197              		.file 8 "Generated_Source\\PSoC6\\pdl\\cmsis/include/core_cm4.h"
 198              		.section	.debug_info,"",%progbits
 199              	.Ldebug_info0:
 200 0000 72070000 		.4byte	0x772
 201 0004 0400     		.2byte	0x4
 202 0006 00000000 		.4byte	.Ldebug_abbrev0
 203 000a 04       		.byte	0x4
 204 000b 01       		.uleb128 0x1
 205 000c 95000000 		.4byte	.LASF78
 206 0010 0C       		.byte	0xc
 207 0011 A9020000 		.4byte	.LASF79
 208 0015 2C030000 		.4byte	.LASF80
 209 0019 00000000 		.4byte	.Ldebug_ranges0+0
 210 001d 00000000 		.4byte	0
 211 0021 00000000 		.4byte	.Ldebug_line0
 212 0025 02       		.uleb128 0x2
 213 0026 04       		.byte	0x4
 214 0027 05       		.byte	0x5
 215 0028 696E7400 		.ascii	"int\000"
 216 002c 03       		.uleb128 0x3
 217 002d 04       		.byte	0x4
 218 002e 07       		.byte	0x7
 219 002f FE020000 		.4byte	.LASF0
 220 0033 03       		.uleb128 0x3
ARM GAS  C:\Users\PC\AppData\Local\Temp\ccpnmFBX.s 			page 9


 221 0034 08       		.byte	0x8
 222 0035 05       		.byte	0x5
 223 0036 EE010000 		.4byte	.LASF1
 224 003a 03       		.uleb128 0x3
 225 003b 08       		.byte	0x8
 226 003c 04       		.byte	0x4
 227 003d 9D020000 		.4byte	.LASF2
 228 0041 03       		.uleb128 0x3
 229 0042 01       		.byte	0x1
 230 0043 06       		.byte	0x6
 231 0044 BC020000 		.4byte	.LASF3
 232 0048 04       		.uleb128 0x4
 233 0049 75020000 		.4byte	.LASF7
 234 004d 02       		.byte	0x2
 235 004e 1D       		.byte	0x1d
 236 004f 53000000 		.4byte	0x53
 237 0053 03       		.uleb128 0x3
 238 0054 01       		.byte	0x1
 239 0055 08       		.byte	0x8
 240 0056 86020000 		.4byte	.LASF4
 241 005a 03       		.uleb128 0x3
 242 005b 02       		.byte	0x2
 243 005c 05       		.byte	0x5
 244 005d 69000000 		.4byte	.LASF5
 245 0061 03       		.uleb128 0x3
 246 0062 02       		.byte	0x2
 247 0063 07       		.byte	0x7
 248 0064 D5030000 		.4byte	.LASF6
 249 0068 04       		.uleb128 0x4
 250 0069 6B040000 		.4byte	.LASF8
 251 006d 02       		.byte	0x2
 252 006e 3F       		.byte	0x3f
 253 006f 73000000 		.4byte	0x73
 254 0073 03       		.uleb128 0x3
 255 0074 04       		.byte	0x4
 256 0075 05       		.byte	0x5
 257 0076 17020000 		.4byte	.LASF9
 258 007a 04       		.uleb128 0x4
 259 007b 48010000 		.4byte	.LASF10
 260 007f 02       		.byte	0x2
 261 0080 41       		.byte	0x41
 262 0081 85000000 		.4byte	0x85
 263 0085 03       		.uleb128 0x3
 264 0086 04       		.byte	0x4
 265 0087 07       		.byte	0x7
 266 0088 2E040000 		.4byte	.LASF11
 267 008c 03       		.uleb128 0x3
 268 008d 08       		.byte	0x8
 269 008e 07       		.byte	0x7
 270 008f C8020000 		.4byte	.LASF12
 271 0093 04       		.uleb128 0x4
 272 0094 90010000 		.4byte	.LASF13
 273 0098 03       		.byte	0x3
 274 0099 18       		.byte	0x18
 275 009a 48000000 		.4byte	0x48
 276 009e 04       		.uleb128 0x4
 277 009f C2030000 		.4byte	.LASF14
ARM GAS  C:\Users\PC\AppData\Local\Temp\ccpnmFBX.s 			page 10


 278 00a3 03       		.byte	0x3
 279 00a4 2C       		.byte	0x2c
 280 00a5 68000000 		.4byte	0x68
 281 00a9 04       		.uleb128 0x4
 282 00aa DF020000 		.4byte	.LASF15
 283 00ae 03       		.byte	0x3
 284 00af 30       		.byte	0x30
 285 00b0 7A000000 		.4byte	0x7a
 286 00b4 03       		.uleb128 0x3
 287 00b5 04       		.byte	0x4
 288 00b6 07       		.byte	0x7
 289 00b7 73000000 		.4byte	.LASF16
 290 00bb 05       		.uleb128 0x5
 291 00bc 04       		.byte	0x4
 292 00bd C1000000 		.4byte	0xc1
 293 00c1 06       		.uleb128 0x6
 294 00c2 03       		.uleb128 0x3
 295 00c3 01       		.byte	0x1
 296 00c4 08       		.byte	0x8
 297 00c5 9D030000 		.4byte	.LASF17
 298 00c9 03       		.uleb128 0x3
 299 00ca 04       		.byte	0x4
 300 00cb 04       		.byte	0x4
 301 00cc C8010000 		.4byte	.LASF18
 302 00d0 03       		.uleb128 0x3
 303 00d1 08       		.byte	0x8
 304 00d2 04       		.byte	0x4
 305 00d3 4C040000 		.4byte	.LASF19
 306 00d7 07       		.uleb128 0x7
 307 00d8 98010000 		.4byte	.LASF20
 308 00dc 04       		.byte	0x4
 309 00dd 8503     		.2byte	0x385
 310 00df 93000000 		.4byte	0x93
 311 00e3 04       		.uleb128 0x4
 312 00e4 77010000 		.4byte	.LASF21
 313 00e8 05       		.byte	0x5
 314 00e9 6A       		.byte	0x6a
 315 00ea 85000000 		.4byte	0x85
 316 00ee 08       		.uleb128 0x8
 317 00ef 08       		.byte	0x8
 318 00f0 05       		.byte	0x5
 319 00f1 71       		.byte	0x71
 320 00f2 23010000 		.4byte	0x123
 321 00f6 09       		.uleb128 0x9
 322 00f7 783000   		.ascii	"x0\000"
 323 00fa 05       		.byte	0x5
 324 00fb 71       		.byte	0x71
 325 00fc 5A000000 		.4byte	0x5a
 326 0100 00       		.byte	0
 327 0101 09       		.uleb128 0x9
 328 0102 793000   		.ascii	"y0\000"
 329 0105 05       		.byte	0x5
 330 0106 71       		.byte	0x71
 331 0107 5A000000 		.4byte	0x5a
 332 010b 02       		.byte	0x2
 333 010c 09       		.uleb128 0x9
 334 010d 783100   		.ascii	"x1\000"
ARM GAS  C:\Users\PC\AppData\Local\Temp\ccpnmFBX.s 			page 11


 335 0110 05       		.byte	0x5
 336 0111 71       		.byte	0x71
 337 0112 5A000000 		.4byte	0x5a
 338 0116 04       		.byte	0x4
 339 0117 09       		.uleb128 0x9
 340 0118 793100   		.ascii	"y1\000"
 341 011b 05       		.byte	0x5
 342 011c 71       		.byte	0x71
 343 011d 5A000000 		.4byte	0x5a
 344 0121 06       		.byte	0x6
 345 0122 00       		.byte	0
 346 0123 04       		.uleb128 0x4
 347 0124 B3020000 		.4byte	.LASF22
 348 0128 05       		.byte	0x5
 349 0129 71       		.byte	0x71
 350 012a EE000000 		.4byte	0xee
 351 012e 04       		.uleb128 0x4
 352 012f E1040000 		.4byte	.LASF23
 353 0133 05       		.byte	0x5
 354 0134 88       		.byte	0x88
 355 0135 39010000 		.4byte	0x139
 356 0139 0A       		.uleb128 0xa
 357 013a E3000000 		.4byte	0xe3
 358 013e 48010000 		.4byte	0x148
 359 0142 0B       		.uleb128 0xb
 360 0143 85000000 		.4byte	0x85
 361 0147 00       		.byte	0
 362 0148 04       		.uleb128 0x4
 363 0149 17050000 		.4byte	.LASF24
 364 014d 05       		.byte	0x5
 365 014e 89       		.byte	0x89
 366 014f 53010000 		.4byte	0x153
 367 0153 0A       		.uleb128 0xa
 368 0154 85000000 		.4byte	0x85
 369 0158 62010000 		.4byte	0x162
 370 015c 0B       		.uleb128 0xb
 371 015d E3000000 		.4byte	0xe3
 372 0161 00       		.byte	0
 373 0162 04       		.uleb128 0x4
 374 0163 02020000 		.4byte	.LASF25
 375 0167 05       		.byte	0x5
 376 0168 8A       		.byte	0x8a
 377 0169 6D010000 		.4byte	0x16d
 378 016d 0C       		.uleb128 0xc
 379 016e 85000000 		.4byte	0x85
 380 0172 04       		.uleb128 0x4
 381 0173 B5040000 		.4byte	.LASF26
 382 0177 05       		.byte	0x5
 383 0178 8C       		.byte	0x8c
 384 0179 7D010000 		.4byte	0x17d
 385 017d 0D       		.uleb128 0xd
 386 017e 97010000 		.4byte	0x197
 387 0182 0B       		.uleb128 0xb
 388 0183 97010000 		.4byte	0x197
 389 0187 0B       		.uleb128 0xb
 390 0188 99010000 		.4byte	0x199
 391 018c 0B       		.uleb128 0xb
ARM GAS  C:\Users\PC\AppData\Local\Temp\ccpnmFBX.s 			page 12


 392 018d 85000000 		.4byte	0x85
 393 0191 0B       		.uleb128 0xb
 394 0192 53000000 		.4byte	0x53
 395 0196 00       		.byte	0
 396 0197 0E       		.uleb128 0xe
 397 0198 04       		.byte	0x4
 398 0199 05       		.uleb128 0x5
 399 019a 04       		.byte	0x4
 400 019b E3000000 		.4byte	0xe3
 401 019f 04       		.uleb128 0x4
 402 01a0 89040000 		.4byte	.LASF27
 403 01a4 05       		.byte	0x5
 404 01a5 8D       		.byte	0x8d
 405 01a6 AA010000 		.4byte	0x1aa
 406 01aa 0D       		.uleb128 0xd
 407 01ab C4010000 		.4byte	0x1c4
 408 01af 0B       		.uleb128 0xb
 409 01b0 99010000 		.4byte	0x199
 410 01b4 0B       		.uleb128 0xb
 411 01b5 97010000 		.4byte	0x197
 412 01b9 0B       		.uleb128 0xb
 413 01ba 85000000 		.4byte	0x85
 414 01be 0B       		.uleb128 0xb
 415 01bf 53000000 		.4byte	0x53
 416 01c3 00       		.byte	0
 417 01c4 08       		.uleb128 0x8
 418 01c5 18       		.byte	0x18
 419 01c6 05       		.byte	0x5
 420 01c7 93       		.byte	0x93
 421 01c8 15020000 		.4byte	0x215
 422 01cc 0F       		.uleb128 0xf
 423 01cd 8F030000 		.4byte	.LASF28
 424 01d1 05       		.byte	0x5
 425 01d2 94       		.byte	0x94
 426 01d3 15020000 		.4byte	0x215
 427 01d7 00       		.byte	0
 428 01d8 0F       		.uleb128 0xf
 429 01d9 F0020000 		.4byte	.LASF29
 430 01dd 05       		.byte	0x5
 431 01de 95       		.byte	0x95
 432 01df 1B020000 		.4byte	0x21b
 433 01e3 04       		.byte	0x4
 434 01e4 0F       		.uleb128 0xf
 435 01e5 81010000 		.4byte	.LASF30
 436 01e9 05       		.byte	0x5
 437 01ea 96       		.byte	0x96
 438 01eb 21020000 		.4byte	0x221
 439 01ef 08       		.byte	0x8
 440 01f0 0F       		.uleb128 0xf
 441 01f1 E8020000 		.4byte	.LASF31
 442 01f5 05       		.byte	0x5
 443 01f6 97       		.byte	0x97
 444 01f7 25000000 		.4byte	0x25
 445 01fb 0C       		.byte	0xc
 446 01fc 0F       		.uleb128 0xf
 447 01fd 63020000 		.4byte	.LASF32
 448 0201 05       		.byte	0x5
ARM GAS  C:\Users\PC\AppData\Local\Temp\ccpnmFBX.s 			page 13


 449 0202 98       		.byte	0x98
 450 0203 27020000 		.4byte	0x227
 451 0207 10       		.byte	0x10
 452 0208 0F       		.uleb128 0xf
 453 0209 53040000 		.4byte	.LASF33
 454 020d 05       		.byte	0x5
 455 020e 99       		.byte	0x99
 456 020f 2D020000 		.4byte	0x22d
 457 0213 14       		.byte	0x14
 458 0214 00       		.byte	0
 459 0215 05       		.uleb128 0x5
 460 0216 04       		.byte	0x4
 461 0217 48010000 		.4byte	0x148
 462 021b 05       		.uleb128 0x5
 463 021c 04       		.byte	0x4
 464 021d 2E010000 		.4byte	0x12e
 465 0221 05       		.uleb128 0x5
 466 0222 04       		.byte	0x4
 467 0223 62010000 		.4byte	0x162
 468 0227 05       		.uleb128 0x5
 469 0228 04       		.byte	0x4
 470 0229 9F010000 		.4byte	0x19f
 471 022d 05       		.uleb128 0x5
 472 022e 04       		.byte	0x4
 473 022f 72010000 		.4byte	0x172
 474 0233 04       		.uleb128 0x4
 475 0234 30020000 		.4byte	.LASF34
 476 0238 05       		.byte	0x5
 477 0239 9A       		.byte	0x9a
 478 023a C4010000 		.4byte	0x1c4
 479 023e 05       		.uleb128 0x5
 480 023f 04       		.byte	0x4
 481 0240 23010000 		.4byte	0x123
 482 0244 07       		.uleb128 0x7
 483 0245 CA030000 		.4byte	.LASF35
 484 0249 05       		.byte	0x5
 485 024a 4301     		.2byte	0x143
 486 024c 50020000 		.4byte	0x250
 487 0250 10       		.uleb128 0x10
 488 0251 CA030000 		.4byte	.LASF35
 489 0255 1C       		.byte	0x1c
 490 0256 06       		.byte	0x6
 491 0257 B0       		.byte	0xb0
 492 0258 AF020000 		.4byte	0x2af
 493 025c 0F       		.uleb128 0xf
 494 025d FC010000 		.4byte	.LASF36
 495 0261 06       		.byte	0x6
 496 0262 B4       		.byte	0xb4
 497 0263 B8030000 		.4byte	0x3b8
 498 0267 00       		.byte	0
 499 0268 0F       		.uleb128 0xf
 500 0269 B0010000 		.4byte	.LASF37
 501 026d 06       		.byte	0x6
 502 026e B5       		.byte	0xb5
 503 026f B8030000 		.4byte	0x3b8
 504 0273 04       		.byte	0x4
 505 0274 09       		.uleb128 0x9
ARM GAS  C:\Users\PC\AppData\Local\Temp\ccpnmFBX.s 			page 14


 506 0275 7500     		.ascii	"u\000"
 507 0277 06       		.byte	0x6
 508 0278 BC       		.byte	0xbc
 509 0279 D8040000 		.4byte	0x4d8
 510 027d 08       		.byte	0x8
 511 027e 0F       		.uleb128 0xf
 512 027f 5D010000 		.4byte	.LASF38
 513 0283 06       		.byte	0x6
 514 0284 C0       		.byte	0xc0
 515 0285 F7040000 		.4byte	0x4f7
 516 0289 0C       		.byte	0xc
 517 028a 0F       		.uleb128 0xf
 518 028b 00000000 		.4byte	.LASF39
 519 028f 06       		.byte	0x6
 520 0290 C1       		.byte	0xc1
 521 0291 6F030000 		.4byte	0x36f
 522 0295 10       		.byte	0x10
 523 0296 0F       		.uleb128 0xf
 524 0297 C2010000 		.4byte	.LASF40
 525 029b 06       		.byte	0x6
 526 029c C2       		.byte	0xc2
 527 029d 61000000 		.4byte	0x61
 528 02a1 14       		.byte	0x14
 529 02a2 0F       		.uleb128 0xf
 530 02a3 E3010000 		.4byte	.LASF41
 531 02a7 06       		.byte	0x6
 532 02a8 C3       		.byte	0xc3
 533 02a9 25000000 		.4byte	0x25
 534 02ad 18       		.byte	0x18
 535 02ae 00       		.byte	0
 536 02af 07       		.uleb128 0x7
 537 02b0 68010000 		.4byte	.LASF42
 538 02b4 05       		.byte	0x5
 539 02b5 4401     		.2byte	0x144
 540 02b7 BB020000 		.4byte	0x2bb
 541 02bb 10       		.uleb128 0x10
 542 02bc 68010000 		.4byte	.LASF42
 543 02c0 34       		.byte	0x34
 544 02c1 06       		.byte	0x6
 545 02c2 6A       		.byte	0x6a
 546 02c3 64030000 		.4byte	0x364
 547 02c7 0F       		.uleb128 0xf
 548 02c8 B1030000 		.4byte	.LASF43
 549 02cc 06       		.byte	0x6
 550 02cd 6E       		.byte	0x6e
 551 02ce 25000000 		.4byte	0x25
 552 02d2 00       		.byte	0
 553 02d3 0F       		.uleb128 0xf
 554 02d4 09040000 		.4byte	.LASF44
 555 02d8 06       		.byte	0x6
 556 02d9 72       		.byte	0x72
 557 02da C9030000 		.4byte	0x3c9
 558 02de 04       		.byte	0x4
 559 02df 0F       		.uleb128 0xf
 560 02e0 B6010000 		.4byte	.LASF45
 561 02e4 06       		.byte	0x6
 562 02e5 73       		.byte	0x73
ARM GAS  C:\Users\PC\AppData\Local\Temp\ccpnmFBX.s 			page 15


 563 02e6 E9030000 		.4byte	0x3e9
 564 02ea 08       		.byte	0x8
 565 02eb 0F       		.uleb128 0xf
 566 02ec 89000000 		.4byte	.LASF46
 567 02f0 06       		.byte	0x6
 568 02f1 74       		.byte	0x74
 569 02f2 E9030000 		.4byte	0x3e9
 570 02f6 0C       		.byte	0xc
 571 02f7 0F       		.uleb128 0xf
 572 02f8 54000000 		.4byte	.LASF47
 573 02fc 06       		.byte	0x6
 574 02fd 75       		.byte	0x75
 575 02fe 0E040000 		.4byte	0x40e
 576 0302 10       		.byte	0x10
 577 0303 0F       		.uleb128 0xf
 578 0304 20020000 		.4byte	.LASF48
 579 0308 06       		.byte	0x6
 580 0309 76       		.byte	0x76
 581 030a 2D040000 		.4byte	0x42d
 582 030e 14       		.byte	0x14
 583 030f 0F       		.uleb128 0xf
 584 0310 0B030000 		.4byte	.LASF49
 585 0314 06       		.byte	0x6
 586 0315 77       		.byte	0x77
 587 0316 4D040000 		.4byte	0x44d
 588 031a 18       		.byte	0x18
 589 031b 0F       		.uleb128 0xf
 590 031c 75040000 		.4byte	.LASF50
 591 0320 06       		.byte	0x6
 592 0321 78       		.byte	0x78
 593 0322 68040000 		.4byte	0x468
 594 0326 1C       		.byte	0x1c
 595 0327 0F       		.uleb128 0xf
 596 0328 80040000 		.4byte	.LASF51
 597 032c 06       		.byte	0x6
 598 032d 7C       		.byte	0x7c
 599 032e 68040000 		.4byte	0x468
 600 0332 20       		.byte	0x20
 601 0333 0F       		.uleb128 0xf
 602 0334 16040000 		.4byte	.LASF52
 603 0338 06       		.byte	0x6
 604 0339 80       		.byte	0x80
 605 033a 88040000 		.4byte	0x488
 606 033e 24       		.byte	0x24
 607 033f 0F       		.uleb128 0xf
 608 0340 0A050000 		.4byte	.LASF53
 609 0344 06       		.byte	0x6
 610 0345 81       		.byte	0x81
 611 0346 A2040000 		.4byte	0x4a2
 612 034a 28       		.byte	0x28
 613 034b 0F       		.uleb128 0xf
 614 034c 7C000000 		.4byte	.LASF54
 615 0350 06       		.byte	0x6
 616 0351 82       		.byte	0x82
 617 0352 BC040000 		.4byte	0x4bc
 618 0356 2C       		.byte	0x2c
 619 0357 0F       		.uleb128 0xf
ARM GAS  C:\Users\PC\AppData\Local\Temp\ccpnmFBX.s 			page 16


 620 0358 53010000 		.4byte	.LASF55
 621 035c 06       		.byte	0x6
 622 035d 83       		.byte	0x83
 623 035e D2040000 		.4byte	0x4d2
 624 0362 30       		.byte	0x30
 625 0363 00       		.byte	0
 626 0364 05       		.uleb128 0x5
 627 0365 04       		.byte	0x4
 628 0366 6A030000 		.4byte	0x36a
 629 036a 11       		.uleb128 0x11
 630 036b 53000000 		.4byte	0x53
 631 036f 05       		.uleb128 0x5
 632 0370 04       		.byte	0x4
 633 0371 75030000 		.4byte	0x375
 634 0375 11       		.uleb128 0x11
 635 0376 33020000 		.4byte	0x233
 636 037a 05       		.uleb128 0x5
 637 037b 04       		.byte	0x4
 638 037c 53000000 		.4byte	0x53
 639 0380 0D       		.uleb128 0xd
 640 0381 B8030000 		.4byte	0x3b8
 641 0385 0B       		.uleb128 0xb
 642 0386 B8030000 		.4byte	0x3b8
 643 038a 0B       		.uleb128 0xb
 644 038b 25000000 		.4byte	0x25
 645 038f 0B       		.uleb128 0xb
 646 0390 25000000 		.4byte	0x25
 647 0394 0B       		.uleb128 0xb
 648 0395 25000000 		.4byte	0x25
 649 0399 0B       		.uleb128 0xb
 650 039a 25000000 		.4byte	0x25
 651 039e 0B       		.uleb128 0xb
 652 039f 25000000 		.4byte	0x25
 653 03a3 0B       		.uleb128 0xb
 654 03a4 25000000 		.4byte	0x25
 655 03a8 0B       		.uleb128 0xb
 656 03a9 64030000 		.4byte	0x364
 657 03ad 0B       		.uleb128 0xb
 658 03ae 25000000 		.4byte	0x25
 659 03b2 0B       		.uleb128 0xb
 660 03b3 BE030000 		.4byte	0x3be
 661 03b7 00       		.byte	0
 662 03b8 05       		.uleb128 0x5
 663 03b9 04       		.byte	0x4
 664 03ba 44020000 		.4byte	0x244
 665 03be 05       		.uleb128 0x5
 666 03bf 04       		.byte	0x4
 667 03c0 C4030000 		.4byte	0x3c4
 668 03c4 11       		.uleb128 0x11
 669 03c5 85000000 		.4byte	0x85
 670 03c9 05       		.uleb128 0x5
 671 03ca 04       		.byte	0x4
 672 03cb 80030000 		.4byte	0x380
 673 03cf 0D       		.uleb128 0xd
 674 03d0 E9030000 		.4byte	0x3e9
 675 03d4 0B       		.uleb128 0xb
 676 03d5 B8030000 		.4byte	0x3b8
ARM GAS  C:\Users\PC\AppData\Local\Temp\ccpnmFBX.s 			page 17


 677 03d9 0B       		.uleb128 0xb
 678 03da 25000000 		.4byte	0x25
 679 03de 0B       		.uleb128 0xb
 680 03df 25000000 		.4byte	0x25
 681 03e3 0B       		.uleb128 0xb
 682 03e4 25000000 		.4byte	0x25
 683 03e8 00       		.byte	0
 684 03e9 05       		.uleb128 0x5
 685 03ea 04       		.byte	0x4
 686 03eb CF030000 		.4byte	0x3cf
 687 03ef 0D       		.uleb128 0xd
 688 03f0 0E040000 		.4byte	0x40e
 689 03f4 0B       		.uleb128 0xb
 690 03f5 B8030000 		.4byte	0x3b8
 691 03f9 0B       		.uleb128 0xb
 692 03fa 25000000 		.4byte	0x25
 693 03fe 0B       		.uleb128 0xb
 694 03ff 25000000 		.4byte	0x25
 695 0403 0B       		.uleb128 0xb
 696 0404 25000000 		.4byte	0x25
 697 0408 0B       		.uleb128 0xb
 698 0409 25000000 		.4byte	0x25
 699 040d 00       		.byte	0
 700 040e 05       		.uleb128 0x5
 701 040f 04       		.byte	0x4
 702 0410 EF030000 		.4byte	0x3ef
 703 0414 0A       		.uleb128 0xa
 704 0415 85000000 		.4byte	0x85
 705 0419 2D040000 		.4byte	0x42d
 706 041d 0B       		.uleb128 0xb
 707 041e B8030000 		.4byte	0x3b8
 708 0422 0B       		.uleb128 0xb
 709 0423 25000000 		.4byte	0x25
 710 0427 0B       		.uleb128 0xb
 711 0428 25000000 		.4byte	0x25
 712 042c 00       		.byte	0
 713 042d 05       		.uleb128 0x5
 714 042e 04       		.byte	0x4
 715 042f 14040000 		.4byte	0x414
 716 0433 0D       		.uleb128 0xd
 717 0434 4D040000 		.4byte	0x44d
 718 0438 0B       		.uleb128 0xb
 719 0439 B8030000 		.4byte	0x3b8
 720 043d 0B       		.uleb128 0xb
 721 043e 25000000 		.4byte	0x25
 722 0442 0B       		.uleb128 0xb
 723 0443 25000000 		.4byte	0x25
 724 0447 0B       		.uleb128 0xb
 725 0448 85000000 		.4byte	0x85
 726 044c 00       		.byte	0
 727 044d 05       		.uleb128 0x5
 728 044e 04       		.byte	0x4
 729 044f 33040000 		.4byte	0x433
 730 0453 0D       		.uleb128 0xd
 731 0454 68040000 		.4byte	0x468
 732 0458 0B       		.uleb128 0xb
 733 0459 B8030000 		.4byte	0x3b8
ARM GAS  C:\Users\PC\AppData\Local\Temp\ccpnmFBX.s 			page 18


 734 045d 0B       		.uleb128 0xb
 735 045e 25000000 		.4byte	0x25
 736 0462 0B       		.uleb128 0xb
 737 0463 25000000 		.4byte	0x25
 738 0467 00       		.byte	0
 739 0468 05       		.uleb128 0x5
 740 0469 04       		.byte	0x4
 741 046a 53040000 		.4byte	0x453
 742 046e 0A       		.uleb128 0xa
 743 046f BB000000 		.4byte	0xbb
 744 0473 82040000 		.4byte	0x482
 745 0477 0B       		.uleb128 0xb
 746 0478 82040000 		.4byte	0x482
 747 047c 0B       		.uleb128 0xb
 748 047d 25000000 		.4byte	0x25
 749 0481 00       		.byte	0
 750 0482 05       		.uleb128 0x5
 751 0483 04       		.byte	0x4
 752 0484 B8030000 		.4byte	0x3b8
 753 0488 05       		.uleb128 0x5
 754 0489 04       		.byte	0x4
 755 048a 6E040000 		.4byte	0x46e
 756 048e 0A       		.uleb128 0xa
 757 048f 73000000 		.4byte	0x73
 758 0493 A2040000 		.4byte	0x4a2
 759 0497 0B       		.uleb128 0xb
 760 0498 B8030000 		.4byte	0x3b8
 761 049c 0B       		.uleb128 0xb
 762 049d 25000000 		.4byte	0x25
 763 04a1 00       		.byte	0
 764 04a2 05       		.uleb128 0x5
 765 04a3 04       		.byte	0x4
 766 04a4 8E040000 		.4byte	0x48e
 767 04a8 0A       		.uleb128 0xa
 768 04a9 97010000 		.4byte	0x197
 769 04ad BC040000 		.4byte	0x4bc
 770 04b1 0B       		.uleb128 0xb
 771 04b2 B8030000 		.4byte	0x3b8
 772 04b6 0B       		.uleb128 0xb
 773 04b7 25000000 		.4byte	0x25
 774 04bb 00       		.byte	0
 775 04bc 05       		.uleb128 0x5
 776 04bd 04       		.byte	0x4
 777 04be A8040000 		.4byte	0x4a8
 778 04c2 0D       		.uleb128 0xd
 779 04c3 D2040000 		.4byte	0x4d2
 780 04c7 0B       		.uleb128 0xb
 781 04c8 B8030000 		.4byte	0x3b8
 782 04cc 0B       		.uleb128 0xb
 783 04cd 3E020000 		.4byte	0x23e
 784 04d1 00       		.byte	0
 785 04d2 05       		.uleb128 0x5
 786 04d3 04       		.byte	0x4
 787 04d4 C2040000 		.4byte	0x4c2
 788 04d8 12       		.uleb128 0x12
 789 04d9 04       		.byte	0x4
 790 04da 06       		.byte	0x6
ARM GAS  C:\Users\PC\AppData\Local\Temp\ccpnmFBX.s 			page 19


 791 04db B9       		.byte	0xb9
 792 04dc F7040000 		.4byte	0x4f7
 793 04e0 13       		.uleb128 0x13
 794 04e1 94020000 		.4byte	.LASF56
 795 04e5 06       		.byte	0x6
 796 04e6 BA       		.byte	0xba
 797 04e7 73000000 		.4byte	0x73
 798 04eb 13       		.uleb128 0x13
 799 04ec 00040000 		.4byte	.LASF57
 800 04f0 06       		.byte	0x6
 801 04f1 BB       		.byte	0xbb
 802 04f2 97010000 		.4byte	0x197
 803 04f6 00       		.byte	0
 804 04f7 05       		.uleb128 0x5
 805 04f8 04       		.byte	0x4
 806 04f9 FD040000 		.4byte	0x4fd
 807 04fd 11       		.uleb128 0x11
 808 04fe AF020000 		.4byte	0x2af
 809 0502 08       		.uleb128 0x8
 810 0503 04       		.byte	0x4
 811 0504 07       		.byte	0x7
 812 0505 38       		.byte	0x38
 813 0506 17050000 		.4byte	0x517
 814 050a 0F       		.uleb128 0xf
 815 050b 3F000000 		.4byte	.LASF58
 816 050f 07       		.byte	0x7
 817 0510 39       		.byte	0x39
 818 0511 25000000 		.4byte	0x25
 819 0515 00       		.byte	0
 820 0516 00       		.byte	0
 821 0517 04       		.uleb128 0x4
 822 0518 1B030000 		.4byte	.LASF59
 823 051c 07       		.byte	0x7
 824 051d 3A       		.byte	0x3a
 825 051e 02050000 		.4byte	0x502
 826 0522 14       		.uleb128 0x14
 827 0523 7A030000 		.4byte	0x37a
 828 0527 32050000 		.4byte	0x532
 829 052b 15       		.uleb128 0x15
 830 052c B4000000 		.4byte	0xb4
 831 0530 07       		.byte	0x7
 832 0531 00       		.byte	0
 833 0532 08       		.uleb128 0x8
 834 0533 20       		.byte	0x20
 835 0534 01       		.byte	0x1
 836 0535 6E       		.byte	0x6e
 837 0536 47050000 		.4byte	0x547
 838 053a 0F       		.uleb128 0xf
 839 053b 43020000 		.4byte	.LASF60
 840 053f 01       		.byte	0x1
 841 0540 6F       		.byte	0x6f
 842 0541 22050000 		.4byte	0x522
 843 0545 00       		.byte	0
 844 0546 00       		.byte	0
 845 0547 16       		.uleb128 0x16
 846 0548 32000000 		.4byte	.LASF63
 847 054c 01       		.byte	0x1
ARM GAS  C:\Users\PC\AppData\Local\Temp\ccpnmFBX.s 			page 20


 848 054d 83       		.byte	0x83
 849 054e 00000000 		.4byte	.LFB125
 850 0552 70000000 		.4byte	.LFE125-.LFB125
 851 0556 01       		.uleb128 0x1
 852 0557 9C       		.byte	0x9c
 853 0558 47060000 		.4byte	0x647
 854 055c 17       		.uleb128 0x17
 855 055d 02050000 		.4byte	.LASF61
 856 0561 01       		.byte	0x1
 857 0562 85       		.byte	0x85
 858 0563 B8030000 		.4byte	0x3b8
 859 0567 00000000 		.4byte	.LLST0
 860 056b 18       		.uleb128 0x18
 861 056c 7F020000 		.4byte	.LASF62
 862 0570 01       		.byte	0x1
 863 0571 86       		.byte	0x86
 864 0572 17050000 		.4byte	0x517
 865 0576 02       		.uleb128 0x2
 866 0577 91       		.byte	0x91
 867 0578 74       		.sleb128 -12
 868 0579 19       		.uleb128 0x19
 869 057a 18000000 		.4byte	.LVL0
 870 057e 2E070000 		.4byte	0x72e
 871 0582 91050000 		.4byte	0x591
 872 0586 1A       		.uleb128 0x1a
 873 0587 01       		.uleb128 0x1
 874 0588 52       		.byte	0x52
 875 0589 01       		.uleb128 0x1
 876 058a 30       		.byte	0x30
 877 058b 1A       		.uleb128 0x1a
 878 058c 01       		.uleb128 0x1
 879 058d 53       		.byte	0x53
 880 058e 01       		.uleb128 0x1
 881 058f 30       		.byte	0x30
 882 0590 00       		.byte	0
 883 0591 19       		.uleb128 0x19
 884 0592 1E000000 		.4byte	.LVL1
 885 0596 3A070000 		.4byte	0x73a
 886 059a A5050000 		.4byte	0x5a5
 887 059e 1A       		.uleb128 0x1a
 888 059f 01       		.uleb128 0x1
 889 05a0 51       		.byte	0x51
 890 05a1 02       		.uleb128 0x2
 891 05a2 74       		.byte	0x74
 892 05a3 00       		.sleb128 0
 893 05a4 00       		.byte	0
 894 05a5 1B       		.uleb128 0x1b
 895 05a6 22000000 		.4byte	.LVL2
 896 05aa 45070000 		.4byte	0x745
 897 05ae 19       		.uleb128 0x19
 898 05af 30000000 		.4byte	.LVL3
 899 05b3 51070000 		.4byte	0x751
 900 05b7 CE050000 		.4byte	0x5ce
 901 05bb 1A       		.uleb128 0x1a
 902 05bc 01       		.uleb128 0x1
 903 05bd 50       		.byte	0x50
 904 05be 01       		.uleb128 0x1
ARM GAS  C:\Users\PC\AppData\Local\Temp\ccpnmFBX.s 			page 21


 905 05bf 30       		.byte	0x30
 906 05c0 1A       		.uleb128 0x1a
 907 05c1 01       		.uleb128 0x1
 908 05c2 51       		.byte	0x51
 909 05c3 02       		.uleb128 0x2
 910 05c4 08       		.byte	0x8
 911 05c5 B0       		.byte	0xb0
 912 05c6 1A       		.uleb128 0x1a
 913 05c7 01       		.uleb128 0x1
 914 05c8 52       		.byte	0x52
 915 05c9 03       		.uleb128 0x3
 916 05ca 0A       		.byte	0xa
 917 05cb 0801     		.2byte	0x108
 918 05cd 00       		.byte	0
 919 05ce 19       		.uleb128 0x19
 920 05cf 3C000000 		.4byte	.LVL4
 921 05d3 5D070000 		.4byte	0x75d
 922 05d7 EE050000 		.4byte	0x5ee
 923 05db 1A       		.uleb128 0x1a
 924 05dc 01       		.uleb128 0x1
 925 05dd 50       		.byte	0x50
 926 05de 01       		.uleb128 0x1
 927 05df 30       		.byte	0x30
 928 05e0 1A       		.uleb128 0x1a
 929 05e1 01       		.uleb128 0x1
 930 05e2 51       		.byte	0x51
 931 05e3 02       		.uleb128 0x2
 932 05e4 08       		.byte	0x8
 933 05e5 B0       		.byte	0xb0
 934 05e6 1A       		.uleb128 0x1a
 935 05e7 01       		.uleb128 0x1
 936 05e8 52       		.byte	0x52
 937 05e9 03       		.uleb128 0x3
 938 05ea 0A       		.byte	0xa
 939 05eb 0801     		.2byte	0x108
 940 05ed 00       		.byte	0
 941 05ee 19       		.uleb128 0x19
 942 05ef 4A000000 		.4byte	.LVL5
 943 05f3 51070000 		.4byte	0x751
 944 05f7 0E060000 		.4byte	0x60e
 945 05fb 1A       		.uleb128 0x1a
 946 05fc 01       		.uleb128 0x1
 947 05fd 50       		.byte	0x50
 948 05fe 01       		.uleb128 0x1
 949 05ff 30       		.byte	0x30
 950 0600 1A       		.uleb128 0x1a
 951 0601 01       		.uleb128 0x1
 952 0602 51       		.byte	0x51
 953 0603 03       		.uleb128 0x3
 954 0604 0A       		.byte	0xa
 955 0605 0801     		.2byte	0x108
 956 0607 1A       		.uleb128 0x1a
 957 0608 01       		.uleb128 0x1
 958 0609 52       		.byte	0x52
 959 060a 02       		.uleb128 0x2
 960 060b 08       		.byte	0x8
 961 060c B0       		.byte	0xb0
ARM GAS  C:\Users\PC\AppData\Local\Temp\ccpnmFBX.s 			page 22


 962 060d 00       		.byte	0
 963 060e 19       		.uleb128 0x19
 964 060f 56000000 		.4byte	.LVL6
 965 0613 5D070000 		.4byte	0x75d
 966 0617 2E060000 		.4byte	0x62e
 967 061b 1A       		.uleb128 0x1a
 968 061c 01       		.uleb128 0x1
 969 061d 50       		.byte	0x50
 970 061e 01       		.uleb128 0x1
 971 061f 30       		.byte	0x30
 972 0620 1A       		.uleb128 0x1a
 973 0621 01       		.uleb128 0x1
 974 0622 51       		.byte	0x51
 975 0623 03       		.uleb128 0x3
 976 0624 0A       		.byte	0xa
 977 0625 0801     		.2byte	0x108
 978 0627 1A       		.uleb128 0x1a
 979 0628 01       		.uleb128 0x1
 980 0629 52       		.byte	0x52
 981 062a 02       		.uleb128 0x2
 982 062b 08       		.byte	0x8
 983 062c B0       		.byte	0xb0
 984 062d 00       		.byte	0
 985 062e 1C       		.uleb128 0x1c
 986 062f 5E000000 		.4byte	.LVL7
 987 0633 69070000 		.4byte	0x769
 988 0637 1A       		.uleb128 0x1a
 989 0638 01       		.uleb128 0x1
 990 0639 50       		.byte	0x50
 991 063a 01       		.uleb128 0x1
 992 063b 30       		.byte	0x30
 993 063c 1A       		.uleb128 0x1a
 994 063d 01       		.uleb128 0x1
 995 063e 51       		.byte	0x51
 996 063f 05       		.uleb128 0x5
 997 0640 03       		.byte	0x3
 998 0641 00000000 		.4byte	.LANCHOR0
 999 0645 00       		.byte	0
 1000 0646 00       		.byte	0
 1001 0647 1D       		.uleb128 0x1d
 1002 0648 A1040000 		.4byte	.LASF81
 1003 064c 01       		.byte	0x1
 1004 064d B6       		.byte	0xb6
 1005 064e 25000000 		.4byte	0x25
 1006 0652 00000000 		.4byte	.LFB126
 1007 0656 0E000000 		.4byte	.LFE126-.LFB126
 1008 065a 01       		.uleb128 0x1
 1009 065b 9C       		.byte	0x9c
 1010 065c 91060000 		.4byte	0x691
 1011 0660 1E       		.uleb128 0x1e
 1012 0661 E3010000 		.4byte	.LASF41
 1013 0665 01       		.byte	0x1
 1014 0666 B6       		.byte	0xb6
 1015 0667 2C000000 		.4byte	0x2c
 1016 066b 13000000 		.4byte	.LLST1
 1017 066f 1F       		.uleb128 0x1f
 1018 0670 436D6400 		.ascii	"Cmd\000"
ARM GAS  C:\Users\PC\AppData\Local\Temp\ccpnmFBX.s 			page 23


 1019 0674 01       		.byte	0x1
 1020 0675 B6       		.byte	0xb6
 1021 0676 2C000000 		.4byte	0x2c
 1022 067a 01       		.uleb128 0x1
 1023 067b 51       		.byte	0x51
 1024 067c 1F       		.uleb128 0x1f
 1025 067d 7000     		.ascii	"p\000"
 1026 067f 01       		.byte	0x1
 1027 0680 B6       		.byte	0xb6
 1028 0681 97010000 		.4byte	0x197
 1029 0685 01       		.uleb128 0x1
 1030 0686 52       		.byte	0x52
 1031 0687 20       		.uleb128 0x20
 1032 0688 7200     		.ascii	"r\000"
 1033 068a 01       		.byte	0x1
 1034 068b B7       		.byte	0xb7
 1035 068c 25000000 		.4byte	0x25
 1036 0690 00       		.byte	0
 1037 0691 16       		.uleb128 0x16
 1038 0692 1C000000 		.4byte	.LASF64
 1039 0696 01       		.byte	0x1
 1040 0697 DA       		.byte	0xda
 1041 0698 00000000 		.4byte	.LFB127
 1042 069c 18000000 		.4byte	.LFE127-.LFB127
 1043 06a0 01       		.uleb128 0x1
 1044 06a1 9C       		.byte	0x9c
 1045 06a2 CE060000 		.4byte	0x6ce
 1046 06a6 21       		.uleb128 0x21
 1047 06a7 40040000 		.4byte	.LASF65
 1048 06ab 01       		.byte	0x1
 1049 06ac DA       		.byte	0xda
 1050 06ad CE060000 		.4byte	0x6ce
 1051 06b1 01       		.uleb128 0x1
 1052 06b2 50       		.byte	0x50
 1053 06b3 21       		.uleb128 0x21
 1054 06b4 65040000 		.4byte	.LASF66
 1055 06b8 01       		.byte	0x1
 1056 06b9 DA       		.byte	0xda
 1057 06ba 25000000 		.4byte	0x25
 1058 06be 01       		.uleb128 0x1
 1059 06bf 51       		.byte	0x51
 1060 06c0 22       		.uleb128 0x22
 1061 06c1 6900     		.ascii	"i\000"
 1062 06c3 01       		.byte	0x1
 1063 06c4 DC       		.byte	0xdc
 1064 06c5 25000000 		.4byte	0x25
 1065 06c9 4D000000 		.4byte	.LLST2
 1066 06cd 00       		.byte	0
 1067 06ce 05       		.uleb128 0x5
 1068 06cf 04       		.byte	0x4
 1069 06d0 D7000000 		.4byte	0xd7
 1070 06d4 14       		.uleb128 0x14
 1071 06d5 53000000 		.4byte	0x53
 1072 06d9 E5060000 		.4byte	0x6e5
 1073 06dd 23       		.uleb128 0x23
 1074 06de B4000000 		.4byte	0xb4
 1075 06e2 AF16     		.2byte	0x16af
ARM GAS  C:\Users\PC\AppData\Local\Temp\ccpnmFBX.s 			page 24


 1076 06e4 00       		.byte	0
 1077 06e5 18       		.uleb128 0x18
 1078 06e6 5F000000 		.4byte	.LASF67
 1079 06ea 01       		.byte	0x1
 1080 06eb 69       		.byte	0x69
 1081 06ec D4060000 		.4byte	0x6d4
 1082 06f0 05       		.uleb128 0x5
 1083 06f1 03       		.byte	0x3
 1084 06f2 00000000 		.4byte	_aPlain_0
 1085 06f6 18       		.uleb128 0x18
 1086 06f7 23040000 		.4byte	.LASF68
 1087 06fb 01       		.byte	0x1
 1088 06fc 70       		.byte	0x70
 1089 06fd 32050000 		.4byte	0x532
 1090 0701 05       		.uleb128 0x5
 1091 0702 03       		.byte	0x3
 1092 0703 00000000 		.4byte	_VRAM_Desc
 1093 0707 24       		.uleb128 0x24
 1094 0708 F5040000 		.4byte	.LASF69
 1095 070c 08       		.byte	0x8
 1096 070d EA07     		.2byte	0x7ea
 1097 070f 13070000 		.4byte	0x713
 1098 0713 25       		.uleb128 0x25
 1099 0714 9E000000 		.4byte	0x9e
 1100 0718 26       		.uleb128 0x26
 1101 0719 CD040000 		.4byte	.LASF70
 1102 071d 05       		.byte	0x5
 1103 071e 9D       		.byte	0x9d
 1104 071f 75030000 		.4byte	0x375
 1105 0723 26       		.uleb128 0x26
 1106 0724 CE010000 		.4byte	.LASF71
 1107 0728 07       		.byte	0x7
 1108 0729 49       		.byte	0x49
 1109 072a FD040000 		.4byte	0x4fd
 1110 072e 27       		.uleb128 0x27
 1111 072f 4A020000 		.4byte	.LASF72
 1112 0733 4A020000 		.4byte	.LASF72
 1113 0737 06       		.byte	0x6
 1114 0738 2201     		.2byte	0x122
 1115 073a 28       		.uleb128 0x28
 1116 073b E8030000 		.4byte	.LASF73
 1117 073f E8030000 		.4byte	.LASF73
 1118 0743 07       		.byte	0x7
 1119 0744 5C       		.byte	0x5c
 1120 0745 27       		.uleb128 0x27
 1121 0746 46000000 		.4byte	.LASF74
 1122 074a 46000000 		.4byte	.LASF74
 1123 074e 05       		.byte	0x5
 1124 074f 8F01     		.2byte	0x18f
 1125 0751 27       		.uleb128 0x27
 1126 0752 0E000000 		.4byte	.LASF75
 1127 0756 0E000000 		.4byte	.LASF75
 1128 075a 05       		.byte	0x5
 1129 075b 4902     		.2byte	0x249
 1130 075d 27       		.uleb128 0x27
 1131 075e A2030000 		.4byte	.LASF76
 1132 0762 A2030000 		.4byte	.LASF76
ARM GAS  C:\Users\PC\AppData\Local\Temp\ccpnmFBX.s 			page 25


 1133 0766 05       		.byte	0x5
 1134 0767 4C02     		.2byte	0x24c
 1135 0769 27       		.uleb128 0x27
 1136 076a 9E010000 		.4byte	.LASF77
 1137 076e 9E010000 		.4byte	.LASF77
 1138 0772 05       		.byte	0x5
 1139 0773 4B02     		.2byte	0x24b
 1140 0775 00       		.byte	0
 1141              		.section	.debug_abbrev,"",%progbits
 1142              	.Ldebug_abbrev0:
 1143 0000 01       		.uleb128 0x1
 1144 0001 11       		.uleb128 0x11
 1145 0002 01       		.byte	0x1
 1146 0003 25       		.uleb128 0x25
 1147 0004 0E       		.uleb128 0xe
 1148 0005 13       		.uleb128 0x13
 1149 0006 0B       		.uleb128 0xb
 1150 0007 03       		.uleb128 0x3
 1151 0008 0E       		.uleb128 0xe
 1152 0009 1B       		.uleb128 0x1b
 1153 000a 0E       		.uleb128 0xe
 1154 000b 55       		.uleb128 0x55
 1155 000c 17       		.uleb128 0x17
 1156 000d 11       		.uleb128 0x11
 1157 000e 01       		.uleb128 0x1
 1158 000f 10       		.uleb128 0x10
 1159 0010 17       		.uleb128 0x17
 1160 0011 00       		.byte	0
 1161 0012 00       		.byte	0
 1162 0013 02       		.uleb128 0x2
 1163 0014 24       		.uleb128 0x24
 1164 0015 00       		.byte	0
 1165 0016 0B       		.uleb128 0xb
 1166 0017 0B       		.uleb128 0xb
 1167 0018 3E       		.uleb128 0x3e
 1168 0019 0B       		.uleb128 0xb
 1169 001a 03       		.uleb128 0x3
 1170 001b 08       		.uleb128 0x8
 1171 001c 00       		.byte	0
 1172 001d 00       		.byte	0
 1173 001e 03       		.uleb128 0x3
 1174 001f 24       		.uleb128 0x24
 1175 0020 00       		.byte	0
 1176 0021 0B       		.uleb128 0xb
 1177 0022 0B       		.uleb128 0xb
 1178 0023 3E       		.uleb128 0x3e
 1179 0024 0B       		.uleb128 0xb
 1180 0025 03       		.uleb128 0x3
 1181 0026 0E       		.uleb128 0xe
 1182 0027 00       		.byte	0
 1183 0028 00       		.byte	0
 1184 0029 04       		.uleb128 0x4
 1185 002a 16       		.uleb128 0x16
 1186 002b 00       		.byte	0
 1187 002c 03       		.uleb128 0x3
 1188 002d 0E       		.uleb128 0xe
 1189 002e 3A       		.uleb128 0x3a
ARM GAS  C:\Users\PC\AppData\Local\Temp\ccpnmFBX.s 			page 26


 1190 002f 0B       		.uleb128 0xb
 1191 0030 3B       		.uleb128 0x3b
 1192 0031 0B       		.uleb128 0xb
 1193 0032 49       		.uleb128 0x49
 1194 0033 13       		.uleb128 0x13
 1195 0034 00       		.byte	0
 1196 0035 00       		.byte	0
 1197 0036 05       		.uleb128 0x5
 1198 0037 0F       		.uleb128 0xf
 1199 0038 00       		.byte	0
 1200 0039 0B       		.uleb128 0xb
 1201 003a 0B       		.uleb128 0xb
 1202 003b 49       		.uleb128 0x49
 1203 003c 13       		.uleb128 0x13
 1204 003d 00       		.byte	0
 1205 003e 00       		.byte	0
 1206 003f 06       		.uleb128 0x6
 1207 0040 15       		.uleb128 0x15
 1208 0041 00       		.byte	0
 1209 0042 27       		.uleb128 0x27
 1210 0043 19       		.uleb128 0x19
 1211 0044 00       		.byte	0
 1212 0045 00       		.byte	0
 1213 0046 07       		.uleb128 0x7
 1214 0047 16       		.uleb128 0x16
 1215 0048 00       		.byte	0
 1216 0049 03       		.uleb128 0x3
 1217 004a 0E       		.uleb128 0xe
 1218 004b 3A       		.uleb128 0x3a
 1219 004c 0B       		.uleb128 0xb
 1220 004d 3B       		.uleb128 0x3b
 1221 004e 05       		.uleb128 0x5
 1222 004f 49       		.uleb128 0x49
 1223 0050 13       		.uleb128 0x13
 1224 0051 00       		.byte	0
 1225 0052 00       		.byte	0
 1226 0053 08       		.uleb128 0x8
 1227 0054 13       		.uleb128 0x13
 1228 0055 01       		.byte	0x1
 1229 0056 0B       		.uleb128 0xb
 1230 0057 0B       		.uleb128 0xb
 1231 0058 3A       		.uleb128 0x3a
 1232 0059 0B       		.uleb128 0xb
 1233 005a 3B       		.uleb128 0x3b
 1234 005b 0B       		.uleb128 0xb
 1235 005c 01       		.uleb128 0x1
 1236 005d 13       		.uleb128 0x13
 1237 005e 00       		.byte	0
 1238 005f 00       		.byte	0
 1239 0060 09       		.uleb128 0x9
 1240 0061 0D       		.uleb128 0xd
 1241 0062 00       		.byte	0
 1242 0063 03       		.uleb128 0x3
 1243 0064 08       		.uleb128 0x8
 1244 0065 3A       		.uleb128 0x3a
 1245 0066 0B       		.uleb128 0xb
 1246 0067 3B       		.uleb128 0x3b
ARM GAS  C:\Users\PC\AppData\Local\Temp\ccpnmFBX.s 			page 27


 1247 0068 0B       		.uleb128 0xb
 1248 0069 49       		.uleb128 0x49
 1249 006a 13       		.uleb128 0x13
 1250 006b 38       		.uleb128 0x38
 1251 006c 0B       		.uleb128 0xb
 1252 006d 00       		.byte	0
 1253 006e 00       		.byte	0
 1254 006f 0A       		.uleb128 0xa
 1255 0070 15       		.uleb128 0x15
 1256 0071 01       		.byte	0x1
 1257 0072 27       		.uleb128 0x27
 1258 0073 19       		.uleb128 0x19
 1259 0074 49       		.uleb128 0x49
 1260 0075 13       		.uleb128 0x13
 1261 0076 01       		.uleb128 0x1
 1262 0077 13       		.uleb128 0x13
 1263 0078 00       		.byte	0
 1264 0079 00       		.byte	0
 1265 007a 0B       		.uleb128 0xb
 1266 007b 05       		.uleb128 0x5
 1267 007c 00       		.byte	0
 1268 007d 49       		.uleb128 0x49
 1269 007e 13       		.uleb128 0x13
 1270 007f 00       		.byte	0
 1271 0080 00       		.byte	0
 1272 0081 0C       		.uleb128 0xc
 1273 0082 15       		.uleb128 0x15
 1274 0083 00       		.byte	0
 1275 0084 27       		.uleb128 0x27
 1276 0085 19       		.uleb128 0x19
 1277 0086 49       		.uleb128 0x49
 1278 0087 13       		.uleb128 0x13
 1279 0088 00       		.byte	0
 1280 0089 00       		.byte	0
 1281 008a 0D       		.uleb128 0xd
 1282 008b 15       		.uleb128 0x15
 1283 008c 01       		.byte	0x1
 1284 008d 27       		.uleb128 0x27
 1285 008e 19       		.uleb128 0x19
 1286 008f 01       		.uleb128 0x1
 1287 0090 13       		.uleb128 0x13
 1288 0091 00       		.byte	0
 1289 0092 00       		.byte	0
 1290 0093 0E       		.uleb128 0xe
 1291 0094 0F       		.uleb128 0xf
 1292 0095 00       		.byte	0
 1293 0096 0B       		.uleb128 0xb
 1294 0097 0B       		.uleb128 0xb
 1295 0098 00       		.byte	0
 1296 0099 00       		.byte	0
 1297 009a 0F       		.uleb128 0xf
 1298 009b 0D       		.uleb128 0xd
 1299 009c 00       		.byte	0
 1300 009d 03       		.uleb128 0x3
 1301 009e 0E       		.uleb128 0xe
 1302 009f 3A       		.uleb128 0x3a
 1303 00a0 0B       		.uleb128 0xb
ARM GAS  C:\Users\PC\AppData\Local\Temp\ccpnmFBX.s 			page 28


 1304 00a1 3B       		.uleb128 0x3b
 1305 00a2 0B       		.uleb128 0xb
 1306 00a3 49       		.uleb128 0x49
 1307 00a4 13       		.uleb128 0x13
 1308 00a5 38       		.uleb128 0x38
 1309 00a6 0B       		.uleb128 0xb
 1310 00a7 00       		.byte	0
 1311 00a8 00       		.byte	0
 1312 00a9 10       		.uleb128 0x10
 1313 00aa 13       		.uleb128 0x13
 1314 00ab 01       		.byte	0x1
 1315 00ac 03       		.uleb128 0x3
 1316 00ad 0E       		.uleb128 0xe
 1317 00ae 0B       		.uleb128 0xb
 1318 00af 0B       		.uleb128 0xb
 1319 00b0 3A       		.uleb128 0x3a
 1320 00b1 0B       		.uleb128 0xb
 1321 00b2 3B       		.uleb128 0x3b
 1322 00b3 0B       		.uleb128 0xb
 1323 00b4 01       		.uleb128 0x1
 1324 00b5 13       		.uleb128 0x13
 1325 00b6 00       		.byte	0
 1326 00b7 00       		.byte	0
 1327 00b8 11       		.uleb128 0x11
 1328 00b9 26       		.uleb128 0x26
 1329 00ba 00       		.byte	0
 1330 00bb 49       		.uleb128 0x49
 1331 00bc 13       		.uleb128 0x13
 1332 00bd 00       		.byte	0
 1333 00be 00       		.byte	0
 1334 00bf 12       		.uleb128 0x12
 1335 00c0 17       		.uleb128 0x17
 1336 00c1 01       		.byte	0x1
 1337 00c2 0B       		.uleb128 0xb
 1338 00c3 0B       		.uleb128 0xb
 1339 00c4 3A       		.uleb128 0x3a
 1340 00c5 0B       		.uleb128 0xb
 1341 00c6 3B       		.uleb128 0x3b
 1342 00c7 0B       		.uleb128 0xb
 1343 00c8 01       		.uleb128 0x1
 1344 00c9 13       		.uleb128 0x13
 1345 00ca 00       		.byte	0
 1346 00cb 00       		.byte	0
 1347 00cc 13       		.uleb128 0x13
 1348 00cd 0D       		.uleb128 0xd
 1349 00ce 00       		.byte	0
 1350 00cf 03       		.uleb128 0x3
 1351 00d0 0E       		.uleb128 0xe
 1352 00d1 3A       		.uleb128 0x3a
 1353 00d2 0B       		.uleb128 0xb
 1354 00d3 3B       		.uleb128 0x3b
 1355 00d4 0B       		.uleb128 0xb
 1356 00d5 49       		.uleb128 0x49
 1357 00d6 13       		.uleb128 0x13
 1358 00d7 00       		.byte	0
 1359 00d8 00       		.byte	0
 1360 00d9 14       		.uleb128 0x14
ARM GAS  C:\Users\PC\AppData\Local\Temp\ccpnmFBX.s 			page 29


 1361 00da 01       		.uleb128 0x1
 1362 00db 01       		.byte	0x1
 1363 00dc 49       		.uleb128 0x49
 1364 00dd 13       		.uleb128 0x13
 1365 00de 01       		.uleb128 0x1
 1366 00df 13       		.uleb128 0x13
 1367 00e0 00       		.byte	0
 1368 00e1 00       		.byte	0
 1369 00e2 15       		.uleb128 0x15
 1370 00e3 21       		.uleb128 0x21
 1371 00e4 00       		.byte	0
 1372 00e5 49       		.uleb128 0x49
 1373 00e6 13       		.uleb128 0x13
 1374 00e7 2F       		.uleb128 0x2f
 1375 00e8 0B       		.uleb128 0xb
 1376 00e9 00       		.byte	0
 1377 00ea 00       		.byte	0
 1378 00eb 16       		.uleb128 0x16
 1379 00ec 2E       		.uleb128 0x2e
 1380 00ed 01       		.byte	0x1
 1381 00ee 3F       		.uleb128 0x3f
 1382 00ef 19       		.uleb128 0x19
 1383 00f0 03       		.uleb128 0x3
 1384 00f1 0E       		.uleb128 0xe
 1385 00f2 3A       		.uleb128 0x3a
 1386 00f3 0B       		.uleb128 0xb
 1387 00f4 3B       		.uleb128 0x3b
 1388 00f5 0B       		.uleb128 0xb
 1389 00f6 27       		.uleb128 0x27
 1390 00f7 19       		.uleb128 0x19
 1391 00f8 11       		.uleb128 0x11
 1392 00f9 01       		.uleb128 0x1
 1393 00fa 12       		.uleb128 0x12
 1394 00fb 06       		.uleb128 0x6
 1395 00fc 40       		.uleb128 0x40
 1396 00fd 18       		.uleb128 0x18
 1397 00fe 9742     		.uleb128 0x2117
 1398 0100 19       		.uleb128 0x19
 1399 0101 01       		.uleb128 0x1
 1400 0102 13       		.uleb128 0x13
 1401 0103 00       		.byte	0
 1402 0104 00       		.byte	0
 1403 0105 17       		.uleb128 0x17
 1404 0106 34       		.uleb128 0x34
 1405 0107 00       		.byte	0
 1406 0108 03       		.uleb128 0x3
 1407 0109 0E       		.uleb128 0xe
 1408 010a 3A       		.uleb128 0x3a
 1409 010b 0B       		.uleb128 0xb
 1410 010c 3B       		.uleb128 0x3b
 1411 010d 0B       		.uleb128 0xb
 1412 010e 49       		.uleb128 0x49
 1413 010f 13       		.uleb128 0x13
 1414 0110 02       		.uleb128 0x2
 1415 0111 17       		.uleb128 0x17
 1416 0112 00       		.byte	0
 1417 0113 00       		.byte	0
ARM GAS  C:\Users\PC\AppData\Local\Temp\ccpnmFBX.s 			page 30


 1418 0114 18       		.uleb128 0x18
 1419 0115 34       		.uleb128 0x34
 1420 0116 00       		.byte	0
 1421 0117 03       		.uleb128 0x3
 1422 0118 0E       		.uleb128 0xe
 1423 0119 3A       		.uleb128 0x3a
 1424 011a 0B       		.uleb128 0xb
 1425 011b 3B       		.uleb128 0x3b
 1426 011c 0B       		.uleb128 0xb
 1427 011d 49       		.uleb128 0x49
 1428 011e 13       		.uleb128 0x13
 1429 011f 02       		.uleb128 0x2
 1430 0120 18       		.uleb128 0x18
 1431 0121 00       		.byte	0
 1432 0122 00       		.byte	0
 1433 0123 19       		.uleb128 0x19
 1434 0124 898201   		.uleb128 0x4109
 1435 0127 01       		.byte	0x1
 1436 0128 11       		.uleb128 0x11
 1437 0129 01       		.uleb128 0x1
 1438 012a 31       		.uleb128 0x31
 1439 012b 13       		.uleb128 0x13
 1440 012c 01       		.uleb128 0x1
 1441 012d 13       		.uleb128 0x13
 1442 012e 00       		.byte	0
 1443 012f 00       		.byte	0
 1444 0130 1A       		.uleb128 0x1a
 1445 0131 8A8201   		.uleb128 0x410a
 1446 0134 00       		.byte	0
 1447 0135 02       		.uleb128 0x2
 1448 0136 18       		.uleb128 0x18
 1449 0137 9142     		.uleb128 0x2111
 1450 0139 18       		.uleb128 0x18
 1451 013a 00       		.byte	0
 1452 013b 00       		.byte	0
 1453 013c 1B       		.uleb128 0x1b
 1454 013d 898201   		.uleb128 0x4109
 1455 0140 00       		.byte	0
 1456 0141 11       		.uleb128 0x11
 1457 0142 01       		.uleb128 0x1
 1458 0143 31       		.uleb128 0x31
 1459 0144 13       		.uleb128 0x13
 1460 0145 00       		.byte	0
 1461 0146 00       		.byte	0
 1462 0147 1C       		.uleb128 0x1c
 1463 0148 898201   		.uleb128 0x4109
 1464 014b 01       		.byte	0x1
 1465 014c 11       		.uleb128 0x11
 1466 014d 01       		.uleb128 0x1
 1467 014e 31       		.uleb128 0x31
 1468 014f 13       		.uleb128 0x13
 1469 0150 00       		.byte	0
 1470 0151 00       		.byte	0
 1471 0152 1D       		.uleb128 0x1d
 1472 0153 2E       		.uleb128 0x2e
 1473 0154 01       		.byte	0x1
 1474 0155 3F       		.uleb128 0x3f
ARM GAS  C:\Users\PC\AppData\Local\Temp\ccpnmFBX.s 			page 31


 1475 0156 19       		.uleb128 0x19
 1476 0157 03       		.uleb128 0x3
 1477 0158 0E       		.uleb128 0xe
 1478 0159 3A       		.uleb128 0x3a
 1479 015a 0B       		.uleb128 0xb
 1480 015b 3B       		.uleb128 0x3b
 1481 015c 0B       		.uleb128 0xb
 1482 015d 27       		.uleb128 0x27
 1483 015e 19       		.uleb128 0x19
 1484 015f 49       		.uleb128 0x49
 1485 0160 13       		.uleb128 0x13
 1486 0161 11       		.uleb128 0x11
 1487 0162 01       		.uleb128 0x1
 1488 0163 12       		.uleb128 0x12
 1489 0164 06       		.uleb128 0x6
 1490 0165 40       		.uleb128 0x40
 1491 0166 18       		.uleb128 0x18
 1492 0167 9742     		.uleb128 0x2117
 1493 0169 19       		.uleb128 0x19
 1494 016a 01       		.uleb128 0x1
 1495 016b 13       		.uleb128 0x13
 1496 016c 00       		.byte	0
 1497 016d 00       		.byte	0
 1498 016e 1E       		.uleb128 0x1e
 1499 016f 05       		.uleb128 0x5
 1500 0170 00       		.byte	0
 1501 0171 03       		.uleb128 0x3
 1502 0172 0E       		.uleb128 0xe
 1503 0173 3A       		.uleb128 0x3a
 1504 0174 0B       		.uleb128 0xb
 1505 0175 3B       		.uleb128 0x3b
 1506 0176 0B       		.uleb128 0xb
 1507 0177 49       		.uleb128 0x49
 1508 0178 13       		.uleb128 0x13
 1509 0179 02       		.uleb128 0x2
 1510 017a 17       		.uleb128 0x17
 1511 017b 00       		.byte	0
 1512 017c 00       		.byte	0
 1513 017d 1F       		.uleb128 0x1f
 1514 017e 05       		.uleb128 0x5
 1515 017f 00       		.byte	0
 1516 0180 03       		.uleb128 0x3
 1517 0181 08       		.uleb128 0x8
 1518 0182 3A       		.uleb128 0x3a
 1519 0183 0B       		.uleb128 0xb
 1520 0184 3B       		.uleb128 0x3b
 1521 0185 0B       		.uleb128 0xb
 1522 0186 49       		.uleb128 0x49
 1523 0187 13       		.uleb128 0x13
 1524 0188 02       		.uleb128 0x2
 1525 0189 18       		.uleb128 0x18
 1526 018a 00       		.byte	0
 1527 018b 00       		.byte	0
 1528 018c 20       		.uleb128 0x20
 1529 018d 34       		.uleb128 0x34
 1530 018e 00       		.byte	0
 1531 018f 03       		.uleb128 0x3
ARM GAS  C:\Users\PC\AppData\Local\Temp\ccpnmFBX.s 			page 32


 1532 0190 08       		.uleb128 0x8
 1533 0191 3A       		.uleb128 0x3a
 1534 0192 0B       		.uleb128 0xb
 1535 0193 3B       		.uleb128 0x3b
 1536 0194 0B       		.uleb128 0xb
 1537 0195 49       		.uleb128 0x49
 1538 0196 13       		.uleb128 0x13
 1539 0197 00       		.byte	0
 1540 0198 00       		.byte	0
 1541 0199 21       		.uleb128 0x21
 1542 019a 05       		.uleb128 0x5
 1543 019b 00       		.byte	0
 1544 019c 03       		.uleb128 0x3
 1545 019d 0E       		.uleb128 0xe
 1546 019e 3A       		.uleb128 0x3a
 1547 019f 0B       		.uleb128 0xb
 1548 01a0 3B       		.uleb128 0x3b
 1549 01a1 0B       		.uleb128 0xb
 1550 01a2 49       		.uleb128 0x49
 1551 01a3 13       		.uleb128 0x13
 1552 01a4 02       		.uleb128 0x2
 1553 01a5 18       		.uleb128 0x18
 1554 01a6 00       		.byte	0
 1555 01a7 00       		.byte	0
 1556 01a8 22       		.uleb128 0x22
 1557 01a9 34       		.uleb128 0x34
 1558 01aa 00       		.byte	0
 1559 01ab 03       		.uleb128 0x3
 1560 01ac 08       		.uleb128 0x8
 1561 01ad 3A       		.uleb128 0x3a
 1562 01ae 0B       		.uleb128 0xb
 1563 01af 3B       		.uleb128 0x3b
 1564 01b0 0B       		.uleb128 0xb
 1565 01b1 49       		.uleb128 0x49
 1566 01b2 13       		.uleb128 0x13
 1567 01b3 02       		.uleb128 0x2
 1568 01b4 17       		.uleb128 0x17
 1569 01b5 00       		.byte	0
 1570 01b6 00       		.byte	0
 1571 01b7 23       		.uleb128 0x23
 1572 01b8 21       		.uleb128 0x21
 1573 01b9 00       		.byte	0
 1574 01ba 49       		.uleb128 0x49
 1575 01bb 13       		.uleb128 0x13
 1576 01bc 2F       		.uleb128 0x2f
 1577 01bd 05       		.uleb128 0x5
 1578 01be 00       		.byte	0
 1579 01bf 00       		.byte	0
 1580 01c0 24       		.uleb128 0x24
 1581 01c1 34       		.uleb128 0x34
 1582 01c2 00       		.byte	0
 1583 01c3 03       		.uleb128 0x3
 1584 01c4 0E       		.uleb128 0xe
 1585 01c5 3A       		.uleb128 0x3a
 1586 01c6 0B       		.uleb128 0xb
 1587 01c7 3B       		.uleb128 0x3b
 1588 01c8 05       		.uleb128 0x5
ARM GAS  C:\Users\PC\AppData\Local\Temp\ccpnmFBX.s 			page 33


 1589 01c9 49       		.uleb128 0x49
 1590 01ca 13       		.uleb128 0x13
 1591 01cb 3F       		.uleb128 0x3f
 1592 01cc 19       		.uleb128 0x19
 1593 01cd 3C       		.uleb128 0x3c
 1594 01ce 19       		.uleb128 0x19
 1595 01cf 00       		.byte	0
 1596 01d0 00       		.byte	0
 1597 01d1 25       		.uleb128 0x25
 1598 01d2 35       		.uleb128 0x35
 1599 01d3 00       		.byte	0
 1600 01d4 49       		.uleb128 0x49
 1601 01d5 13       		.uleb128 0x13
 1602 01d6 00       		.byte	0
 1603 01d7 00       		.byte	0
 1604 01d8 26       		.uleb128 0x26
 1605 01d9 34       		.uleb128 0x34
 1606 01da 00       		.byte	0
 1607 01db 03       		.uleb128 0x3
 1608 01dc 0E       		.uleb128 0xe
 1609 01dd 3A       		.uleb128 0x3a
 1610 01de 0B       		.uleb128 0xb
 1611 01df 3B       		.uleb128 0x3b
 1612 01e0 0B       		.uleb128 0xb
 1613 01e1 49       		.uleb128 0x49
 1614 01e2 13       		.uleb128 0x13
 1615 01e3 3F       		.uleb128 0x3f
 1616 01e4 19       		.uleb128 0x19
 1617 01e5 3C       		.uleb128 0x3c
 1618 01e6 19       		.uleb128 0x19
 1619 01e7 00       		.byte	0
 1620 01e8 00       		.byte	0
 1621 01e9 27       		.uleb128 0x27
 1622 01ea 2E       		.uleb128 0x2e
 1623 01eb 00       		.byte	0
 1624 01ec 3F       		.uleb128 0x3f
 1625 01ed 19       		.uleb128 0x19
 1626 01ee 3C       		.uleb128 0x3c
 1627 01ef 19       		.uleb128 0x19
 1628 01f0 6E       		.uleb128 0x6e
 1629 01f1 0E       		.uleb128 0xe
 1630 01f2 03       		.uleb128 0x3
 1631 01f3 0E       		.uleb128 0xe
 1632 01f4 3A       		.uleb128 0x3a
 1633 01f5 0B       		.uleb128 0xb
 1634 01f6 3B       		.uleb128 0x3b
 1635 01f7 05       		.uleb128 0x5
 1636 01f8 00       		.byte	0
 1637 01f9 00       		.byte	0
 1638 01fa 28       		.uleb128 0x28
 1639 01fb 2E       		.uleb128 0x2e
 1640 01fc 00       		.byte	0
 1641 01fd 3F       		.uleb128 0x3f
 1642 01fe 19       		.uleb128 0x19
 1643 01ff 3C       		.uleb128 0x3c
 1644 0200 19       		.uleb128 0x19
 1645 0201 6E       		.uleb128 0x6e
ARM GAS  C:\Users\PC\AppData\Local\Temp\ccpnmFBX.s 			page 34


 1646 0202 0E       		.uleb128 0xe
 1647 0203 03       		.uleb128 0x3
 1648 0204 0E       		.uleb128 0xe
 1649 0205 3A       		.uleb128 0x3a
 1650 0206 0B       		.uleb128 0xb
 1651 0207 3B       		.uleb128 0x3b
 1652 0208 0B       		.uleb128 0xb
 1653 0209 00       		.byte	0
 1654 020a 00       		.byte	0
 1655 020b 00       		.byte	0
 1656              		.section	.debug_loc,"",%progbits
 1657              	.Ldebug_loc0:
 1658              	.LLST0:
 1659 0000 18000000 		.4byte	.LVL0
 1660 0004 1D000000 		.4byte	.LVL1-1
 1661 0008 0100     		.2byte	0x1
 1662 000a 50       		.byte	0x50
 1663 000b 00000000 		.4byte	0
 1664 000f 00000000 		.4byte	0
 1665              	.LLST1:
 1666 0013 00000000 		.4byte	.LVL8
 1667 0017 06000000 		.4byte	.LVL9
 1668 001b 0100     		.2byte	0x1
 1669 001d 50       		.byte	0x50
 1670 001e 06000000 		.4byte	.LVL9
 1671 0022 08000000 		.4byte	.LVL10
 1672 0026 0400     		.2byte	0x4
 1673 0028 F3       		.byte	0xf3
 1674 0029 01       		.uleb128 0x1
 1675 002a 50       		.byte	0x50
 1676 002b 9F       		.byte	0x9f
 1677 002c 08000000 		.4byte	.LVL10
 1678 0030 0C000000 		.4byte	.LVL11
 1679 0034 0100     		.2byte	0x1
 1680 0036 50       		.byte	0x50
 1681 0037 0C000000 		.4byte	.LVL11
 1682 003b 0E000000 		.4byte	.LFE126
 1683 003f 0400     		.2byte	0x4
 1684 0041 F3       		.byte	0xf3
 1685 0042 01       		.uleb128 0x1
 1686 0043 50       		.byte	0x50
 1687 0044 9F       		.byte	0x9f
 1688 0045 00000000 		.4byte	0
 1689 0049 00000000 		.4byte	0
 1690              	.LLST2:
 1691 004d 00000000 		.4byte	.LVL12
 1692 0051 04000000 		.4byte	.LVL13
 1693 0055 0200     		.2byte	0x2
 1694 0057 30       		.byte	0x30
 1695 0058 9F       		.byte	0x9f
 1696 0059 04000000 		.4byte	.LVL13
 1697 005d 18000000 		.4byte	.LFE127
 1698 0061 0100     		.2byte	0x1
 1699 0063 53       		.byte	0x53
 1700 0064 00000000 		.4byte	0
 1701 0068 00000000 		.4byte	0
 1702              		.section	.debug_aranges,"",%progbits
ARM GAS  C:\Users\PC\AppData\Local\Temp\ccpnmFBX.s 			page 35


 1703 0000 2C000000 		.4byte	0x2c
 1704 0004 0200     		.2byte	0x2
 1705 0006 00000000 		.4byte	.Ldebug_info0
 1706 000a 04       		.byte	0x4
 1707 000b 00       		.byte	0
 1708 000c 0000     		.2byte	0
 1709 000e 0000     		.2byte	0
 1710 0010 00000000 		.4byte	.LFB125
 1711 0014 70000000 		.4byte	.LFE125-.LFB125
 1712 0018 00000000 		.4byte	.LFB126
 1713 001c 0E000000 		.4byte	.LFE126-.LFB126
 1714 0020 00000000 		.4byte	.LFB127
 1715 0024 18000000 		.4byte	.LFE127-.LFB127
 1716 0028 00000000 		.4byte	0
 1717 002c 00000000 		.4byte	0
 1718              		.section	.debug_ranges,"",%progbits
 1719              	.Ldebug_ranges0:
 1720 0000 00000000 		.4byte	.LFB125
 1721 0004 70000000 		.4byte	.LFE125
 1722 0008 00000000 		.4byte	.LFB126
 1723 000c 0E000000 		.4byte	.LFE126
 1724 0010 00000000 		.4byte	.LFB127
 1725 0014 18000000 		.4byte	.LFE127
 1726 0018 00000000 		.4byte	0
 1727 001c 00000000 		.4byte	0
 1728              		.section	.debug_line,"",%progbits
 1729              	.Ldebug_line0:
 1730 0000 93020000 		.section	.debug_str,"MS",%progbits,1
 1730      02003C02 
 1730      00000201 
 1730      FB0E0D00 
 1730      01010101 
 1731              	.LASF39:
 1732 0000 70436F6C 		.ascii	"pColorConvAPI\000"
 1732      6F72436F 
 1732      6E764150 
 1732      4900
 1733              	.LASF75:
 1734 000e 4C43445F 		.ascii	"LCD_SetSizeEx\000"
 1734      53657453 
 1734      697A6545 
 1734      7800
 1735              	.LASF64:
 1736 001c 4C43445F 		.ascii	"LCD_CopyDisplayBuffer\000"
 1736      436F7079 
 1736      44697370 
 1736      6C617942 
 1736      75666665 
 1737              	.LASF63:
 1738 0032 4C43445F 		.ascii	"LCD_X_Config\000"
 1738      585F436F 
 1738      6E666967 
 1738      00
 1739              	.LASF58:
 1740 003f 4D697272 		.ascii	"Mirror\000"
 1740      6F7200
 1741              	.LASF74:
ARM GAS  C:\Users\PC\AppData\Local\Temp\ccpnmFBX.s 			page 36


 1742 0046 4C43445F 		.ascii	"LCD_GetSwapXY\000"
 1742      47657453 
 1742      77617058 
 1742      5900
 1743              	.LASF47:
 1744 0054 70664669 		.ascii	"pfFillRect\000"
 1744      6C6C5265 
 1744      637400
 1745              	.LASF67:
 1746 005f 5F61506C 		.ascii	"_aPlain_0\000"
 1746      61696E5F 
 1746      3000
 1747              	.LASF5:
 1748 0069 73686F72 		.ascii	"short int\000"
 1748      7420696E 
 1748      7400
 1749              	.LASF16:
 1750 0073 73697A65 		.ascii	"sizetype\000"
 1750      74797065 
 1750      00
 1751              	.LASF54:
 1752 007c 70664765 		.ascii	"pfGetDevData\000"
 1752      74446576 
 1752      44617461 
 1752      00
 1753              	.LASF46:
 1754 0089 70664472 		.ascii	"pfDrawVLine\000"
 1754      6177564C 
 1754      696E6500 
 1755              	.LASF78:
 1756 0095 474E5520 		.ascii	"GNU C11 5.4.1 20160609 (release) [ARM/embedded-5-br"
 1756      43313120 
 1756      352E342E 
 1756      31203230 
 1756      31363036 
 1757 00c8 616E6368 		.ascii	"anch revision 237715] -mcpu=cortex-m4 -mfloat-abi=s"
 1757      20726576 
 1757      6973696F 
 1757      6E203233 
 1757      37373135 
 1758 00fb 6F667466 		.ascii	"oftfp -mfpu=fpv4-sp-d16 -mthumb -g -Og -ffunction-s"
 1758      70202D6D 
 1758      6670753D 
 1758      66707634 
 1758      2D73702D 
 1759 012e 65637469 		.ascii	"ections -ffat-lto-objects\000"
 1759      6F6E7320 
 1759      2D666661 
 1759      742D6C74 
 1759      6F2D6F62 
 1760              	.LASF10:
 1761 0148 5F5F7569 		.ascii	"__uint32_t\000"
 1761      6E743332 
 1761      5F7400
 1762              	.LASF55:
 1763 0153 70664765 		.ascii	"pfGetRect\000"
 1763      74526563 
ARM GAS  C:\Users\PC\AppData\Local\Temp\ccpnmFBX.s 			page 37


 1763      7400
 1764              	.LASF38:
 1765 015d 70446576 		.ascii	"pDeviceAPI\000"
 1765      69636541 
 1765      504900
 1766              	.LASF42:
 1767 0168 4755495F 		.ascii	"GUI_DEVICE_API\000"
 1767      44455649 
 1767      43455F41 
 1767      504900
 1768              	.LASF21:
 1769 0177 4C43445F 		.ascii	"LCD_COLOR\000"
 1769      434F4C4F 
 1769      5200
 1770              	.LASF30:
 1771 0181 70664765 		.ascii	"pfGetIndexMask\000"
 1771      74496E64 
 1771      65784D61 
 1771      736B00
 1772              	.LASF13:
 1773 0190 75696E74 		.ascii	"uint8_t\000"
 1773      385F7400 
 1774              	.LASF20:
 1775 0198 75696E74 		.ascii	"uint8\000"
 1775      3800
 1776              	.LASF77:
 1777 019e 4C43445F 		.ascii	"LCD_SetVRAMAddrEx\000"
 1777      53657456 
 1777      52414D41 
 1777      64647245 
 1777      7800
 1778              	.LASF37:
 1779 01b0 70507265 		.ascii	"pPrev\000"
 1779      7600
 1780              	.LASF45:
 1781 01b6 70664472 		.ascii	"pfDrawHLine\000"
 1781      6177484C 
 1781      696E6500 
 1782              	.LASF40:
 1783 01c2 466C6167 		.ascii	"Flags\000"
 1783      7300
 1784              	.LASF18:
 1785 01c8 666C6F61 		.ascii	"float\000"
 1785      7400
 1786              	.LASF71:
 1787 01ce 47554944 		.ascii	"GUIDRV_BitPlains_API\000"
 1787      52565F42 
 1787      6974506C 
 1787      61696E73 
 1787      5F415049 
 1788              	.LASF41:
 1789 01e3 4C617965 		.ascii	"LayerIndex\000"
 1789      72496E64 
 1789      657800
 1790              	.LASF1:
 1791 01ee 6C6F6E67 		.ascii	"long long int\000"
 1791      206C6F6E 
ARM GAS  C:\Users\PC\AppData\Local\Temp\ccpnmFBX.s 			page 38


 1791      6720696E 
 1791      7400
 1792              	.LASF36:
 1793 01fc 704E6578 		.ascii	"pNext\000"
 1793      7400
 1794              	.LASF25:
 1795 0202 744C4344 		.ascii	"tLCDDEV_GetIndexMask\000"
 1795      4445565F 
 1795      47657449 
 1795      6E646578 
 1795      4D61736B 
 1796              	.LASF9:
 1797 0217 6C6F6E67 		.ascii	"long int\000"
 1797      20696E74 
 1797      00
 1798              	.LASF48:
 1799 0220 70664765 		.ascii	"pfGetPixelIndex\000"
 1799      74506978 
 1799      656C496E 
 1799      64657800 
 1800              	.LASF34:
 1801 0230 4C43445F 		.ascii	"LCD_API_COLOR_CONV\000"
 1801      4150495F 
 1801      434F4C4F 
 1801      525F434F 
 1801      4E5600
 1802              	.LASF60:
 1803 0243 61705652 		.ascii	"apVRAM\000"
 1803      414D00
 1804              	.LASF72:
 1805 024a 4755495F 		.ascii	"GUI_DEVICE_CreateAndLink\000"
 1805      44455649 
 1805      43455F43 
 1805      72656174 
 1805      65416E64 
 1806              	.LASF32:
 1807 0263 7066436F 		.ascii	"pfColor2IndexBulk\000"
 1807      6C6F7232 
 1807      496E6465 
 1807      7842756C 
 1807      6B00
 1808              	.LASF7:
 1809 0275 5F5F7569 		.ascii	"__uint8_t\000"
 1809      6E74385F 
 1809      7400
 1810              	.LASF62:
 1811 027f 436F6E66 		.ascii	"Config\000"
 1811      696700
 1812              	.LASF4:
 1813 0286 756E7369 		.ascii	"unsigned char\000"
 1813      676E6564 
 1813      20636861 
 1813      7200
 1814              	.LASF56:
 1815 0294 68436F6E 		.ascii	"hContext\000"
 1815      74657874 
 1815      00
ARM GAS  C:\Users\PC\AppData\Local\Temp\ccpnmFBX.s 			page 39


 1816              	.LASF2:
 1817 029d 6C6F6E67 		.ascii	"long double\000"
 1817      20646F75 
 1817      626C6500 
 1818              	.LASF79:
 1819 02a9 4C434443 		.ascii	"LCDConf.c\000"
 1819      6F6E662E 
 1819      6300
 1820              	.LASF22:
 1821 02b3 4C43445F 		.ascii	"LCD_RECT\000"
 1821      52454354 
 1821      00
 1822              	.LASF3:
 1823 02bc 7369676E 		.ascii	"signed char\000"
 1823      65642063 
 1823      68617200 
 1824              	.LASF12:
 1825 02c8 6C6F6E67 		.ascii	"long long unsigned int\000"
 1825      206C6F6E 
 1825      6720756E 
 1825      7369676E 
 1825      65642069 
 1826              	.LASF15:
 1827 02df 75696E74 		.ascii	"uint32_t\000"
 1827      33325F74 
 1827      00
 1828              	.LASF31:
 1829 02e8 4E6F416C 		.ascii	"NoAlpha\000"
 1829      70686100 
 1830              	.LASF29:
 1831 02f0 7066496E 		.ascii	"pfIndex2Color\000"
 1831      64657832 
 1831      436F6C6F 
 1831      7200
 1832              	.LASF0:
 1833 02fe 756E7369 		.ascii	"unsigned int\000"
 1833      676E6564 
 1833      20696E74 
 1833      00
 1834              	.LASF49:
 1835 030b 70665365 		.ascii	"pfSetPixelIndex\000"
 1835      74506978 
 1835      656C496E 
 1835      64657800 
 1836              	.LASF59:
 1837 031b 434F4E46 		.ascii	"CONFIG_BITPLAINS\000"
 1837      49475F42 
 1837      4954504C 
 1837      41494E53 
 1837      00
 1838              	.LASF80:
 1839 032c 433A5C55 		.ascii	"C:\\Users\\PC\\Desktop\\WorkspaceLab10.cydsn\\Blank"
 1839      73657273 
 1839      5C50435C 
 1839      4465736B 
 1839      746F705C 
 1840 035a 2D323032 		.ascii	"-20240329T070651Z-001\\Blank\\Psoc6E-INK DISPLAY.cy"
ARM GAS  C:\Users\PC\AppData\Local\Temp\ccpnmFBX.s 			page 40


 1840      34303332 
 1840      39543037 
 1840      30363531 
 1840      5A2D3030 
 1841 038b 64736E00 		.ascii	"dsn\000"
 1842              	.LASF28:
 1843 038f 7066436F 		.ascii	"pfColor2Index\000"
 1843      6C6F7232 
 1843      496E6465 
 1843      7800
 1844              	.LASF17:
 1845 039d 63686172 		.ascii	"char\000"
 1845      00
 1846              	.LASF76:
 1847 03a2 4C43445F 		.ascii	"LCD_SetVSizeEx\000"
 1847      53657456 
 1847      53697A65 
 1847      457800
 1848              	.LASF43:
 1849 03b1 44657669 		.ascii	"DeviceClassIndex\000"
 1849      6365436C 
 1849      61737349 
 1849      6E646578 
 1849      00
 1850              	.LASF14:
 1851 03c2 696E7433 		.ascii	"int32_t\000"
 1851      325F7400 
 1852              	.LASF35:
 1853 03ca 4755495F 		.ascii	"GUI_DEVICE\000"
 1853      44455649 
 1853      434500
 1854              	.LASF6:
 1855 03d5 73686F72 		.ascii	"short unsigned int\000"
 1855      7420756E 
 1855      7369676E 
 1855      65642069 
 1855      6E7400
 1856              	.LASF73:
 1857 03e8 47554944 		.ascii	"GUIDRV_BitPlains_Config\000"
 1857      52565F42 
 1857      6974506C 
 1857      61696E73 
 1857      5F436F6E 
 1858              	.LASF57:
 1859 0400 70436F6E 		.ascii	"pContext\000"
 1859      74657874 
 1859      00
 1860              	.LASF44:
 1861 0409 70664472 		.ascii	"pfDrawBitmap\000"
 1861      61774269 
 1861      746D6170 
 1861      00
 1862              	.LASF52:
 1863 0416 70664765 		.ascii	"pfGetDevFunc\000"
 1863      74446576 
 1863      46756E63 
 1863      00
ARM GAS  C:\Users\PC\AppData\Local\Temp\ccpnmFBX.s 			page 41


 1864              	.LASF68:
 1865 0423 5F565241 		.ascii	"_VRAM_Desc\000"
 1865      4D5F4465 
 1865      736300
 1866              	.LASF11:
 1867 042e 6C6F6E67 		.ascii	"long unsigned int\000"
 1867      20756E73 
 1867      69676E65 
 1867      6420696E 
 1867      7400
 1868              	.LASF65:
 1869 0440 64657374 		.ascii	"destination\000"
 1869      696E6174 
 1869      696F6E00 
 1870              	.LASF19:
 1871 044c 646F7562 		.ascii	"double\000"
 1871      6C6500
 1872              	.LASF33:
 1873 0453 7066496E 		.ascii	"pfIndex2ColorBulk\000"
 1873      64657832 
 1873      436F6C6F 
 1873      7242756C 
 1873      6B00
 1874              	.LASF66:
 1875 0465 636F756E 		.ascii	"count\000"
 1875      7400
 1876              	.LASF8:
 1877 046b 5F5F696E 		.ascii	"__int32_t\000"
 1877      7433325F 
 1877      7400
 1878              	.LASF50:
 1879 0475 7066586F 		.ascii	"pfXorPixel\000"
 1879      72506978 
 1879      656C00
 1880              	.LASF51:
 1881 0480 70665365 		.ascii	"pfSetOrg\000"
 1881      744F7267 
 1881      00
 1882              	.LASF27:
 1883 0489 744C4344 		.ascii	"tLCDDEV_Color2IndexBulk\000"
 1883      4445565F 
 1883      436F6C6F 
 1883      7232496E 
 1883      64657842 
 1884              	.LASF81:
 1885 04a1 4C43445F 		.ascii	"LCD_X_DisplayDriver\000"
 1885      585F4469 
 1885      73706C61 
 1885      79447269 
 1885      76657200 
 1886              	.LASF26:
 1887 04b5 744C4344 		.ascii	"tLCDDEV_Index2ColorBulk\000"
 1887      4445565F 
 1887      496E6465 
 1887      7832436F 
 1887      6C6F7242 
 1888              	.LASF70:
ARM GAS  C:\Users\PC\AppData\Local\Temp\ccpnmFBX.s 			page 42


 1889 04cd 4C43445F 		.ascii	"LCD_API_ColorConv_1\000"
 1889      4150495F 
 1889      436F6C6F 
 1889      72436F6E 
 1889      765F3100 
 1890              	.LASF23:
 1891 04e1 744C4344 		.ascii	"tLCDDEV_Index2Color\000"
 1891      4445565F 
 1891      496E6465 
 1891      7832436F 
 1891      6C6F7200 
 1892              	.LASF69:
 1893 04f5 49544D5F 		.ascii	"ITM_RxBuffer\000"
 1893      52784275 
 1893      66666572 
 1893      00
 1894              	.LASF61:
 1895 0502 70446576 		.ascii	"pDevice\000"
 1895      69636500 
 1896              	.LASF53:
 1897 050a 70664765 		.ascii	"pfGetDevProp\000"
 1897      74446576 
 1897      50726F70 
 1897      00
 1898              	.LASF24:
 1899 0517 744C4344 		.ascii	"tLCDDEV_Color2Index\000"
 1899      4445565F 
 1899      436F6C6F 
 1899      7232496E 
 1899      64657800 
 1900              		.ident	"GCC: (GNU Tools for ARM Embedded Processors) 5.4.1 20160609 (release) [ARM/embedded-5-bran
