Loading plugins phase: Elapsed time ==> 0s.199ms
<CYPRESSTAG name="CyDsfit arguments...">
cydsfit arguments: -.fdsnotice -.fdswarpdepfile=warp_dependencies.txt -.fdselabdepfile=elab_dependencies.txt -.fdsbldfile=generated_files.txt -.fdsreffile=referenced_files.txt -p C:\Users\PC\Desktop\WorkspaceLab10.cydsn\Blank-20240329T070651Z-001\Blank\Psoc6E-INK DISPLAY.cydsn\Psoc6E-INK DISPLAY.cyprj -d CY8C6347BZI-BLD53 -s C:\Users\PC\Desktop\WorkspaceLab10.cydsn\Blank-20240329T070651Z-001\Blank\Psoc6E-INK DISPLAY.cydsn\Generated_Source\PSoC6 -- -yv2 -q10 -ygs -o2 -v3 -.fftcfgtype=LE
</CYPRESSTAG>
<CYPRESSTAG name="Design elaboration results...">
</CYPRESSTAG>
Elaboration phase: Elapsed time ==> 2s.929ms
<CYPRESSTAG name="HDL generation results...">
</CYPRESSTAG>
HDL generation phase: Elapsed time ==> 0s.168ms
<CYPRESSTAG name="Synthesis results...">

     | | | | | | |
   _________________
  -|               |-
  -|               |-
  -|               |-
  -|    CYPRESS    |-
  -|               |-
  -|               |-   Warp Verilog Synthesis Compiler: Version 6.3 IR 41
  -|               |-   Copyright (C) 1991-2001 Cypress Semiconductor
   |_______________|
     | | | | | | |

======================================================================
Compiling:  Psoc6E-INK DISPLAY.v
Program  :   C:\Program Files (x86)\Cypress\PSoC Creator\4.4\PSoC Creator\warp\bin\warp.exe
Options  :    -yv2 -q10 -ygs -o2 -v3 -.fftcfgtype=LE -ya -.fftprj=C:\Users\PC\Desktop\WorkspaceLab10.cydsn\Blank-20240329T070651Z-001\Blank\Psoc6E-INK DISPLAY.cydsn\Psoc6E-INK DISPLAY.cyprj -dcpsoc3 Psoc6E-INK DISPLAY.v -verilog
======================================================================

======================================================================
Compiling:  Psoc6E-INK DISPLAY.v
Program  :   C:\Program Files (x86)\Cypress\PSoC Creator\4.4\PSoC Creator\warp\bin\warp.exe
Options  :    -yv2 -q10 -ygs -o2 -v3 -.fftcfgtype=LE -ya -.fftprj=C:\Users\PC\Desktop\WorkspaceLab10.cydsn\Blank-20240329T070651Z-001\Blank\Psoc6E-INK DISPLAY.cydsn\Psoc6E-INK DISPLAY.cyprj -dcpsoc3 Psoc6E-INK DISPLAY.v -verilog
======================================================================

======================================================================
Compiling:  Psoc6E-INK DISPLAY.v
Program  :   vlogfe
Options  :    -yv2 -q10 -ygs -o2 -v3 -.fftcfgtype=LE -ya -.fftprj=C:\Users\PC\Desktop\WorkspaceLab10.cydsn\Blank-20240329T070651Z-001\Blank\Psoc6E-INK DISPLAY.cydsn\Psoc6E-INK DISPLAY.cyprj -dcpsoc3 -verilog Psoc6E-INK DISPLAY.v
======================================================================

vlogfe V6.3 IR 41:  Verilog parser
Sun May 04 20:27:06 2025


======================================================================
Compiling:  Psoc6E-INK DISPLAY.v
Program  :   vpp
Options  :    -yv2 -q10 Psoc6E-INK DISPLAY.v
======================================================================

vpp V6.3 IR 41:  Verilog Pre-Processor
Sun May 04 20:27:06 2025

Flattening file 'C:\Program Files (x86)\Cypress\PSoC Creator\4.4\PSoC Creator\psoc\content\CyPrimitives\cyprimitives.cylib\cy_virtualmux_v1_0\cy_virtualmux_v1_0.v'
Flattening file 'C:\Program Files (x86)\Cypress\PSoC Creator\4.4\PSoC Creator\psoc\content\CyPrimitives\cyprimitives.cylib\ZeroTerminal\ZeroTerminal.v'
Flattening file 'C:\Program Files (x86)\Cypress\PSoC Creator\4.4\PSoC Creator\psoc\content\CyPrimitives\cyprimitives.cylib\or_v1_0\or_v1_0.v'

vpp:  No errors.

Library 'work' => directory 'lcpsoc3'
General_symbol_table
General_symbol_table
Linking 'C:\Program Files (x86)\Cypress\PSoC Creator\4.4\PSoC Creator\warp\lib\common\std.vhd'.
Linking 'C:\Program Files (x86)\Cypress\PSoC Creator\4.4\PSoC Creator\warp\lib\common\cypress.vhd'.
Linking 'C:\Program Files (x86)\Cypress\PSoC Creator\4.4\PSoC Creator\warp\lib\common\work\cypress.vif'.
Linking 'C:\Program Files (x86)\Cypress\PSoC Creator\4.4\PSoC Creator\warp\lib\ieee\work\stdlogic.vif'.
Linking 'C:\Program Files (x86)\Cypress\PSoC Creator\4.4\PSoC Creator\warp\lib\common\stdlogic\lpmpkg.vif'.
Linking 'C:\Program Files (x86)\Cypress\PSoC Creator\4.4\PSoC Creator\warp\lib\common\stdlogic\rtlpkg.vif'.
Linking 'C:\Program Files (x86)\Cypress\PSoC Creator\4.4\PSoC Creator\warp\lib\common\stdlogic\mod_cnst.vif'.
Linking 'C:\Program Files (x86)\Cypress\PSoC Creator\4.4\PSoC Creator\warp\lib\common\stdlogic\mod_mthv.vif'.
Linking 'C:\Program Files (x86)\Cypress\PSoC Creator\4.4\PSoC Creator\warp\lib\common\stdlogic\mod_genv.vif'.
Using control file 'Psoc6E-INK DISPLAY.ctl'.

vlogfe:  No errors.


======================================================================
Compiling:  Psoc6E-INK DISPLAY.v
Program  :   tovif
Options  :    -yv2 -q10 -ygs -o2 -v3 -.fftcfgtype=LE -ya -.fftprj=C:\Users\PC\Desktop\WorkspaceLab10.cydsn\Blank-20240329T070651Z-001\Blank\Psoc6E-INK DISPLAY.cydsn\Psoc6E-INK DISPLAY.cyprj -dcpsoc3 -verilog Psoc6E-INK DISPLAY.v
======================================================================

tovif V6.3 IR 41:  High-level synthesis
Sun May 04 20:27:06 2025

Linking 'C:\Program Files (x86)\Cypress\PSoC Creator\4.4\PSoC Creator\warp\lib\common\std.vhd'.
Linking 'C:\Program Files (x86)\Cypress\PSoC Creator\4.4\PSoC Creator\warp\lib\common\cypress.vhd'.
Linking 'C:\Program Files (x86)\Cypress\PSoC Creator\4.4\PSoC Creator\warp\lib\common\work\cypress.vif'.
Linking 'C:\Program Files (x86)\Cypress\PSoC Creator\4.4\PSoC Creator\warp\lib\ieee\work\stdlogic.vif'.
Linking 'C:\Program Files (x86)\Cypress\PSoC Creator\4.4\PSoC Creator\warp\lib\common\stdlogic\lpmpkg.vif'.
Linking 'C:\Program Files (x86)\Cypress\PSoC Creator\4.4\PSoC Creator\warp\lib\common\stdlogic\rtlpkg.vif'.
Linking 'C:\Program Files (x86)\Cypress\PSoC Creator\4.4\PSoC Creator\warp\lib\common\stdlogic\mod_cnst.vif'.
Linking 'C:\Program Files (x86)\Cypress\PSoC Creator\4.4\PSoC Creator\warp\lib\common\stdlogic\mod_mthv.vif'.
Linking 'C:\Program Files (x86)\Cypress\PSoC Creator\4.4\PSoC Creator\warp\lib\common\stdlogic\mod_genv.vif'.
Linking 'C:\Users\PC\Desktop\WorkspaceLab10.cydsn\Blank-20240329T070651Z-001\Blank\Psoc6E-INK DISPLAY.cydsn\codegentemp\Psoc6E-INK DISPLAY.ctl'.
Linking 'C:\Program Files (x86)\Cypress\PSoC Creator\4.4\PSoC Creator\psoc\content\CyPrimitives\cyprimitives.cylib\cy_virtualmux_v1_0\cy_virtualmux_v1_0.v'.
Linking 'C:\Users\PC\Desktop\WorkspaceLab10.cydsn\Blank-20240329T070651Z-001\Blank\Psoc6E-INK DISPLAY.cydsn\codegentemp\Psoc6E-INK DISPLAY.v'.
Linking 'C:\Program Files (x86)\Cypress\PSoC Creator\4.4\PSoC Creator\psoc\content\CyPrimitives\cyprimitives.cylib\ZeroTerminal\ZeroTerminal.v'.
Linking 'C:\Program Files (x86)\Cypress\PSoC Creator\4.4\PSoC Creator\psoc\content\CyPrimitives\cyprimitives.cylib\or_v1_0\or_v1_0.v'.

tovif:  No errors.


======================================================================
Compiling:  Psoc6E-INK DISPLAY.v
Program  :   topld
Options  :    -yv2 -q10 -ygs -o2 -v3 -.fftcfgtype=LE -ya -.fftprj=C:\Users\PC\Desktop\WorkspaceLab10.cydsn\Blank-20240329T070651Z-001\Blank\Psoc6E-INK DISPLAY.cydsn\Psoc6E-INK DISPLAY.cyprj -dcpsoc3 -verilog Psoc6E-INK DISPLAY.v
======================================================================

topld V6.3 IR 41:  Synthesis and optimization
Sun May 04 20:27:07 2025

Linking 'C:\Program Files (x86)\Cypress\PSoC Creator\4.4\PSoC Creator\warp\lib\common\std.vhd'.
Linking 'C:\Program Files (x86)\Cypress\PSoC Creator\4.4\PSoC Creator\warp\lib\common\cypress.vhd'.
Linking 'C:\Program Files (x86)\Cypress\PSoC Creator\4.4\PSoC Creator\warp\lib\common\work\cypress.vif'.
Linking 'C:\Program Files (x86)\Cypress\PSoC Creator\4.4\PSoC Creator\warp\lib\ieee\work\stdlogic.vif'.
Linking 'C:\Program Files (x86)\Cypress\PSoC Creator\4.4\PSoC Creator\warp\lib\common\stdlogic\lpmpkg.vif'.
Linking 'C:\Program Files (x86)\Cypress\PSoC Creator\4.4\PSoC Creator\warp\lib\common\stdlogic\rtlpkg.vif'.
Linking 'C:\Program Files (x86)\Cypress\PSoC Creator\4.4\PSoC Creator\warp\lib\common\stdlogic\mod_cnst.vif'.
Linking 'C:\Program Files (x86)\Cypress\PSoC Creator\4.4\PSoC Creator\warp\lib\common\stdlogic\mod_mthv.vif'.
Linking 'C:\Program Files (x86)\Cypress\PSoC Creator\4.4\PSoC Creator\warp\lib\common\stdlogic\mod_genv.vif'.
Linking 'C:\Users\PC\Desktop\WorkspaceLab10.cydsn\Blank-20240329T070651Z-001\Blank\Psoc6E-INK DISPLAY.cydsn\codegentemp\Psoc6E-INK DISPLAY.ctl'.
Linking 'C:\Program Files (x86)\Cypress\PSoC Creator\4.4\PSoC Creator\psoc\content\CyPrimitives\cyprimitives.cylib\cy_virtualmux_v1_0\cy_virtualmux_v1_0.v'.
Linking 'C:\Users\PC\Desktop\WorkspaceLab10.cydsn\Blank-20240329T070651Z-001\Blank\Psoc6E-INK DISPLAY.cydsn\codegentemp\Psoc6E-INK DISPLAY.v'.
Linking 'C:\Program Files (x86)\Cypress\PSoC Creator\4.4\PSoC Creator\psoc\content\CyPrimitives\cyprimitives.cylib\ZeroTerminal\ZeroTerminal.v'.
Linking 'C:\Program Files (x86)\Cypress\PSoC Creator\4.4\PSoC Creator\psoc\content\CyPrimitives\cyprimitives.cylib\or_v1_0\or_v1_0.v'.
Linking 'C:\Program Files (x86)\Cypress\PSoC Creator\4.4\PSoC Creator\warp\lib\lcpsoc3\stdlogic\cpsoc3.vif'.

----------------------------------------------------------
Detecting unused logic.
----------------------------------------------------------
    User names
	\CY_EINK_SPIM:Net_28\
	\CY_EINK_SPIM:Net_29\
	Net_206
	Net_208
	Net_209
	Net_210
	Net_211
	Net_212
	Net_213
	Net_215


Deleted 10 User equations/components.
Deleted 0 Synthesized equations/components.

------------------------------------------------------
Alias Detection
------------------------------------------------------
Aliasing \CY_EINK_SPIM:sclk_s_wire\ to zero
Aliasing \CY_EINK_SPIM:select_s_wire\ to zero
Aliasing \CY_EINK_SPIM:mosi_s_wire\ to zero
Aliasing \CY_EINK_Timer:capture\ to zero
Aliasing \CY_EINK_Timer:count\ to one
Aliasing \CY_EINK_Timer:reload\ to zero
Aliasing \CY_EINK_Timer:stop\ to zero
Aliasing \CY_EINK_Timer:start\ to zero
Removing Lhs of wire \CY_EINK_SPIM:clock_wire\[18] = \CY_EINK_SPIM:Net_847\[1]
Removing Lhs of wire \CY_EINK_SPIM:sclk_s_wire\[27] = zero[14]
Removing Lhs of wire \CY_EINK_SPIM:select_s_wire\[32] = zero[14]
Removing Lhs of wire \CY_EINK_SPIM:miso_m_wire\[33] = \CY_EINK_SPIM:Net_216\[15]
Removing Lhs of wire \CY_EINK_SPIM:mosi_s_wire\[34] = zero[14]
Removing Lhs of wire \CY_EINK_Timer:capture\[79] = zero[14]
Removing Lhs of wire \CY_EINK_Timer:count\[80] = one[3]
Removing Lhs of wire \CY_EINK_Timer:reload\[81] = zero[14]
Removing Lhs of wire \CY_EINK_Timer:stop\[82] = zero[14]
Removing Lhs of wire \CY_EINK_Timer:start\[83] = zero[14]

------------------------------------------------------
Aliased 0 equations, 10 wires.
------------------------------------------------------

----------------------------------------------------------
Circuit simplification
----------------------------------------------------------

Substituting virtuals - pass 1:


----------------------------------------------------------
Circuit simplification results:

	Expanded 0 signals.
	Turned 0 signals into soft nodes.
	Maximum default expansion cost was set at 3.
----------------------------------------------------------

topld:  No errors.

CYPRESS_DIR    : C:\Program Files (x86)\Cypress\PSoC Creator\4.4\PSoC Creator\warp
Warp Program   : C:\Program Files (x86)\Cypress\PSoC Creator\4.4\PSoC Creator\warp\bin\warp.exe
Warp Arguments : -yv2 -q10 -ygs -o2 -v3 -.fftcfgtype=LE -ya "-.fftprj=C:\Users\PC\Desktop\WorkspaceLab10.cydsn\Blank-20240329T070651Z-001\Blank\Psoc6E-INK DISPLAY.cydsn\Psoc6E-INK DISPLAY.cyprj" -dcpsoc3 "Psoc6E-INK DISPLAY.v" -verilog
</CYPRESSTAG>
Warp synthesis phase: Elapsed time ==> 2s.331ms
<CYPRESSTAG name="Fitter results...">
<CYPRESSTAG name="Fitter startup details...">
cyp3fit: V4.4.0.80, Family: PSoC3, Started at: Sunday, 04 May 2025 20:27:08
Options: -yv2 -q10 -ygs -o2 -v3 -.fftcfgtype=LE -ya -.fftprj=C:\Users\PC\Desktop\WorkspaceLab10.cydsn\Blank-20240329T070651Z-001\Blank\Psoc6E-INK DISPLAY.cydsn\Psoc6E-INK DISPLAY.cyprj -d CY8C6347BZI-BLD53 Psoc6E-INK DISPLAY.v -verilog
</CYPRESSTAG>
<CYPRESSTAG name="Design parsing">
Design parsing phase: Elapsed time ==> 1s.296ms
</CYPRESSTAG>
<CYPRESSTAG name="Tech Mapping">
<CYPRESSTAG name="Initial Mapping" icon="FILE_RPT_TECHM">

Removing unused cells resulting from optimization
Done removing unused cells.
<CYPRESSTAG name="Global Clock Selection" icon="FILE_RPT_TECHM">
    Fixed Function Clock 0: Automatic-assigning  clock 'CY_EINK_SPIM_SCBCLK'. Signal=\CY_EINK_SPIM:Net_847_ff0\
    Fixed Function Clock 11: Automatic-assigning  clock 'EINK_Clock'. Signal=Net_221_ff11
<CYPRESSTAG name="UDB Clock/Enable Remapping Results">
</CYPRESSTAG>
</CYPRESSTAG>
Warning: pft.M0127: When a BLE component is configured for DeepSleep, either the WCO or the PILO must be enabled and selected as the source of LFCLK. (App=cydsfit)
Info: plm.M0038: The pin named CY_CPUSS_SWJ_SWCLK_TCLK(0) at location P6[7] prevents usage of special purposes: TCPWM[3].line_compl. (App=cydsfit)
Info: plm.M0038: The pin named CY_CPUSS_SWJ_SWCLK_TCLK(0) at location P6[7] prevents usage of special purposes: TCPWM[19].line_compl. (App=cydsfit)
Info: plm.M0038: The pin named CY_CPUSS_SWJ_SWCLK_TCLK(0) at location P6[7] prevents usage of special purposes: SCB[6].uart_cts. (App=cydsfit)
Info: plm.M0038: The pin named CY_CPUSS_SWJ_SWCLK_TCLK(0) at location P6[7] prevents usage of special purposes: SCB[6].spi_select[0]. (App=cydsfit)
Info: plm.M0038: The pin named CY_CPUSS_SWJ_SWCLK_TCLK(0) at location P6[7] prevents usage of special purposes: SCB[8].spi_select[0]. (App=cydsfit)
Info: plm.M0038: The pin named CY_CPUSS_SWJ_SWDIO_TMS(0) at location P6[6] prevents usage of special purposes: TCPWM[3].line. (App=cydsfit)
Info: plm.M0038: The pin named CY_CPUSS_SWJ_SWDIO_TMS(0) at location P6[6] prevents usage of special purposes: TCPWM[19].line. (App=cydsfit)
Info: plm.M0038: The pin named CY_CPUSS_SWJ_SWDIO_TMS(0) at location P6[6] prevents usage of special purposes: SCB[6].uart_rts. (App=cydsfit)
Info: plm.M0038: The pin named CY_CPUSS_SWJ_SWDIO_TMS(0) at location P6[6] prevents usage of special purposes: SCB[6].spi_clk. (App=cydsfit)
Info: plm.M0038: The pin named CY_CPUSS_SWJ_SWDIO_TMS(0) at location P6[6] prevents usage of special purposes: SCB[8].spi_clk. (App=cydsfit)

Removing unused cells resulting from optimization
Done removing unused cells.
<CYPRESSTAG name="Duplicate Macrocell detection">
</CYPRESSTAG>
</CYPRESSTAG>
<CYPRESSTAG name="Duplicate Macrocell detection">
</CYPRESSTAG>
<CYPRESSTAG name="Design Equations" icon="FILE_RPT_EQUATION">

------------------------------------------------------------
Design Equations
------------------------------------------------------------
    <CYPRESSTAG name="Pin listing">

    ------------------------------------------------------------
    Pin listing
    ------------------------------------------------------------

    Pin : Name = CY_CPUSS_SWJ_SWCLK_TCLK(0)
        Attributes:
            In Group/Port: True
            In Sync Option: AUTO
            Out Sync Option: AUTO
            Interrupt generated: False
            Interrupt mode: NONE
            Drive mode: RES_PULL_DOWN
            VTrip: CMOS
            Slew: FAST
            Input Sync needed: False
            Output Sync needed: False
            SC shield enabled: False
            POR State: INP_DIS_HI_Z
            LCD Mode: COMMON
            Register Mode: RegComb
            CaSense Mode: NEITHER
            Treat as pin: True
            Is OE Registered: False
            Uses Analog: False
            Can contain Digital: True
            Is SIO: False
            SIO Output Buf: NONREGULATED
            SIO Input Buf: SINGLE_ENDED
            SIO HiFreq: LOW
            SIO Hyst: DISABLED
            SIO Vtrip: MULTIPLIER_0_5
            SIO Multiplier Index: 0
            SIO RefSel: VCC_IO
            Required Capabilities: DIGITAL
            Initial Value: 0
            IO Voltage: 0
        PORT MAP (
            pa_out => CY_CPUSS_SWJ_SWCLK_TCLK(0)__PA ,
            fb => CPUSS_swj_swclk_tclk );

    Pin : Name = CY_CPUSS_SWJ_SWDIO_TMS(0)
        Attributes:
            In Group/Port: True
            In Sync Option: AUTO
            Out Sync Option: AUTO
            Interrupt generated: False
            Interrupt mode: NONE
            Drive mode: RES_PULL_UP
            VTrip: CMOS
            Slew: FAST
            Input Sync needed: False
            Output Sync needed: False
            SC shield enabled: False
            POR State: INP_DIS_HI_Z
            LCD Mode: COMMON
            Register Mode: RegComb
            CaSense Mode: NEITHER
            Treat as pin: True
            Is OE Registered: False
            Uses Analog: False
            Can contain Digital: True
            Is SIO: False
            SIO Output Buf: NONREGULATED
            SIO Input Buf: SINGLE_ENDED
            SIO HiFreq: LOW
            SIO Hyst: DISABLED
            SIO Vtrip: MULTIPLIER_0_5
            SIO Multiplier Index: 0
            SIO RefSel: VCC_IO
            Required Capabilities: DIGITAL
            Initial Value: 0
            IO Voltage: 0
        PORT MAP (
            pa_out => CY_CPUSS_SWJ_SWDIO_TMS(0)__PA ,
            fb => CPUSS_swj_swdio_tms );

    Pin : Name = \CY_EINK_SPIM:sclk_m(0)\
        Attributes:
            In Group/Port: True
            In Sync Option: AUTO
            Out Sync Option: NOSYNC
            Interrupt generated: False
            Interrupt mode: NONE
            Drive mode: CMOS_OUT
            VTrip: CMOS
            Slew: FAST
            Input Sync needed: False
            Output Sync needed: False
            SC shield enabled: False
            POR State: INP_DIS_HI_Z
            LCD Mode: COMMON
            Register Mode: RegComb
            CaSense Mode: NEITHER
            Treat as pin: True
            Is OE Registered: False
            Uses Analog: False
            Can contain Digital: True
            Is SIO: False
            SIO Output Buf: NONREGULATED
            SIO Input Buf: SINGLE_ENDED
            SIO HiFreq: LOW
            SIO Hyst: DISABLED
            SIO Vtrip: MULTIPLIER_0_5
            SIO Multiplier Index: 0
            SIO RefSel: VCC_IO
            Required Capabilities: DIGITAL
            Initial Value: 1
            IO Voltage: 0
        PORT MAP (
            pa_out => \CY_EINK_SPIM:sclk_m(0)\__PA ,
            pin_input => \CY_EINK_SPIM:sclk_m_wire\ ,
            pad => \CY_EINK_SPIM:sclk_m(0)_PAD\ );
        Properties:
        {
        }

    Pin : Name = \CY_EINK_SPIM:mosi_m(0)\
        Attributes:
            In Group/Port: True
            In Sync Option: AUTO
            Out Sync Option: NOSYNC
            Interrupt generated: False
            Interrupt mode: NONE
            Drive mode: CMOS_OUT
            VTrip: CMOS
            Slew: FAST
            Input Sync needed: False
            Output Sync needed: False
            SC shield enabled: False
            POR State: INP_DIS_HI_Z
            LCD Mode: COMMON
            Register Mode: RegComb
            CaSense Mode: NEITHER
            Treat as pin: True
            Is OE Registered: False
            Uses Analog: False
            Can contain Digital: True
            Is SIO: False
            SIO Output Buf: NONREGULATED
            SIO Input Buf: SINGLE_ENDED
            SIO HiFreq: LOW
            SIO Hyst: DISABLED
            SIO Vtrip: MULTIPLIER_0_5
            SIO Multiplier Index: 0
            SIO RefSel: VCC_IO
            Required Capabilities: DIGITAL
            Initial Value: 1
            IO Voltage: 0
        PORT MAP (
            pa_out => \CY_EINK_SPIM:mosi_m(0)\__PA ,
            pin_input => \CY_EINK_SPIM:mosi_m_wire\ ,
            pad => \CY_EINK_SPIM:mosi_m(0)_PAD\ );
        Properties:
        {
        }

    Pin : Name = \CY_EINK_SPIM:miso_m(0)\
        Attributes:
            In Group/Port: True
            In Sync Option: NOSYNC
            Out Sync Option: AUTO
            Interrupt generated: False
            Interrupt mode: NONE
            Drive mode: HI_Z_ANALOG
            VTrip: CMOS
            Slew: FAST
            Input Sync needed: False
            Output Sync needed: False
            SC shield enabled: False
            POR State: INP_DIS_HI_Z
            LCD Mode: COMMON
            Register Mode: RegComb
            CaSense Mode: NEITHER
            Treat as pin: True
            Is OE Registered: False
            Uses Analog: False
            Can contain Digital: True
            Is SIO: False
            SIO Output Buf: NONREGULATED
            SIO Input Buf: SINGLE_ENDED
            SIO HiFreq: LOW
            SIO Hyst: DISABLED
            SIO Vtrip: MULTIPLIER_0_5
            SIO Multiplier Index: 0
            SIO RefSel: VCC_IO
            Required Capabilities: DIGITAL
            Initial Value: 1
            IO Voltage: 0
        PORT MAP (
            pa_out => \CY_EINK_SPIM:miso_m(0)\__PA ,
            pad => \CY_EINK_SPIM:miso_m(0)_PAD\ ,
            pin_input => \CY_EINK_SPIM:Net_216\ );
        Properties:
        {
        }

    Pin : Name = CY_EINK_Ssel(0)
        Attributes:
            In Group/Port: True
            In Sync Option: AUTO
            Out Sync Option: NOSYNC
            Interrupt generated: False
            Interrupt mode: NONE
            Drive mode: CMOS_OUT
            VTrip: CMOS
            Slew: FAST
            Input Sync needed: False
            Output Sync needed: False
            SC shield enabled: False
            POR State: INP_DIS_HI_Z
            LCD Mode: COMMON
            Register Mode: RegComb
            CaSense Mode: NEITHER
            Treat as pin: True
            Is OE Registered: False
            Uses Analog: False
            Can contain Digital: True
            Is SIO: False
            SIO Output Buf: NONREGULATED
            SIO Input Buf: SINGLE_ENDED
            SIO HiFreq: LOW
            SIO Hyst: DISABLED
            SIO Vtrip: MULTIPLIER_0_5
            SIO Multiplier Index: 0
            SIO RefSel: VCC_IO
            Required Capabilities: DIGITAL
            Initial Value: 0
            IO Voltage: 0
        PORT MAP (
            pa_out => CY_EINK_Ssel(0)__PA ,
            pad => CY_EINK_Ssel(0)_PAD );
        Properties:
        {
        }

    Pin : Name = CY_EINK_DispBusy(0)
        Attributes:
            In Group/Port: True
            In Sync Option: NOSYNC
            Out Sync Option: AUTO
            Interrupt generated: False
            Interrupt mode: NONE
            Drive mode: HI_Z_ANALOG
            VTrip: CMOS
            Slew: FAST
            Input Sync needed: False
            Output Sync needed: False
            SC shield enabled: False
            POR State: INP_DIS_HI_Z
            LCD Mode: COMMON
            Register Mode: RegComb
            CaSense Mode: NEITHER
            Treat as pin: True
            Is OE Registered: False
            Uses Analog: False
            Can contain Digital: True
            Is SIO: False
            SIO Output Buf: NONREGULATED
            SIO Input Buf: SINGLE_ENDED
            SIO HiFreq: LOW
            SIO Hyst: DISABLED
            SIO Vtrip: MULTIPLIER_0_5
            SIO Multiplier Index: 0
            SIO RefSel: VCC_IO
            Required Capabilities: DIGITAL
            Initial Value: 0
            IO Voltage: 0
        PORT MAP (
            pa_out => CY_EINK_DispBusy(0)__PA ,
            pad => CY_EINK_DispBusy(0)_PAD );
        Properties:
        {
        }

    Pin : Name = CY_EINK_DispRst(0)
        Attributes:
            In Group/Port: True
            In Sync Option: AUTO
            Out Sync Option: NOSYNC
            Interrupt generated: False
            Interrupt mode: NONE
            Drive mode: CMOS_OUT
            VTrip: CMOS
            Slew: FAST
            Input Sync needed: False
            Output Sync needed: False
            SC shield enabled: False
            POR State: INP_DIS_HI_Z
            LCD Mode: COMMON
            Register Mode: RegComb
            CaSense Mode: NEITHER
            Treat as pin: True
            Is OE Registered: False
            Uses Analog: False
            Can contain Digital: True
            Is SIO: False
            SIO Output Buf: NONREGULATED
            SIO Input Buf: SINGLE_ENDED
            SIO HiFreq: LOW
            SIO Hyst: DISABLED
            SIO Vtrip: MULTIPLIER_0_5
            SIO Multiplier Index: 0
            SIO RefSel: VCC_IO
            Required Capabilities: DIGITAL
            Initial Value: 0
            IO Voltage: 0
        PORT MAP (
            pa_out => CY_EINK_DispRst(0)__PA ,
            pad => CY_EINK_DispRst(0)_PAD );
        Properties:
        {
        }

    Pin : Name = CY_EINK_DispEn(0)
        Attributes:
            In Group/Port: True
            In Sync Option: AUTO
            Out Sync Option: NOSYNC
            Interrupt generated: False
            Interrupt mode: NONE
            Drive mode: CMOS_OUT
            VTrip: CMOS
            Slew: FAST
            Input Sync needed: False
            Output Sync needed: False
            SC shield enabled: False
            POR State: INP_DIS_HI_Z
            LCD Mode: COMMON
            Register Mode: RegComb
            CaSense Mode: NEITHER
            Treat as pin: True
            Is OE Registered: False
            Uses Analog: False
            Can contain Digital: True
            Is SIO: False
            SIO Output Buf: NONREGULATED
            SIO Input Buf: SINGLE_ENDED
            SIO HiFreq: LOW
            SIO Hyst: DISABLED
            SIO Vtrip: MULTIPLIER_0_5
            SIO Multiplier Index: 0
            SIO RefSel: VCC_IO
            Required Capabilities: DIGITAL
            Initial Value: 0
            IO Voltage: 0
        PORT MAP (
            pa_out => CY_EINK_DispEn(0)__PA ,
            pad => CY_EINK_DispEn(0)_PAD );
        Properties:
        {
        }

    Pin : Name = CY_EINK_Border(0)
        Attributes:
            In Group/Port: True
            In Sync Option: AUTO
            Out Sync Option: NOSYNC
            Interrupt generated: False
            Interrupt mode: NONE
            Drive mode: CMOS_OUT
            VTrip: CMOS
            Slew: FAST
            Input Sync needed: False
            Output Sync needed: False
            SC shield enabled: False
            POR State: INP_DIS_HI_Z
            LCD Mode: COMMON
            Register Mode: RegComb
            CaSense Mode: NEITHER
            Treat as pin: True
            Is OE Registered: False
            Uses Analog: False
            Can contain Digital: True
            Is SIO: False
            SIO Output Buf: NONREGULATED
            SIO Input Buf: SINGLE_ENDED
            SIO HiFreq: LOW
            SIO Hyst: DISABLED
            SIO Vtrip: MULTIPLIER_0_5
            SIO Multiplier Index: 0
            SIO RefSel: VCC_IO
            Required Capabilities: DIGITAL
            Initial Value: 0
            IO Voltage: 0
        PORT MAP (
            pa_out => CY_EINK_Border(0)__PA ,
            pad => CY_EINK_Border(0)_PAD );
        Properties:
        {
        }

    Pin : Name = CY_EINK_DispIoEn(0)
        Attributes:
            In Group/Port: True
            In Sync Option: AUTO
            Out Sync Option: NOSYNC
            Interrupt generated: False
            Interrupt mode: NONE
            Drive mode: CMOS_OUT
            VTrip: CMOS
            Slew: FAST
            Input Sync needed: False
            Output Sync needed: False
            SC shield enabled: False
            POR State: INP_DIS_HI_Z
            LCD Mode: COMMON
            Register Mode: RegComb
            CaSense Mode: NEITHER
            Treat as pin: True
            Is OE Registered: False
            Uses Analog: False
            Can contain Digital: True
            Is SIO: False
            SIO Output Buf: NONREGULATED
            SIO Input Buf: SINGLE_ENDED
            SIO HiFreq: LOW
            SIO Hyst: DISABLED
            SIO Vtrip: MULTIPLIER_0_5
            SIO Multiplier Index: 0
            SIO RefSel: VCC_IO
            Required Capabilities: DIGITAL
            Initial Value: 0
            IO Voltage: 0
        PORT MAP (
            pa_out => CY_EINK_DispIoEn(0)__PA ,
            pad => CY_EINK_DispIoEn(0)_PAD );
        Properties:
        {
        }

    Pin : Name = CY_EINK_Discharge(0)
        Attributes:
            In Group/Port: True
            In Sync Option: AUTO
            Out Sync Option: NOSYNC
            Interrupt generated: False
            Interrupt mode: NONE
            Drive mode: CMOS_OUT
            VTrip: CMOS
            Slew: FAST
            Input Sync needed: False
            Output Sync needed: False
            SC shield enabled: False
            POR State: INP_DIS_HI_Z
            LCD Mode: COMMON
            Register Mode: RegComb
            CaSense Mode: NEITHER
            Treat as pin: True
            Is OE Registered: False
            Uses Analog: False
            Can contain Digital: True
            Is SIO: False
            SIO Output Buf: NONREGULATED
            SIO Input Buf: SINGLE_ENDED
            SIO HiFreq: LOW
            SIO Hyst: DISABLED
            SIO Vtrip: MULTIPLIER_0_5
            SIO Multiplier Index: 0
            SIO RefSel: VCC_IO
            Required Capabilities: DIGITAL
            Initial Value: 0
            IO Voltage: 0
        PORT MAP (
            pa_out => CY_EINK_Discharge(0)__PA ,
            pad => CY_EINK_Discharge(0)_PAD );
        Properties:
        {
        }

    Pin : Name = Advertising_LED(0)
        Attributes:
            In Group/Port: True
            In Sync Option: AUTO
            Out Sync Option: NOSYNC
            Interrupt generated: False
            Interrupt mode: NONE
            Drive mode: CMOS_OUT
            VTrip: CMOS
            Slew: FAST
            Input Sync needed: False
            Output Sync needed: False
            SC shield enabled: False
            POR State: INP_DIS_HI_Z
            LCD Mode: COMMON
            Register Mode: RegComb
            CaSense Mode: NEITHER
            Treat as pin: True
            Is OE Registered: False
            Uses Analog: False
            Can contain Digital: True
            Is SIO: False
            SIO Output Buf: NONREGULATED
            SIO Input Buf: SINGLE_ENDED
            SIO HiFreq: LOW
            SIO Hyst: DISABLED
            SIO Vtrip: MULTIPLIER_0_5
            SIO Multiplier Index: 0
            SIO RefSel: VCC_IO
            Required Capabilities: DIGITAL
            Initial Value: 1
            IO Voltage: 0
        PORT MAP (
            pa_out => Advertising_LED(0)__PA ,
            pad => Advertising_LED(0)_PAD );
        Properties:
        {
        }

    Pin : Name = Disconnect_LED(0)
        Attributes:
            In Group/Port: True
            In Sync Option: AUTO
            Out Sync Option: NOSYNC
            Interrupt generated: False
            Interrupt mode: NONE
            Drive mode: CMOS_OUT
            VTrip: CMOS
            Slew: FAST
            Input Sync needed: False
            Output Sync needed: False
            SC shield enabled: False
            POR State: INP_DIS_HI_Z
            LCD Mode: COMMON
            Register Mode: RegComb
            CaSense Mode: NEITHER
            Treat as pin: True
            Is OE Registered: False
            Uses Analog: False
            Can contain Digital: True
            Is SIO: False
            SIO Output Buf: NONREGULATED
            SIO Input Buf: SINGLE_ENDED
            SIO HiFreq: LOW
            SIO Hyst: DISABLED
            SIO Vtrip: MULTIPLIER_0_5
            SIO Multiplier Index: 0
            SIO RefSel: VCC_IO
            Required Capabilities: DIGITAL
            Initial Value: 1
            IO Voltage: 0
        PORT MAP (
            pa_out => Disconnect_LED(0)__PA ,
            pad => Disconnect_LED(0)_PAD );
        Properties:
        {
        }

    Pin : Name = Alert_LED(0)
        Attributes:
            In Group/Port: True
            In Sync Option: AUTO
            Out Sync Option: NOSYNC
            Interrupt generated: False
            Interrupt mode: NONE
            Drive mode: CMOS_OUT
            VTrip: CMOS
            Slew: FAST
            Input Sync needed: False
            Output Sync needed: False
            SC shield enabled: False
            POR State: INP_DIS_HI_Z
            LCD Mode: COMMON
            Register Mode: RegComb
            CaSense Mode: NEITHER
            Treat as pin: True
            Is OE Registered: False
            Uses Analog: False
            Can contain Digital: True
            Is SIO: False
            SIO Output Buf: NONREGULATED
            SIO Input Buf: SINGLE_ENDED
            SIO HiFreq: LOW
            SIO Hyst: DISABLED
            SIO Vtrip: MULTIPLIER_0_5
            SIO Multiplier Index: 0
            SIO RefSel: VCC_IO
            Required Capabilities: DIGITAL
            Initial Value: 1
            IO Voltage: 0
        PORT MAP (
            pa_out => Alert_LED(0)__PA ,
            pad => Alert_LED(0)_PAD );
        Properties:
        {
        }

    Pin : Name = Alert_Midl(0)
        Attributes:
            In Group/Port: True
            In Sync Option: AUTO
            Out Sync Option: NOSYNC
            Interrupt generated: False
            Interrupt mode: NONE
            Drive mode: CMOS_OUT
            VTrip: CMOS
            Slew: FAST
            Input Sync needed: False
            Output Sync needed: False
            SC shield enabled: False
            POR State: INP_DIS_HI_Z
            LCD Mode: COMMON
            Register Mode: RegComb
            CaSense Mode: NEITHER
            Treat as pin: True
            Is OE Registered: False
            Uses Analog: False
            Can contain Digital: True
            Is SIO: False
            SIO Output Buf: NONREGULATED
            SIO Input Buf: SINGLE_ENDED
            SIO HiFreq: LOW
            SIO Hyst: DISABLED
            SIO Vtrip: MULTIPLIER_0_5
            SIO Multiplier Index: 0
            SIO RefSel: VCC_IO
            Required Capabilities: DIGITAL
            Initial Value: 1
            IO Voltage: 0
        PORT MAP (
            pa_out => Alert_Midl(0)__PA ,
            pad => Alert_Midl(0)_PAD );
        Properties:
        {
        }

    Pin : Name = NO_ALERT(0)
        Attributes:
            In Group/Port: True
            In Sync Option: AUTO
            Out Sync Option: NOSYNC
            Interrupt generated: False
            Interrupt mode: NONE
            Drive mode: CMOS_OUT
            VTrip: CMOS
            Slew: FAST
            Input Sync needed: False
            Output Sync needed: False
            SC shield enabled: False
            POR State: INP_DIS_HI_Z
            LCD Mode: COMMON
            Register Mode: RegComb
            CaSense Mode: NEITHER
            Treat as pin: True
            Is OE Registered: False
            Uses Analog: False
            Can contain Digital: True
            Is SIO: False
            SIO Output Buf: NONREGULATED
            SIO Input Buf: SINGLE_ENDED
            SIO HiFreq: LOW
            SIO Hyst: DISABLED
            SIO Vtrip: MULTIPLIER_0_5
            SIO Multiplier Index: 0
            SIO RefSel: VCC_IO
            Required Capabilities: DIGITAL
            Initial Value: 1
            IO Voltage: 0
        PORT MAP (
            pa_out => NO_ALERT(0)__PA ,
            pad => NO_ALERT(0)_PAD );
        Properties:
        {
        }
    </CYPRESSTAG>
    <CYPRESSTAG name="Macrocell listing" icon="FILE_RPT_EQUATION">
    </CYPRESSTAG>
    <CYPRESSTAG name="Datapath listing">
    </CYPRESSTAG>
    <CYPRESSTAG name="Status register listing">
    </CYPRESSTAG>
    <CYPRESSTAG name="StatusI register listing">
    </CYPRESSTAG>
    <CYPRESSTAG name="Sync listing">
    </CYPRESSTAG>
    <CYPRESSTAG name="Control register listing">
    </CYPRESSTAG>
    <CYPRESSTAG name="Count7 listing">
    </CYPRESSTAG>
    <CYPRESSTAG name="DRQ listing">
    </CYPRESSTAG>
    <CYPRESSTAG name="Interrupt listing">

    ------------------------------------------------------------
    Interrupt listing
    ------------------------------------------------------------

    interrupt: Name =\CY_EINK_SPIM:SCB_IRQ\
        PORT MAP (
            interrupt => \CY_EINK_SPIM:intr_wire\ );
        Properties:
        {
            cy_registers = ""
            deepsleep_required = 0
            int_type = "10"
        }

    interrupt: Name =\BLE:bless_isr\
        PORT MAP (
            interrupt => \BLE:Net_1\ );
        Properties:
        {
            cy_registers = ""
            deepsleep_required = 1
            int_type = "10"
        }
    </CYPRESSTAG>
</CYPRESSTAG>
<CYPRESSTAG name="Technology mapping summary" expanded>

------------------------------------------------------------
Technology mapping summary
------------------------------------------------------------

Resource Type                 : Used : Free :  Max :  % Used
============================================================
Digital Clocks                :    0 :    8 :    8 :  0.00 %
Crypto Accelerator            :    0 :    1 :    1 :  0.00 %
Interrupts [CM0+]             :    6 :   26 :   32 : 18.75 %
Interrupts [CM4]              :    1 :  146 :  147 :  0.68 %
IO                            :   17 :   61 :   78 : 21.79 %
Interprocessor Communication  :    0 :   16 :   16 :  0.00 %
MCWDT                         :    0 :    2 :    2 :  0.00 %
CapSense                      :    0 :    1 :    1 :  0.00 %
Energy Profiler               :    0 :    1 :    1 :  0.00 %
Real Time Clock               :    0 :    1 :    1 :  0.00 %
Bluetooth Low Energy          :    1 :    0 :    1 : 100.00 %
I2S                           :    0 :    1 :    1 :  0.00 %
PDM/PCM                       :    0 :    1 :    1 :  0.00 %
SCB                           :    1 :    8 :    9 : 11.11 %
Serial Memory Interface       :    0 :    1 :    1 :  0.00 %
DMA Channels                  :    0 :   32 :   32 :  0.00 %
LCD                           :    0 :    1 :    1 :  0.00 %
SmartIO                       :    0 :    2 :    2 :  0.00 %
TCPWM                         :    1 :   31 :   32 :  3.13 %
UDB                           :      :      :      :        
  Macrocells                  :    0 :   96 :   96 :  0.00 %
  Unique P-terms              :    0 :  192 :  192 :  0.00 %
  Total P-terms               :    0 :      :      :        
  Datapath Cells              :    0 :   12 :   12 :  0.00 %
  Status Cells                :    0 :   12 :   12 :  0.00 %
  Control Cells               :    0 :   12 :   12 :  0.00 %
7-Bit IDAC                    :    0 :    2 :    2 :  0.00 %
Continuous Time DAC           :    0 :    1 :    1 :  0.00 %
LP Comparator                 :    0 :    2 :    2 :  0.00 %
Opamp                         :    0 :    2 :    2 :  0.00 %
Sample and Hold               :    0 :    1 :    1 :  0.00 %
SAR ADC                       :    0 :    1 :    1 :  0.00 %
DieTemp Sensor                :    0 :    1 :    1 :  0.00 %
</CYPRESSTAG>
Technology Mapping: Elapsed time ==> 0s.154ms
Tech Mapping phase: Elapsed time ==> 0s.270ms
</CYPRESSTAG>
<CYPRESSTAG name="Analog Placement">
<CYPRESSTAG name="FFB & IO Pre Placement">
<CYPRESSTAG name="Placement" icon="FILE_RPT_PLACEMENT">

Cell                                : Block                              
=========================================================================
CY_CPUSS_SWJ_SWCLK_TCLK(0)          : [IOP=(6)][IoId=(7)]                
CY_CPUSS_SWJ_SWDIO_TMS(0)           : [IOP=(6)][IoId=(6)]                
\CY_EINK_SPIM:sclk_m(0)\            : [IOP=(12)][IoId=(2)]               
\CY_EINK_SPIM:mosi_m(0)\            : [IOP=(12)][IoId=(0)]               
\CY_EINK_SPIM:miso_m(0)\            : [IOP=(12)][IoId=(1)]               
CY_EINK_Ssel(0)                     : [IOP=(12)][IoId=(3)]               
CY_EINK_DispBusy(0)                 : [IOP=(5)][IoId=(3)]                
CY_EINK_DispRst(0)                  : [IOP=(5)][IoId=(2)]                
CY_EINK_DispEn(0)                   : [IOP=(5)][IoId=(4)]                
CY_EINK_Border(0)                   : [IOP=(5)][IoId=(6)]                
CY_EINK_DispIoEn(0)                 : [IOP=(0)][IoId=(2)]                
CY_EINK_Discharge(0)                : [IOP=(5)][IoId=(5)]                
Advertising_LED(0)                  : [IOP=(1)][IoId=(1)]                
Disconnect_LED(0)                   : [IOP=(0)][IoId=(3)]                
Alert_LED(0)                        : [IOP=(13)][IoId=(7)]               
Alert_Midl(0)                       : [IOP=(1)][IoId=(5)]                
NO_ALERT(0)                         : [IOP=(11)][IoId=(1)]               
ClockGenBlock                       : CLK_GEN_[FFB(CLK_GEN,0)]           
CPUSS                               : CPUSS_[FFB(CPUSS,0)]               
\CY_EINK_SPIM:SCB\                  : SCB_[FFB(SCB,6)]                   
\BLE:cy_mxs40_ble\                  : BLE_[FFB(BLE,0)]                   
\CY_EINK_Timer:TCPWM\               : TCPWM_[FFB(TCPWM,0)]               

</CYPRESSTAG>
</CYPRESSTAG>
<CYPRESSTAG name="Real Analog Placement">
Elapsed time ==> 0.4711358s
</CYPRESSTAG>
Analog Placement phase: Elapsed time ==> 2s.200ms
</CYPRESSTAG>
<CYPRESSTAG name="Analog Routing">
<CYPRESSTAG name="Analog Routing">
Route success=True, Iterations=1 Elapsed=0.0016723 secs
</CYPRESSTAG>
Analog Routing phase: Elapsed time ==> 0s.000ms
</CYPRESSTAG>
<CYPRESSTAG name="Analog Code Generation">
============ Analog Final Answer Routes ============
Dump of CyAnalogRoutingResultsDB
Map of net to items {
}
Map of item to net {
}
Mux Info {
}
Analog Code Generation phase: Elapsed time ==> 0s.022ms
</CYPRESSTAG>
<CYPRESSTAG name="Digital Placement">
<CYPRESSTAG name="Detailed placement messages">
I2659: No Constrained paths were found. The placer will run in non-timing driven mode.
I2076: Total run-time: 0.8 sec.

</CYPRESSTAG>
<CYPRESSTAG name="PLD Packing">
<CYPRESSTAG name="PLD Packing Summary">
No PLDs were packed.
</CYPRESSTAG>
PLD Packing: Elapsed time ==> 0s.000ms
</CYPRESSTAG>
<CYPRESSTAG name="Partitioning">
<CYPRESSTAG name="Initial Partitioning Summary">
Initial Partitioning Summary not displayed at this verbose level.</CYPRESSTAG>
<CYPRESSTAG name="Final Partitioning Summary">
Final Partitioning Summary not displayed at this verbose level.</CYPRESSTAG>
Partitioning: Elapsed time ==> 0s.020ms
</CYPRESSTAG>
<CYPRESSTAG name="Final Placement Summary">

------------------------------------------------------------
Final Placement Summary
------------------------------------------------------------

       Resource Type :      Count : Avg Inputs : Avg Outputs
    ========================================================
                 UDB :          0 :       0.00 :       0.00
<CYPRESSTAG name="Final Placement Details">
<CYPRESSTAG name="Component Details">

------------------------------------------------------------
Component Placement Details
------------------------------------------------------------
UDB [UDB=(0,0)] is empty.
UDB [UDB=(0,1)] is empty.
UDB [UDB=(0,2)] is empty.
UDB [UDB=(0,3)] is empty.
UDB [UDB=(0,4)] is empty.
UDB [UDB=(0,5)] is empty.
UDB [UDB=(1,0)] is empty.
UDB [UDB=(1,1)] is empty.
UDB [UDB=(1,2)] is empty.
UDB [UDB=(1,3)] is empty.
UDB [UDB=(1,4)] is empty.
UDB [UDB=(1,5)] is empty.
Intr container @ [IntrContainer=(0)]: 
  Intr@ [IntrContainer=(0)][IntrId=(24)] 
    interrupt: Name =\BLE:bless_isr\
        PORT MAP (
            interrupt => \BLE:Net_1\ );
        Properties:
        {
            cy_registers = ""
            deepsleep_required = 1
            int_type = "10"
        }
  Intr@ [IntrContainer=(0)][IntrId=(47)] 
    interrupt: Name =\CY_EINK_SPIM:SCB_IRQ\
        PORT MAP (
            interrupt => \CY_EINK_SPIM:intr_wire\ );
        Properties:
        {
            cy_registers = ""
            deepsleep_required = 0
            int_type = "10"
        }
Drq container @ [DrqContainer=(0)]: empty
Port 0 contains the following IO cells:
[IoId=2]: 
Pin : Name = CY_EINK_DispIoEn(0)
    Attributes:
        In Group/Port: True
        In Sync Option: AUTO
        Out Sync Option: NOSYNC
        Interrupt generated: False
        Interrupt mode: NONE
        Drive mode: CMOS_OUT
        VTrip: CMOS
        Slew: FAST
        Input Sync needed: False
        Output Sync needed: False
        SC shield enabled: False
        POR State: INP_DIS_HI_Z
        LCD Mode: COMMON
        Register Mode: RegComb
        CaSense Mode: NEITHER
        Treat as pin: True
        Is OE Registered: False
        Uses Analog: False
        Can contain Digital: True
        Is SIO: False
        SIO Output Buf: NONREGULATED
        SIO Input Buf: SINGLE_ENDED
        SIO HiFreq: LOW
        SIO Hyst: DISABLED
        SIO Vtrip: MULTIPLIER_0_5
        SIO Multiplier Index: 0
        SIO RefSel: VCC_IO
        Required Capabilities: DIGITAL
        Initial Value: 0
        IO Voltage: 0
    PORT MAP (
        pa_out => CY_EINK_DispIoEn(0)__PA ,
        pad => CY_EINK_DispIoEn(0)_PAD );
    Properties:
    {
    }

[IoId=3]: 
Pin : Name = Disconnect_LED(0)
    Attributes:
        In Group/Port: True
        In Sync Option: AUTO
        Out Sync Option: NOSYNC
        Interrupt generated: False
        Interrupt mode: NONE
        Drive mode: CMOS_OUT
        VTrip: CMOS
        Slew: FAST
        Input Sync needed: False
        Output Sync needed: False
        SC shield enabled: False
        POR State: INP_DIS_HI_Z
        LCD Mode: COMMON
        Register Mode: RegComb
        CaSense Mode: NEITHER
        Treat as pin: True
        Is OE Registered: False
        Uses Analog: False
        Can contain Digital: True
        Is SIO: False
        SIO Output Buf: NONREGULATED
        SIO Input Buf: SINGLE_ENDED
        SIO HiFreq: LOW
        SIO Hyst: DISABLED
        SIO Vtrip: MULTIPLIER_0_5
        SIO Multiplier Index: 0
        SIO RefSel: VCC_IO
        Required Capabilities: DIGITAL
        Initial Value: 1
        IO Voltage: 0
    PORT MAP (
        pa_out => Disconnect_LED(0)__PA ,
        pad => Disconnect_LED(0)_PAD );
    Properties:
    {
    }

Port 1 contains the following IO cells:
[IoId=1]: 
Pin : Name = Advertising_LED(0)
    Attributes:
        In Group/Port: True
        In Sync Option: AUTO
        Out Sync Option: NOSYNC
        Interrupt generated: False
        Interrupt mode: NONE
        Drive mode: CMOS_OUT
        VTrip: CMOS
        Slew: FAST
        Input Sync needed: False
        Output Sync needed: False
        SC shield enabled: False
        POR State: INP_DIS_HI_Z
        LCD Mode: COMMON
        Register Mode: RegComb
        CaSense Mode: NEITHER
        Treat as pin: True
        Is OE Registered: False
        Uses Analog: False
        Can contain Digital: True
        Is SIO: False
        SIO Output Buf: NONREGULATED
        SIO Input Buf: SINGLE_ENDED
        SIO HiFreq: LOW
        SIO Hyst: DISABLED
        SIO Vtrip: MULTIPLIER_0_5
        SIO Multiplier Index: 0
        SIO RefSel: VCC_IO
        Required Capabilities: DIGITAL
        Initial Value: 1
        IO Voltage: 0
    PORT MAP (
        pa_out => Advertising_LED(0)__PA ,
        pad => Advertising_LED(0)_PAD );
    Properties:
    {
    }

[IoId=5]: 
Pin : Name = Alert_Midl(0)
    Attributes:
        In Group/Port: True
        In Sync Option: AUTO
        Out Sync Option: NOSYNC
        Interrupt generated: False
        Interrupt mode: NONE
        Drive mode: CMOS_OUT
        VTrip: CMOS
        Slew: FAST
        Input Sync needed: False
        Output Sync needed: False
        SC shield enabled: False
        POR State: INP_DIS_HI_Z
        LCD Mode: COMMON
        Register Mode: RegComb
        CaSense Mode: NEITHER
        Treat as pin: True
        Is OE Registered: False
        Uses Analog: False
        Can contain Digital: True
        Is SIO: False
        SIO Output Buf: NONREGULATED
        SIO Input Buf: SINGLE_ENDED
        SIO HiFreq: LOW
        SIO Hyst: DISABLED
        SIO Vtrip: MULTIPLIER_0_5
        SIO Multiplier Index: 0
        SIO RefSel: VCC_IO
        Required Capabilities: DIGITAL
        Initial Value: 1
        IO Voltage: 0
    PORT MAP (
        pa_out => Alert_Midl(0)__PA ,
        pad => Alert_Midl(0)_PAD );
    Properties:
    {
    }

Port 5 contains the following IO cells:
[IoId=2]: 
Pin : Name = CY_EINK_DispRst(0)
    Attributes:
        In Group/Port: True
        In Sync Option: AUTO
        Out Sync Option: NOSYNC
        Interrupt generated: False
        Interrupt mode: NONE
        Drive mode: CMOS_OUT
        VTrip: CMOS
        Slew: FAST
        Input Sync needed: False
        Output Sync needed: False
        SC shield enabled: False
        POR State: INP_DIS_HI_Z
        LCD Mode: COMMON
        Register Mode: RegComb
        CaSense Mode: NEITHER
        Treat as pin: True
        Is OE Registered: False
        Uses Analog: False
        Can contain Digital: True
        Is SIO: False
        SIO Output Buf: NONREGULATED
        SIO Input Buf: SINGLE_ENDED
        SIO HiFreq: LOW
        SIO Hyst: DISABLED
        SIO Vtrip: MULTIPLIER_0_5
        SIO Multiplier Index: 0
        SIO RefSel: VCC_IO
        Required Capabilities: DIGITAL
        Initial Value: 0
        IO Voltage: 0
    PORT MAP (
        pa_out => CY_EINK_DispRst(0)__PA ,
        pad => CY_EINK_DispRst(0)_PAD );
    Properties:
    {
    }

[IoId=3]: 
Pin : Name = CY_EINK_DispBusy(0)
    Attributes:
        In Group/Port: True
        In Sync Option: NOSYNC
        Out Sync Option: AUTO
        Interrupt generated: False
        Interrupt mode: NONE
        Drive mode: HI_Z_ANALOG
        VTrip: CMOS
        Slew: FAST
        Input Sync needed: False
        Output Sync needed: False
        SC shield enabled: False
        POR State: INP_DIS_HI_Z
        LCD Mode: COMMON
        Register Mode: RegComb
        CaSense Mode: NEITHER
        Treat as pin: True
        Is OE Registered: False
        Uses Analog: False
        Can contain Digital: True
        Is SIO: False
        SIO Output Buf: NONREGULATED
        SIO Input Buf: SINGLE_ENDED
        SIO HiFreq: LOW
        SIO Hyst: DISABLED
        SIO Vtrip: MULTIPLIER_0_5
        SIO Multiplier Index: 0
        SIO RefSel: VCC_IO
        Required Capabilities: DIGITAL
        Initial Value: 0
        IO Voltage: 0
    PORT MAP (
        pa_out => CY_EINK_DispBusy(0)__PA ,
        pad => CY_EINK_DispBusy(0)_PAD );
    Properties:
    {
    }

[IoId=4]: 
Pin : Name = CY_EINK_DispEn(0)
    Attributes:
        In Group/Port: True
        In Sync Option: AUTO
        Out Sync Option: NOSYNC
        Interrupt generated: False
        Interrupt mode: NONE
        Drive mode: CMOS_OUT
        VTrip: CMOS
        Slew: FAST
        Input Sync needed: False
        Output Sync needed: False
        SC shield enabled: False
        POR State: INP_DIS_HI_Z
        LCD Mode: COMMON
        Register Mode: RegComb
        CaSense Mode: NEITHER
        Treat as pin: True
        Is OE Registered: False
        Uses Analog: False
        Can contain Digital: True
        Is SIO: False
        SIO Output Buf: NONREGULATED
        SIO Input Buf: SINGLE_ENDED
        SIO HiFreq: LOW
        SIO Hyst: DISABLED
        SIO Vtrip: MULTIPLIER_0_5
        SIO Multiplier Index: 0
        SIO RefSel: VCC_IO
        Required Capabilities: DIGITAL
        Initial Value: 0
        IO Voltage: 0
    PORT MAP (
        pa_out => CY_EINK_DispEn(0)__PA ,
        pad => CY_EINK_DispEn(0)_PAD );
    Properties:
    {
    }

[IoId=5]: 
Pin : Name = CY_EINK_Discharge(0)
    Attributes:
        In Group/Port: True
        In Sync Option: AUTO
        Out Sync Option: NOSYNC
        Interrupt generated: False
        Interrupt mode: NONE
        Drive mode: CMOS_OUT
        VTrip: CMOS
        Slew: FAST
        Input Sync needed: False
        Output Sync needed: False
        SC shield enabled: False
        POR State: INP_DIS_HI_Z
        LCD Mode: COMMON
        Register Mode: RegComb
        CaSense Mode: NEITHER
        Treat as pin: True
        Is OE Registered: False
        Uses Analog: False
        Can contain Digital: True
        Is SIO: False
        SIO Output Buf: NONREGULATED
        SIO Input Buf: SINGLE_ENDED
        SIO HiFreq: LOW
        SIO Hyst: DISABLED
        SIO Vtrip: MULTIPLIER_0_5
        SIO Multiplier Index: 0
        SIO RefSel: VCC_IO
        Required Capabilities: DIGITAL
        Initial Value: 0
        IO Voltage: 0
    PORT MAP (
        pa_out => CY_EINK_Discharge(0)__PA ,
        pad => CY_EINK_Discharge(0)_PAD );
    Properties:
    {
    }

[IoId=6]: 
Pin : Name = CY_EINK_Border(0)
    Attributes:
        In Group/Port: True
        In Sync Option: AUTO
        Out Sync Option: NOSYNC
        Interrupt generated: False
        Interrupt mode: NONE
        Drive mode: CMOS_OUT
        VTrip: CMOS
        Slew: FAST
        Input Sync needed: False
        Output Sync needed: False
        SC shield enabled: False
        POR State: INP_DIS_HI_Z
        LCD Mode: COMMON
        Register Mode: RegComb
        CaSense Mode: NEITHER
        Treat as pin: True
        Is OE Registered: False
        Uses Analog: False
        Can contain Digital: True
        Is SIO: False
        SIO Output Buf: NONREGULATED
        SIO Input Buf: SINGLE_ENDED
        SIO HiFreq: LOW
        SIO Hyst: DISABLED
        SIO Vtrip: MULTIPLIER_0_5
        SIO Multiplier Index: 0
        SIO RefSel: VCC_IO
        Required Capabilities: DIGITAL
        Initial Value: 0
        IO Voltage: 0
    PORT MAP (
        pa_out => CY_EINK_Border(0)__PA ,
        pad => CY_EINK_Border(0)_PAD );
    Properties:
    {
    }

Port 6 contains the following IO cells:
[IoId=6]: 
Pin : Name = CY_CPUSS_SWJ_SWDIO_TMS(0)
    Attributes:
        In Group/Port: True
        In Sync Option: AUTO
        Out Sync Option: AUTO
        Interrupt generated: False
        Interrupt mode: NONE
        Drive mode: RES_PULL_UP
        VTrip: CMOS
        Slew: FAST
        Input Sync needed: False
        Output Sync needed: False
        SC shield enabled: False
        POR State: INP_DIS_HI_Z
        LCD Mode: COMMON
        Register Mode: RegComb
        CaSense Mode: NEITHER
        Treat as pin: True
        Is OE Registered: False
        Uses Analog: False
        Can contain Digital: True
        Is SIO: False
        SIO Output Buf: NONREGULATED
        SIO Input Buf: SINGLE_ENDED
        SIO HiFreq: LOW
        SIO Hyst: DISABLED
        SIO Vtrip: MULTIPLIER_0_5
        SIO Multiplier Index: 0
        SIO RefSel: VCC_IO
        Required Capabilities: DIGITAL
        Initial Value: 0
        IO Voltage: 0
    PORT MAP (
        pa_out => CY_CPUSS_SWJ_SWDIO_TMS(0)__PA ,
        fb => CPUSS_swj_swdio_tms );
    Properties:
    {
    }

[IoId=7]: 
Pin : Name = CY_CPUSS_SWJ_SWCLK_TCLK(0)
    Attributes:
        In Group/Port: True
        In Sync Option: AUTO
        Out Sync Option: AUTO
        Interrupt generated: False
        Interrupt mode: NONE
        Drive mode: RES_PULL_DOWN
        VTrip: CMOS
        Slew: FAST
        Input Sync needed: False
        Output Sync needed: False
        SC shield enabled: False
        POR State: INP_DIS_HI_Z
        LCD Mode: COMMON
        Register Mode: RegComb
        CaSense Mode: NEITHER
        Treat as pin: True
        Is OE Registered: False
        Uses Analog: False
        Can contain Digital: True
        Is SIO: False
        SIO Output Buf: NONREGULATED
        SIO Input Buf: SINGLE_ENDED
        SIO HiFreq: LOW
        SIO Hyst: DISABLED
        SIO Vtrip: MULTIPLIER_0_5
        SIO Multiplier Index: 0
        SIO RefSel: VCC_IO
        Required Capabilities: DIGITAL
        Initial Value: 0
        IO Voltage: 0
    PORT MAP (
        pa_out => CY_CPUSS_SWJ_SWCLK_TCLK(0)__PA ,
        fb => CPUSS_swj_swclk_tclk );
    Properties:
    {
    }

Port 7 contains the following IO cells:
Port 8 contains the following IO cells:
Port 9 contains the following IO cells:
Port 10 contains the following IO cells:
Port 11 contains the following IO cells:
[IoId=1]: 
Pin : Name = NO_ALERT(0)
    Attributes:
        In Group/Port: True
        In Sync Option: AUTO
        Out Sync Option: NOSYNC
        Interrupt generated: False
        Interrupt mode: NONE
        Drive mode: CMOS_OUT
        VTrip: CMOS
        Slew: FAST
        Input Sync needed: False
        Output Sync needed: False
        SC shield enabled: False
        POR State: INP_DIS_HI_Z
        LCD Mode: COMMON
        Register Mode: RegComb
        CaSense Mode: NEITHER
        Treat as pin: True
        Is OE Registered: False
        Uses Analog: False
        Can contain Digital: True
        Is SIO: False
        SIO Output Buf: NONREGULATED
        SIO Input Buf: SINGLE_ENDED
        SIO HiFreq: LOW
        SIO Hyst: DISABLED
        SIO Vtrip: MULTIPLIER_0_5
        SIO Multiplier Index: 0
        SIO RefSel: VCC_IO
        Required Capabilities: DIGITAL
        Initial Value: 1
        IO Voltage: 0
    PORT MAP (
        pa_out => NO_ALERT(0)__PA ,
        pad => NO_ALERT(0)_PAD );
    Properties:
    {
    }

Port 12 contains the following IO cells:
[IoId=0]: 
Pin : Name = \CY_EINK_SPIM:mosi_m(0)\
    Attributes:
        In Group/Port: True
        In Sync Option: AUTO
        Out Sync Option: NOSYNC
        Interrupt generated: False
        Interrupt mode: NONE
        Drive mode: CMOS_OUT
        VTrip: CMOS
        Slew: FAST
        Input Sync needed: False
        Output Sync needed: False
        SC shield enabled: False
        POR State: INP_DIS_HI_Z
        LCD Mode: COMMON
        Register Mode: RegComb
        CaSense Mode: NEITHER
        Treat as pin: True
        Is OE Registered: False
        Uses Analog: False
        Can contain Digital: True
        Is SIO: False
        SIO Output Buf: NONREGULATED
        SIO Input Buf: SINGLE_ENDED
        SIO HiFreq: LOW
        SIO Hyst: DISABLED
        SIO Vtrip: MULTIPLIER_0_5
        SIO Multiplier Index: 0
        SIO RefSel: VCC_IO
        Required Capabilities: DIGITAL
        Initial Value: 1
        IO Voltage: 0
    PORT MAP (
        pa_out => \CY_EINK_SPIM:mosi_m(0)\__PA ,
        pin_input => \CY_EINK_SPIM:mosi_m_wire\ ,
        pad => \CY_EINK_SPIM:mosi_m(0)_PAD\ );
    Properties:
    {
    }

[IoId=1]: 
Pin : Name = \CY_EINK_SPIM:miso_m(0)\
    Attributes:
        In Group/Port: True
        In Sync Option: NOSYNC
        Out Sync Option: AUTO
        Interrupt generated: False
        Interrupt mode: NONE
        Drive mode: HI_Z_ANALOG
        VTrip: CMOS
        Slew: FAST
        Input Sync needed: False
        Output Sync needed: False
        SC shield enabled: False
        POR State: INP_DIS_HI_Z
        LCD Mode: COMMON
        Register Mode: RegComb
        CaSense Mode: NEITHER
        Treat as pin: True
        Is OE Registered: False
        Uses Analog: False
        Can contain Digital: True
        Is SIO: False
        SIO Output Buf: NONREGULATED
        SIO Input Buf: SINGLE_ENDED
        SIO HiFreq: LOW
        SIO Hyst: DISABLED
        SIO Vtrip: MULTIPLIER_0_5
        SIO Multiplier Index: 0
        SIO RefSel: VCC_IO
        Required Capabilities: DIGITAL
        Initial Value: 1
        IO Voltage: 0
    PORT MAP (
        pa_out => \CY_EINK_SPIM:miso_m(0)\__PA ,
        pad => \CY_EINK_SPIM:miso_m(0)_PAD\ ,
        pin_input => \CY_EINK_SPIM:Net_216\ );
    Properties:
    {
    }

[IoId=2]: 
Pin : Name = \CY_EINK_SPIM:sclk_m(0)\
    Attributes:
        In Group/Port: True
        In Sync Option: AUTO
        Out Sync Option: NOSYNC
        Interrupt generated: False
        Interrupt mode: NONE
        Drive mode: CMOS_OUT
        VTrip: CMOS
        Slew: FAST
        Input Sync needed: False
        Output Sync needed: False
        SC shield enabled: False
        POR State: INP_DIS_HI_Z
        LCD Mode: COMMON
        Register Mode: RegComb
        CaSense Mode: NEITHER
        Treat as pin: True
        Is OE Registered: False
        Uses Analog: False
        Can contain Digital: True
        Is SIO: False
        SIO Output Buf: NONREGULATED
        SIO Input Buf: SINGLE_ENDED
        SIO HiFreq: LOW
        SIO Hyst: DISABLED
        SIO Vtrip: MULTIPLIER_0_5
        SIO Multiplier Index: 0
        SIO RefSel: VCC_IO
        Required Capabilities: DIGITAL
        Initial Value: 1
        IO Voltage: 0
    PORT MAP (
        pa_out => \CY_EINK_SPIM:sclk_m(0)\__PA ,
        pin_input => \CY_EINK_SPIM:sclk_m_wire\ ,
        pad => \CY_EINK_SPIM:sclk_m(0)_PAD\ );
    Properties:
    {
    }

[IoId=3]: 
Pin : Name = CY_EINK_Ssel(0)
    Attributes:
        In Group/Port: True
        In Sync Option: AUTO
        Out Sync Option: NOSYNC
        Interrupt generated: False
        Interrupt mode: NONE
        Drive mode: CMOS_OUT
        VTrip: CMOS
        Slew: FAST
        Input Sync needed: False
        Output Sync needed: False
        SC shield enabled: False
        POR State: INP_DIS_HI_Z
        LCD Mode: COMMON
        Register Mode: RegComb
        CaSense Mode: NEITHER
        Treat as pin: True
        Is OE Registered: False
        Uses Analog: False
        Can contain Digital: True
        Is SIO: False
        SIO Output Buf: NONREGULATED
        SIO Input Buf: SINGLE_ENDED
        SIO HiFreq: LOW
        SIO Hyst: DISABLED
        SIO Vtrip: MULTIPLIER_0_5
        SIO Multiplier Index: 0
        SIO RefSel: VCC_IO
        Required Capabilities: DIGITAL
        Initial Value: 0
        IO Voltage: 0
    PORT MAP (
        pa_out => CY_EINK_Ssel(0)__PA ,
        pad => CY_EINK_Ssel(0)_PAD );
    Properties:
    {
    }

Port 13 contains the following IO cells:
[IoId=7]: 
Pin : Name = Alert_LED(0)
    Attributes:
        In Group/Port: True
        In Sync Option: AUTO
        Out Sync Option: NOSYNC
        Interrupt generated: False
        Interrupt mode: NONE
        Drive mode: CMOS_OUT
        VTrip: CMOS
        Slew: FAST
        Input Sync needed: False
        Output Sync needed: False
        SC shield enabled: False
        POR State: INP_DIS_HI_Z
        LCD Mode: COMMON
        Register Mode: RegComb
        CaSense Mode: NEITHER
        Treat as pin: True
        Is OE Registered: False
        Uses Analog: False
        Can contain Digital: True
        Is SIO: False
        SIO Output Buf: NONREGULATED
        SIO Input Buf: SINGLE_ENDED
        SIO HiFreq: LOW
        SIO Hyst: DISABLED
        SIO Vtrip: MULTIPLIER_0_5
        SIO Multiplier Index: 0
        SIO RefSel: VCC_IO
        Required Capabilities: DIGITAL
        Initial Value: 1
        IO Voltage: 0
    PORT MAP (
        pa_out => Alert_LED(0)__PA ,
        pad => Alert_LED(0)_PAD );
    Properties:
    {
    }

Clock group 0: 
    Clock Block @ F(Clock,0): 
    Clock: Name =ClockBlock
        PORT MAP (
            imo => ClockBlock_IMO ,
            ext => ClockBlock_ExtClk ,
            altHf => ClockBlock_AltHF ,
            eco => ClockBlock_ECO ,
            fll => ClockBlock_FLL ,
            pll_0 => ClockBlock_PLL0 ,
            hfclk_0 => ClockBlock_HFClk0 ,
            hfclk_1 => ClockBlock_HFClk1 ,
            hfclk_2 => ClockBlock_HFClk2 ,
            hfclk_3 => ClockBlock_HFClk3 ,
            hfclk_4 => ClockBlock_HFClk4 ,
            fastclk => ClockBlock_FastClk ,
            periclk => ClockBlock_PeriClk ,
            slowclk => ClockBlock_SlowClk ,
            ilo => ClockBlock_ILO ,
            wco => ClockBlock_WCO ,
            lfclk => ClockBlock_LFClk ,
            ff_div_0 => \CY_EINK_SPIM:Net_847_ff0\ ,
            ff_div_11 => Net_221_ff11 );
        Properties:
        {
        }
LCD group 0: empty
Vref group 0: empty
LPCOMP group 0: empty
SCB group 0: 
    SCB @ F(SCB,6): 
    SCB: Name =\CY_EINK_SPIM:SCB\
        PORT MAP (
            clock => \CY_EINK_SPIM:Net_847_ff0\ ,
            uart_tx => \CY_EINK_SPIM:Net_488\ ,
            uart_rts => \CY_EINK_SPIM:Net_489\ ,
            spi_clk => \CY_EINK_SPIM:sclk_m_wire\ ,
            spi_mosi => \CY_EINK_SPIM:mosi_m_wire\ ,
            spi_miso => \CY_EINK_SPIM:Net_216\ ,
            interrupt => \CY_EINK_SPIM:intr_wire\ ,
            tr_tx_req => Net_219 ,
            tr_rx_req => Net_214 ,
            tr_i2c_scl_filtered => \CY_EINK_SPIM:Net_498\ );
        Properties:
        {
            cy_registers = ""
            master = 1
            mode = 1
            requires_io_preconfigure = 0
        }
CSD group 0: empty
CSIDAC7 group 0: empty
TCPWM group 0: 
    TCPWM @ F(TCPWM,0): 
    TCPWM: Name =\CY_EINK_Timer:TCPWM\
        PORT MAP (
            clock => Net_221_ff11 ,
            capture => zero ,
            count => one ,
            reload => zero ,
            stop => zero ,
            start => zero ,
            tr_underflow => Net_229 ,
            tr_compare_match => Net_222 ,
            tr_overflow => Net_225 ,
            line_compl => \CY_EINK_Timer:Net_1\ ,
            line => \CY_EINK_Timer:Net_2\ ,
            interrupt => Net_224 );
        Properties:
        {
            cy_registers = ""
            exact_width = 0
            width = 16
        }
OA group 0: empty
TEMP group 0: empty
SARADC group 0: empty
CLK_GEN group 0: 
    MxS40 Clock Gen Block @ F(CLK_GEN,0): 
    CLK_GEN: Name =ClockGenBlock
        PORT MAP (
             );
        Properties:
        {
        }
LPCOMPBLOCK group 0: empty
PASSBLOCK group 0: empty
BLE group 0: 
    Bluetooth Low Energy @ F(BLE,0): 
    BLE: Name =\BLE:cy_mxs40_ble\
        PORT MAP (
            ext_pa_lna_chip_en_out => Net_270 ,
            ext_lna_rx_ctl_out => Net_269 ,
            ext_pa_tx_ctl_out => Net_271 ,
            interrupt => \BLE:Net_1\ );
        Properties:
        {
            cy_registers = ""
            low_power = 1
        }
SMIF group 0: empty
SmartIO group 0: empty
CRYPTO group 0: empty
PROFILE group 0: empty
SRSS group 0: empty
CPUSS group 0: 
    CPUSS Block @ F(CPUSS,0): 
    CPUSS: Name =CPUSS
        PORT MAP (
            swj_swclk_tclk => CPUSS_swj_swclk_tclk ,
            swj_swdio_tms => CPUSS_swj_swdio_tms );
        Properties:
        {
        }
IOSS group 0: empty
UDB group 0: empty
IPC group 0: empty
I2S group 0: empty
PDM group 0: empty
CTDAC group 0: empty
SAMPLEHOLD group 0: empty
MCWDT group 0: empty
RTC group 0: empty
</CYPRESSTAG>
<CYPRESSTAG name="Port Configuration Details">

------------------------------------------------------------
Port Configuration report
------------------------------------------------------------
     |     |       | Interrupt |                  |                            | 
Port | Pin | Fixed |      Type |       Drive Mode |                       Name | Connections
-----+-----+-------+-----------+------------------+----------------------------+-------------------------------
   0 |   2 |     * |      NONE |         CMOS_OUT |        CY_EINK_DispIoEn(0) | 
     |   3 |     * |      NONE |         CMOS_OUT |          Disconnect_LED(0) | 
-----+-----+-------+-----------+------------------+----------------------------+-------------------------------
   1 |   1 |     * |      NONE |         CMOS_OUT |         Advertising_LED(0) | 
     |   5 |     * |      NONE |         CMOS_OUT |              Alert_Midl(0) | 
-----+-----+-------+-----------+------------------+----------------------------+-------------------------------
   5 |   2 |     * |      NONE |         CMOS_OUT |         CY_EINK_DispRst(0) | 
     |   3 |     * |      NONE |      HI_Z_ANALOG |        CY_EINK_DispBusy(0) | 
     |   4 |     * |      NONE |         CMOS_OUT |          CY_EINK_DispEn(0) | 
     |   5 |     * |      NONE |         CMOS_OUT |       CY_EINK_Discharge(0) | 
     |   6 |     * |      NONE |         CMOS_OUT |          CY_EINK_Border(0) | 
-----+-----+-------+-----------+------------------+----------------------------+-------------------------------
   6 |   6 |     * |      NONE |      RES_PULL_UP |  CY_CPUSS_SWJ_SWDIO_TMS(0) | FB(CPUSS_swj_swdio_tms)
     |   7 |     * |      NONE |    RES_PULL_DOWN | CY_CPUSS_SWJ_SWCLK_TCLK(0) | FB(CPUSS_swj_swclk_tclk)
-----+-----+-------+-----------+------------------+----------------------------+-------------------------------
  11 |   1 |     * |      NONE |         CMOS_OUT |                NO_ALERT(0) | 
-----+-----+-------+-----------+------------------+----------------------------+-------------------------------
  12 |   0 |     * |      NONE |         CMOS_OUT |   \CY_EINK_SPIM:mosi_m(0)\ | In(\CY_EINK_SPIM:mosi_m_wire\)
     |   1 |     * |      NONE |      HI_Z_ANALOG |   \CY_EINK_SPIM:miso_m(0)\ | In(\CY_EINK_SPIM:Net_216\)
     |   2 |     * |      NONE |         CMOS_OUT |   \CY_EINK_SPIM:sclk_m(0)\ | In(\CY_EINK_SPIM:sclk_m_wire\)
     |   3 |     * |      NONE |         CMOS_OUT |            CY_EINK_Ssel(0) | 
-----+-----+-------+-----------+------------------+----------------------------+-------------------------------
  13 |   7 |     * |      NONE |         CMOS_OUT |               Alert_LED(0) | 
---------------------------------------------------------------------------------------------------------------
</CYPRESSTAG>
</CYPRESSTAG>
</CYPRESSTAG>
Digital component placer commit/Report: Elapsed time ==> 0s.055ms
Digital Placement phase: Elapsed time ==> 8s.161ms
</CYPRESSTAG>
<CYPRESSTAG name="Digital Routing">
"C:\Program Files (x86)\Cypress\PSoC Creator\4.4\PSoC Creator\bin/sjrouter.exe" --xml-path "C:\Program Files (x86)\Cypress\PSoC Creator\4.4\PSoC Creator\dev\psoc6/0/route_arch-rrg.cydata" --vh2-path "Psoc6E-INK DISPLAY_r.vh2" --pcf-path "Psoc6E-INK DISPLAY.pco" --des-name "Psoc6E-INK DISPLAY" --dsf-path "Psoc6E-INK DISPLAY.dsf" --sdc-path "Psoc6E-INK DISPLAY.sdc" --lib-path "Psoc6E-INK DISPLAY_r.lib"
Routing successful.
Digital Routing phase: Elapsed time ==> 1s.362ms
</CYPRESSTAG>
<CYPRESSTAG name="Bitstream Generation">
Bitstream Generation phase: Elapsed time ==> 0s.593ms
</CYPRESSTAG>
<CYPRESSTAG name="Bitstream Verification">
Bitstream Verification phase: Elapsed time ==> 0s.007ms
</CYPRESSTAG>
<CYPRESSTAG name="Static timing analysis">
Timing report is in Psoc6E-INK DISPLAY_timing.html.
Static timing analysis phase: Elapsed time ==> 10s.976ms
</CYPRESSTAG>
<CYPRESSTAG name="Data reporting">
Data reporting phase: Elapsed time ==> 0s.000ms
</CYPRESSTAG>
<CYPRESSTAG name="Database update...">
Design database save phase: Elapsed time ==> 0s.293ms
</CYPRESSTAG>
cydsfit: Elapsed time ==> 25s.352ms
</CYPRESSTAG>
Fitter phase: Elapsed time ==> 25s.352ms
API generation phase: Elapsed time ==> 1s.644ms
Dependency generation phase: Elapsed time ==> 0s.011ms
Cleanup phase: Elapsed time ==> 0s.000ms
