ARM GAS  C:\Users\PC\AppData\Local\Temp\ccqHtmJ7.s 			page 1


   1              		.syntax unified
   2              		.cpu cortex-m0plus
   3              		.fpu softvfp
   4              		.eabi_attribute 20, 1
   5              		.eabi_attribute 21, 1
   6              		.eabi_attribute 23, 3
   7              		.eabi_attribute 24, 1
   8              		.eabi_attribute 25, 1
   9              		.eabi_attribute 26, 1
  10              		.eabi_attribute 30, 1
  11              		.eabi_attribute 34, 0
  12              		.eabi_attribute 18, 4
  13              		.thumb
  14              		.syntax unified
  15              		.file	"BLE_config.c"
  16              		.text
  17              	.Ltext0:
  18              		.cfi_sections	.debug_frame
  19              		.global	cy_ble_config
  20              		.data
  21              		.align	2
  22              		.type	cy_ble_config, %object
  23              		.size	cy_ble_config, 4
  24              	cy_ble_config:
  25 0000 00000000 		.word	BLE_bless_isr_cfg
  26              		.text
  27              	.Letext0:
  28              		.file 1 "Generated_Source\\PSoC6\\pdl\\devices/psoc6/psoc63/include/cy8c6347bzi_bld53.h"
  29              		.file 2 "c:\\program files (x86)\\cypress\\psoc creator\\4.4\\psoc creator\\import\\gnu\\arm\\5.4.
  30              		.file 3 "c:\\program files (x86)\\cypress\\psoc creator\\4.4\\psoc creator\\import\\gnu\\arm\\5.4.
  31              		.file 4 "Generated_Source\\PSoC6\\pdl\\drivers/peripheral/sysint/cy_sysint.h"
  32              		.file 5 "Generated_Source\\PSoC6\\pdl\\middleware/ble/cy_ble.h"
  33              		.file 6 "Generated_Source\\PSoC6\\BLE_config.c"
  34              		.file 7 "Generated_Source\\PSoC6\\cyfitter_sysint_cfg.h"
  35              		.section	.debug_info,"",%progbits
  36              	.Ldebug_info0:
  37 0000 B6050000 		.4byte	0x5b6
  38 0004 0400     		.2byte	0x4
  39 0006 00000000 		.4byte	.Ldebug_abbrev0
  40 000a 04       		.byte	0x4
  41 000b 01       		.uleb128 0x1
  42 000c 020E0000 		.4byte	.LASF214
  43 0010 0C       		.byte	0xc
  44 0011 51090000 		.4byte	.LASF215
  45 0015 DE0F0000 		.4byte	.LASF216
  46 0019 00000000 		.4byte	.Ldebug_line0
  47 001d 02       		.uleb128 0x2
  48 001e 02       		.byte	0x2
  49 001f 14010000 		.4byte	0x114
  50 0023 01       		.byte	0x1
  51 0024 24       		.byte	0x24
  52 0025 14010000 		.4byte	0x114
  53 0029 03       		.uleb128 0x3
  54 002a 5C020000 		.4byte	.LASF0
  55 002e 71       		.sleb128 -15
  56 002f 03       		.uleb128 0x3
  57 0030 650F0000 		.4byte	.LASF1
ARM GAS  C:\Users\PC\AppData\Local\Temp\ccqHtmJ7.s 			page 2


  58 0034 72       		.sleb128 -14
  59 0035 03       		.uleb128 0x3
  60 0036 28100000 		.4byte	.LASF2
  61 003a 73       		.sleb128 -13
  62 003b 03       		.uleb128 0x3
  63 003c 35090000 		.4byte	.LASF3
  64 0040 7B       		.sleb128 -5
  65 0041 03       		.uleb128 0x3
  66 0042 110F0000 		.4byte	.LASF4
  67 0046 7E       		.sleb128 -2
  68 0047 03       		.uleb128 0x3
  69 0048 3B080000 		.4byte	.LASF5
  70 004c 7F       		.sleb128 -1
  71 004d 04       		.uleb128 0x4
  72 004e FD080000 		.4byte	.LASF6
  73 0052 00       		.byte	0
  74 0053 04       		.uleb128 0x4
  75 0054 FF110000 		.4byte	.LASF7
  76 0058 01       		.byte	0x1
  77 0059 04       		.uleb128 0x4
  78 005a BA000000 		.4byte	.LASF8
  79 005e 02       		.byte	0x2
  80 005f 04       		.uleb128 0x4
  81 0060 05030000 		.4byte	.LASF9
  82 0064 03       		.byte	0x3
  83 0065 04       		.uleb128 0x4
  84 0066 1A050000 		.4byte	.LASF10
  85 006a 04       		.byte	0x4
  86 006b 04       		.uleb128 0x4
  87 006c 640D0000 		.4byte	.LASF11
  88 0070 05       		.byte	0x5
  89 0071 04       		.uleb128 0x4
  90 0072 53100000 		.4byte	.LASF12
  91 0076 06       		.byte	0x6
  92 0077 04       		.uleb128 0x4
  93 0078 F40C0000 		.4byte	.LASF13
  94 007c 07       		.byte	0x7
  95 007d 04       		.uleb128 0x4
  96 007e EB060000 		.4byte	.LASF14
  97 0082 08       		.byte	0x8
  98 0083 04       		.uleb128 0x4
  99 0084 27090000 		.4byte	.LASF15
 100 0088 09       		.byte	0x9
 101 0089 04       		.uleb128 0x4
 102 008a A90F0000 		.4byte	.LASF16
 103 008e 0A       		.byte	0xa
 104 008f 04       		.uleb128 0x4
 105 0090 25120000 		.4byte	.LASF17
 106 0094 0B       		.byte	0xb
 107 0095 04       		.uleb128 0x4
 108 0096 7E060000 		.4byte	.LASF18
 109 009a 0C       		.byte	0xc
 110 009b 04       		.uleb128 0x4
 111 009c 92080000 		.4byte	.LASF19
 112 00a0 0D       		.byte	0xd
 113 00a1 04       		.uleb128 0x4
 114 00a2 E40A0000 		.4byte	.LASF20
ARM GAS  C:\Users\PC\AppData\Local\Temp\ccqHtmJ7.s 			page 3


 115 00a6 0E       		.byte	0xe
 116 00a7 04       		.uleb128 0x4
 117 00a8 4C000000 		.4byte	.LASF21
 118 00ac 0F       		.byte	0xf
 119 00ad 04       		.uleb128 0x4
 120 00ae B8020000 		.4byte	.LASF22
 121 00b2 10       		.byte	0x10
 122 00b3 04       		.uleb128 0x4
 123 00b4 D1040000 		.4byte	.LASF23
 124 00b8 11       		.byte	0x11
 125 00b9 04       		.uleb128 0x4
 126 00ba 020D0000 		.4byte	.LASF24
 127 00be 12       		.byte	0x12
 128 00bf 04       		.uleb128 0x4
 129 00c0 B80F0000 		.4byte	.LASF25
 130 00c4 13       		.byte	0x13
 131 00c5 04       		.uleb128 0x4
 132 00c6 DE050000 		.4byte	.LASF26
 133 00ca 14       		.byte	0x14
 134 00cb 04       		.uleb128 0x4
 135 00cc 15080000 		.4byte	.LASF27
 136 00d0 15       		.byte	0x15
 137 00d1 04       		.uleb128 0x4
 138 00d2 23110000 		.4byte	.LASF28
 139 00d6 16       		.byte	0x16
 140 00d7 04       		.uleb128 0x4
 141 00d8 A9130000 		.4byte	.LASF29
 142 00dc 17       		.byte	0x17
 143 00dd 04       		.uleb128 0x4
 144 00de 4D020000 		.4byte	.LASF30
 145 00e2 18       		.byte	0x18
 146 00e3 04       		.uleb128 0x4
 147 00e4 FA090000 		.4byte	.LASF31
 148 00e8 19       		.byte	0x19
 149 00e9 04       		.uleb128 0x4
 150 00ea A7060000 		.4byte	.LASF32
 151 00ee 1A       		.byte	0x1a
 152 00ef 04       		.uleb128 0x4
 153 00f0 480F0000 		.4byte	.LASF33
 154 00f4 1B       		.byte	0x1b
 155 00f5 04       		.uleb128 0x4
 156 00f6 CD030000 		.4byte	.LASF34
 157 00fa 1C       		.byte	0x1c
 158 00fb 04       		.uleb128 0x4
 159 00fc ED050000 		.4byte	.LASF35
 160 0100 1D       		.byte	0x1d
 161 0101 04       		.uleb128 0x4
 162 0102 74100000 		.4byte	.LASF36
 163 0106 1E       		.byte	0x1e
 164 0107 04       		.uleb128 0x4
 165 0108 C2040000 		.4byte	.LASF37
 166 010c 1F       		.byte	0x1f
 167 010d 04       		.uleb128 0x4
 168 010e 6B0C0000 		.4byte	.LASF38
 169 0112 F0       		.byte	0xf0
 170 0113 00       		.byte	0
 171 0114 05       		.uleb128 0x5
ARM GAS  C:\Users\PC\AppData\Local\Temp\ccqHtmJ7.s 			page 4


 172 0115 02       		.byte	0x2
 173 0116 05       		.byte	0x5
 174 0117 7C0C0000 		.4byte	.LASF187
 175 011b 06       		.uleb128 0x6
 176 011c 720D0000 		.4byte	.LASF189
 177 0120 01       		.byte	0x1
 178 0121 F4       		.byte	0xf4
 179 0122 1D000000 		.4byte	0x1d
 180 0126 02       		.uleb128 0x2
 181 0127 01       		.byte	0x1
 182 0128 AB040000 		.4byte	0x4ab
 183 012c 01       		.byte	0x1
 184 012d FD       		.byte	0xfd
 185 012e AB040000 		.4byte	0x4ab
 186 0132 04       		.uleb128 0x4
 187 0133 B9010000 		.4byte	.LASF39
 188 0137 00       		.byte	0
 189 0138 04       		.uleb128 0x4
 190 0139 BC0B0000 		.4byte	.LASF40
 191 013d 01       		.byte	0x1
 192 013e 04       		.uleb128 0x4
 193 013f 1B000000 		.4byte	.LASF41
 194 0143 02       		.byte	0x2
 195 0144 04       		.uleb128 0x4
 196 0145 DD0E0000 		.4byte	.LASF42
 197 0149 03       		.byte	0x3
 198 014a 04       		.uleb128 0x4
 199 014b 62110000 		.4byte	.LASF43
 200 014f 04       		.byte	0x4
 201 0150 04       		.uleb128 0x4
 202 0151 73050000 		.4byte	.LASF44
 203 0155 05       		.byte	0x5
 204 0156 04       		.uleb128 0x4
 205 0157 C6070000 		.4byte	.LASF45
 206 015b 06       		.byte	0x6
 207 015c 04       		.uleb128 0x4
 208 015d 390A0000 		.4byte	.LASF46
 209 0161 07       		.byte	0x7
 210 0162 04       		.uleb128 0x4
 211 0163 3E130000 		.4byte	.LASF47
 212 0167 08       		.byte	0x8
 213 0168 04       		.uleb128 0x4
 214 0169 F5010000 		.4byte	.LASF48
 215 016d 09       		.byte	0x9
 216 016e 04       		.uleb128 0x4
 217 016f 380C0000 		.4byte	.LASF49
 218 0173 0A       		.byte	0xa
 219 0174 04       		.uleb128 0x4
 220 0175 C70A0000 		.4byte	.LASF50
 221 0179 0B       		.byte	0xb
 222 017a 04       		.uleb128 0x4
 223 017b 92110000 		.4byte	.LASF51
 224 017f 0C       		.byte	0xc
 225 0180 04       		.uleb128 0x4
 226 0181 C1050000 		.4byte	.LASF52
 227 0185 0D       		.byte	0xd
 228 0186 04       		.uleb128 0x4
ARM GAS  C:\Users\PC\AppData\Local\Temp\ccqHtmJ7.s 			page 5


 229 0187 F8070000 		.4byte	.LASF53
 230 018b 0E       		.byte	0xe
 231 018c 04       		.uleb128 0x4
 232 018d 13040000 		.4byte	.LASF54
 233 0191 0F       		.byte	0xf
 234 0192 04       		.uleb128 0x4
 235 0193 0D120000 		.4byte	.LASF55
 236 0197 10       		.byte	0x10
 237 0198 04       		.uleb128 0x4
 238 0199 13030000 		.4byte	.LASF56
 239 019d 11       		.byte	0x11
 240 019e 04       		.uleb128 0x4
 241 019f 89000000 		.4byte	.LASF57
 242 01a3 12       		.byte	0x12
 243 01a4 04       		.uleb128 0x4
 244 01a5 2C040000 		.4byte	.LASF58
 245 01a9 13       		.byte	0x13
 246 01aa 04       		.uleb128 0x4
 247 01ab 46060000 		.4byte	.LASF59
 248 01af 14       		.byte	0x14
 249 01b0 04       		.uleb128 0x4
 250 01b1 6B120000 		.4byte	.LASF60
 251 01b5 15       		.byte	0x15
 252 01b6 04       		.uleb128 0x4
 253 01b7 75000000 		.4byte	.LASF61
 254 01bb 16       		.byte	0x16
 255 01bc 04       		.uleb128 0x4
 256 01bd 28050000 		.4byte	.LASF62
 257 01c1 17       		.byte	0x17
 258 01c2 04       		.uleb128 0x4
 259 01c3 C8000000 		.4byte	.LASF63
 260 01c7 18       		.byte	0x18
 261 01c8 04       		.uleb128 0x4
 262 01c9 2B0D0000 		.4byte	.LASF64
 263 01cd 19       		.byte	0x19
 264 01ce 04       		.uleb128 0x4
 265 01cf 26070000 		.4byte	.LASF65
 266 01d3 1A       		.byte	0x1a
 267 01d4 04       		.uleb128 0x4
 268 01d5 AC090000 		.4byte	.LASF66
 269 01d9 1B       		.byte	0x1b
 270 01da 04       		.uleb128 0x4
 271 01db 0F0C0000 		.4byte	.LASF67
 272 01df 1C       		.byte	0x1c
 273 01e0 04       		.uleb128 0x4
 274 01e1 22010000 		.4byte	.LASF68
 275 01e5 1D       		.byte	0x1d
 276 01e6 04       		.uleb128 0x4
 277 01e7 66030000 		.4byte	.LASF69
 278 01eb 1E       		.byte	0x1e
 279 01ec 04       		.uleb128 0x4
 280 01ed 8F050000 		.4byte	.LASF70
 281 01f1 1F       		.byte	0x1f
 282 01f2 04       		.uleb128 0x4
 283 01f3 0B090000 		.4byte	.LASF71
 284 01f7 20       		.byte	0x20
 285 01f8 04       		.uleb128 0x4
ARM GAS  C:\Users\PC\AppData\Local\Temp\ccqHtmJ7.s 			page 6


 286 01f9 B8100000 		.4byte	.LASF72
 287 01fd 21       		.byte	0x21
 288 01fe 04       		.uleb128 0x4
 289 01ff 5A130000 		.4byte	.LASF73
 290 0203 22       		.byte	0x22
 291 0204 04       		.uleb128 0x4
 292 0205 86120000 		.4byte	.LASF74
 293 0209 23       		.byte	0x23
 294 020a 04       		.uleb128 0x4
 295 020b 3E010000 		.4byte	.LASF75
 296 020f 24       		.byte	0x24
 297 0210 04       		.uleb128 0x4
 298 0211 94030000 		.4byte	.LASF76
 299 0215 25       		.byte	0x25
 300 0216 04       		.uleb128 0x4
 301 0217 8C130000 		.4byte	.LASF77
 302 021b 26       		.byte	0x26
 303 021c 04       		.uleb128 0x4
 304 021d E50D0000 		.4byte	.LASF78
 305 0221 27       		.byte	0x27
 306 0222 04       		.uleb128 0x4
 307 0223 F0100000 		.4byte	.LASF79
 308 0227 28       		.byte	0x28
 309 0228 04       		.uleb128 0x4
 310 0229 F3000000 		.4byte	.LASF80
 311 022d 29       		.byte	0x29
 312 022e 04       		.uleb128 0x4
 313 022f 05050000 		.4byte	.LASF81
 314 0233 2A       		.byte	0x2a
 315 0234 04       		.uleb128 0x4
 316 0235 41050000 		.4byte	.LASF82
 317 0239 2B       		.byte	0x2b
 318 023a 04       		.uleb128 0x4
 319 023b 1D0F0000 		.4byte	.LASF83
 320 023f 2C       		.byte	0x2c
 321 0240 04       		.uleb128 0x4
 322 0241 240A0000 		.4byte	.LASF84
 323 0245 2D       		.byte	0x2d
 324 0246 04       		.uleb128 0x4
 325 0247 37000000 		.4byte	.LASF85
 326 024b 2E       		.byte	0x2e
 327 024c 04       		.uleb128 0x4
 328 024d 940F0000 		.4byte	.LASF86
 329 0251 2F       		.byte	0x2f
 330 0252 04       		.uleb128 0x4
 331 0253 32110000 		.4byte	.LASF87
 332 0257 30       		.byte	0x30
 333 0258 04       		.uleb128 0x4
 334 0259 61100000 		.4byte	.LASF88
 335 025d 31       		.byte	0x31
 336 025e 04       		.uleb128 0x4
 337 025f E3110000 		.4byte	.LASF89
 338 0263 32       		.byte	0x32
 339 0264 04       		.uleb128 0x4
 340 0265 9E000000 		.4byte	.LASF90
 341 0269 33       		.byte	0x33
 342 026a 04       		.uleb128 0x4
ARM GAS  C:\Users\PC\AppData\Local\Temp\ccqHtmJ7.s 			page 7


 343 026b 62060000 		.4byte	.LASF91
 344 026f 34       		.byte	0x34
 345 0270 04       		.uleb128 0x4
 346 0271 AB0A0000 		.4byte	.LASF92
 347 0275 35       		.byte	0x35
 348 0276 04       		.uleb128 0x4
 349 0277 4F040000 		.4byte	.LASF93
 350 027b 36       		.byte	0x36
 351 027c 04       		.uleb128 0x4
 352 027d 37100000 		.4byte	.LASF94
 353 0281 37       		.byte	0x37
 354 0282 04       		.uleb128 0x4
 355 0283 86040000 		.4byte	.LASF95
 356 0287 38       		.byte	0x38
 357 0288 04       		.uleb128 0x4
 358 0289 BF120000 		.4byte	.LASF96
 359 028d 39       		.byte	0x39
 360 028e 04       		.uleb128 0x4
 361 028f E8120000 		.4byte	.LASF97
 362 0293 3A       		.byte	0x3a
 363 0294 04       		.uleb128 0x4
 364 0295 750B0000 		.4byte	.LASF98
 365 0299 3B       		.byte	0x3b
 366 029a 04       		.uleb128 0x4
 367 029b 75090000 		.4byte	.LASF99
 368 029f 3C       		.byte	0x3c
 369 02a0 04       		.uleb128 0x4
 370 02a1 D80B0000 		.4byte	.LASF100
 371 02a5 3D       		.byte	0x3d
 372 02a6 04       		.uleb128 0x4
 373 02a7 C00E0000 		.4byte	.LASF101
 374 02ab 3E       		.byte	0x3e
 375 02ac 04       		.uleb128 0x4
 376 02ad 550A0000 		.4byte	.LASF102
 377 02b1 3F       		.byte	0x3f
 378 02b2 04       		.uleb128 0x4
 379 02b3 56050000 		.4byte	.LASF103
 380 02b7 40       		.byte	0x40
 381 02b8 04       		.uleb128 0x4
 382 02b9 A9070000 		.4byte	.LASF104
 383 02bd 41       		.byte	0x41
 384 02be 04       		.uleb128 0x4
 385 02bf 420B0000 		.4byte	.LASF105
 386 02c3 42       		.byte	0x42
 387 02c4 04       		.uleb128 0x4
 388 02c5 C90D0000 		.4byte	.LASF106
 389 02c9 43       		.byte	0x43
 390 02ca 04       		.uleb128 0x4
 391 02cb D4100000 		.4byte	.LASF107
 392 02cf 44       		.byte	0x44
 393 02d0 04       		.uleb128 0x4
 394 02d1 D80C0000 		.4byte	.LASF108
 395 02d5 45       		.byte	0x45
 396 02d6 04       		.uleb128 0x4
 397 02d7 42070000 		.4byte	.LASF109
 398 02db 46       		.byte	0x46
 399 02dc 04       		.uleb128 0x4
ARM GAS  C:\Users\PC\AppData\Local\Temp\ccqHtmJ7.s 			page 8


 400 02dd C8090000 		.4byte	.LASF110
 401 02e1 47       		.byte	0x47
 402 02e2 04       		.uleb128 0x4
 403 02e3 A3120000 		.4byte	.LASF111
 404 02e7 48       		.byte	0x48
 405 02e8 04       		.uleb128 0x4
 406 02e9 8D070000 		.4byte	.LASF112
 407 02ed 49       		.byte	0x49
 408 02ee 04       		.uleb128 0x4
 409 02ef B1030000 		.4byte	.LASF113
 410 02f3 4A       		.byte	0x4a
 411 02f4 04       		.uleb128 0x4
 412 02f5 E1020000 		.4byte	.LASF114
 413 02f9 4B       		.byte	0x4b
 414 02fa 04       		.uleb128 0x4
 415 02fb 4E120000 		.4byte	.LASF115
 416 02ff 4C       		.byte	0x4c
 417 0300 04       		.uleb128 0x4
 418 0301 470D0000 		.4byte	.LASF116
 419 0305 4D       		.byte	0x4d
 420 0306 04       		.uleb128 0x4
 421 0307 C6110000 		.4byte	.LASF117
 422 030b 4E       		.byte	0x4e
 423 030c 04       		.uleb128 0x4
 424 030d 17060000 		.4byte	.LASF118
 425 0311 4F       		.byte	0x4f
 426 0312 04       		.uleb128 0x4
 427 0313 48080000 		.4byte	.LASF119
 428 0317 50       		.byte	0x50
 429 0318 04       		.uleb128 0x4
 430 0319 720A0000 		.4byte	.LASF120
 431 031d 51       		.byte	0x51
 432 031e 04       		.uleb128 0x4
 433 031f CD060000 		.4byte	.LASF121
 434 0323 52       		.byte	0x52
 435 0324 04       		.uleb128 0x4
 436 0325 D6080000 		.4byte	.LASF122
 437 0329 53       		.byte	0x53
 438 032a 04       		.uleb128 0x4
 439 032b 82020000 		.4byte	.LASF123
 440 032f 54       		.byte	0x54
 441 0330 04       		.uleb128 0x4
 442 0331 5E070000 		.4byte	.LASF124
 443 0335 55       		.byte	0x55
 444 0336 04       		.uleb128 0x4
 445 0337 1E130000 		.4byte	.LASF125
 446 033b 56       		.byte	0x56
 447 033c 04       		.uleb128 0x4
 448 033d D5010000 		.4byte	.LASF126
 449 0341 57       		.byte	0x57
 450 0342 04       		.uleb128 0x4
 451 0343 860C0000 		.4byte	.LASF127
 452 0347 58       		.byte	0x58
 453 0348 04       		.uleb128 0x4
 454 0349 A2040000 		.4byte	.LASF128
 455 034d 59       		.byte	0x59
 456 034e 04       		.uleb128 0x4
ARM GAS  C:\Users\PC\AppData\Local\Temp\ccqHtmJ7.s 			page 9


 457 034f 34120000 		.4byte	.LASF129
 458 0353 5A       		.byte	0x5a
 459 0354 04       		.uleb128 0x4
 460 0355 8D060000 		.4byte	.LASF130
 461 0359 5B       		.byte	0x5b
 462 035a 04       		.uleb128 0x4
 463 035b A1080000 		.4byte	.LASF131
 464 035f 5C       		.byte	0x5c
 465 0360 04       		.uleb128 0x4
 466 0361 F30A0000 		.4byte	.LASF132
 467 0365 5D       		.byte	0x5d
 468 0366 04       		.uleb128 0x4
 469 0367 5B000000 		.4byte	.LASF133
 470 036b 5E       		.byte	0x5e
 471 036c 04       		.uleb128 0x4
 472 036d C7020000 		.4byte	.LASF134
 473 0371 5F       		.byte	0x5f
 474 0372 04       		.uleb128 0x4
 475 0373 E0040000 		.4byte	.LASF135
 476 0377 60       		.byte	0x60
 477 0378 04       		.uleb128 0x4
 478 0379 110D0000 		.4byte	.LASF136
 479 037d 61       		.byte	0x61
 480 037e 04       		.uleb128 0x4
 481 037f 29030000 		.4byte	.LASF137
 482 0383 62       		.byte	0x62
 483 0384 04       		.uleb128 0x4
 484 0385 280B0000 		.4byte	.LASF138
 485 0389 63       		.byte	0x63
 486 038a 04       		.uleb128 0x4
 487 038b A00D0000 		.4byte	.LASF139
 488 038f 64       		.byte	0x64
 489 0390 04       		.uleb128 0x4
 490 0391 9E100000 		.4byte	.LASF140
 491 0395 65       		.byte	0x65
 492 0396 04       		.uleb128 0x4
 493 0397 04130000 		.4byte	.LASF141
 494 039b 66       		.byte	0x66
 495 039c 04       		.uleb128 0x4
 496 039d 0C070000 		.4byte	.LASF142
 497 03a1 67       		.byte	0x67
 498 03a2 04       		.uleb128 0x4
 499 03a3 92090000 		.4byte	.LASF143
 500 03a7 68       		.byte	0x68
 501 03a8 04       		.uleb128 0x4
 502 03a9 F50B0000 		.4byte	.LASF144
 503 03ad 69       		.byte	0x69
 504 03ae 04       		.uleb128 0x4
 505 03af 08010000 		.4byte	.LASF145
 506 03b3 6A       		.byte	0x6a
 507 03b4 04       		.uleb128 0x4
 508 03b5 4C030000 		.4byte	.LASF146
 509 03b9 6B       		.byte	0x6b
 510 03ba 04       		.uleb128 0x4
 511 03bb 9E010000 		.4byte	.LASF147
 512 03bf 6C       		.byte	0x6c
 513 03c0 04       		.uleb128 0x4
ARM GAS  C:\Users\PC\AppData\Local\Temp\ccqHtmJ7.s 			page 10


 514 03c1 E4030000 		.4byte	.LASF148
 515 03c5 6D       		.byte	0x6d
 516 03c6 04       		.uleb128 0x4
 517 03c7 FC050000 		.4byte	.LASF149
 518 03cb 6E       		.byte	0x6e
 519 03cc 04       		.uleb128 0x4
 520 03cd BB080000 		.4byte	.LASF150
 521 03d1 6F       		.byte	0x6f
 522 03d2 04       		.uleb128 0x4
 523 03d3 47110000 		.4byte	.LASF151
 524 03d7 70       		.byte	0x70
 525 03d8 04       		.uleb128 0x4
 526 03d9 00000000 		.4byte	.LASF152
 527 03dd 71       		.byte	0x71
 528 03de 04       		.uleb128 0x4
 529 03df 67020000 		.4byte	.LASF153
 530 03e3 72       		.byte	0x72
 531 03e4 04       		.uleb128 0x4
 532 03e5 090A0000 		.4byte	.LASF154
 533 03e9 73       		.byte	0x73
 534 03ea 04       		.uleb128 0x4
 535 03eb A60C0000 		.4byte	.LASF155
 536 03ef 74       		.byte	0x74
 537 03f0 04       		.uleb128 0x4
 538 03f1 790F0000 		.4byte	.LASF156
 539 03f5 75       		.byte	0x75
 540 03f6 04       		.uleb128 0x4
 541 03f7 0D0B0000 		.4byte	.LASF157
 542 03fb 76       		.byte	0x76
 543 03fc 04       		.uleb128 0x4
 544 03fd 7C0D0000 		.4byte	.LASF158
 545 0401 77       		.byte	0x77
 546 0402 04       		.uleb128 0x4
 547 0403 83100000 		.4byte	.LASF159
 548 0407 78       		.byte	0x78
 549 0408 04       		.uleb128 0x4
 550 0409 77080000 		.4byte	.LASF160
 551 040d 79       		.byte	0x79
 552 040e 04       		.uleb128 0x4
 553 040f 5B010000 		.4byte	.LASF161
 554 0413 7A       		.byte	0x7a
 555 0414 04       		.uleb128 0x4
 556 0415 DD000000 		.4byte	.LASF162
 557 0419 7B       		.byte	0x7b
 558 041a 04       		.uleb128 0x4
 559 041b AB050000 		.4byte	.LASF163
 560 041f 7C       		.byte	0x7c
 561 0420 04       		.uleb128 0x4
 562 0421 E2070000 		.4byte	.LASF164
 563 0425 7D       		.byte	0x7d
 564 0426 04       		.uleb128 0x4
 565 0427 0D110000 		.4byte	.LASF165
 566 042b 7E       		.byte	0x7e
 567 042c 04       		.uleb128 0x4
 568 042d 76130000 		.4byte	.LASF166
 569 0431 7F       		.byte	0x7f
 570 0432 04       		.uleb128 0x4
ARM GAS  C:\Users\PC\AppData\Local\Temp\ccqHtmJ7.s 			page 11


 571 0433 2A020000 		.4byte	.LASF167
 572 0437 80       		.byte	0x80
 573 0438 04       		.uleb128 0x4
 574 0439 E4090000 		.4byte	.LASF168
 575 043d 81       		.byte	0x81
 576 043e 04       		.uleb128 0x4
 577 043f 550C0000 		.4byte	.LASF169
 578 0443 82       		.byte	0x82
 579 0444 04       		.uleb128 0x4
 580 0445 320F0000 		.4byte	.LASF170
 581 0449 83       		.byte	0x83
 582 044a 04       		.uleb128 0x4
 583 044b C70F0000 		.4byte	.LASF171
 584 044f 84       		.byte	0x84
 585 0450 04       		.uleb128 0x4
 586 0451 5E0B0000 		.4byte	.LASF172
 587 0455 85       		.byte	0x85
 588 0456 04       		.uleb128 0x4
 589 0457 AF110000 		.4byte	.LASF173
 590 045b 86       		.byte	0x86
 591 045c 04       		.uleb128 0x4
 592 045d C10C0000 		.4byte	.LASF174
 593 0461 87       		.byte	0x87
 594 0462 04       		.uleb128 0x4
 595 0463 24080000 		.4byte	.LASF175
 596 0467 88       		.byte	0x88
 597 0468 04       		.uleb128 0x4
 598 0469 970B0000 		.4byte	.LASF176
 599 046d 89       		.byte	0x89
 600 046e 04       		.uleb128 0x4
 601 046f F90E0000 		.4byte	.LASF177
 602 0473 8A       		.byte	0x8a
 603 0474 04       		.uleb128 0x4
 604 0475 6B040000 		.4byte	.LASF178
 605 0479 8B       		.byte	0x8b
 606 047a 04       		.uleb128 0x4
 607 047b 940E0000 		.4byte	.LASF179
 608 047f 8C       		.byte	0x8c
 609 0480 04       		.uleb128 0x4
 610 0481 76070000 		.4byte	.LASF180
 611 0485 8D       		.byte	0x8d
 612 0486 04       		.uleb128 0x4
 613 0487 7E110000 		.4byte	.LASF181
 614 048b 8E       		.byte	0x8e
 615 048c 04       		.uleb128 0x4
 616 048d 8F0A0000 		.4byte	.LASF182
 617 0491 8F       		.byte	0x8f
 618 0492 04       		.uleb128 0x4
 619 0493 B6060000 		.4byte	.LASF183
 620 0497 90       		.byte	0x90
 621 0498 04       		.uleb128 0x4
 622 0499 88010000 		.4byte	.LASF184
 623 049d 91       		.byte	0x91
 624 049e 04       		.uleb128 0x4
 625 049f 11020000 		.4byte	.LASF185
 626 04a3 92       		.byte	0x92
 627 04a4 04       		.uleb128 0x4
ARM GAS  C:\Users\PC\AppData\Local\Temp\ccqHtmJ7.s 			page 12


 628 04a5 65080000 		.4byte	.LASF186
 629 04a9 F0       		.byte	0xf0
 630 04aa 00       		.byte	0
 631 04ab 05       		.uleb128 0x5
 632 04ac 01       		.byte	0x1
 633 04ad 08       		.byte	0x8
 634 04ae AE0B0000 		.4byte	.LASF188
 635 04b2 07       		.uleb128 0x7
 636 04b3 40020000 		.4byte	.LASF190
 637 04b7 01       		.byte	0x1
 638 04b8 9201     		.2byte	0x192
 639 04ba 26010000 		.4byte	0x126
 640 04be 05       		.uleb128 0x5
 641 04bf 01       		.byte	0x1
 642 04c0 06       		.byte	0x6
 643 04c1 AC020000 		.4byte	.LASF191
 644 04c5 05       		.uleb128 0x5
 645 04c6 02       		.byte	0x2
 646 04c7 07       		.byte	0x7
 647 04c8 F9060000 		.4byte	.LASF192
 648 04cc 05       		.uleb128 0x5
 649 04cd 04       		.byte	0x4
 650 04ce 05       		.byte	0x5
 651 04cf 43030000 		.4byte	.LASF193
 652 04d3 06       		.uleb128 0x6
 653 04d4 FA040000 		.4byte	.LASF194
 654 04d8 02       		.byte	0x2
 655 04d9 41       		.byte	0x41
 656 04da DE040000 		.4byte	0x4de
 657 04de 05       		.uleb128 0x5
 658 04df 04       		.byte	0x4
 659 04e0 07       		.byte	0x7
 660 04e1 34060000 		.4byte	.LASF195
 661 04e5 05       		.uleb128 0x5
 662 04e6 08       		.byte	0x8
 663 04e7 05       		.byte	0x5
 664 04e8 9E020000 		.4byte	.LASF196
 665 04ec 05       		.uleb128 0x5
 666 04ed 08       		.byte	0x8
 667 04ee 07       		.byte	0x7
 668 04ef 71010000 		.4byte	.LASF197
 669 04f3 08       		.uleb128 0x8
 670 04f4 04       		.byte	0x4
 671 04f5 05       		.byte	0x5
 672 04f6 696E7400 		.ascii	"int\000"
 673 04fa 05       		.uleb128 0x5
 674 04fb 04       		.byte	0x4
 675 04fc 07       		.byte	0x7
 676 04fd 2B0C0000 		.4byte	.LASF198
 677 0501 06       		.uleb128 0x6
 678 0502 970D0000 		.4byte	.LASF199
 679 0506 03       		.byte	0x3
 680 0507 30       		.byte	0x30
 681 0508 D3040000 		.4byte	0x4d3
 682 050c 05       		.uleb128 0x5
 683 050d 04       		.byte	0x4
 684 050e 07       		.byte	0x7
ARM GAS  C:\Users\PC\AppData\Local\Temp\ccqHtmJ7.s 			page 13


 685 050f F4080000 		.4byte	.LASF200
 686 0513 05       		.uleb128 0x5
 687 0514 01       		.byte	0x1
 688 0515 08       		.byte	0x8
 689 0516 BB0E0000 		.4byte	.LASF201
 690 051a 05       		.uleb128 0x5
 691 051b 04       		.byte	0x4
 692 051c 04       		.byte	0x4
 693 051d A50A0000 		.4byte	.LASF202
 694 0521 05       		.uleb128 0x5
 695 0522 08       		.byte	0x8
 696 0523 04       		.byte	0x4
 697 0524 48040000 		.4byte	.LASF203
 698 0528 05       		.uleb128 0x5
 699 0529 08       		.byte	0x8
 700 052a 04       		.byte	0x4
 701 052b AF0E0000 		.4byte	.LASF204
 702 052f 09       		.uleb128 0x9
 703 0530 08       		.byte	0x8
 704 0531 04       		.byte	0x4
 705 0532 EB       		.byte	0xeb
 706 0533 5C050000 		.4byte	0x55c
 707 0537 0A       		.uleb128 0xa
 708 0538 DC030000 		.4byte	.LASF205
 709 053c 04       		.byte	0x4
 710 053d EC       		.byte	0xec
 711 053e 1B010000 		.4byte	0x11b
 712 0542 00       		.byte	0
 713 0543 0A       		.uleb128 0xa
 714 0544 FD020000 		.4byte	.LASF206
 715 0548 04       		.byte	0x4
 716 0549 EE       		.byte	0xee
 717 054a B2040000 		.4byte	0x4b2
 718 054e 02       		.byte	0x2
 719 054f 0A       		.uleb128 0xa
 720 0550 DB120000 		.4byte	.LASF207
 721 0554 04       		.byte	0x4
 722 0555 F0       		.byte	0xf0
 723 0556 01050000 		.4byte	0x501
 724 055a 04       		.byte	0x4
 725 055b 00       		.byte	0
 726 055c 06       		.uleb128 0x6
 727 055d 41090000 		.4byte	.LASF208
 728 0561 04       		.byte	0x4
 729 0562 F1       		.byte	0xf1
 730 0563 2F050000 		.4byte	0x52f
 731 0567 05       		.uleb128 0x5
 732 0568 01       		.byte	0x1
 733 0569 02       		.byte	0x2
 734 056a 910B0000 		.4byte	.LASF209
 735 056e 0B       		.uleb128 0xb
 736 056f 04       		.byte	0x4
 737 0570 05       		.byte	0x5
 738 0571 0002     		.2byte	0x200
 739 0573 85050000 		.4byte	0x585
 740 0577 0C       		.uleb128 0xc
 741 0578 BA0D0000 		.4byte	.LASF210
ARM GAS  C:\Users\PC\AppData\Local\Temp\ccqHtmJ7.s 			page 14


 742 057c 05       		.byte	0x5
 743 057d 2D02     		.2byte	0x22d
 744 057f 85050000 		.4byte	0x585
 745 0583 00       		.byte	0
 746 0584 00       		.byte	0
 747 0585 0D       		.uleb128 0xd
 748 0586 04       		.byte	0x4
 749 0587 8B050000 		.4byte	0x58b
 750 058b 0E       		.uleb128 0xe
 751 058c 5C050000 		.4byte	0x55c
 752 0590 07       		.uleb128 0x7
 753 0591 FF030000 		.4byte	.LASF211
 754 0595 05       		.byte	0x5
 755 0596 4402     		.2byte	0x244
 756 0598 6E050000 		.4byte	0x56e
 757 059c 0F       		.uleb128 0xf
 758 059d 570F0000 		.4byte	.LASF212
 759 05a1 06       		.byte	0x6
 760 05a2 5801     		.2byte	0x158
 761 05a4 90050000 		.4byte	0x590
 762 05a8 05       		.uleb128 0x5
 763 05a9 03       		.byte	0x3
 764 05aa 00000000 		.4byte	cy_ble_config
 765 05ae 10       		.uleb128 0x10
 766 05af 82030000 		.4byte	.LASF213
 767 05b3 07       		.byte	0x7
 768 05b4 20       		.byte	0x20
 769 05b5 8B050000 		.4byte	0x58b
 770 05b9 00       		.byte	0
 771              		.section	.debug_abbrev,"",%progbits
 772              	.Ldebug_abbrev0:
 773 0000 01       		.uleb128 0x1
 774 0001 11       		.uleb128 0x11
 775 0002 01       		.byte	0x1
 776 0003 25       		.uleb128 0x25
 777 0004 0E       		.uleb128 0xe
 778 0005 13       		.uleb128 0x13
 779 0006 0B       		.uleb128 0xb
 780 0007 03       		.uleb128 0x3
 781 0008 0E       		.uleb128 0xe
 782 0009 1B       		.uleb128 0x1b
 783 000a 0E       		.uleb128 0xe
 784 000b 10       		.uleb128 0x10
 785 000c 17       		.uleb128 0x17
 786 000d 00       		.byte	0
 787 000e 00       		.byte	0
 788 000f 02       		.uleb128 0x2
 789 0010 04       		.uleb128 0x4
 790 0011 01       		.byte	0x1
 791 0012 0B       		.uleb128 0xb
 792 0013 0B       		.uleb128 0xb
 793 0014 49       		.uleb128 0x49
 794 0015 13       		.uleb128 0x13
 795 0016 3A       		.uleb128 0x3a
 796 0017 0B       		.uleb128 0xb
 797 0018 3B       		.uleb128 0x3b
 798 0019 0B       		.uleb128 0xb
ARM GAS  C:\Users\PC\AppData\Local\Temp\ccqHtmJ7.s 			page 15


 799 001a 01       		.uleb128 0x1
 800 001b 13       		.uleb128 0x13
 801 001c 00       		.byte	0
 802 001d 00       		.byte	0
 803 001e 03       		.uleb128 0x3
 804 001f 28       		.uleb128 0x28
 805 0020 00       		.byte	0
 806 0021 03       		.uleb128 0x3
 807 0022 0E       		.uleb128 0xe
 808 0023 1C       		.uleb128 0x1c
 809 0024 0D       		.uleb128 0xd
 810 0025 00       		.byte	0
 811 0026 00       		.byte	0
 812 0027 04       		.uleb128 0x4
 813 0028 28       		.uleb128 0x28
 814 0029 00       		.byte	0
 815 002a 03       		.uleb128 0x3
 816 002b 0E       		.uleb128 0xe
 817 002c 1C       		.uleb128 0x1c
 818 002d 0B       		.uleb128 0xb
 819 002e 00       		.byte	0
 820 002f 00       		.byte	0
 821 0030 05       		.uleb128 0x5
 822 0031 24       		.uleb128 0x24
 823 0032 00       		.byte	0
 824 0033 0B       		.uleb128 0xb
 825 0034 0B       		.uleb128 0xb
 826 0035 3E       		.uleb128 0x3e
 827 0036 0B       		.uleb128 0xb
 828 0037 03       		.uleb128 0x3
 829 0038 0E       		.uleb128 0xe
 830 0039 00       		.byte	0
 831 003a 00       		.byte	0
 832 003b 06       		.uleb128 0x6
 833 003c 16       		.uleb128 0x16
 834 003d 00       		.byte	0
 835 003e 03       		.uleb128 0x3
 836 003f 0E       		.uleb128 0xe
 837 0040 3A       		.uleb128 0x3a
 838 0041 0B       		.uleb128 0xb
 839 0042 3B       		.uleb128 0x3b
 840 0043 0B       		.uleb128 0xb
 841 0044 49       		.uleb128 0x49
 842 0045 13       		.uleb128 0x13
 843 0046 00       		.byte	0
 844 0047 00       		.byte	0
 845 0048 07       		.uleb128 0x7
 846 0049 16       		.uleb128 0x16
 847 004a 00       		.byte	0
 848 004b 03       		.uleb128 0x3
 849 004c 0E       		.uleb128 0xe
 850 004d 3A       		.uleb128 0x3a
 851 004e 0B       		.uleb128 0xb
 852 004f 3B       		.uleb128 0x3b
 853 0050 05       		.uleb128 0x5
 854 0051 49       		.uleb128 0x49
 855 0052 13       		.uleb128 0x13
ARM GAS  C:\Users\PC\AppData\Local\Temp\ccqHtmJ7.s 			page 16


 856 0053 00       		.byte	0
 857 0054 00       		.byte	0
 858 0055 08       		.uleb128 0x8
 859 0056 24       		.uleb128 0x24
 860 0057 00       		.byte	0
 861 0058 0B       		.uleb128 0xb
 862 0059 0B       		.uleb128 0xb
 863 005a 3E       		.uleb128 0x3e
 864 005b 0B       		.uleb128 0xb
 865 005c 03       		.uleb128 0x3
 866 005d 08       		.uleb128 0x8
 867 005e 00       		.byte	0
 868 005f 00       		.byte	0
 869 0060 09       		.uleb128 0x9
 870 0061 13       		.uleb128 0x13
 871 0062 01       		.byte	0x1
 872 0063 0B       		.uleb128 0xb
 873 0064 0B       		.uleb128 0xb
 874 0065 3A       		.uleb128 0x3a
 875 0066 0B       		.uleb128 0xb
 876 0067 3B       		.uleb128 0x3b
 877 0068 0B       		.uleb128 0xb
 878 0069 01       		.uleb128 0x1
 879 006a 13       		.uleb128 0x13
 880 006b 00       		.byte	0
 881 006c 00       		.byte	0
 882 006d 0A       		.uleb128 0xa
 883 006e 0D       		.uleb128 0xd
 884 006f 00       		.byte	0
 885 0070 03       		.uleb128 0x3
 886 0071 0E       		.uleb128 0xe
 887 0072 3A       		.uleb128 0x3a
 888 0073 0B       		.uleb128 0xb
 889 0074 3B       		.uleb128 0x3b
 890 0075 0B       		.uleb128 0xb
 891 0076 49       		.uleb128 0x49
 892 0077 13       		.uleb128 0x13
 893 0078 38       		.uleb128 0x38
 894 0079 0B       		.uleb128 0xb
 895 007a 00       		.byte	0
 896 007b 00       		.byte	0
 897 007c 0B       		.uleb128 0xb
 898 007d 13       		.uleb128 0x13
 899 007e 01       		.byte	0x1
 900 007f 0B       		.uleb128 0xb
 901 0080 0B       		.uleb128 0xb
 902 0081 3A       		.uleb128 0x3a
 903 0082 0B       		.uleb128 0xb
 904 0083 3B       		.uleb128 0x3b
 905 0084 05       		.uleb128 0x5
 906 0085 01       		.uleb128 0x1
 907 0086 13       		.uleb128 0x13
 908 0087 00       		.byte	0
 909 0088 00       		.byte	0
 910 0089 0C       		.uleb128 0xc
 911 008a 0D       		.uleb128 0xd
 912 008b 00       		.byte	0
ARM GAS  C:\Users\PC\AppData\Local\Temp\ccqHtmJ7.s 			page 17


 913 008c 03       		.uleb128 0x3
 914 008d 0E       		.uleb128 0xe
 915 008e 3A       		.uleb128 0x3a
 916 008f 0B       		.uleb128 0xb
 917 0090 3B       		.uleb128 0x3b
 918 0091 05       		.uleb128 0x5
 919 0092 49       		.uleb128 0x49
 920 0093 13       		.uleb128 0x13
 921 0094 38       		.uleb128 0x38
 922 0095 0B       		.uleb128 0xb
 923 0096 00       		.byte	0
 924 0097 00       		.byte	0
 925 0098 0D       		.uleb128 0xd
 926 0099 0F       		.uleb128 0xf
 927 009a 00       		.byte	0
 928 009b 0B       		.uleb128 0xb
 929 009c 0B       		.uleb128 0xb
 930 009d 49       		.uleb128 0x49
 931 009e 13       		.uleb128 0x13
 932 009f 00       		.byte	0
 933 00a0 00       		.byte	0
 934 00a1 0E       		.uleb128 0xe
 935 00a2 26       		.uleb128 0x26
 936 00a3 00       		.byte	0
 937 00a4 49       		.uleb128 0x49
 938 00a5 13       		.uleb128 0x13
 939 00a6 00       		.byte	0
 940 00a7 00       		.byte	0
 941 00a8 0F       		.uleb128 0xf
 942 00a9 34       		.uleb128 0x34
 943 00aa 00       		.byte	0
 944 00ab 03       		.uleb128 0x3
 945 00ac 0E       		.uleb128 0xe
 946 00ad 3A       		.uleb128 0x3a
 947 00ae 0B       		.uleb128 0xb
 948 00af 3B       		.uleb128 0x3b
 949 00b0 05       		.uleb128 0x5
 950 00b1 49       		.uleb128 0x49
 951 00b2 13       		.uleb128 0x13
 952 00b3 3F       		.uleb128 0x3f
 953 00b4 19       		.uleb128 0x19
 954 00b5 02       		.uleb128 0x2
 955 00b6 18       		.uleb128 0x18
 956 00b7 00       		.byte	0
 957 00b8 00       		.byte	0
 958 00b9 10       		.uleb128 0x10
 959 00ba 34       		.uleb128 0x34
 960 00bb 00       		.byte	0
 961 00bc 03       		.uleb128 0x3
 962 00bd 0E       		.uleb128 0xe
 963 00be 3A       		.uleb128 0x3a
 964 00bf 0B       		.uleb128 0xb
 965 00c0 3B       		.uleb128 0x3b
 966 00c1 0B       		.uleb128 0xb
 967 00c2 49       		.uleb128 0x49
 968 00c3 13       		.uleb128 0x13
 969 00c4 3F       		.uleb128 0x3f
ARM GAS  C:\Users\PC\AppData\Local\Temp\ccqHtmJ7.s 			page 18


 970 00c5 19       		.uleb128 0x19
 971 00c6 3C       		.uleb128 0x3c
 972 00c7 19       		.uleb128 0x19
 973 00c8 00       		.byte	0
 974 00c9 00       		.byte	0
 975 00ca 00       		.byte	0
 976              		.section	.debug_aranges,"",%progbits
 977 0000 14000000 		.4byte	0x14
 978 0004 0200     		.2byte	0x2
 979 0006 00000000 		.4byte	.Ldebug_info0
 980 000a 04       		.byte	0x4
 981 000b 00       		.byte	0
 982 000c 0000     		.2byte	0
 983 000e 0000     		.2byte	0
 984 0010 00000000 		.4byte	0
 985 0014 00000000 		.4byte	0
 986              		.section	.debug_line,"",%progbits
 987              	.Ldebug_line0:
 988 0000 1F020000 		.section	.debug_str,"MS",%progbits,1
 988      02001902 
 988      00000201 
 988      FB0E0D00 
 988      01010101 
 989              	.LASF152:
 990 0000 74637077 		.ascii	"tcpwm_1_interrupts_15_IRQn\000"
 990      6D5F315F 
 990      696E7465 
 990      72727570 
 990      74735F31 
 991              	.LASF41:
 992 001b 696F7373 		.ascii	"ioss_interrupts_gpio_2_IRQn\000"
 992      5F696E74 
 992      65727275 
 992      7074735F 
 992      6770696F 
 993              	.LASF85:
 994 0037 7363625F 		.ascii	"scb_5_interrupt_IRQn\000"
 994      355F696E 
 994      74657272 
 994      7570745F 
 994      4952516E 
 995              	.LASF21:
 996 004c 4E766963 		.ascii	"NvicMux15_IRQn\000"
 996      4D757831 
 996      355F4952 
 996      516E00
 997              	.LASF133:
 998 005b 74637077 		.ascii	"tcpwm_0_interrupts_4_IRQn\000"
 998      6D5F305F 
 998      696E7465 
 998      72727570 
 998      74735F34 
 999              	.LASF61:
 1000 0075 73727373 		.ascii	"srss_interrupt_IRQn\000"
 1000      5F696E74 
 1000      65727275 
 1000      70745F49 
ARM GAS  C:\Users\PC\AppData\Local\Temp\ccqHtmJ7.s 			page 19


 1000      52516E00 
 1001              	.LASF57:
 1002 0089 7363625F 		.ascii	"scb_8_interrupt_IRQn\000"
 1002      385F696E 
 1002      74657272 
 1002      7570745F 
 1002      4952516E 
 1003              	.LASF90:
 1004 009e 63707573 		.ascii	"cpuss_interrupts_dw0_1_IRQn\000"
 1004      735F696E 
 1004      74657272 
 1004      75707473 
 1004      5F647730 
 1005              	.LASF8:
 1006 00ba 4E766963 		.ascii	"NvicMux2_IRQn\000"
 1006      4D757832 
 1006      5F495251 
 1006      6E00
 1007              	.LASF63:
 1008 00c8 626C6573 		.ascii	"bless_interrupt_IRQn\000"
 1008      735F696E 
 1008      74657272 
 1008      7570745F 
 1008      4952516E 
 1009              	.LASF162:
 1010 00dd 7564625F 		.ascii	"udb_interrupts_1_IRQn\000"
 1010      696E7465 
 1010      72727570 
 1010      74735F31 
 1010      5F495251 
 1011              	.LASF80:
 1012 00f3 7363625F 		.ascii	"scb_0_interrupt_IRQn\000"
 1012      305F696E 
 1012      74657272 
 1012      7570745F 
 1012      4952516E 
 1013              	.LASF145:
 1014 0108 74637077 		.ascii	"tcpwm_1_interrupts_8_IRQn\000"
 1014      6D5F315F 
 1014      696E7465 
 1014      72727570 
 1014      74735F38 
 1015              	.LASF68:
 1016 0122 63707573 		.ascii	"cpuss_interrupts_ipc_4_IRQn\000"
 1016      735F696E 
 1016      74657272 
 1016      75707473 
 1016      5F697063 
 1017              	.LASF75:
 1018 013e 63707573 		.ascii	"cpuss_interrupts_ipc_11_IRQn\000"
 1018      735F696E 
 1018      74657272 
 1018      75707473 
 1018      5F697063 
 1019              	.LASF161:
 1020 015b 7564625F 		.ascii	"udb_interrupts_0_IRQn\000"
 1020      696E7465 
ARM GAS  C:\Users\PC\AppData\Local\Temp\ccqHtmJ7.s 			page 20


 1020      72727570 
 1020      74735F30 
 1020      5F495251 
 1021              	.LASF197:
 1022 0171 6C6F6E67 		.ascii	"long long unsigned int\000"
 1022      206C6F6E 
 1022      6720756E 
 1022      7369676E 
 1022      65642069 
 1023              	.LASF184:
 1024 0188 7573625F 		.ascii	"usb_interrupt_lo_IRQn\000"
 1024      696E7465 
 1024      72727570 
 1024      745F6C6F 
 1024      5F495251 
 1025              	.LASF147:
 1026 019e 74637077 		.ascii	"tcpwm_1_interrupts_10_IRQn\000"
 1026      6D5F315F 
 1026      696E7465 
 1026      72727570 
 1026      74735F31 
 1027              	.LASF39:
 1028 01b9 696F7373 		.ascii	"ioss_interrupts_gpio_0_IRQn\000"
 1028      5F696E74 
 1028      65727275 
 1028      7074735F 
 1028      6770696F 
 1029              	.LASF126:
 1030 01d5 63707573 		.ascii	"cpuss_interrupts_cm0_cti_1_IRQn\000"
 1030      735F696E 
 1030      74657272 
 1030      75707473 
 1030      5F636D30 
 1031              	.LASF48:
 1032 01f5 696F7373 		.ascii	"ioss_interrupts_gpio_9_IRQn\000"
 1032      5F696E74 
 1032      65727275 
 1032      7074735F 
 1032      6770696F 
 1033              	.LASF185:
 1034 0211 70617373 		.ascii	"pass_interrupt_dacs_IRQn\000"
 1034      5F696E74 
 1034      65727275 
 1034      70745F64 
 1034      6163735F 
 1035              	.LASF167:
 1036 022a 7564625F 		.ascii	"udb_interrupts_6_IRQn\000"
 1036      696E7465 
 1036      72727570 
 1036      74735F36 
 1036      5F495251 
 1037              	.LASF190:
 1038 0240 63795F65 		.ascii	"cy_en_intr_t\000"
 1038      6E5F696E 
 1038      74725F74 
 1038      00
 1039              	.LASF30:
ARM GAS  C:\Users\PC\AppData\Local\Temp\ccqHtmJ7.s 			page 21


 1040 024d 4E766963 		.ascii	"NvicMux24_IRQn\000"
 1040      4D757832 
 1040      345F4952 
 1040      516E00
 1041              	.LASF0:
 1042 025c 52657365 		.ascii	"Reset_IRQn\000"
 1042      745F4952 
 1042      516E00
 1043              	.LASF153:
 1044 0267 74637077 		.ascii	"tcpwm_1_interrupts_16_IRQn\000"
 1044      6D5F315F 
 1044      696E7465 
 1044      72727570 
 1044      74735F31 
 1045              	.LASF123:
 1046 0282 63707573 		.ascii	"cpuss_interrupt_crypto_IRQn\000"
 1046      735F696E 
 1046      74657272 
 1046      7570745F 
 1046      63727970 
 1047              	.LASF196:
 1048 029e 6C6F6E67 		.ascii	"long long int\000"
 1048      206C6F6E 
 1048      6720696E 
 1048      7400
 1049              	.LASF191:
 1050 02ac 7369676E 		.ascii	"signed char\000"
 1050      65642063 
 1050      68617200 
 1051              	.LASF22:
 1052 02b8 4E766963 		.ascii	"NvicMux16_IRQn\000"
 1052      4D757831 
 1052      365F4952 
 1052      516E00
 1053              	.LASF134:
 1054 02c7 74637077 		.ascii	"tcpwm_0_interrupts_5_IRQn\000"
 1054      6D5F305F 
 1054      696E7465 
 1054      72727570 
 1054      74735F35 
 1055              	.LASF114:
 1056 02e1 63707573 		.ascii	"cpuss_interrupts_dw1_9_IRQn\000"
 1056      735F696E 
 1056      74657272 
 1056      75707473 
 1056      5F647731 
 1057              	.LASF206:
 1058 02fd 636D3070 		.ascii	"cm0pSrc\000"
 1058      53726300 
 1059              	.LASF9:
 1060 0305 4E766963 		.ascii	"NvicMux3_IRQn\000"
 1060      4D757833 
 1060      5F495251 
 1060      6E00
 1061              	.LASF56:
 1062 0313 6C70636F 		.ascii	"lpcomp_interrupt_IRQn\000"
 1062      6D705F69 
ARM GAS  C:\Users\PC\AppData\Local\Temp\ccqHtmJ7.s 			page 22


 1062      6E746572 
 1062      72757074 
 1062      5F495251 
 1063              	.LASF137:
 1064 0329 74637077 		.ascii	"tcpwm_1_interrupts_0_IRQn\000"
 1064      6D5F315F 
 1064      696E7465 
 1064      72727570 
 1064      74735F30 
 1065              	.LASF193:
 1066 0343 6C6F6E67 		.ascii	"long int\000"
 1066      20696E74 
 1066      00
 1067              	.LASF146:
 1068 034c 74637077 		.ascii	"tcpwm_1_interrupts_9_IRQn\000"
 1068      6D5F315F 
 1068      696E7465 
 1068      72727570 
 1068      74735F39 
 1069              	.LASF69:
 1070 0366 63707573 		.ascii	"cpuss_interrupts_ipc_5_IRQn\000"
 1070      735F696E 
 1070      74657272 
 1070      75707473 
 1070      5F697063 
 1071              	.LASF213:
 1072 0382 424C455F 		.ascii	"BLE_bless_isr_cfg\000"
 1072      626C6573 
 1072      735F6973 
 1072      725F6366 
 1072      6700
 1073              	.LASF76:
 1074 0394 63707573 		.ascii	"cpuss_interrupts_ipc_12_IRQn\000"
 1074      735F696E 
 1074      74657272 
 1074      75707473 
 1074      5F697063 
 1075              	.LASF113:
 1076 03b1 63707573 		.ascii	"cpuss_interrupts_dw1_8_IRQn\000"
 1076      735F696E 
 1076      74657272 
 1076      75707473 
 1076      5F647731 
 1077              	.LASF34:
 1078 03cd 4E766963 		.ascii	"NvicMux28_IRQn\000"
 1078      4D757832 
 1078      385F4952 
 1078      516E00
 1079              	.LASF205:
 1080 03dc 696E7472 		.ascii	"intrSrc\000"
 1080      53726300 
 1081              	.LASF148:
 1082 03e4 74637077 		.ascii	"tcpwm_1_interrupts_11_IRQn\000"
 1082      6D5F315F 
 1082      696E7465 
 1082      72727570 
 1082      74735F31 
ARM GAS  C:\Users\PC\AppData\Local\Temp\ccqHtmJ7.s 			page 23


 1083              	.LASF211:
 1084 03ff 63795F73 		.ascii	"cy_stc_ble_config_t\000"
 1084      74635F62 
 1084      6C655F63 
 1084      6F6E6669 
 1084      675F7400 
 1085              	.LASF54:
 1086 0413 696F7373 		.ascii	"ioss_interrupt_gpio_IRQn\000"
 1086      5F696E74 
 1086      65727275 
 1086      70745F67 
 1086      70696F5F 
 1087              	.LASF58:
 1088 042c 73727373 		.ascii	"srss_interrupt_mcwdt_0_IRQn\000"
 1088      5F696E74 
 1088      65727275 
 1088      70745F6D 
 1088      63776474 
 1089              	.LASF203:
 1090 0448 646F7562 		.ascii	"double\000"
 1090      6C6500
 1091              	.LASF93:
 1092 044f 63707573 		.ascii	"cpuss_interrupts_dw0_4_IRQn\000"
 1092      735F696E 
 1092      74657272 
 1092      75707473 
 1092      5F647730 
 1093              	.LASF178:
 1094 046b 61756469 		.ascii	"audioss_interrupt_i2s_IRQn\000"
 1094      6F73735F 
 1094      696E7465 
 1094      72727570 
 1094      745F6932 
 1095              	.LASF95:
 1096 0486 63707573 		.ascii	"cpuss_interrupts_dw0_6_IRQn\000"
 1096      735F696E 
 1096      74657272 
 1096      75707473 
 1096      5F647730 
 1097              	.LASF128:
 1098 04a2 63707573 		.ascii	"cpuss_interrupts_cm4_cti_1_IRQn\000"
 1098      735F696E 
 1098      74657272 
 1098      75707473 
 1098      5F636D34 
 1099              	.LASF37:
 1100 04c2 4E766963 		.ascii	"NvicMux31_IRQn\000"
 1100      4D757833 
 1100      315F4952 
 1100      516E00
 1101              	.LASF23:
 1102 04d1 4E766963 		.ascii	"NvicMux17_IRQn\000"
 1102      4D757831 
 1102      375F4952 
 1102      516E00
 1103              	.LASF135:
 1104 04e0 74637077 		.ascii	"tcpwm_0_interrupts_6_IRQn\000"
ARM GAS  C:\Users\PC\AppData\Local\Temp\ccqHtmJ7.s 			page 24


 1104      6D5F305F 
 1104      696E7465 
 1104      72727570 
 1104      74735F36 
 1105              	.LASF194:
 1106 04fa 5F5F7569 		.ascii	"__uint32_t\000"
 1106      6E743332 
 1106      5F7400
 1107              	.LASF81:
 1108 0505 7363625F 		.ascii	"scb_1_interrupt_IRQn\000"
 1108      315F696E 
 1108      74657272 
 1108      7570745F 
 1108      4952516E 
 1109              	.LASF10:
 1110 051a 4E766963 		.ascii	"NvicMux4_IRQn\000"
 1110      4D757834 
 1110      5F495251 
 1110      6E00
 1111              	.LASF62:
 1112 0528 70617373 		.ascii	"pass_interrupt_ctbs_IRQn\000"
 1112      5F696E74 
 1112      65727275 
 1112      70745F63 
 1112      7462735F 
 1113              	.LASF82:
 1114 0541 7363625F 		.ascii	"scb_2_interrupt_IRQn\000"
 1114      325F696E 
 1114      74657272 
 1114      7570745F 
 1114      4952516E 
 1115              	.LASF103:
 1116 0556 63707573 		.ascii	"cpuss_interrupts_dw0_14_IRQn\000"
 1116      735F696E 
 1116      74657272 
 1116      75707473 
 1116      5F647730 
 1117              	.LASF44:
 1118 0573 696F7373 		.ascii	"ioss_interrupts_gpio_5_IRQn\000"
 1118      5F696E74 
 1118      65727275 
 1118      7074735F 
 1118      6770696F 
 1119              	.LASF70:
 1120 058f 63707573 		.ascii	"cpuss_interrupts_ipc_6_IRQn\000"
 1120      735F696E 
 1120      74657272 
 1120      75707473 
 1120      5F697063 
 1121              	.LASF163:
 1122 05ab 7564625F 		.ascii	"udb_interrupts_2_IRQn\000"
 1122      696E7465 
 1122      72727570 
 1122      74735F32 
 1122      5F495251 
 1123              	.LASF52:
 1124 05c1 696F7373 		.ascii	"ioss_interrupts_gpio_13_IRQn\000"
ARM GAS  C:\Users\PC\AppData\Local\Temp\ccqHtmJ7.s 			page 25


 1124      5F696E74 
 1124      65727275 
 1124      7074735F 
 1124      6770696F 
 1125              	.LASF26:
 1126 05de 4E766963 		.ascii	"NvicMux20_IRQn\000"
 1126      4D757832 
 1126      305F4952 
 1126      516E00
 1127              	.LASF35:
 1128 05ed 4E766963 		.ascii	"NvicMux29_IRQn\000"
 1128      4D757832 
 1128      395F4952 
 1128      516E00
 1129              	.LASF149:
 1130 05fc 74637077 		.ascii	"tcpwm_1_interrupts_12_IRQn\000"
 1130      6D5F315F 
 1130      696E7465 
 1130      72727570 
 1130      74735F31 
 1131              	.LASF118:
 1132 0617 63707573 		.ascii	"cpuss_interrupts_dw1_13_IRQn\000"
 1132      735F696E 
 1132      74657272 
 1132      75707473 
 1132      5F647731 
 1133              	.LASF195:
 1134 0634 6C6F6E67 		.ascii	"long unsigned int\000"
 1134      20756E73 
 1134      69676E65 
 1134      6420696E 
 1134      7400
 1135              	.LASF59:
 1136 0646 73727373 		.ascii	"srss_interrupt_mcwdt_1_IRQn\000"
 1136      5F696E74 
 1136      65727275 
 1136      70745F6D 
 1136      63776474 
 1137              	.LASF91:
 1138 0662 63707573 		.ascii	"cpuss_interrupts_dw0_2_IRQn\000"
 1138      735F696E 
 1138      74657272 
 1138      75707473 
 1138      5F647730 
 1139              	.LASF18:
 1140 067e 4E766963 		.ascii	"NvicMux12_IRQn\000"
 1140      4D757831 
 1140      325F4952 
 1140      516E00
 1141              	.LASF130:
 1142 068d 74637077 		.ascii	"tcpwm_0_interrupts_1_IRQn\000"
 1142      6D5F305F 
 1142      696E7465 
 1142      72727570 
 1142      74735F31 
 1143              	.LASF32:
 1144 06a7 4E766963 		.ascii	"NvicMux26_IRQn\000"
ARM GAS  C:\Users\PC\AppData\Local\Temp\ccqHtmJ7.s 			page 26


 1144      4D757832 
 1144      365F4952 
 1144      516E00
 1145              	.LASF183:
 1146 06b6 7573625F 		.ascii	"usb_interrupt_med_IRQn\000"
 1146      696E7465 
 1146      72727570 
 1146      745F6D65 
 1146      645F4952 
 1147              	.LASF121:
 1148 06cd 63707573 		.ascii	"cpuss_interrupts_fault_0_IRQn\000"
 1148      735F696E 
 1148      74657272 
 1148      75707473 
 1148      5F666175 
 1149              	.LASF14:
 1150 06eb 4E766963 		.ascii	"NvicMux8_IRQn\000"
 1150      4D757838 
 1150      5F495251 
 1150      6E00
 1151              	.LASF192:
 1152 06f9 73686F72 		.ascii	"short unsigned int\000"
 1152      7420756E 
 1152      7369676E 
 1152      65642069 
 1152      6E7400
 1153              	.LASF142:
 1154 070c 74637077 		.ascii	"tcpwm_1_interrupts_5_IRQn\000"
 1154      6D5F315F 
 1154      696E7465 
 1154      72727570 
 1154      74735F35 
 1155              	.LASF65:
 1156 0726 63707573 		.ascii	"cpuss_interrupts_ipc_1_IRQn\000"
 1156      735F696E 
 1156      74657272 
 1156      75707473 
 1156      5F697063 
 1157              	.LASF109:
 1158 0742 63707573 		.ascii	"cpuss_interrupts_dw1_4_IRQn\000"
 1158      735F696E 
 1158      74657272 
 1158      75707473 
 1158      5F647731 
 1159              	.LASF124:
 1160 075e 63707573 		.ascii	"cpuss_interrupt_fm_IRQn\000"
 1160      735F696E 
 1160      74657272 
 1160      7570745F 
 1160      666D5F49 
 1161              	.LASF180:
 1162 0776 70726F66 		.ascii	"profile_interrupt_IRQn\000"
 1162      696C655F 
 1162      696E7465 
 1162      72727570 
 1162      745F4952 
 1163              	.LASF112:
ARM GAS  C:\Users\PC\AppData\Local\Temp\ccqHtmJ7.s 			page 27


 1164 078d 63707573 		.ascii	"cpuss_interrupts_dw1_7_IRQn\000"
 1164      735F696E 
 1164      74657272 
 1164      75707473 
 1164      5F647731 
 1165              	.LASF104:
 1166 07a9 63707573 		.ascii	"cpuss_interrupts_dw0_15_IRQn\000"
 1166      735F696E 
 1166      74657272 
 1166      75707473 
 1166      5F647730 
 1167              	.LASF45:
 1168 07c6 696F7373 		.ascii	"ioss_interrupts_gpio_6_IRQn\000"
 1168      5F696E74 
 1168      65727275 
 1168      7074735F 
 1168      6770696F 
 1169              	.LASF164:
 1170 07e2 7564625F 		.ascii	"udb_interrupts_3_IRQn\000"
 1170      696E7465 
 1170      72727570 
 1170      74735F33 
 1170      5F495251 
 1171              	.LASF53:
 1172 07f8 696F7373 		.ascii	"ioss_interrupts_gpio_14_IRQn\000"
 1172      5F696E74 
 1172      65727275 
 1172      7074735F 
 1172      6770696F 
 1173              	.LASF27:
 1174 0815 4E766963 		.ascii	"NvicMux21_IRQn\000"
 1174      4D757832 
 1174      315F4952 
 1174      516E00
 1175              	.LASF175:
 1176 0824 7564625F 		.ascii	"udb_interrupts_14_IRQn\000"
 1176      696E7465 
 1176      72727570 
 1176      74735F31 
 1176      345F4952 
 1177              	.LASF5:
 1178 083b 53797354 		.ascii	"SysTick_IRQn\000"
 1178      69636B5F 
 1178      4952516E 
 1178      00
 1179              	.LASF119:
 1180 0848 63707573 		.ascii	"cpuss_interrupts_dw1_14_IRQn\000"
 1180      735F696E 
 1180      74657272 
 1180      75707473 
 1180      5F647731 
 1181              	.LASF186:
 1182 0865 64697363 		.ascii	"disconnected_IRQn\000"
 1182      6F6E6E65 
 1182      63746564 
 1182      5F495251 
 1182      6E00
ARM GAS  C:\Users\PC\AppData\Local\Temp\ccqHtmJ7.s 			page 28


 1183              	.LASF160:
 1184 0877 74637077 		.ascii	"tcpwm_1_interrupts_23_IRQn\000"
 1184      6D5F315F 
 1184      696E7465 
 1184      72727570 
 1184      74735F32 
 1185              	.LASF19:
 1186 0892 4E766963 		.ascii	"NvicMux13_IRQn\000"
 1186      4D757831 
 1186      335F4952 
 1186      516E00
 1187              	.LASF131:
 1188 08a1 74637077 		.ascii	"tcpwm_0_interrupts_2_IRQn\000"
 1188      6D5F305F 
 1188      696E7465 
 1188      72727570 
 1188      74735F32 
 1189              	.LASF150:
 1190 08bb 74637077 		.ascii	"tcpwm_1_interrupts_13_IRQn\000"
 1190      6D5F315F 
 1190      696E7465 
 1190      72727570 
 1190      74735F31 
 1191              	.LASF122:
 1192 08d6 63707573 		.ascii	"cpuss_interrupts_fault_1_IRQn\000"
 1192      735F696E 
 1192      74657272 
 1192      75707473 
 1192      5F666175 
 1193              	.LASF200:
 1194 08f4 73697A65 		.ascii	"sizetype\000"
 1194      74797065 
 1194      00
 1195              	.LASF6:
 1196 08fd 4E766963 		.ascii	"NvicMux0_IRQn\000"
 1196      4D757830 
 1196      5F495251 
 1196      6E00
 1197              	.LASF71:
 1198 090b 63707573 		.ascii	"cpuss_interrupts_ipc_7_IRQn\000"
 1198      735F696E 
 1198      74657272 
 1198      75707473 
 1198      5F697063 
 1199              	.LASF15:
 1200 0927 4E766963 		.ascii	"NvicMux9_IRQn\000"
 1200      4D757839 
 1200      5F495251 
 1200      6E00
 1201              	.LASF3:
 1202 0935 53564361 		.ascii	"SVCall_IRQn\000"
 1202      6C6C5F49 
 1202      52516E00 
 1203              	.LASF208:
 1204 0941 63795F73 		.ascii	"cy_stc_sysint_t\000"
 1204      74635F73 
 1204      7973696E 
ARM GAS  C:\Users\PC\AppData\Local\Temp\ccqHtmJ7.s 			page 29


 1204      745F7400 
 1205              	.LASF215:
 1206 0951 47656E65 		.ascii	"Generated_Source\\PSoC6\\BLE_config.c\000"
 1206      72617465 
 1206      645F536F 
 1206      75726365 
 1206      5C50536F 
 1207              	.LASF99:
 1208 0975 63707573 		.ascii	"cpuss_interrupts_dw0_10_IRQn\000"
 1208      735F696E 
 1208      74657272 
 1208      75707473 
 1208      5F647730 
 1209              	.LASF143:
 1210 0992 74637077 		.ascii	"tcpwm_1_interrupts_6_IRQn\000"
 1210      6D5F315F 
 1210      696E7465 
 1210      72727570 
 1210      74735F36 
 1211              	.LASF66:
 1212 09ac 63707573 		.ascii	"cpuss_interrupts_ipc_2_IRQn\000"
 1212      735F696E 
 1212      74657272 
 1212      75707473 
 1212      5F697063 
 1213              	.LASF110:
 1214 09c8 63707573 		.ascii	"cpuss_interrupts_dw1_5_IRQn\000"
 1214      735F696E 
 1214      74657272 
 1214      75707473 
 1214      5F647731 
 1215              	.LASF168:
 1216 09e4 7564625F 		.ascii	"udb_interrupts_7_IRQn\000"
 1216      696E7465 
 1216      72727570 
 1216      74735F37 
 1216      5F495251 
 1217              	.LASF31:
 1218 09fa 4E766963 		.ascii	"NvicMux25_IRQn\000"
 1218      4D757832 
 1218      355F4952 
 1218      516E00
 1219              	.LASF154:
 1220 0a09 74637077 		.ascii	"tcpwm_1_interrupts_17_IRQn\000"
 1220      6D5F315F 
 1220      696E7465 
 1220      72727570 
 1220      74735F31 
 1221              	.LASF84:
 1222 0a24 7363625F 		.ascii	"scb_4_interrupt_IRQn\000"
 1222      345F696E 
 1222      74657272 
 1222      7570745F 
 1222      4952516E 
 1223              	.LASF46:
 1224 0a39 696F7373 		.ascii	"ioss_interrupts_gpio_7_IRQn\000"
 1224      5F696E74 
ARM GAS  C:\Users\PC\AppData\Local\Temp\ccqHtmJ7.s 			page 30


 1224      65727275 
 1224      7074735F 
 1224      6770696F 
 1225              	.LASF102:
 1226 0a55 63707573 		.ascii	"cpuss_interrupts_dw0_13_IRQn\000"
 1226      735F696E 
 1226      74657272 
 1226      75707473 
 1226      5F647730 
 1227              	.LASF120:
 1228 0a72 63707573 		.ascii	"cpuss_interrupts_dw1_15_IRQn\000"
 1228      735F696E 
 1228      74657272 
 1228      75707473 
 1228      5F647731 
 1229              	.LASF182:
 1230 0a8f 7573625F 		.ascii	"usb_interrupt_hi_IRQn\000"
 1230      696E7465 
 1230      72727570 
 1230      745F6869 
 1230      5F495251 
 1231              	.LASF202:
 1232 0aa5 666C6F61 		.ascii	"float\000"
 1232      7400
 1233              	.LASF92:
 1234 0aab 63707573 		.ascii	"cpuss_interrupts_dw0_3_IRQn\000"
 1234      735F696E 
 1234      74657272 
 1234      75707473 
 1234      5F647730 
 1235              	.LASF50:
 1236 0ac7 696F7373 		.ascii	"ioss_interrupts_gpio_11_IRQn\000"
 1236      5F696E74 
 1236      65727275 
 1236      7074735F 
 1236      6770696F 
 1237              	.LASF20:
 1238 0ae4 4E766963 		.ascii	"NvicMux14_IRQn\000"
 1238      4D757831 
 1238      345F4952 
 1238      516E00
 1239              	.LASF132:
 1240 0af3 74637077 		.ascii	"tcpwm_0_interrupts_3_IRQn\000"
 1240      6D5F305F 
 1240      696E7465 
 1240      72727570 
 1240      74735F33 
 1241              	.LASF157:
 1242 0b0d 74637077 		.ascii	"tcpwm_1_interrupts_20_IRQn\000"
 1242      6D5F315F 
 1242      696E7465 
 1242      72727570 
 1242      74735F32 
 1243              	.LASF138:
 1244 0b28 74637077 		.ascii	"tcpwm_1_interrupts_1_IRQn\000"
 1244      6D5F315F 
 1244      696E7465 
ARM GAS  C:\Users\PC\AppData\Local\Temp\ccqHtmJ7.s 			page 31


 1244      72727570 
 1244      74735F31 
 1245              	.LASF105:
 1246 0b42 63707573 		.ascii	"cpuss_interrupts_dw1_0_IRQn\000"
 1246      735F696E 
 1246      74657272 
 1246      75707473 
 1246      5F647731 
 1247              	.LASF172:
 1248 0b5e 7564625F 		.ascii	"udb_interrupts_11_IRQn\000"
 1248      696E7465 
 1248      72727570 
 1248      74735F31 
 1248      315F4952 
 1249              	.LASF98:
 1250 0b75 63707573 		.ascii	"cpuss_interrupts_dw0_9_IRQn\000"
 1250      735F696E 
 1250      74657272 
 1250      75707473 
 1250      5F647730 
 1251              	.LASF209:
 1252 0b91 5F426F6F 		.ascii	"_Bool\000"
 1252      6C00
 1253              	.LASF176:
 1254 0b97 7564625F 		.ascii	"udb_interrupts_15_IRQn\000"
 1254      696E7465 
 1254      72727570 
 1254      74735F31 
 1254      355F4952 
 1255              	.LASF188:
 1256 0bae 756E7369 		.ascii	"unsigned char\000"
 1256      676E6564 
 1256      20636861 
 1256      7200
 1257              	.LASF40:
 1258 0bbc 696F7373 		.ascii	"ioss_interrupts_gpio_1_IRQn\000"
 1258      5F696E74 
 1258      65727275 
 1258      7074735F 
 1258      6770696F 
 1259              	.LASF100:
 1260 0bd8 63707573 		.ascii	"cpuss_interrupts_dw0_11_IRQn\000"
 1260      735F696E 
 1260      74657272 
 1260      75707473 
 1260      5F647730 
 1261              	.LASF144:
 1262 0bf5 74637077 		.ascii	"tcpwm_1_interrupts_7_IRQn\000"
 1262      6D5F315F 
 1262      696E7465 
 1262      72727570 
 1262      74735F37 
 1263              	.LASF67:
 1264 0c0f 63707573 		.ascii	"cpuss_interrupts_ipc_3_IRQn\000"
 1264      735F696E 
 1264      74657272 
 1264      75707473 
ARM GAS  C:\Users\PC\AppData\Local\Temp\ccqHtmJ7.s 			page 32


 1264      5F697063 
 1265              	.LASF198:
 1266 0c2b 756E7369 		.ascii	"unsigned int\000"
 1266      676E6564 
 1266      20696E74 
 1266      00
 1267              	.LASF49:
 1268 0c38 696F7373 		.ascii	"ioss_interrupts_gpio_10_IRQn\000"
 1268      5F696E74 
 1268      65727275 
 1268      7074735F 
 1268      6770696F 
 1269              	.LASF169:
 1270 0c55 7564625F 		.ascii	"udb_interrupts_8_IRQn\000"
 1270      696E7465 
 1270      72727570 
 1270      74735F38 
 1270      5F495251 
 1271              	.LASF38:
 1272 0c6b 756E636F 		.ascii	"unconnected_IRQn\000"
 1272      6E6E6563 
 1272      7465645F 
 1272      4952516E 
 1272      00
 1273              	.LASF187:
 1274 0c7c 73686F72 		.ascii	"short int\000"
 1274      7420696E 
 1274      7400
 1275              	.LASF127:
 1276 0c86 63707573 		.ascii	"cpuss_interrupts_cm4_cti_0_IRQn\000"
 1276      735F696E 
 1276      74657272 
 1276      75707473 
 1276      5F636D34 
 1277              	.LASF155:
 1278 0ca6 74637077 		.ascii	"tcpwm_1_interrupts_18_IRQn\000"
 1278      6D5F315F 
 1278      696E7465 
 1278      72727570 
 1278      74735F31 
 1279              	.LASF174:
 1280 0cc1 7564625F 		.ascii	"udb_interrupts_13_IRQn\000"
 1280      696E7465 
 1280      72727570 
 1280      74735F31 
 1280      335F4952 
 1281              	.LASF108:
 1282 0cd8 63707573 		.ascii	"cpuss_interrupts_dw1_3_IRQn\000"
 1282      735F696E 
 1282      74657272 
 1282      75707473 
 1282      5F647731 
 1283              	.LASF13:
 1284 0cf4 4E766963 		.ascii	"NvicMux7_IRQn\000"
 1284      4D757837 
 1284      5F495251 
 1284      6E00
ARM GAS  C:\Users\PC\AppData\Local\Temp\ccqHtmJ7.s 			page 33


 1285              	.LASF24:
 1286 0d02 4E766963 		.ascii	"NvicMux18_IRQn\000"
 1286      4D757831 
 1286      385F4952 
 1286      516E00
 1287              	.LASF136:
 1288 0d11 74637077 		.ascii	"tcpwm_0_interrupts_7_IRQn\000"
 1288      6D5F305F 
 1288      696E7465 
 1288      72727570 
 1288      74735F37 
 1289              	.LASF64:
 1290 0d2b 63707573 		.ascii	"cpuss_interrupts_ipc_0_IRQn\000"
 1290      735F696E 
 1290      74657272 
 1290      75707473 
 1290      5F697063 
 1291              	.LASF116:
 1292 0d47 63707573 		.ascii	"cpuss_interrupts_dw1_11_IRQn\000"
 1292      735F696E 
 1292      74657272 
 1292      75707473 
 1292      5F647731 
 1293              	.LASF11:
 1294 0d64 4E766963 		.ascii	"NvicMux5_IRQn\000"
 1294      4D757835 
 1294      5F495251 
 1294      6E00
 1295              	.LASF189:
 1296 0d72 4952516E 		.ascii	"IRQn_Type\000"
 1296      5F547970 
 1296      6500
 1297              	.LASF158:
 1298 0d7c 74637077 		.ascii	"tcpwm_1_interrupts_21_IRQn\000"
 1298      6D5F315F 
 1298      696E7465 
 1298      72727570 
 1298      74735F32 
 1299              	.LASF199:
 1300 0d97 75696E74 		.ascii	"uint32_t\000"
 1300      33325F74 
 1300      00
 1301              	.LASF139:
 1302 0da0 74637077 		.ascii	"tcpwm_1_interrupts_2_IRQn\000"
 1302      6D5F315F 
 1302      696E7465 
 1302      72727570 
 1302      74735F32 
 1303              	.LASF210:
 1304 0dba 626C6573 		.ascii	"blessIsrConfig\000"
 1304      73497372 
 1304      436F6E66 
 1304      696700
 1305              	.LASF106:
 1306 0dc9 63707573 		.ascii	"cpuss_interrupts_dw1_1_IRQn\000"
 1306      735F696E 
 1306      74657272 
ARM GAS  C:\Users\PC\AppData\Local\Temp\ccqHtmJ7.s 			page 34


 1306      75707473 
 1306      5F647731 
 1307              	.LASF78:
 1308 0de5 63707573 		.ascii	"cpuss_interrupts_ipc_14_IRQn\000"
 1308      735F696E 
 1308      74657272 
 1308      75707473 
 1308      5F697063 
 1309              	.LASF214:
 1310 0e02 474E5520 		.ascii	"GNU C11 5.4.1 20160609 (release) [ARM/embedded-5-br"
 1310      43313120 
 1310      352E342E 
 1310      31203230 
 1310      31363036 
 1311 0e35 616E6368 		.ascii	"anch revision 237715] -mcpu=cortex-m0plus -mthumb -"
 1311      20726576 
 1311      6973696F 
 1311      6E203233 
 1311      37373135 
 1312 0e68 67202D4F 		.ascii	"g -Og -ffunction-sections -ffat-lto-objects\000"
 1312      67202D66 
 1312      66756E63 
 1312      74696F6E 
 1312      2D736563 
 1313              	.LASF179:
 1314 0e94 61756469 		.ascii	"audioss_interrupt_pdm_IRQn\000"
 1314      6F73735F 
 1314      696E7465 
 1314      72727570 
 1314      745F7064 
 1315              	.LASF204:
 1316 0eaf 6C6F6E67 		.ascii	"long double\000"
 1316      20646F75 
 1316      626C6500 
 1317              	.LASF201:
 1318 0ebb 63686172 		.ascii	"char\000"
 1318      00
 1319              	.LASF101:
 1320 0ec0 63707573 		.ascii	"cpuss_interrupts_dw0_12_IRQn\000"
 1320      735F696E 
 1320      74657272 
 1320      75707473 
 1320      5F647730 
 1321              	.LASF42:
 1322 0edd 696F7373 		.ascii	"ioss_interrupts_gpio_3_IRQn\000"
 1322      5F696E74 
 1322      65727275 
 1322      7074735F 
 1322      6770696F 
 1323              	.LASF177:
 1324 0ef9 70617373 		.ascii	"pass_interrupt_sar_IRQn\000"
 1324      5F696E74 
 1324      65727275 
 1324      70745F73 
 1324      61725F49 
 1325              	.LASF4:
 1326 0f11 50656E64 		.ascii	"PendSV_IRQn\000"
ARM GAS  C:\Users\PC\AppData\Local\Temp\ccqHtmJ7.s 			page 35


 1326      53565F49 
 1326      52516E00 
 1327              	.LASF83:
 1328 0f1d 7363625F 		.ascii	"scb_3_interrupt_IRQn\000"
 1328      335F696E 
 1328      74657272 
 1328      7570745F 
 1328      4952516E 
 1329              	.LASF170:
 1330 0f32 7564625F 		.ascii	"udb_interrupts_9_IRQn\000"
 1330      696E7465 
 1330      72727570 
 1330      74735F39 
 1330      5F495251 
 1331              	.LASF33:
 1332 0f48 4E766963 		.ascii	"NvicMux27_IRQn\000"
 1332      4D757832 
 1332      375F4952 
 1332      516E00
 1333              	.LASF212:
 1334 0f57 63795F62 		.ascii	"cy_ble_config\000"
 1334      6C655F63 
 1334      6F6E6669 
 1334      6700
 1335              	.LASF1:
 1336 0f65 4E6F6E4D 		.ascii	"NonMaskableInt_IRQn\000"
 1336      61736B61 
 1336      626C6549 
 1336      6E745F49 
 1336      52516E00 
 1337              	.LASF156:
 1338 0f79 74637077 		.ascii	"tcpwm_1_interrupts_19_IRQn\000"
 1338      6D5F315F 
 1338      696E7465 
 1338      72727570 
 1338      74735F31 
 1339              	.LASF86:
 1340 0f94 7363625F 		.ascii	"scb_6_interrupt_IRQn\000"
 1340      365F696E 
 1340      74657272 
 1340      7570745F 
 1340      4952516E 
 1341              	.LASF16:
 1342 0fa9 4E766963 		.ascii	"NvicMux10_IRQn\000"
 1342      4D757831 
 1342      305F4952 
 1342      516E00
 1343              	.LASF25:
 1344 0fb8 4E766963 		.ascii	"NvicMux19_IRQn\000"
 1344      4D757831 
 1344      395F4952 
 1344      516E00
 1345              	.LASF171:
 1346 0fc7 7564625F 		.ascii	"udb_interrupts_10_IRQn\000"
 1346      696E7465 
 1346      72727570 
 1346      74735F31 
ARM GAS  C:\Users\PC\AppData\Local\Temp\ccqHtmJ7.s 			page 36


 1346      305F4952 
 1347              	.LASF216:
 1348 0fde 433A5C55 		.ascii	"C:\\Users\\PC\\Desktop\\WorkspaceLab10.cydsn\\CE212"
 1348      73657273 
 1348      5C50435C 
 1348      4465736B 
 1348      746F705C 
 1349 100c 3733365F 		.ascii	"736_PSoC6BLE_FindMe01.cydsn\000"
 1349      50536F43 
 1349      36424C45 
 1349      5F46696E 
 1349      644D6530 
 1350              	.LASF2:
 1351 1028 48617264 		.ascii	"HardFault_IRQn\000"
 1351      4661756C 
 1351      745F4952 
 1351      516E00
 1352              	.LASF94:
 1353 1037 63707573 		.ascii	"cpuss_interrupts_dw0_5_IRQn\000"
 1353      735F696E 
 1353      74657272 
 1353      75707473 
 1353      5F647730 
 1354              	.LASF12:
 1355 1053 4E766963 		.ascii	"NvicMux6_IRQn\000"
 1355      4D757836 
 1355      5F495251 
 1355      6E00
 1356              	.LASF88:
 1357 1061 6373645F 		.ascii	"csd_interrupt_IRQn\000"
 1357      696E7465 
 1357      72727570 
 1357      745F4952 
 1357      516E00
 1358              	.LASF36:
 1359 1074 4E766963 		.ascii	"NvicMux30_IRQn\000"
 1359      4D757833 
 1359      305F4952 
 1359      516E00
 1360              	.LASF159:
 1361 1083 74637077 		.ascii	"tcpwm_1_interrupts_22_IRQn\000"
 1361      6D5F315F 
 1361      696E7465 
 1361      72727570 
 1361      74735F32 
 1362              	.LASF140:
 1363 109e 74637077 		.ascii	"tcpwm_1_interrupts_3_IRQn\000"
 1363      6D5F315F 
 1363      696E7465 
 1363      72727570 
 1363      74735F33 
 1364              	.LASF72:
 1365 10b8 63707573 		.ascii	"cpuss_interrupts_ipc_8_IRQn\000"
 1365      735F696E 
 1365      74657272 
 1365      75707473 
 1365      5F697063 
ARM GAS  C:\Users\PC\AppData\Local\Temp\ccqHtmJ7.s 			page 37


 1366              	.LASF107:
 1367 10d4 63707573 		.ascii	"cpuss_interrupts_dw1_2_IRQn\000"
 1367      735F696E 
 1367      74657272 
 1367      75707473 
 1367      5F647731 
 1368              	.LASF79:
 1369 10f0 63707573 		.ascii	"cpuss_interrupts_ipc_15_IRQn\000"
 1369      735F696E 
 1369      74657272 
 1369      75707473 
 1369      5F697063 
 1370              	.LASF165:
 1371 110d 7564625F 		.ascii	"udb_interrupts_4_IRQn\000"
 1371      696E7465 
 1371      72727570 
 1371      74735F34 
 1371      5F495251 
 1372              	.LASF28:
 1373 1123 4E766963 		.ascii	"NvicMux22_IRQn\000"
 1373      4D757832 
 1373      325F4952 
 1373      516E00
 1374              	.LASF87:
 1375 1132 7363625F 		.ascii	"scb_7_interrupt_IRQn\000"
 1375      375F696E 
 1375      74657272 
 1375      7570745F 
 1375      4952516E 
 1376              	.LASF151:
 1377 1147 74637077 		.ascii	"tcpwm_1_interrupts_14_IRQn\000"
 1377      6D5F315F 
 1377      696E7465 
 1377      72727570 
 1377      74735F31 
 1378              	.LASF43:
 1379 1162 696F7373 		.ascii	"ioss_interrupts_gpio_4_IRQn\000"
 1379      5F696E74 
 1379      65727275 
 1379      7074735F 
 1379      6770696F 
 1380              	.LASF181:
 1381 117e 736D6966 		.ascii	"smif_interrupt_IRQn\000"
 1381      5F696E74 
 1381      65727275 
 1381      70745F49 
 1381      52516E00 
 1382              	.LASF51:
 1383 1192 696F7373 		.ascii	"ioss_interrupts_gpio_12_IRQn\000"
 1383      5F696E74 
 1383      65727275 
 1383      7074735F 
 1383      6770696F 
 1384              	.LASF173:
 1385 11af 7564625F 		.ascii	"udb_interrupts_12_IRQn\000"
 1385      696E7465 
 1385      72727570 
ARM GAS  C:\Users\PC\AppData\Local\Temp\ccqHtmJ7.s 			page 38


 1385      74735F31 
 1385      325F4952 
 1386              	.LASF117:
 1387 11c6 63707573 		.ascii	"cpuss_interrupts_dw1_12_IRQn\000"
 1387      735F696E 
 1387      74657272 
 1387      75707473 
 1387      5F647731 
 1388              	.LASF89:
 1389 11e3 63707573 		.ascii	"cpuss_interrupts_dw0_0_IRQn\000"
 1389      735F696E 
 1389      74657272 
 1389      75707473 
 1389      5F647730 
 1390              	.LASF7:
 1391 11ff 4E766963 		.ascii	"NvicMux1_IRQn\000"
 1391      4D757831 
 1391      5F495251 
 1391      6E00
 1392              	.LASF55:
 1393 120d 696F7373 		.ascii	"ioss_interrupt_vdd_IRQn\000"
 1393      5F696E74 
 1393      65727275 
 1393      70745F76 
 1393      64645F49 
 1394              	.LASF17:
 1395 1225 4E766963 		.ascii	"NvicMux11_IRQn\000"
 1395      4D757831 
 1395      315F4952 
 1395      516E00
 1396              	.LASF129:
 1397 1234 74637077 		.ascii	"tcpwm_0_interrupts_0_IRQn\000"
 1397      6D5F305F 
 1397      696E7465 
 1397      72727570 
 1397      74735F30 
 1398              	.LASF115:
 1399 124e 63707573 		.ascii	"cpuss_interrupts_dw1_10_IRQn\000"
 1399      735F696E 
 1399      74657272 
 1399      75707473 
 1399      5F647731 
 1400              	.LASF60:
 1401 126b 73727373 		.ascii	"srss_interrupt_backup_IRQn\000"
 1401      5F696E74 
 1401      65727275 
 1401      70745F62 
 1401      61636B75 
 1402              	.LASF74:
 1403 1286 63707573 		.ascii	"cpuss_interrupts_ipc_10_IRQn\000"
 1403      735F696E 
 1403      74657272 
 1403      75707473 
 1403      5F697063 
 1404              	.LASF111:
 1405 12a3 63707573 		.ascii	"cpuss_interrupts_dw1_6_IRQn\000"
 1405      735F696E 
ARM GAS  C:\Users\PC\AppData\Local\Temp\ccqHtmJ7.s 			page 39


 1405      74657272 
 1405      75707473 
 1405      5F647731 
 1406              	.LASF96:
 1407 12bf 63707573 		.ascii	"cpuss_interrupts_dw0_7_IRQn\000"
 1407      735F696E 
 1407      74657272 
 1407      75707473 
 1407      5F647730 
 1408              	.LASF207:
 1409 12db 696E7472 		.ascii	"intrPriority\000"
 1409      5072696F 
 1409      72697479 
 1409      00
 1410              	.LASF97:
 1411 12e8 63707573 		.ascii	"cpuss_interrupts_dw0_8_IRQn\000"
 1411      735F696E 
 1411      74657272 
 1411      75707473 
 1411      5F647730 
 1412              	.LASF141:
 1413 1304 74637077 		.ascii	"tcpwm_1_interrupts_4_IRQn\000"
 1413      6D5F315F 
 1413      696E7465 
 1413      72727570 
 1413      74735F34 
 1414              	.LASF125:
 1415 131e 63707573 		.ascii	"cpuss_interrupts_cm0_cti_0_IRQn\000"
 1415      735F696E 
 1415      74657272 
 1415      75707473 
 1415      5F636D30 
 1416              	.LASF47:
 1417 133e 696F7373 		.ascii	"ioss_interrupts_gpio_8_IRQn\000"
 1417      5F696E74 
 1417      65727275 
 1417      7074735F 
 1417      6770696F 
 1418              	.LASF73:
 1419 135a 63707573 		.ascii	"cpuss_interrupts_ipc_9_IRQn\000"
 1419      735F696E 
 1419      74657272 
 1419      75707473 
 1419      5F697063 
 1420              	.LASF166:
 1421 1376 7564625F 		.ascii	"udb_interrupts_5_IRQn\000"
 1421      696E7465 
 1421      72727570 
 1421      74735F35 
 1421      5F495251 
 1422              	.LASF77:
 1423 138c 63707573 		.ascii	"cpuss_interrupts_ipc_13_IRQn\000"
 1423      735F696E 
 1423      74657272 
 1423      75707473 
 1423      5F697063 
 1424              	.LASF29:
ARM GAS  C:\Users\PC\AppData\Local\Temp\ccqHtmJ7.s 			page 40


 1425 13a9 4E766963 		.ascii	"NvicMux23_IRQn\000"
 1425      4D757832 
 1425      335F4952 
 1425      516E00
 1426              		.ident	"GCC: (GNU Tools for ARM Embedded Processors) 5.4.1 20160609 (release) [ARM/embedded-5-bran
