ARM GAS  C:\Users\PC\AppData\Local\Temp\ccrP3Kbe.s 			page 1


   1              		.syntax unified
   2              		.cpu cortex-m4
   3              		.eabi_attribute 27, 1
   4              		.fpu fpv4-sp-d16
   5              		.eabi_attribute 20, 1
   6              		.eabi_attribute 21, 1
   7              		.eabi_attribute 23, 3
   8              		.eabi_attribute 24, 1
   9              		.eabi_attribute 25, 1
  10              		.eabi_attribute 26, 1
  11              		.eabi_attribute 30, 1
  12              		.eabi_attribute 34, 1
  13              		.eabi_attribute 18, 4
  14              		.thumb
  15              		.syntax unified
  16              		.file	"BLE_dis_config.c"
  17              		.text
  18              	.Ltext0:
  19              		.cfi_sections	.debug_frame
  20              		.global	cy_ble_disConfig
  21              		.section	.rodata
  22              		.align	2
  23              		.type	cy_ble_diss, %object
  24              		.size	cy_ble_diss, 20
  25              	cy_ble_diss:
  26 0000 1100     		.short	17
  27 0002 1300     		.short	19
  28 0004 1500     		.short	21
  29 0006 0000     		.short	0
  30 0008 1700     		.short	23
  31 000a 1900     		.short	25
  32 000c 0000     		.short	0
  33 000e 0000     		.short	0
  34 0010 0000     		.short	0
  35 0012 0000     		.short	0
  36              		.data
  37              		.align	2
  38              		.type	cy_ble_disConfig, %object
  39              		.size	cy_ble_disConfig, 8
  40              	cy_ble_disConfig:
  41 0000 00000000 		.word	cy_ble_diss
  42 0004 00000000 		.word	0
  43              		.text
  44              	.Letext0:
  45              		.file 1 "c:\\program files (x86)\\cypress\\psoc creator\\4.4\\psoc creator\\import\\gnu\\arm\\5.4.
  46              		.file 2 "c:\\program files (x86)\\cypress\\psoc creator\\4.4\\psoc creator\\import\\gnu\\arm\\5.4.
  47              		.file 3 "Generated_Source\\PSoC6\\pdl\\middleware/ble/cy_ble_stack_host_main.h"
  48              		.file 4 "Generated_Source\\PSoC6\\pdl\\middleware/ble/cy_ble_stack_gatt.h"
  49              		.file 5 "Generated_Source\\PSoC6\\pdl\\middleware/ble/cy_ble_gap.h"
  50              		.file 6 "Generated_Source\\PSoC6\\pdl\\middleware/ble/cy_ble.h"
  51              		.file 7 "Generated_Source\\PSoC6\\pdl\\middleware/ble/cy_ble_dis.h"
  52              		.file 8 "Generated_Source\\PSoC6\\pdl\\cmsis/include/core_cm4.h"
  53              		.file 9 "Generated_Source\\PSoC6\\BLE_dis_config.c"
  54              		.section	.debug_info,"",%progbits
  55              	.Ldebug_info0:
  56 0000 F8020000 		.4byte	0x2f8
  57 0004 0400     		.2byte	0x4
ARM GAS  C:\Users\PC\AppData\Local\Temp\ccrP3Kbe.s 			page 2


  58 0006 00000000 		.4byte	.Ldebug_abbrev0
  59 000a 04       		.byte	0x4
  60 000b 01       		.uleb128 0x1
  61 000c F5000000 		.4byte	.LASF64
  62 0010 0C       		.byte	0xc
  63 0011 82000000 		.4byte	.LASF65
  64 0015 01020000 		.4byte	.LASF66
  65 0019 00000000 		.4byte	.Ldebug_line0
  66 001d 02       		.uleb128 0x2
  67 001e 04       		.byte	0x4
  68 001f 05       		.byte	0x5
  69 0020 696E7400 		.ascii	"int\000"
  70 0024 03       		.uleb128 0x3
  71 0025 04       		.byte	0x4
  72 0026 07       		.byte	0x7
  73 0027 45040000 		.4byte	.LASF0
  74 002b 03       		.uleb128 0x3
  75 002c 08       		.byte	0x8
  76 002d 05       		.byte	0x5
  77 002e C4020000 		.4byte	.LASF1
  78 0032 03       		.uleb128 0x3
  79 0033 08       		.byte	0x8
  80 0034 04       		.byte	0x4
  81 0035 7A030000 		.4byte	.LASF2
  82 0039 03       		.uleb128 0x3
  83 003a 01       		.byte	0x1
  84 003b 06       		.byte	0x6
  85 003c 49000000 		.4byte	.LASF3
  86 0040 04       		.uleb128 0x4
  87 0041 17030000 		.4byte	.LASF6
  88 0045 01       		.byte	0x1
  89 0046 1D       		.byte	0x1d
  90 0047 4B000000 		.4byte	0x4b
  91 004b 03       		.uleb128 0x3
  92 004c 01       		.byte	0x1
  93 004d 08       		.byte	0x8
  94 004e 53030000 		.4byte	.LASF4
  95 0052 03       		.uleb128 0x3
  96 0053 02       		.byte	0x2
  97 0054 05       		.byte	0x5
  98 0055 78000000 		.4byte	.LASF5
  99 0059 04       		.uleb128 0x4
 100 005a CC010000 		.4byte	.LASF7
 101 005e 01       		.byte	0x1
 102 005f 2B       		.byte	0x2b
 103 0060 64000000 		.4byte	0x64
 104 0064 03       		.uleb128 0x3
 105 0065 02       		.byte	0x2
 106 0066 07       		.byte	0x7
 107 0067 71040000 		.4byte	.LASF8
 108 006b 04       		.uleb128 0x4
 109 006c 52050000 		.4byte	.LASF9
 110 0070 01       		.byte	0x1
 111 0071 3F       		.byte	0x3f
 112 0072 76000000 		.4byte	0x76
 113 0076 03       		.uleb128 0x3
 114 0077 04       		.byte	0x4
ARM GAS  C:\Users\PC\AppData\Local\Temp\ccrP3Kbe.s 			page 3


 115 0078 05       		.byte	0x5
 116 0079 0E030000 		.4byte	.LASF10
 117 007d 04       		.uleb128 0x4
 118 007e C1010000 		.4byte	.LASF11
 119 0082 01       		.byte	0x1
 120 0083 41       		.byte	0x41
 121 0084 88000000 		.4byte	0x88
 122 0088 03       		.uleb128 0x3
 123 0089 04       		.byte	0x4
 124 008a 07       		.byte	0x7
 125 008b F0040000 		.4byte	.LASF12
 126 008f 03       		.uleb128 0x3
 127 0090 08       		.byte	0x8
 128 0091 07       		.byte	0x7
 129 0092 25040000 		.4byte	.LASF13
 130 0096 03       		.uleb128 0x3
 131 0097 04       		.byte	0x4
 132 0098 07       		.byte	0x7
 133 0099 AA000000 		.4byte	.LASF14
 134 009d 05       		.uleb128 0x5
 135 009e 04       		.byte	0x4
 136 009f 03       		.uleb128 0x3
 137 00a0 01       		.byte	0x1
 138 00a1 08       		.byte	0x8
 139 00a2 AD040000 		.4byte	.LASF15
 140 00a6 04       		.uleb128 0x4
 141 00a7 4B020000 		.4byte	.LASF16
 142 00ab 02       		.byte	0x2
 143 00ac 18       		.byte	0x18
 144 00ad 40000000 		.4byte	0x40
 145 00b1 04       		.uleb128 0x4
 146 00b2 52040000 		.4byte	.LASF17
 147 00b6 02       		.byte	0x2
 148 00b7 24       		.byte	0x24
 149 00b8 59000000 		.4byte	0x59
 150 00bc 04       		.uleb128 0x4
 151 00bd B2040000 		.4byte	.LASF18
 152 00c1 02       		.byte	0x2
 153 00c2 2C       		.byte	0x2c
 154 00c3 6B000000 		.4byte	0x6b
 155 00c7 04       		.uleb128 0x4
 156 00c8 3C040000 		.4byte	.LASF19
 157 00cc 02       		.byte	0x2
 158 00cd 30       		.byte	0x30
 159 00ce 7D000000 		.4byte	0x7d
 160 00d2 03       		.uleb128 0x3
 161 00d3 04       		.byte	0x4
 162 00d4 04       		.byte	0x4
 163 00d5 BE020000 		.4byte	.LASF20
 164 00d9 03       		.uleb128 0x3
 165 00da 08       		.byte	0x8
 166 00db 04       		.byte	0x4
 167 00dc 02050000 		.4byte	.LASF21
 168 00e0 06       		.uleb128 0x6
 169 00e1 02       		.byte	0x2
 170 00e2 03       		.byte	0x3
 171 00e3 5B01     		.2byte	0x15b
ARM GAS  C:\Users\PC\AppData\Local\Temp\ccrP3Kbe.s 			page 4


 172 00e5 04010000 		.4byte	0x104
 173 00e9 07       		.uleb128 0x7
 174 00ea B5020000 		.4byte	.LASF22
 175 00ee 03       		.byte	0x3
 176 00ef 6501     		.2byte	0x165
 177 00f1 A6000000 		.4byte	0xa6
 178 00f5 00       		.byte	0
 179 00f6 07       		.uleb128 0x7
 180 00f7 5B040000 		.4byte	.LASF23
 181 00fb 03       		.byte	0x3
 182 00fc 6901     		.2byte	0x169
 183 00fe A6000000 		.4byte	0xa6
 184 0102 01       		.byte	0x1
 185 0103 00       		.byte	0
 186 0104 08       		.uleb128 0x8
 187 0105 B7050000 		.4byte	.LASF24
 188 0109 03       		.byte	0x3
 189 010a 6B01     		.2byte	0x16b
 190 010c E0000000 		.4byte	0xe0
 191 0110 08       		.uleb128 0x8
 192 0111 90040000 		.4byte	.LASF25
 193 0115 04       		.byte	0x4
 194 0116 7F01     		.2byte	0x17f
 195 0118 B1000000 		.4byte	0xb1
 196 011c 09       		.uleb128 0x9
 197 011d 01       		.byte	0x1
 198 011e 4B000000 		.4byte	0x4b
 199 0122 05       		.byte	0x5
 200 0123 7E       		.byte	0x7e
 201 0124 41010000 		.4byte	0x141
 202 0128 0A       		.uleb128 0xa
 203 0129 5C050000 		.4byte	.LASF26
 204 012d 00       		.byte	0
 205 012e 0A       		.uleb128 0xa
 206 012f D1040000 		.4byte	.LASF27
 207 0133 01       		.byte	0x1
 208 0134 0A       		.uleb128 0xa
 209 0135 EE050000 		.4byte	.LASF28
 210 0139 02       		.byte	0x2
 211 013a 0A       		.uleb128 0xa
 212 013b D5030000 		.4byte	.LASF29
 213 013f 03       		.byte	0x3
 214 0140 00       		.byte	0
 215 0141 04       		.uleb128 0x4
 216 0142 62000000 		.4byte	.LASF30
 217 0146 05       		.byte	0x5
 218 0147 83       		.byte	0x83
 219 0148 1C010000 		.4byte	0x11c
 220 014c 09       		.uleb128 0x9
 221 014d 01       		.byte	0x1
 222 014e 4B000000 		.4byte	0x4b
 223 0152 05       		.byte	0x5
 224 0153 87       		.byte	0x87
 225 0154 89010000 		.4byte	0x189
 226 0158 0A       		.uleb128 0xa
 227 0159 80020000 		.4byte	.LASF31
 228 015d 00       		.byte	0
ARM GAS  C:\Users\PC\AppData\Local\Temp\ccrP3Kbe.s 			page 5


 229 015e 0A       		.uleb128 0xa
 230 015f 09050000 		.4byte	.LASF32
 231 0163 01       		.byte	0x1
 232 0164 0A       		.uleb128 0xa
 233 0165 2D000000 		.4byte	.LASF33
 234 0169 02       		.byte	0x2
 235 016a 0A       		.uleb128 0xa
 236 016b CB000000 		.4byte	.LASF34
 237 016f 03       		.byte	0x3
 238 0170 0A       		.uleb128 0xa
 239 0171 E4020000 		.4byte	.LASF35
 240 0175 04       		.byte	0x4
 241 0176 0A       		.uleb128 0xa
 242 0177 D7010000 		.4byte	.LASF36
 243 017b 05       		.byte	0x5
 244 017c 0A       		.uleb128 0xa
 245 017d 98030000 		.4byte	.LASF37
 246 0181 06       		.byte	0x6
 247 0182 0A       		.uleb128 0xa
 248 0183 21030000 		.4byte	.LASF38
 249 0187 07       		.byte	0x7
 250 0188 00       		.byte	0
 251 0189 04       		.uleb128 0x4
 252 018a A0050000 		.4byte	.LASF39
 253 018e 05       		.byte	0x5
 254 018f 90       		.byte	0x90
 255 0190 4C010000 		.4byte	0x14c
 256 0194 04       		.uleb128 0x4
 257 0195 8E050000 		.4byte	.LASF40
 258 0199 06       		.byte	0x6
 259 019a 40       		.byte	0x40
 260 019b 9F010000 		.4byte	0x19f
 261 019f 0B       		.uleb128 0xb
 262 01a0 04       		.byte	0x4
 263 01a1 A5010000 		.4byte	0x1a5
 264 01a5 0C       		.uleb128 0xc
 265 01a6 B5010000 		.4byte	0x1b5
 266 01aa 0D       		.uleb128 0xd
 267 01ab C7000000 		.4byte	0xc7
 268 01af 0D       		.uleb128 0xd
 269 01b0 9D000000 		.4byte	0x9d
 270 01b4 00       		.byte	0
 271 01b5 03       		.uleb128 0x3
 272 01b6 01       		.byte	0x1
 273 01b7 02       		.byte	0x2
 274 01b8 BA040000 		.4byte	.LASF41
 275 01bc 09       		.uleb128 0x9
 276 01bd 01       		.byte	0x1
 277 01be 4B000000 		.4byte	0x4b
 278 01c2 07       		.byte	0x7
 279 01c3 29       		.byte	0x29
 280 01c4 05020000 		.4byte	0x205
 281 01c8 0A       		.uleb128 0xa
 282 01c9 63020000 		.4byte	.LASF42
 283 01cd 00       		.byte	0
 284 01ce 0A       		.uleb128 0xa
 285 01cf 15000000 		.4byte	.LASF43
ARM GAS  C:\Users\PC\AppData\Local\Temp\ccrP3Kbe.s 			page 6


 286 01d3 01       		.byte	0x1
 287 01d4 0A       		.uleb128 0xa
 288 01d5 61030000 		.4byte	.LASF44
 289 01d9 02       		.byte	0x2
 290 01da 0A       		.uleb128 0xa
 291 01db 0D040000 		.4byte	.LASF45
 292 01df 03       		.byte	0x3
 293 01e0 0A       		.uleb128 0xa
 294 01e1 F5030000 		.4byte	.LASF46
 295 01e5 04       		.byte	0x4
 296 01e6 0A       		.uleb128 0xa
 297 01e7 3A050000 		.4byte	.LASF47
 298 01eb 05       		.byte	0x5
 299 01ec 0A       		.uleb128 0xa
 300 01ed 00000000 		.4byte	.LASF48
 301 01f1 06       		.byte	0x6
 302 01f2 0A       		.uleb128 0xa
 303 01f3 75050000 		.4byte	.LASF49
 304 01f7 07       		.byte	0x7
 305 01f8 0A       		.uleb128 0xa
 306 01f9 C3030000 		.4byte	.LASF50
 307 01fd 08       		.byte	0x8
 308 01fe 0A       		.uleb128 0xa
 309 01ff 9F020000 		.4byte	.LASF51
 310 0203 09       		.byte	0x9
 311 0204 00       		.byte	0
 312 0205 0E       		.uleb128 0xe
 313 0206 14       		.byte	0x14
 314 0207 07       		.byte	0x7
 315 0208 37       		.byte	0x37
 316 0209 26020000 		.4byte	0x226
 317 020d 0F       		.uleb128 0xf
 318 020e 45030000 		.4byte	.LASF52
 319 0212 07       		.byte	0x7
 320 0213 3A       		.byte	0x3a
 321 0214 10010000 		.4byte	0x110
 322 0218 00       		.byte	0
 323 0219 0F       		.uleb128 0xf
 324 021a 66040000 		.4byte	.LASF53
 325 021e 07       		.byte	0x7
 326 021f 3D       		.byte	0x3d
 327 0220 26020000 		.4byte	0x226
 328 0224 02       		.byte	0x2
 329 0225 00       		.byte	0
 330 0226 10       		.uleb128 0x10
 331 0227 10010000 		.4byte	0x110
 332 022b 36020000 		.4byte	0x236
 333 022f 11       		.uleb128 0x11
 334 0230 96000000 		.4byte	0x96
 335 0234 08       		.byte	0x8
 336 0235 00       		.byte	0
 337 0236 04       		.uleb128 0x4
 338 0237 86030000 		.4byte	.LASF54
 339 023b 07       		.byte	0x7
 340 023c 3E       		.byte	0x3e
 341 023d 05020000 		.4byte	0x205
 342 0241 0E       		.uleb128 0xe
ARM GAS  C:\Users\PC\AppData\Local\Temp\ccrP3Kbe.s 			page 7


 343 0242 08       		.byte	0x8
 344 0243 07       		.byte	0x7
 345 0244 50       		.byte	0x50
 346 0245 62020000 		.4byte	0x262
 347 0249 0F       		.uleb128 0xf
 348 024a 61040000 		.4byte	.LASF55
 349 024e 07       		.byte	0x7
 350 024f 53       		.byte	0x53
 351 0250 62020000 		.4byte	0x262
 352 0254 00       		.byte	0
 353 0255 0F       		.uleb128 0xf
 354 0256 55000000 		.4byte	.LASF56
 355 025a 07       		.byte	0x7
 356 025b 56       		.byte	0x56
 357 025c 94010000 		.4byte	0x194
 358 0260 04       		.byte	0x4
 359 0261 00       		.byte	0
 360 0262 0B       		.uleb128 0xb
 361 0263 04       		.byte	0x4
 362 0264 68020000 		.4byte	0x268
 363 0268 12       		.uleb128 0x12
 364 0269 36020000 		.4byte	0x236
 365 026d 04       		.uleb128 0x4
 366 026e B3000000 		.4byte	.LASF57
 367 0272 07       		.byte	0x7
 368 0273 57       		.byte	0x57
 369 0274 41020000 		.4byte	0x241
 370 0278 13       		.uleb128 0x13
 371 0279 84040000 		.4byte	.LASF67
 372 027d 09       		.byte	0x9
 373 027e 16       		.byte	0x16
 374 027f 68020000 		.4byte	0x268
 375 0283 05       		.uleb128 0x5
 376 0284 03       		.byte	0x3
 377 0285 00000000 		.4byte	cy_ble_diss
 378 0289 14       		.uleb128 0x14
 379 028a D0050000 		.4byte	.LASF58
 380 028e 08       		.byte	0x8
 381 028f EA07     		.2byte	0x7ea
 382 0291 95020000 		.4byte	0x295
 383 0295 15       		.uleb128 0x15
 384 0296 BC000000 		.4byte	0xbc
 385 029a 14       		.uleb128 0x14
 386 029b 53020000 		.4byte	.LASF59
 387 029f 05       		.byte	0x5
 388 02a0 2202     		.2byte	0x222
 389 02a2 41010000 		.4byte	0x141
 390 02a6 10       		.uleb128 0x10
 391 02a7 04010000 		.4byte	0x104
 392 02ab B6020000 		.4byte	0x2b6
 393 02af 11       		.uleb128 0x11
 394 02b0 96000000 		.4byte	0x96
 395 02b4 00       		.byte	0
 396 02b5 00       		.byte	0
 397 02b6 14       		.uleb128 0x14
 398 02b7 D2020000 		.4byte	.LASF60
 399 02bb 05       		.byte	0x5
ARM GAS  C:\Users\PC\AppData\Local\Temp\ccrP3Kbe.s 			page 8


 400 02bc 2C02     		.2byte	0x22c
 401 02be A6020000 		.4byte	0x2a6
 402 02c2 10       		.uleb128 0x10
 403 02c3 89010000 		.4byte	0x189
 404 02c7 D2020000 		.4byte	0x2d2
 405 02cb 11       		.uleb128 0x11
 406 02cc 96000000 		.4byte	0x96
 407 02d0 00       		.byte	0
 408 02d1 00       		.byte	0
 409 02d2 14       		.uleb128 0x14
 410 02d3 C0040000 		.4byte	.LASF61
 411 02d7 05       		.byte	0x5
 412 02d8 2D02     		.2byte	0x22d
 413 02da C2020000 		.4byte	0x2c2
 414 02de 14       		.uleb128 0x14
 415 02df A8010000 		.4byte	.LASF62
 416 02e3 05       		.byte	0x5
 417 02e4 5202     		.2byte	0x252
 418 02e6 A6000000 		.4byte	0xa6
 419 02ea 16       		.uleb128 0x16
 420 02eb DD050000 		.4byte	.LASF63
 421 02ef 09       		.byte	0x9
 422 02f0 2D       		.byte	0x2d
 423 02f1 6D020000 		.4byte	0x26d
 424 02f5 05       		.uleb128 0x5
 425 02f6 03       		.byte	0x3
 426 02f7 00000000 		.4byte	cy_ble_disConfig
 427 02fb 00       		.byte	0
 428              		.section	.debug_abbrev,"",%progbits
 429              	.Ldebug_abbrev0:
 430 0000 01       		.uleb128 0x1
 431 0001 11       		.uleb128 0x11
 432 0002 01       		.byte	0x1
 433 0003 25       		.uleb128 0x25
 434 0004 0E       		.uleb128 0xe
 435 0005 13       		.uleb128 0x13
 436 0006 0B       		.uleb128 0xb
 437 0007 03       		.uleb128 0x3
 438 0008 0E       		.uleb128 0xe
 439 0009 1B       		.uleb128 0x1b
 440 000a 0E       		.uleb128 0xe
 441 000b 10       		.uleb128 0x10
 442 000c 17       		.uleb128 0x17
 443 000d 00       		.byte	0
 444 000e 00       		.byte	0
 445 000f 02       		.uleb128 0x2
 446 0010 24       		.uleb128 0x24
 447 0011 00       		.byte	0
 448 0012 0B       		.uleb128 0xb
 449 0013 0B       		.uleb128 0xb
 450 0014 3E       		.uleb128 0x3e
 451 0015 0B       		.uleb128 0xb
 452 0016 03       		.uleb128 0x3
 453 0017 08       		.uleb128 0x8
 454 0018 00       		.byte	0
 455 0019 00       		.byte	0
 456 001a 03       		.uleb128 0x3
ARM GAS  C:\Users\PC\AppData\Local\Temp\ccrP3Kbe.s 			page 9


 457 001b 24       		.uleb128 0x24
 458 001c 00       		.byte	0
 459 001d 0B       		.uleb128 0xb
 460 001e 0B       		.uleb128 0xb
 461 001f 3E       		.uleb128 0x3e
 462 0020 0B       		.uleb128 0xb
 463 0021 03       		.uleb128 0x3
 464 0022 0E       		.uleb128 0xe
 465 0023 00       		.byte	0
 466 0024 00       		.byte	0
 467 0025 04       		.uleb128 0x4
 468 0026 16       		.uleb128 0x16
 469 0027 00       		.byte	0
 470 0028 03       		.uleb128 0x3
 471 0029 0E       		.uleb128 0xe
 472 002a 3A       		.uleb128 0x3a
 473 002b 0B       		.uleb128 0xb
 474 002c 3B       		.uleb128 0x3b
 475 002d 0B       		.uleb128 0xb
 476 002e 49       		.uleb128 0x49
 477 002f 13       		.uleb128 0x13
 478 0030 00       		.byte	0
 479 0031 00       		.byte	0
 480 0032 05       		.uleb128 0x5
 481 0033 0F       		.uleb128 0xf
 482 0034 00       		.byte	0
 483 0035 0B       		.uleb128 0xb
 484 0036 0B       		.uleb128 0xb
 485 0037 00       		.byte	0
 486 0038 00       		.byte	0
 487 0039 06       		.uleb128 0x6
 488 003a 13       		.uleb128 0x13
 489 003b 01       		.byte	0x1
 490 003c 0B       		.uleb128 0xb
 491 003d 0B       		.uleb128 0xb
 492 003e 3A       		.uleb128 0x3a
 493 003f 0B       		.uleb128 0xb
 494 0040 3B       		.uleb128 0x3b
 495 0041 05       		.uleb128 0x5
 496 0042 01       		.uleb128 0x1
 497 0043 13       		.uleb128 0x13
 498 0044 00       		.byte	0
 499 0045 00       		.byte	0
 500 0046 07       		.uleb128 0x7
 501 0047 0D       		.uleb128 0xd
 502 0048 00       		.byte	0
 503 0049 03       		.uleb128 0x3
 504 004a 0E       		.uleb128 0xe
 505 004b 3A       		.uleb128 0x3a
 506 004c 0B       		.uleb128 0xb
 507 004d 3B       		.uleb128 0x3b
 508 004e 05       		.uleb128 0x5
 509 004f 49       		.uleb128 0x49
 510 0050 13       		.uleb128 0x13
 511 0051 38       		.uleb128 0x38
 512 0052 0B       		.uleb128 0xb
 513 0053 00       		.byte	0
ARM GAS  C:\Users\PC\AppData\Local\Temp\ccrP3Kbe.s 			page 10


 514 0054 00       		.byte	0
 515 0055 08       		.uleb128 0x8
 516 0056 16       		.uleb128 0x16
 517 0057 00       		.byte	0
 518 0058 03       		.uleb128 0x3
 519 0059 0E       		.uleb128 0xe
 520 005a 3A       		.uleb128 0x3a
 521 005b 0B       		.uleb128 0xb
 522 005c 3B       		.uleb128 0x3b
 523 005d 05       		.uleb128 0x5
 524 005e 49       		.uleb128 0x49
 525 005f 13       		.uleb128 0x13
 526 0060 00       		.byte	0
 527 0061 00       		.byte	0
 528 0062 09       		.uleb128 0x9
 529 0063 04       		.uleb128 0x4
 530 0064 01       		.byte	0x1
 531 0065 0B       		.uleb128 0xb
 532 0066 0B       		.uleb128 0xb
 533 0067 49       		.uleb128 0x49
 534 0068 13       		.uleb128 0x13
 535 0069 3A       		.uleb128 0x3a
 536 006a 0B       		.uleb128 0xb
 537 006b 3B       		.uleb128 0x3b
 538 006c 0B       		.uleb128 0xb
 539 006d 01       		.uleb128 0x1
 540 006e 13       		.uleb128 0x13
 541 006f 00       		.byte	0
 542 0070 00       		.byte	0
 543 0071 0A       		.uleb128 0xa
 544 0072 28       		.uleb128 0x28
 545 0073 00       		.byte	0
 546 0074 03       		.uleb128 0x3
 547 0075 0E       		.uleb128 0xe
 548 0076 1C       		.uleb128 0x1c
 549 0077 0B       		.uleb128 0xb
 550 0078 00       		.byte	0
 551 0079 00       		.byte	0
 552 007a 0B       		.uleb128 0xb
 553 007b 0F       		.uleb128 0xf
 554 007c 00       		.byte	0
 555 007d 0B       		.uleb128 0xb
 556 007e 0B       		.uleb128 0xb
 557 007f 49       		.uleb128 0x49
 558 0080 13       		.uleb128 0x13
 559 0081 00       		.byte	0
 560 0082 00       		.byte	0
 561 0083 0C       		.uleb128 0xc
 562 0084 15       		.uleb128 0x15
 563 0085 01       		.byte	0x1
 564 0086 27       		.uleb128 0x27
 565 0087 19       		.uleb128 0x19
 566 0088 01       		.uleb128 0x1
 567 0089 13       		.uleb128 0x13
 568 008a 00       		.byte	0
 569 008b 00       		.byte	0
 570 008c 0D       		.uleb128 0xd
ARM GAS  C:\Users\PC\AppData\Local\Temp\ccrP3Kbe.s 			page 11


 571 008d 05       		.uleb128 0x5
 572 008e 00       		.byte	0
 573 008f 49       		.uleb128 0x49
 574 0090 13       		.uleb128 0x13
 575 0091 00       		.byte	0
 576 0092 00       		.byte	0
 577 0093 0E       		.uleb128 0xe
 578 0094 13       		.uleb128 0x13
 579 0095 01       		.byte	0x1
 580 0096 0B       		.uleb128 0xb
 581 0097 0B       		.uleb128 0xb
 582 0098 3A       		.uleb128 0x3a
 583 0099 0B       		.uleb128 0xb
 584 009a 3B       		.uleb128 0x3b
 585 009b 0B       		.uleb128 0xb
 586 009c 01       		.uleb128 0x1
 587 009d 13       		.uleb128 0x13
 588 009e 00       		.byte	0
 589 009f 00       		.byte	0
 590 00a0 0F       		.uleb128 0xf
 591 00a1 0D       		.uleb128 0xd
 592 00a2 00       		.byte	0
 593 00a3 03       		.uleb128 0x3
 594 00a4 0E       		.uleb128 0xe
 595 00a5 3A       		.uleb128 0x3a
 596 00a6 0B       		.uleb128 0xb
 597 00a7 3B       		.uleb128 0x3b
 598 00a8 0B       		.uleb128 0xb
 599 00a9 49       		.uleb128 0x49
 600 00aa 13       		.uleb128 0x13
 601 00ab 38       		.uleb128 0x38
 602 00ac 0B       		.uleb128 0xb
 603 00ad 00       		.byte	0
 604 00ae 00       		.byte	0
 605 00af 10       		.uleb128 0x10
 606 00b0 01       		.uleb128 0x1
 607 00b1 01       		.byte	0x1
 608 00b2 49       		.uleb128 0x49
 609 00b3 13       		.uleb128 0x13
 610 00b4 01       		.uleb128 0x1
 611 00b5 13       		.uleb128 0x13
 612 00b6 00       		.byte	0
 613 00b7 00       		.byte	0
 614 00b8 11       		.uleb128 0x11
 615 00b9 21       		.uleb128 0x21
 616 00ba 00       		.byte	0
 617 00bb 49       		.uleb128 0x49
 618 00bc 13       		.uleb128 0x13
 619 00bd 2F       		.uleb128 0x2f
 620 00be 0B       		.uleb128 0xb
 621 00bf 00       		.byte	0
 622 00c0 00       		.byte	0
 623 00c1 12       		.uleb128 0x12
 624 00c2 26       		.uleb128 0x26
 625 00c3 00       		.byte	0
 626 00c4 49       		.uleb128 0x49
 627 00c5 13       		.uleb128 0x13
ARM GAS  C:\Users\PC\AppData\Local\Temp\ccrP3Kbe.s 			page 12


 628 00c6 00       		.byte	0
 629 00c7 00       		.byte	0
 630 00c8 13       		.uleb128 0x13
 631 00c9 34       		.uleb128 0x34
 632 00ca 00       		.byte	0
 633 00cb 03       		.uleb128 0x3
 634 00cc 0E       		.uleb128 0xe
 635 00cd 3A       		.uleb128 0x3a
 636 00ce 0B       		.uleb128 0xb
 637 00cf 3B       		.uleb128 0x3b
 638 00d0 0B       		.uleb128 0xb
 639 00d1 49       		.uleb128 0x49
 640 00d2 13       		.uleb128 0x13
 641 00d3 02       		.uleb128 0x2
 642 00d4 18       		.uleb128 0x18
 643 00d5 00       		.byte	0
 644 00d6 00       		.byte	0
 645 00d7 14       		.uleb128 0x14
 646 00d8 34       		.uleb128 0x34
 647 00d9 00       		.byte	0
 648 00da 03       		.uleb128 0x3
 649 00db 0E       		.uleb128 0xe
 650 00dc 3A       		.uleb128 0x3a
 651 00dd 0B       		.uleb128 0xb
 652 00de 3B       		.uleb128 0x3b
 653 00df 05       		.uleb128 0x5
 654 00e0 49       		.uleb128 0x49
 655 00e1 13       		.uleb128 0x13
 656 00e2 3F       		.uleb128 0x3f
 657 00e3 19       		.uleb128 0x19
 658 00e4 3C       		.uleb128 0x3c
 659 00e5 19       		.uleb128 0x19
 660 00e6 00       		.byte	0
 661 00e7 00       		.byte	0
 662 00e8 15       		.uleb128 0x15
 663 00e9 35       		.uleb128 0x35
 664 00ea 00       		.byte	0
 665 00eb 49       		.uleb128 0x49
 666 00ec 13       		.uleb128 0x13
 667 00ed 00       		.byte	0
 668 00ee 00       		.byte	0
 669 00ef 16       		.uleb128 0x16
 670 00f0 34       		.uleb128 0x34
 671 00f1 00       		.byte	0
 672 00f2 03       		.uleb128 0x3
 673 00f3 0E       		.uleb128 0xe
 674 00f4 3A       		.uleb128 0x3a
 675 00f5 0B       		.uleb128 0xb
 676 00f6 3B       		.uleb128 0x3b
 677 00f7 0B       		.uleb128 0xb
 678 00f8 49       		.uleb128 0x49
 679 00f9 13       		.uleb128 0x13
 680 00fa 3F       		.uleb128 0x3f
 681 00fb 19       		.uleb128 0x19
 682 00fc 02       		.uleb128 0x2
 683 00fd 18       		.uleb128 0x18
 684 00fe 00       		.byte	0
ARM GAS  C:\Users\PC\AppData\Local\Temp\ccrP3Kbe.s 			page 13


 685 00ff 00       		.byte	0
 686 0100 00       		.byte	0
 687              		.section	.debug_aranges,"",%progbits
 688 0000 14000000 		.4byte	0x14
 689 0004 0200     		.2byte	0x2
 690 0006 00000000 		.4byte	.Ldebug_info0
 691 000a 04       		.byte	0x4
 692 000b 00       		.byte	0
 693 000c 0000     		.2byte	0
 694 000e 0000     		.2byte	0
 695 0010 00000000 		.4byte	0
 696 0014 00000000 		.4byte	0
 697              		.section	.debug_line,"",%progbits
 698              	.Ldebug_line0:
 699 0000 01020000 		.section	.debug_str,"MS",%progbits,1
 699      0200FB01 
 699      00000201 
 699      FB0E0D00 
 699      01010101 
 700              	.LASF48:
 701 0000 43595F42 		.ascii	"CY_BLE_DIS_SYSTEM_ID\000"
 701      4C455F44 
 701      49535F53 
 701      59535445 
 701      4D5F4944 
 702              	.LASF43:
 703 0015 43595F42 		.ascii	"CY_BLE_DIS_MODEL_NUMBER\000"
 703      4C455F44 
 703      49535F4D 
 703      4F44454C 
 703      5F4E554D 
 704              	.LASF33:
 705 002d 43595F42 		.ascii	"CY_BLE_CONN_STATE_CONNECTED\000"
 705      4C455F43 
 705      4F4E4E5F 
 705      53544154 
 705      455F434F 
 706              	.LASF3:
 707 0049 7369676E 		.ascii	"signed char\000"
 707      65642063 
 707      68617200 
 708              	.LASF56:
 709 0055 63616C6C 		.ascii	"callbackFunc\000"
 709      6261636B 
 709      46756E63 
 709      00
 710              	.LASF30:
 711 0062 63795F65 		.ascii	"cy_en_ble_adv_state_t\000"
 711      6E5F626C 
 711      655F6164 
 711      765F7374 
 711      6174655F 
 712              	.LASF5:
 713 0078 73686F72 		.ascii	"short int\000"
 713      7420696E 
 713      7400
 714              	.LASF65:
ARM GAS  C:\Users\PC\AppData\Local\Temp\ccrP3Kbe.s 			page 14


 715 0082 47656E65 		.ascii	"Generated_Source\\PSoC6\\BLE_dis_config.c\000"
 715      72617465 
 715      645F536F 
 715      75726365 
 715      5C50536F 
 716              	.LASF14:
 717 00aa 73697A65 		.ascii	"sizetype\000"
 717      74797065 
 717      00
 718              	.LASF57:
 719 00b3 63795F73 		.ascii	"cy_stc_ble_dis_config_t\000"
 719      74635F62 
 719      6C655F64 
 719      69735F63 
 719      6F6E6669 
 720              	.LASF34:
 721 00cb 43595F42 		.ascii	"CY_BLE_CONN_STATE_CLIENT_SRVC_DISCOVERING\000"
 721      4C455F43 
 721      4F4E4E5F 
 721      53544154 
 721      455F434C 
 722              	.LASF64:
 723 00f5 474E5520 		.ascii	"GNU C11 5.4.1 20160609 (release) [ARM/embedded-5-br"
 723      43313120 
 723      352E342E 
 723      31203230 
 723      31363036 
 724 0128 616E6368 		.ascii	"anch revision 237715] -mcpu=cortex-m4 -mfloat-abi=s"
 724      20726576 
 724      6973696F 
 724      6E203233 
 724      37373135 
 725 015b 6F667466 		.ascii	"oftfp -mfpu=fpv4-sp-d16 -mthumb -g -Og -ffunction-s"
 725      70202D6D 
 725      6670753D 
 725      66707634 
 725      2D73702D 
 726 018e 65637469 		.ascii	"ections -ffat-lto-objects\000"
 726      6F6E7320 
 726      2D666661 
 726      742D6C74 
 726      6F2D6F62 
 727              	.LASF62:
 728 01a8 63795F62 		.ascii	"cy_ble_pendingFlashWrite\000"
 728      6C655F70 
 728      656E6469 
 728      6E67466C 
 728      61736857 
 729              	.LASF11:
 730 01c1 5F5F7569 		.ascii	"__uint32_t\000"
 730      6E743332 
 730      5F7400
 731              	.LASF7:
 732 01cc 5F5F7569 		.ascii	"__uint16_t\000"
 732      6E743136 
 732      5F7400
 733              	.LASF36:
ARM GAS  C:\Users\PC\AppData\Local\Temp\ccrP3Kbe.s 			page 15


 734 01d7 43595F42 		.ascii	"CY_BLE_CONN_STATE_CLIENT_CHAR_DISCOVERING\000"
 734      4C455F43 
 734      4F4E4E5F 
 734      53544154 
 734      455F434C 
 735              	.LASF66:
 736 0201 433A5C55 		.ascii	"C:\\Users\\PC\\Desktop\\WorkspaceLab10.cydsn\\CE212"
 736      73657273 
 736      5C50435C 
 736      4465736B 
 736      746F705C 
 737 022f 3733365F 		.ascii	"736_PSoC6BLE_FindMe01.cydsn\000"
 737      50536F43 
 737      36424C45 
 737      5F46696E 
 737      644D6530 
 738              	.LASF16:
 739 024b 75696E74 		.ascii	"uint8_t\000"
 739      385F7400 
 740              	.LASF59:
 741 0253 63795F62 		.ascii	"cy_ble_advState\000"
 741      6C655F61 
 741      64765374 
 741      61746500 
 742              	.LASF42:
 743 0263 43595F42 		.ascii	"CY_BLE_DIS_MANUFACTURER_NAME\000"
 743      4C455F44 
 743      49535F4D 
 743      414E5546 
 743      41435455 
 744              	.LASF31:
 745 0280 43595F42 		.ascii	"CY_BLE_CONN_STATE_DISCONNECTED\000"
 745      4C455F43 
 745      4F4E4E5F 
 745      53544154 
 745      455F4449 
 746              	.LASF51:
 747 029f 43595F42 		.ascii	"CY_BLE_DIS_CHAR_COUNT\000"
 747      4C455F44 
 747      49535F43 
 747      4841525F 
 747      434F554E 
 748              	.LASF22:
 749 02b5 62644861 		.ascii	"bdHandle\000"
 749      6E646C65 
 749      00
 750              	.LASF20:
 751 02be 666C6F61 		.ascii	"float\000"
 751      7400
 752              	.LASF1:
 753 02c4 6C6F6E67 		.ascii	"long long int\000"
 753      206C6F6E 
 753      6720696E 
 753      7400
 754              	.LASF60:
 755 02d2 63795F62 		.ascii	"cy_ble_connHandle\000"
 755      6C655F63 
ARM GAS  C:\Users\PC\AppData\Local\Temp\ccrP3Kbe.s 			page 16


 755      6F6E6E48 
 755      616E646C 
 755      6500
 756              	.LASF35:
 757 02e4 43595F42 		.ascii	"CY_BLE_CONN_STATE_CLIENT_INCL_DISCOVERING\000"
 757      4C455F43 
 757      4F4E4E5F 
 757      53544154 
 757      455F434C 
 758              	.LASF10:
 759 030e 6C6F6E67 		.ascii	"long int\000"
 759      20696E74 
 759      00
 760              	.LASF6:
 761 0317 5F5F7569 		.ascii	"__uint8_t\000"
 761      6E74385F 
 761      7400
 762              	.LASF38:
 763 0321 43595F42 		.ascii	"CY_BLE_CONN_STATE_CLIENT_DISCOVERED\000"
 763      4C455F43 
 763      4F4E4E5F 
 763      53544154 
 763      455F434C 
 764              	.LASF52:
 765 0345 73657276 		.ascii	"serviceHandle\000"
 765      69636548 
 765      616E646C 
 765      6500
 766              	.LASF4:
 767 0353 756E7369 		.ascii	"unsigned char\000"
 767      676E6564 
 767      20636861 
 767      7200
 768              	.LASF44:
 769 0361 43595F42 		.ascii	"CY_BLE_DIS_SERIAL_NUMBER\000"
 769      4C455F44 
 769      49535F53 
 769      45524941 
 769      4C5F4E55 
 770              	.LASF2:
 771 037a 6C6F6E67 		.ascii	"long double\000"
 771      20646F75 
 771      626C6500 
 772              	.LASF54:
 773 0386 63795F73 		.ascii	"cy_stc_ble_diss_t\000"
 773      74635F62 
 773      6C655F64 
 773      6973735F 
 773      7400
 774              	.LASF37:
 775 0398 43595F42 		.ascii	"CY_BLE_CONN_STATE_CLIENT_DESCR_DISCOVERING\000"
 775      4C455F43 
 775      4F4E4E5F 
 775      53544154 
 775      455F434C 
 776              	.LASF50:
 777 03c3 43595F42 		.ascii	"CY_BLE_DIS_PNP_ID\000"
ARM GAS  C:\Users\PC\AppData\Local\Temp\ccrP3Kbe.s 			page 17


 777      4C455F44 
 777      49535F50 
 777      4E505F49 
 777      4400
 778              	.LASF29:
 779 03d5 43595F42 		.ascii	"CY_BLE_ADV_STATE_STOP_INITIATED\000"
 779      4C455F41 
 779      44565F53 
 779      54415445 
 779      5F53544F 
 780              	.LASF46:
 781 03f5 43595F42 		.ascii	"CY_BLE_DIS_FIRMWARE_REV\000"
 781      4C455F44 
 781      49535F46 
 781      49524D57 
 781      4152455F 
 782              	.LASF45:
 783 040d 43595F42 		.ascii	"CY_BLE_DIS_HARDWARE_REV\000"
 783      4C455F44 
 783      49535F48 
 783      41524457 
 783      4152455F 
 784              	.LASF13:
 785 0425 6C6F6E67 		.ascii	"long long unsigned int\000"
 785      206C6F6E 
 785      6720756E 
 785      7369676E 
 785      65642069 
 786              	.LASF19:
 787 043c 75696E74 		.ascii	"uint32_t\000"
 787      33325F74 
 787      00
 788              	.LASF0:
 789 0445 756E7369 		.ascii	"unsigned int\000"
 789      676E6564 
 789      20696E74 
 789      00
 790              	.LASF17:
 791 0452 75696E74 		.ascii	"uint16_t\000"
 791      31365F74 
 791      00
 792              	.LASF23:
 793 045b 61747449 		.ascii	"attId\000"
 793      6400
 794              	.LASF55:
 795 0461 64697373 		.ascii	"diss\000"
 795      00
 796              	.LASF53:
 797 0466 63686172 		.ascii	"charHandle\000"
 797      48616E64 
 797      6C6500
 798              	.LASF8:
 799 0471 73686F72 		.ascii	"short unsigned int\000"
 799      7420756E 
 799      7369676E 
 799      65642069 
 799      6E7400
ARM GAS  C:\Users\PC\AppData\Local\Temp\ccrP3Kbe.s 			page 18


 800              	.LASF67:
 801 0484 63795F62 		.ascii	"cy_ble_diss\000"
 801      6C655F64 
 801      69737300 
 802              	.LASF25:
 803 0490 63795F62 		.ascii	"cy_ble_gatt_db_attr_handle_t\000"
 803      6C655F67 
 803      6174745F 
 803      64625F61 
 803      7474725F 
 804              	.LASF15:
 805 04ad 63686172 		.ascii	"char\000"
 805      00
 806              	.LASF18:
 807 04b2 696E7433 		.ascii	"int32_t\000"
 807      325F7400 
 808              	.LASF41:
 809 04ba 5F426F6F 		.ascii	"_Bool\000"
 809      6C00
 810              	.LASF61:
 811 04c0 63795F62 		.ascii	"cy_ble_connState\000"
 811      6C655F63 
 811      6F6E6E53 
 811      74617465 
 811      00
 812              	.LASF27:
 813 04d1 43595F42 		.ascii	"CY_BLE_ADV_STATE_ADV_INITIATED\000"
 813      4C455F41 
 813      44565F53 
 813      54415445 
 813      5F414456 
 814              	.LASF12:
 815 04f0 6C6F6E67 		.ascii	"long unsigned int\000"
 815      20756E73 
 815      69676E65 
 815      6420696E 
 815      7400
 816              	.LASF21:
 817 0502 646F7562 		.ascii	"double\000"
 817      6C6500
 818              	.LASF32:
 819 0509 43595F42 		.ascii	"CY_BLE_CONN_STATE_CLIENT_DISCONNECTED_DISCOVERED\000"
 819      4C455F43 
 819      4F4E4E5F 
 819      53544154 
 819      455F434C 
 820              	.LASF47:
 821 053a 43595F42 		.ascii	"CY_BLE_DIS_SOFTWARE_REV\000"
 821      4C455F44 
 821      49535F53 
 821      4F465457 
 821      4152455F 
 822              	.LASF9:
 823 0552 5F5F696E 		.ascii	"__int32_t\000"
 823      7433325F 
 823      7400
 824              	.LASF26:
ARM GAS  C:\Users\PC\AppData\Local\Temp\ccrP3Kbe.s 			page 19


 825 055c 43595F42 		.ascii	"CY_BLE_ADV_STATE_STOPPED\000"
 825      4C455F41 
 825      44565F53 
 825      54415445 
 825      5F53544F 
 826              	.LASF49:
 827 0575 43595F42 		.ascii	"CY_BLE_DIS_REG_CERT_DATA\000"
 827      4C455F44 
 827      49535F52 
 827      45475F43 
 827      4552545F 
 828              	.LASF40:
 829 058e 63795F62 		.ascii	"cy_ble_callback_t\000"
 829      6C655F63 
 829      616C6C62 
 829      61636B5F 
 829      7400
 830              	.LASF39:
 831 05a0 63795F65 		.ascii	"cy_en_ble_conn_state_t\000"
 831      6E5F626C 
 831      655F636F 
 831      6E6E5F73 
 831      74617465 
 832              	.LASF24:
 833 05b7 63795F73 		.ascii	"cy_stc_ble_conn_handle_t\000"
 833      74635F62 
 833      6C655F63 
 833      6F6E6E5F 
 833      68616E64 
 834              	.LASF58:
 835 05d0 49544D5F 		.ascii	"ITM_RxBuffer\000"
 835      52784275 
 835      66666572 
 835      00
 836              	.LASF63:
 837 05dd 63795F62 		.ascii	"cy_ble_disConfig\000"
 837      6C655F64 
 837      6973436F 
 837      6E666967 
 837      00
 838              	.LASF28:
 839 05ee 43595F42 		.ascii	"CY_BLE_ADV_STATE_ADVERTISING\000"
 839      4C455F41 
 839      44565F53 
 839      54415445 
 839      5F414456 
 840              		.ident	"GCC: (GNU Tools for ARM Embedded Processors) 5.4.1 20160609 (release) [ARM/embedded-5-bran
