ARM GAS  C:\Users\PC\AppData\Local\Temp\ccQ1OcTM.s 			page 1


   1              		.syntax unified
   2              		.cpu cortex-m4
   3              		.eabi_attribute 27, 1
   4              		.fpu fpv4-sp-d16
   5              		.eabi_attribute 20, 1
   6              		.eabi_attribute 21, 1
   7              		.eabi_attribute 23, 3
   8              		.eabi_attribute 24, 1
   9              		.eabi_attribute 25, 1
  10              		.eabi_attribute 26, 1
  11              		.eabi_attribute 30, 1
  12              		.eabi_attribute 34, 1
  13              		.eabi_attribute 18, 4
  14              		.thumb
  15              		.syntax unified
  16              		.file	"main_cm4.c"
  17              		.text
  18              	.Ltext0:
  19              		.cfi_sections	.debug_frame
  20              		.section	.text.main,"ax",%progbits
  21              		.align	2
  22              		.global	main
  23              		.thumb
  24              		.thumb_func
  25              		.type	main, %function
  26              	main:
  27              	.LFB530:
  28              		.file 1 "main_cm4.c"
   1:main_cm4.c    **** /*******************************************************************************
   2:main_cm4.c    **** * File Name: main_cm4.c
   3:main_cm4.c    **** *
   4:main_cm4.c    **** * Version: 1.21
   5:main_cm4.c    **** *
   6:main_cm4.c    **** * Description:
   7:main_cm4.c    **** *   This is source code for the PSoC 6 MCU with BLE Find Me code example.
   8:main_cm4.c    **** *
   9:main_cm4.c    **** * Note:
  10:main_cm4.c    **** *
  11:main_cm4.c    **** * Owners:
  12:main_cm4.c    **** *   snvn@cypress.com
  13:main_cm4.c    **** *
  14:main_cm4.c    **** * Related Documents:
  15:main_cm4.c    **** *   AN210781 - Getting Started with PSoC 6 MCU with 
  16:main_cm4.c    **** *              Bluetooth Low Energy BLE) Connectivity
  17:main_cm4.c    **** *   CE212736 - PSoC 6 MCU with Bluetooth Low Energy 
  18:main_cm4.c    **** *              (BLE) Connectivity - Find Me
  19:main_cm4.c    **** *
  20:main_cm4.c    **** * Hardware Dependency:
  21:main_cm4.c    **** *  1. PSoC 6 MCU with BLE device
  22:main_cm4.c    **** *  2. CY8CKIT-062-BLE Pioneer Kit
  23:main_cm4.c    **** *
  24:main_cm4.c    **** * Code Tested With:
  25:main_cm4.c    **** *  1. PSoC Creator 4.2
  26:main_cm4.c    **** *   a. ARM GCC
  27:main_cm4.c    **** *   b. ARM MDK
  28:main_cm4.c    **** *
  29:main_cm4.c    **** ********************************************************************************
ARM GAS  C:\Users\PC\AppData\Local\Temp\ccQ1OcTM.s 			page 2


  30:main_cm4.c    **** * Copyright 2017-2020, Cypress Semiconductor Corporation.  All rights reserved.
  31:main_cm4.c    **** * You may use this file only in accordance with the license, terms, conditions,
  32:main_cm4.c    **** * disclaimers, and limitations in the end user license agreement accompanying
  33:main_cm4.c    **** * the software package with which this file was provided.
  34:main_cm4.c    **** *******************************************************************************/
  35:main_cm4.c    **** 
  36:main_cm4.c    **** #include <project.h>
  37:main_cm4.c    **** #include "BLEFindMe.h"
  38:main_cm4.c    **** 
  39:main_cm4.c    **** /*******************************************************************************
  40:main_cm4.c    **** * Function Name: main()
  41:main_cm4.c    **** ********************************************************************************
  42:main_cm4.c    **** * Summary:
  43:main_cm4.c    **** *  Main function for the project.
  44:main_cm4.c    **** *
  45:main_cm4.c    **** * Parameters:
  46:main_cm4.c    **** *  None
  47:main_cm4.c    **** *
  48:main_cm4.c    **** * Return:
  49:main_cm4.c    **** *  None
  50:main_cm4.c    **** *
  51:main_cm4.c    **** * Theory:
  52:main_cm4.c    **** *  The main function initializes the PSoC 6 BLE device and runs a BLE process.
  53:main_cm4.c    **** *
  54:main_cm4.c    **** *******************************************************************************/
  55:main_cm4.c    **** int main(void)
  56:main_cm4.c    **** {
  29              		.loc 1 56 0
  30              		.cfi_startproc
  31              		@ Volatile: function does not return.
  32              		@ args = 0, pretend = 0, frame = 0
  33              		@ frame_needed = 0, uses_anonymous_args = 0
  34 0000 08B5     		push	{r3, lr}
  35              		.cfi_def_cfa_offset 8
  36              		.cfi_offset 3, -8
  37              		.cfi_offset 14, -4
  57:main_cm4.c    ****     /* Initialize BLE */
  58:main_cm4.c    ****     BleFindMe_Init();
  38              		.loc 1 58 0
  39 0002 FFF7FEFF 		bl	BleFindMe_Init
  40              	.LVL0:
  41              	.LBB4:
  42              	.LBB5:
  43              		.file 2 "Generated_Source\\PSoC6\\pdl\\cmsis/include/cmsis_gcc.h"
   1:Generated_Source\PSoC6\pdl\cmsis/include/cmsis_gcc.h **** /**************************************************************************//**
   2:Generated_Source\PSoC6\pdl\cmsis/include/cmsis_gcc.h ****  * @file     cmsis_gcc.h
   3:Generated_Source\PSoC6\pdl\cmsis/include/cmsis_gcc.h ****  * @brief    CMSIS compiler GCC header file
   4:Generated_Source\PSoC6\pdl\cmsis/include/cmsis_gcc.h ****  * @version  V5.0.1
   5:Generated_Source\PSoC6\pdl\cmsis/include/cmsis_gcc.h ****  * @date     02. February 2017
   6:Generated_Source\PSoC6\pdl\cmsis/include/cmsis_gcc.h ****  ******************************************************************************/
   7:Generated_Source\PSoC6\pdl\cmsis/include/cmsis_gcc.h **** /*
   8:Generated_Source\PSoC6\pdl\cmsis/include/cmsis_gcc.h ****  * Copyright (c) 2009-2017 ARM Limited. All rights reserved.
   9:Generated_Source\PSoC6\pdl\cmsis/include/cmsis_gcc.h ****  *
  10:Generated_Source\PSoC6\pdl\cmsis/include/cmsis_gcc.h ****  * SPDX-License-Identifier: Apache-2.0
  11:Generated_Source\PSoC6\pdl\cmsis/include/cmsis_gcc.h ****  *
  12:Generated_Source\PSoC6\pdl\cmsis/include/cmsis_gcc.h ****  * Licensed under the Apache License, Version 2.0 (the License); you may
  13:Generated_Source\PSoC6\pdl\cmsis/include/cmsis_gcc.h ****  * not use this file except in compliance with the License.
ARM GAS  C:\Users\PC\AppData\Local\Temp\ccQ1OcTM.s 			page 3


  14:Generated_Source\PSoC6\pdl\cmsis/include/cmsis_gcc.h ****  * You may obtain a copy of the License at
  15:Generated_Source\PSoC6\pdl\cmsis/include/cmsis_gcc.h ****  *
  16:Generated_Source\PSoC6\pdl\cmsis/include/cmsis_gcc.h ****  * www.apache.org/licenses/LICENSE-2.0
  17:Generated_Source\PSoC6\pdl\cmsis/include/cmsis_gcc.h ****  *
  18:Generated_Source\PSoC6\pdl\cmsis/include/cmsis_gcc.h ****  * Unless required by applicable law or agreed to in writing, software
  19:Generated_Source\PSoC6\pdl\cmsis/include/cmsis_gcc.h ****  * distributed under the License is distributed on an AS IS BASIS, WITHOUT
  20:Generated_Source\PSoC6\pdl\cmsis/include/cmsis_gcc.h ****  * WARRANTIES OR CONDITIONS OF ANY KIND, either express or implied.
  21:Generated_Source\PSoC6\pdl\cmsis/include/cmsis_gcc.h ****  * See the License for the specific language governing permissions and
  22:Generated_Source\PSoC6\pdl\cmsis/include/cmsis_gcc.h ****  * limitations under the License.
  23:Generated_Source\PSoC6\pdl\cmsis/include/cmsis_gcc.h ****  */
  24:Generated_Source\PSoC6\pdl\cmsis/include/cmsis_gcc.h **** 
  25:Generated_Source\PSoC6\pdl\cmsis/include/cmsis_gcc.h **** #ifndef __CMSIS_GCC_H
  26:Generated_Source\PSoC6\pdl\cmsis/include/cmsis_gcc.h **** #define __CMSIS_GCC_H
  27:Generated_Source\PSoC6\pdl\cmsis/include/cmsis_gcc.h **** 
  28:Generated_Source\PSoC6\pdl\cmsis/include/cmsis_gcc.h **** /* ignore some GCC warnings */
  29:Generated_Source\PSoC6\pdl\cmsis/include/cmsis_gcc.h **** #pragma GCC diagnostic push
  30:Generated_Source\PSoC6\pdl\cmsis/include/cmsis_gcc.h **** #pragma GCC diagnostic ignored "-Wsign-conversion"
  31:Generated_Source\PSoC6\pdl\cmsis/include/cmsis_gcc.h **** #pragma GCC diagnostic ignored "-Wconversion"
  32:Generated_Source\PSoC6\pdl\cmsis/include/cmsis_gcc.h **** #pragma GCC diagnostic ignored "-Wunused-parameter"
  33:Generated_Source\PSoC6\pdl\cmsis/include/cmsis_gcc.h **** 
  34:Generated_Source\PSoC6\pdl\cmsis/include/cmsis_gcc.h **** /* CMSIS compiler specific defines */
  35:Generated_Source\PSoC6\pdl\cmsis/include/cmsis_gcc.h **** #ifndef   __ASM
  36:Generated_Source\PSoC6\pdl\cmsis/include/cmsis_gcc.h ****   #define __ASM                     __asm
  37:Generated_Source\PSoC6\pdl\cmsis/include/cmsis_gcc.h **** #endif
  38:Generated_Source\PSoC6\pdl\cmsis/include/cmsis_gcc.h **** #ifndef   __INLINE
  39:Generated_Source\PSoC6\pdl\cmsis/include/cmsis_gcc.h ****   #define __INLINE                  inline
  40:Generated_Source\PSoC6\pdl\cmsis/include/cmsis_gcc.h **** #endif
  41:Generated_Source\PSoC6\pdl\cmsis/include/cmsis_gcc.h **** #ifndef   __STATIC_INLINE
  42:Generated_Source\PSoC6\pdl\cmsis/include/cmsis_gcc.h ****   #define __STATIC_INLINE           static inline
  43:Generated_Source\PSoC6\pdl\cmsis/include/cmsis_gcc.h **** #endif
  44:Generated_Source\PSoC6\pdl\cmsis/include/cmsis_gcc.h **** #ifndef   __NO_RETURN
  45:Generated_Source\PSoC6\pdl\cmsis/include/cmsis_gcc.h ****   #define __NO_RETURN               __attribute__((noreturn))
  46:Generated_Source\PSoC6\pdl\cmsis/include/cmsis_gcc.h **** #endif
  47:Generated_Source\PSoC6\pdl\cmsis/include/cmsis_gcc.h **** #ifndef   __USED
  48:Generated_Source\PSoC6\pdl\cmsis/include/cmsis_gcc.h ****   #define __USED                    __attribute__((used))
  49:Generated_Source\PSoC6\pdl\cmsis/include/cmsis_gcc.h **** #endif
  50:Generated_Source\PSoC6\pdl\cmsis/include/cmsis_gcc.h **** #ifndef   __WEAK
  51:Generated_Source\PSoC6\pdl\cmsis/include/cmsis_gcc.h ****   #define __WEAK                    __attribute__((weak))
  52:Generated_Source\PSoC6\pdl\cmsis/include/cmsis_gcc.h **** #endif
  53:Generated_Source\PSoC6\pdl\cmsis/include/cmsis_gcc.h **** #ifndef   __UNALIGNED_UINT32
  54:Generated_Source\PSoC6\pdl\cmsis/include/cmsis_gcc.h **** #pragma GCC diagnostic push
  55:Generated_Source\PSoC6\pdl\cmsis/include/cmsis_gcc.h **** #pragma GCC diagnostic ignored "-Wpacked"
  56:Generated_Source\PSoC6\pdl\cmsis/include/cmsis_gcc.h **** #pragma GCC diagnostic ignored "-Wattributes"
  57:Generated_Source\PSoC6\pdl\cmsis/include/cmsis_gcc.h ****   struct __attribute__((packed)) T_UINT32 { uint32_t v; };
  58:Generated_Source\PSoC6\pdl\cmsis/include/cmsis_gcc.h **** #pragma GCC diagnostic pop
  59:Generated_Source\PSoC6\pdl\cmsis/include/cmsis_gcc.h ****   #define __UNALIGNED_UINT32(x)     (((struct T_UINT32 *)(x))->v)
  60:Generated_Source\PSoC6\pdl\cmsis/include/cmsis_gcc.h **** #endif
  61:Generated_Source\PSoC6\pdl\cmsis/include/cmsis_gcc.h **** #ifndef   __ALIGNED
  62:Generated_Source\PSoC6\pdl\cmsis/include/cmsis_gcc.h ****   #define __ALIGNED(x)              __attribute__((aligned(x)))
  63:Generated_Source\PSoC6\pdl\cmsis/include/cmsis_gcc.h **** #endif
  64:Generated_Source\PSoC6\pdl\cmsis/include/cmsis_gcc.h **** #ifndef   __PACKED
  65:Generated_Source\PSoC6\pdl\cmsis/include/cmsis_gcc.h ****   #define __PACKED                  __attribute__((packed, aligned(1)))
  66:Generated_Source\PSoC6\pdl\cmsis/include/cmsis_gcc.h **** #endif
  67:Generated_Source\PSoC6\pdl\cmsis/include/cmsis_gcc.h **** #ifndef   __PACKED_STRUCT
  68:Generated_Source\PSoC6\pdl\cmsis/include/cmsis_gcc.h ****   #define __PACKED_STRUCT           struct __attribute__((packed, aligned(1)))
  69:Generated_Source\PSoC6\pdl\cmsis/include/cmsis_gcc.h **** #endif
  70:Generated_Source\PSoC6\pdl\cmsis/include/cmsis_gcc.h **** 
ARM GAS  C:\Users\PC\AppData\Local\Temp\ccQ1OcTM.s 			page 4


  71:Generated_Source\PSoC6\pdl\cmsis/include/cmsis_gcc.h **** 
  72:Generated_Source\PSoC6\pdl\cmsis/include/cmsis_gcc.h **** /* ###########################  Core Function Access  ########################### */
  73:Generated_Source\PSoC6\pdl\cmsis/include/cmsis_gcc.h **** /** \ingroup  CMSIS_Core_FunctionInterface
  74:Generated_Source\PSoC6\pdl\cmsis/include/cmsis_gcc.h ****     \defgroup CMSIS_Core_RegAccFunctions CMSIS Core Register Access Functions
  75:Generated_Source\PSoC6\pdl\cmsis/include/cmsis_gcc.h ****   @{
  76:Generated_Source\PSoC6\pdl\cmsis/include/cmsis_gcc.h ****  */
  77:Generated_Source\PSoC6\pdl\cmsis/include/cmsis_gcc.h **** 
  78:Generated_Source\PSoC6\pdl\cmsis/include/cmsis_gcc.h **** /**
  79:Generated_Source\PSoC6\pdl\cmsis/include/cmsis_gcc.h ****   \brief   Enable IRQ Interrupts
  80:Generated_Source\PSoC6\pdl\cmsis/include/cmsis_gcc.h ****   \details Enables IRQ interrupts by clearing the I-bit in the CPSR.
  81:Generated_Source\PSoC6\pdl\cmsis/include/cmsis_gcc.h ****            Can only be executed in Privileged modes.
  82:Generated_Source\PSoC6\pdl\cmsis/include/cmsis_gcc.h ****  */
  83:Generated_Source\PSoC6\pdl\cmsis/include/cmsis_gcc.h **** __attribute__((always_inline)) __STATIC_INLINE void __enable_irq(void)
  84:Generated_Source\PSoC6\pdl\cmsis/include/cmsis_gcc.h **** {
  85:Generated_Source\PSoC6\pdl\cmsis/include/cmsis_gcc.h ****   __ASM volatile ("cpsie i" : : : "memory");
  44              		.loc 2 85 0
  45              		.syntax unified
  46              	@ 85 "Generated_Source\PSoC6\pdl\cmsis/include/cmsis_gcc.h" 1
  47 0006 62B6     		cpsie i
  48              	@ 0 "" 2
  49              		.thumb
  50              		.syntax unified
  51              	.L2:
  52              	.LBE5:
  53              	.LBE4:
  59:main_cm4.c    **** 
  60:main_cm4.c    ****     __enable_irq(); /* Enable global interrupts. */    
  61:main_cm4.c    ****     
  62:main_cm4.c    ****     for(;;) 
  63:main_cm4.c    ****     {   
  64:main_cm4.c    ****         BleFindMe_Process();
  54              		.loc 1 64 0 discriminator 1
  55 0008 FFF7FEFF 		bl	BleFindMe_Process
  56              	.LVL1:
  57 000c FCE7     		b	.L2
  58              		.cfi_endproc
  59              	.LFE530:
  60              		.size	main, .-main
  61 000e 00BF     		.text
  62              	.Letext0:
  63              		.file 3 "c:\\program files (x86)\\cypress\\psoc creator\\4.4\\psoc creator\\import\\gnu\\arm\\5.4.
  64              		.file 4 "c:\\program files (x86)\\cypress\\psoc creator\\4.4\\psoc creator\\import\\gnu\\arm\\5.4.
  65              		.file 5 "Generated_Source\\PSoC6\\pdl\\drivers/peripheral/scb/cy_scb_uart.h"
  66              		.file 6 "Generated_Source\\PSoC6\\pdl\\middleware/ble/cy_ble_stack_host_main.h"
  67              		.file 7 "Generated_Source\\PSoC6\\pdl\\middleware/ble/cy_ble_gap.h"
  68              		.file 8 "Generated_Source\\PSoC6\\pdl\\cmsis/include/core_cm4.h"
  69              		.file 9 "Generated_Source\\PSoC6/UART_DEBUG.h"
  70              		.file 10 "BLEFindMe.h"
  71              		.section	.debug_info,"",%progbits
  72              	.Ldebug_info0:
  73 0000 35030000 		.4byte	0x335
  74 0004 0400     		.2byte	0x4
  75 0006 00000000 		.4byte	.Ldebug_abbrev0
  76 000a 04       		.byte	0x4
  77 000b 01       		.uleb128 0x1
  78 000c DD000000 		.4byte	.LASF62
  79 0010 0C       		.byte	0xc
ARM GAS  C:\Users\PC\AppData\Local\Temp\ccQ1OcTM.s 			page 5


  80 0011 57020000 		.4byte	.LASF63
  81 0015 0D020000 		.4byte	.LASF64
  82 0019 00000000 		.4byte	.Ldebug_ranges0+0
  83 001d 00000000 		.4byte	0
  84 0021 00000000 		.4byte	.Ldebug_line0
  85 0025 02       		.uleb128 0x2
  86 0026 02       		.byte	0x2
  87 0027 05       		.byte	0x5
  88 0028 7E000000 		.4byte	.LASF0
  89 002c 02       		.uleb128 0x2
  90 002d 01       		.byte	0x1
  91 002e 06       		.byte	0x6
  92 002f E6030000 		.4byte	.LASF1
  93 0033 03       		.uleb128 0x3
  94 0034 33030000 		.4byte	.LASF4
  95 0038 03       		.byte	0x3
  96 0039 1D       		.byte	0x1d
  97 003a 3E000000 		.4byte	0x3e
  98 003e 02       		.uleb128 0x2
  99 003f 01       		.byte	0x1
 100 0040 08       		.byte	0x8
 101 0041 AE030000 		.4byte	.LASF2
 102 0045 02       		.uleb128 0x2
 103 0046 02       		.byte	0x2
 104 0047 07       		.byte	0x7
 105 0048 37040000 		.4byte	.LASF3
 106 004c 03       		.uleb128 0x3
 107 004d C4040000 		.4byte	.LASF5
 108 0051 03       		.byte	0x3
 109 0052 3F       		.byte	0x3f
 110 0053 57000000 		.4byte	0x57
 111 0057 02       		.uleb128 0x2
 112 0058 04       		.byte	0x4
 113 0059 05       		.byte	0x5
 114 005a 42050000 		.4byte	.LASF6
 115 005e 03       		.uleb128 0x3
 116 005f 95010000 		.4byte	.LASF7
 117 0063 03       		.byte	0x3
 118 0064 41       		.byte	0x41
 119 0065 69000000 		.4byte	0x69
 120 0069 02       		.uleb128 0x2
 121 006a 04       		.byte	0x4
 122 006b 07       		.byte	0x7
 123 006c 1F040000 		.4byte	.LASF8
 124 0070 02       		.uleb128 0x2
 125 0071 08       		.byte	0x8
 126 0072 05       		.byte	0x5
 127 0073 E1020000 		.4byte	.LASF9
 128 0077 02       		.uleb128 0x2
 129 0078 08       		.byte	0x8
 130 0079 07       		.byte	0x7
 131 007a F2030000 		.4byte	.LASF10
 132 007e 04       		.uleb128 0x4
 133 007f 04       		.byte	0x4
 134 0080 05       		.byte	0x5
 135 0081 696E7400 		.ascii	"int\000"
 136 0085 02       		.uleb128 0x2
ARM GAS  C:\Users\PC\AppData\Local\Temp\ccQ1OcTM.s 			page 6


 137 0086 04       		.byte	0x4
 138 0087 07       		.byte	0x7
 139 0088 12040000 		.4byte	.LASF11
 140 008c 03       		.uleb128 0x3
 141 008d 62020000 		.4byte	.LASF12
 142 0091 04       		.byte	0x4
 143 0092 18       		.byte	0x18
 144 0093 33000000 		.4byte	0x33
 145 0097 03       		.uleb128 0x3
 146 0098 5E040000 		.4byte	.LASF13
 147 009c 04       		.byte	0x4
 148 009d 2C       		.byte	0x2c
 149 009e 4C000000 		.4byte	0x4c
 150 00a2 03       		.uleb128 0x3
 151 00a3 09040000 		.4byte	.LASF14
 152 00a7 04       		.byte	0x4
 153 00a8 30       		.byte	0x30
 154 00a9 5E000000 		.4byte	0x5e
 155 00ad 02       		.uleb128 0x2
 156 00ae 04       		.byte	0x4
 157 00af 07       		.byte	0x7
 158 00b0 88000000 		.4byte	.LASF15
 159 00b4 05       		.uleb128 0x5
 160 00b5 A2000000 		.4byte	0xa2
 161 00b9 02       		.uleb128 0x2
 162 00ba 08       		.byte	0x8
 163 00bb 04       		.byte	0x4
 164 00bc 6E030000 		.4byte	.LASF16
 165 00c0 02       		.uleb128 0x2
 166 00c1 01       		.byte	0x1
 167 00c2 08       		.byte	0x8
 168 00c3 50040000 		.4byte	.LASF17
 169 00c7 02       		.uleb128 0x2
 170 00c8 04       		.byte	0x4
 171 00c9 04       		.byte	0x4
 172 00ca 00000000 		.4byte	.LASF18
 173 00ce 02       		.uleb128 0x2
 174 00cf 08       		.byte	0x8
 175 00d0 04       		.byte	0x4
 176 00d1 AF040000 		.4byte	.LASF19
 177 00d5 06       		.uleb128 0x6
 178 00d6 04       		.byte	0x4
 179 00d7 02       		.uleb128 0x2
 180 00d8 01       		.byte	0x1
 181 00d9 02       		.byte	0x2
 182 00da 66040000 		.4byte	.LASF20
 183 00de 07       		.uleb128 0x7
 184 00df 04       		.byte	0x4
 185 00e0 E4000000 		.4byte	0xe4
 186 00e4 08       		.uleb128 0x8
 187 00e5 EF000000 		.4byte	0xef
 188 00e9 09       		.uleb128 0x9
 189 00ea A2000000 		.4byte	0xa2
 190 00ee 00       		.byte	0
 191 00ef 0A       		.uleb128 0xa
 192 00f0 49000000 		.4byte	.LASF21
 193 00f4 05       		.byte	0x5
ARM GAS  C:\Users\PC\AppData\Local\Temp\ccQ1OcTM.s 			page 7


 194 00f5 AB01     		.2byte	0x1ab
 195 00f7 DE000000 		.4byte	0xde
 196 00fb 0B       		.uleb128 0xb
 197 00fc 91000000 		.4byte	.LASF65
 198 0100 38       		.byte	0x38
 199 0101 05       		.byte	0x5
 200 0102 4702     		.2byte	0x247
 201 0104 BF010000 		.4byte	0x1bf
 202 0108 0C       		.uleb128 0xc
 203 0109 A0010000 		.4byte	.LASF22
 204 010d 05       		.byte	0x5
 205 010e 4A02     		.2byte	0x24a
 206 0110 B4000000 		.4byte	0xb4
 207 0114 00       		.byte	0
 208 0115 0C       		.uleb128 0xc
 209 0116 A5030000 		.4byte	.LASF23
 210 011a 05       		.byte	0x5
 211 011b 4B02     		.2byte	0x24b
 212 011d B4000000 		.4byte	0xb4
 213 0121 04       		.byte	0x4
 214 0122 0C       		.uleb128 0xc
 215 0123 BC030000 		.4byte	.LASF24
 216 0127 05       		.byte	0x5
 217 0128 4D02     		.2byte	0x24d
 218 012a D5000000 		.4byte	0xd5
 219 012e 08       		.byte	0x8
 220 012f 0C       		.uleb128 0xc
 221 0130 B6040000 		.4byte	.LASF25
 222 0134 05       		.byte	0x5
 223 0135 4E02     		.2byte	0x24e
 224 0137 A2000000 		.4byte	0xa2
 225 013b 0C       		.byte	0xc
 226 013c 0C       		.uleb128 0xc
 227 013d BB020000 		.4byte	.LASF26
 228 0141 05       		.byte	0x5
 229 0142 4F02     		.2byte	0x24f
 230 0144 B4000000 		.4byte	0xb4
 231 0148 10       		.byte	0x10
 232 0149 0C       		.uleb128 0xc
 233 014a 06000000 		.4byte	.LASF27
 234 014e 05       		.byte	0x5
 235 014f 5002     		.2byte	0x250
 236 0151 B4000000 		.4byte	0xb4
 237 0155 14       		.byte	0x14
 238 0156 0C       		.uleb128 0xc
 239 0157 4A040000 		.4byte	.LASF28
 240 015b 05       		.byte	0x5
 241 015c 5202     		.2byte	0x252
 242 015e D5000000 		.4byte	0xd5
 243 0162 18       		.byte	0x18
 244 0163 0C       		.uleb128 0xc
 245 0164 3F000000 		.4byte	.LASF29
 246 0168 05       		.byte	0x5
 247 0169 5302     		.2byte	0x253
 248 016b A2000000 		.4byte	0xa2
 249 016f 1C       		.byte	0x1c
 250 0170 0C       		.uleb128 0xc
ARM GAS  C:\Users\PC\AppData\Local\Temp\ccQ1OcTM.s 			page 8


 251 0171 04020000 		.4byte	.LASF30
 252 0175 05       		.byte	0x5
 253 0176 5402     		.2byte	0x254
 254 0178 B4000000 		.4byte	0xb4
 255 017c 20       		.byte	0x20
 256 017d 0C       		.uleb128 0xc
 257 017e DB020000 		.4byte	.LASF31
 258 0182 05       		.byte	0x5
 259 0183 5602     		.2byte	0x256
 260 0185 D5000000 		.4byte	0xd5
 261 0189 24       		.byte	0x24
 262 018a 0C       		.uleb128 0xc
 263 018b D3000000 		.4byte	.LASF32
 264 018f 05       		.byte	0x5
 265 0190 5702     		.2byte	0x257
 266 0192 A2000000 		.4byte	0xa2
 267 0196 28       		.byte	0x28
 268 0197 0C       		.uleb128 0xc
 269 0198 E7040000 		.4byte	.LASF33
 270 019c 05       		.byte	0x5
 271 019d 5802     		.2byte	0x258
 272 019f B4000000 		.4byte	0xb4
 273 01a3 2C       		.byte	0x2c
 274 01a4 0C       		.uleb128 0xc
 275 01a5 55040000 		.4byte	.LASF34
 276 01a9 05       		.byte	0x5
 277 01aa 5D02     		.2byte	0x25d
 278 01ac EF000000 		.4byte	0xef
 279 01b0 30       		.byte	0x30
 280 01b1 0C       		.uleb128 0xc
 281 01b2 2B030000 		.4byte	.LASF35
 282 01b6 05       		.byte	0x5
 283 01b7 6002     		.2byte	0x260
 284 01b9 A2000000 		.4byte	0xa2
 285 01bd 34       		.byte	0x34
 286 01be 00       		.byte	0
 287 01bf 0A       		.uleb128 0xa
 288 01c0 F8040000 		.4byte	.LASF36
 289 01c4 05       		.byte	0x5
 290 01c5 6302     		.2byte	0x263
 291 01c7 FB000000 		.4byte	0xfb
 292 01cb 0D       		.uleb128 0xd
 293 01cc 02       		.byte	0x2
 294 01cd 06       		.byte	0x6
 295 01ce 5B01     		.2byte	0x15b
 296 01d0 EF010000 		.4byte	0x1ef
 297 01d4 0C       		.uleb128 0xc
 298 01d5 B2020000 		.4byte	.LASF37
 299 01d9 06       		.byte	0x6
 300 01da 6501     		.2byte	0x165
 301 01dc 8C000000 		.4byte	0x8c
 302 01e0 00       		.byte	0
 303 01e1 0C       		.uleb128 0xc
 304 01e2 31040000 		.4byte	.LASF38
 305 01e6 06       		.byte	0x6
 306 01e7 6901     		.2byte	0x169
 307 01e9 8C000000 		.4byte	0x8c
ARM GAS  C:\Users\PC\AppData\Local\Temp\ccQ1OcTM.s 			page 9


 308 01ed 01       		.byte	0x1
 309 01ee 00       		.byte	0
 310 01ef 0A       		.uleb128 0xa
 311 01f0 29050000 		.4byte	.LASF39
 312 01f4 06       		.byte	0x6
 313 01f5 6B01     		.2byte	0x16b
 314 01f7 CB010000 		.4byte	0x1cb
 315 01fb 0E       		.uleb128 0xe
 316 01fc 01       		.byte	0x1
 317 01fd 3E000000 		.4byte	0x3e
 318 0201 07       		.byte	0x7
 319 0202 7E       		.byte	0x7e
 320 0203 20020000 		.4byte	0x220
 321 0207 0F       		.uleb128 0xf
 322 0208 CE040000 		.4byte	.LASF40
 323 020c 00       		.byte	0
 324 020d 0F       		.uleb128 0xf
 325 020e 7D040000 		.4byte	.LASF41
 326 0212 01       		.byte	0x1
 327 0213 0F       		.uleb128 0xf
 328 0214 58050000 		.4byte	.LASF42
 329 0218 02       		.byte	0x2
 330 0219 0F       		.uleb128 0xf
 331 021a C6030000 		.4byte	.LASF43
 332 021e 03       		.byte	0x3
 333 021f 00       		.byte	0
 334 0220 03       		.uleb128 0x3
 335 0221 68000000 		.4byte	.LASF44
 336 0225 07       		.byte	0x7
 337 0226 83       		.byte	0x83
 338 0227 FB010000 		.4byte	0x1fb
 339 022b 0E       		.uleb128 0xe
 340 022c 01       		.byte	0x1
 341 022d 3E000000 		.4byte	0x3e
 342 0231 07       		.byte	0x7
 343 0232 87       		.byte	0x87
 344 0233 68020000 		.4byte	0x268
 345 0237 0F       		.uleb128 0xf
 346 0238 93020000 		.4byte	.LASF45
 347 023c 00       		.byte	0
 348 023d 0F       		.uleb128 0xf
 349 023e A9010000 		.4byte	.LASF46
 350 0242 01       		.byte	0x1
 351 0243 0F       		.uleb128 0xf
 352 0244 23000000 		.4byte	.LASF47
 353 0248 02       		.byte	0x2
 354 0249 0F       		.uleb128 0xf
 355 024a A9000000 		.4byte	.LASF48
 356 024e 03       		.byte	0x3
 357 024f 0F       		.uleb128 0xf
 358 0250 01030000 		.4byte	.LASF49
 359 0254 04       		.byte	0x4
 360 0255 0F       		.uleb128 0xf
 361 0256 DA010000 		.4byte	.LASF50
 362 025a 05       		.byte	0x5
 363 025b 0F       		.uleb128 0xf
 364 025c 7A030000 		.4byte	.LASF51
ARM GAS  C:\Users\PC\AppData\Local\Temp\ccQ1OcTM.s 			page 10


 365 0260 06       		.byte	0x6
 366 0261 0F       		.uleb128 0xf
 367 0262 4A030000 		.4byte	.LASF52
 368 0266 07       		.byte	0x7
 369 0267 00       		.byte	0
 370 0268 03       		.uleb128 0x3
 371 0269 12050000 		.4byte	.LASF53
 372 026d 07       		.byte	0x7
 373 026e 90       		.byte	0x90
 374 026f 2B020000 		.4byte	0x22b
 375 0273 10       		.uleb128 0x10
 376 0274 3D030000 		.4byte	.LASF66
 377 0278 02       		.byte	0x2
 378 0279 53       		.byte	0x53
 379 027a 03       		.byte	0x3
 380 027b 11       		.uleb128 0x11
 381 027c 90010000 		.4byte	.LASF67
 382 0280 01       		.byte	0x1
 383 0281 37       		.byte	0x37
 384 0282 7E000000 		.4byte	0x7e
 385 0286 00000000 		.4byte	.LFB530
 386 028a 0E000000 		.4byte	.LFE530-.LFB530
 387 028e 01       		.uleb128 0x1
 388 028f 9C       		.byte	0x9c
 389 0290 B6020000 		.4byte	0x2b6
 390 0294 12       		.uleb128 0x12
 391 0295 73020000 		.4byte	0x273
 392 0299 06000000 		.4byte	.LBB4
 393 029d 02000000 		.4byte	.LBE4-.LBB4
 394 02a1 01       		.byte	0x1
 395 02a2 3C       		.byte	0x3c
 396 02a3 13       		.uleb128 0x13
 397 02a4 06000000 		.4byte	.LVL0
 398 02a8 22030000 		.4byte	0x322
 399 02ac 13       		.uleb128 0x13
 400 02ad 0C000000 		.4byte	.LVL1
 401 02b1 2D030000 		.4byte	0x32d
 402 02b5 00       		.byte	0
 403 02b6 14       		.uleb128 0x14
 404 02b7 4B050000 		.4byte	.LASF54
 405 02bb 08       		.byte	0x8
 406 02bc EA07     		.2byte	0x7ea
 407 02be C2020000 		.4byte	0x2c2
 408 02c2 05       		.uleb128 0x5
 409 02c3 97000000 		.4byte	0x97
 410 02c7 14       		.uleb128 0x14
 411 02c8 6A020000 		.4byte	.LASF55
 412 02cc 07       		.byte	0x7
 413 02cd 2202     		.2byte	0x222
 414 02cf 20020000 		.4byte	0x220
 415 02d3 15       		.uleb128 0x15
 416 02d4 EF010000 		.4byte	0x1ef
 417 02d8 E3020000 		.4byte	0x2e3
 418 02dc 16       		.uleb128 0x16
 419 02dd AD000000 		.4byte	0xad
 420 02e1 00       		.byte	0
 421 02e2 00       		.byte	0
ARM GAS  C:\Users\PC\AppData\Local\Temp\ccQ1OcTM.s 			page 11


 422 02e3 14       		.uleb128 0x14
 423 02e4 EF020000 		.4byte	.LASF56
 424 02e8 07       		.byte	0x7
 425 02e9 2C02     		.2byte	0x22c
 426 02eb D3020000 		.4byte	0x2d3
 427 02ef 15       		.uleb128 0x15
 428 02f0 68020000 		.4byte	0x268
 429 02f4 FF020000 		.4byte	0x2ff
 430 02f8 16       		.uleb128 0x16
 431 02f9 AD000000 		.4byte	0xad
 432 02fd 00       		.byte	0
 433 02fe 00       		.byte	0
 434 02ff 14       		.uleb128 0x14
 435 0300 6C040000 		.4byte	.LASF57
 436 0304 07       		.byte	0x7
 437 0305 2D02     		.2byte	0x22d
 438 0307 EF020000 		.4byte	0x2ef
 439 030b 14       		.uleb128 0x14
 440 030c 7A020000 		.4byte	.LASF58
 441 0310 07       		.byte	0x7
 442 0311 5202     		.2byte	0x252
 443 0313 8C000000 		.4byte	0x8c
 444 0317 17       		.uleb128 0x17
 445 0318 9C040000 		.4byte	.LASF59
 446 031c 09       		.byte	0x9
 447 031d 87       		.byte	0x87
 448 031e BF010000 		.4byte	0x1bf
 449 0322 18       		.uleb128 0x18
 450 0323 14000000 		.4byte	.LASF60
 451 0327 14000000 		.4byte	.LASF60
 452 032b 0A       		.byte	0xa
 453 032c 1B       		.byte	0x1b
 454 032d 18       		.uleb128 0x18
 455 032e C9020000 		.4byte	.LASF61
 456 0332 C9020000 		.4byte	.LASF61
 457 0336 0A       		.byte	0xa
 458 0337 1C       		.byte	0x1c
 459 0338 00       		.byte	0
 460              		.section	.debug_abbrev,"",%progbits
 461              	.Ldebug_abbrev0:
 462 0000 01       		.uleb128 0x1
 463 0001 11       		.uleb128 0x11
 464 0002 01       		.byte	0x1
 465 0003 25       		.uleb128 0x25
 466 0004 0E       		.uleb128 0xe
 467 0005 13       		.uleb128 0x13
 468 0006 0B       		.uleb128 0xb
 469 0007 03       		.uleb128 0x3
 470 0008 0E       		.uleb128 0xe
 471 0009 1B       		.uleb128 0x1b
 472 000a 0E       		.uleb128 0xe
 473 000b 55       		.uleb128 0x55
 474 000c 17       		.uleb128 0x17
 475 000d 11       		.uleb128 0x11
 476 000e 01       		.uleb128 0x1
 477 000f 10       		.uleb128 0x10
 478 0010 17       		.uleb128 0x17
ARM GAS  C:\Users\PC\AppData\Local\Temp\ccQ1OcTM.s 			page 12


 479 0011 00       		.byte	0
 480 0012 00       		.byte	0
 481 0013 02       		.uleb128 0x2
 482 0014 24       		.uleb128 0x24
 483 0015 00       		.byte	0
 484 0016 0B       		.uleb128 0xb
 485 0017 0B       		.uleb128 0xb
 486 0018 3E       		.uleb128 0x3e
 487 0019 0B       		.uleb128 0xb
 488 001a 03       		.uleb128 0x3
 489 001b 0E       		.uleb128 0xe
 490 001c 00       		.byte	0
 491 001d 00       		.byte	0
 492 001e 03       		.uleb128 0x3
 493 001f 16       		.uleb128 0x16
 494 0020 00       		.byte	0
 495 0021 03       		.uleb128 0x3
 496 0022 0E       		.uleb128 0xe
 497 0023 3A       		.uleb128 0x3a
 498 0024 0B       		.uleb128 0xb
 499 0025 3B       		.uleb128 0x3b
 500 0026 0B       		.uleb128 0xb
 501 0027 49       		.uleb128 0x49
 502 0028 13       		.uleb128 0x13
 503 0029 00       		.byte	0
 504 002a 00       		.byte	0
 505 002b 04       		.uleb128 0x4
 506 002c 24       		.uleb128 0x24
 507 002d 00       		.byte	0
 508 002e 0B       		.uleb128 0xb
 509 002f 0B       		.uleb128 0xb
 510 0030 3E       		.uleb128 0x3e
 511 0031 0B       		.uleb128 0xb
 512 0032 03       		.uleb128 0x3
 513 0033 08       		.uleb128 0x8
 514 0034 00       		.byte	0
 515 0035 00       		.byte	0
 516 0036 05       		.uleb128 0x5
 517 0037 35       		.uleb128 0x35
 518 0038 00       		.byte	0
 519 0039 49       		.uleb128 0x49
 520 003a 13       		.uleb128 0x13
 521 003b 00       		.byte	0
 522 003c 00       		.byte	0
 523 003d 06       		.uleb128 0x6
 524 003e 0F       		.uleb128 0xf
 525 003f 00       		.byte	0
 526 0040 0B       		.uleb128 0xb
 527 0041 0B       		.uleb128 0xb
 528 0042 00       		.byte	0
 529 0043 00       		.byte	0
 530 0044 07       		.uleb128 0x7
 531 0045 0F       		.uleb128 0xf
 532 0046 00       		.byte	0
 533 0047 0B       		.uleb128 0xb
 534 0048 0B       		.uleb128 0xb
 535 0049 49       		.uleb128 0x49
ARM GAS  C:\Users\PC\AppData\Local\Temp\ccQ1OcTM.s 			page 13


 536 004a 13       		.uleb128 0x13
 537 004b 00       		.byte	0
 538 004c 00       		.byte	0
 539 004d 08       		.uleb128 0x8
 540 004e 15       		.uleb128 0x15
 541 004f 01       		.byte	0x1
 542 0050 27       		.uleb128 0x27
 543 0051 19       		.uleb128 0x19
 544 0052 01       		.uleb128 0x1
 545 0053 13       		.uleb128 0x13
 546 0054 00       		.byte	0
 547 0055 00       		.byte	0
 548 0056 09       		.uleb128 0x9
 549 0057 05       		.uleb128 0x5
 550 0058 00       		.byte	0
 551 0059 49       		.uleb128 0x49
 552 005a 13       		.uleb128 0x13
 553 005b 00       		.byte	0
 554 005c 00       		.byte	0
 555 005d 0A       		.uleb128 0xa
 556 005e 16       		.uleb128 0x16
 557 005f 00       		.byte	0
 558 0060 03       		.uleb128 0x3
 559 0061 0E       		.uleb128 0xe
 560 0062 3A       		.uleb128 0x3a
 561 0063 0B       		.uleb128 0xb
 562 0064 3B       		.uleb128 0x3b
 563 0065 05       		.uleb128 0x5
 564 0066 49       		.uleb128 0x49
 565 0067 13       		.uleb128 0x13
 566 0068 00       		.byte	0
 567 0069 00       		.byte	0
 568 006a 0B       		.uleb128 0xb
 569 006b 13       		.uleb128 0x13
 570 006c 01       		.byte	0x1
 571 006d 03       		.uleb128 0x3
 572 006e 0E       		.uleb128 0xe
 573 006f 0B       		.uleb128 0xb
 574 0070 0B       		.uleb128 0xb
 575 0071 3A       		.uleb128 0x3a
 576 0072 0B       		.uleb128 0xb
 577 0073 3B       		.uleb128 0x3b
 578 0074 05       		.uleb128 0x5
 579 0075 01       		.uleb128 0x1
 580 0076 13       		.uleb128 0x13
 581 0077 00       		.byte	0
 582 0078 00       		.byte	0
 583 0079 0C       		.uleb128 0xc
 584 007a 0D       		.uleb128 0xd
 585 007b 00       		.byte	0
 586 007c 03       		.uleb128 0x3
 587 007d 0E       		.uleb128 0xe
 588 007e 3A       		.uleb128 0x3a
 589 007f 0B       		.uleb128 0xb
 590 0080 3B       		.uleb128 0x3b
 591 0081 05       		.uleb128 0x5
 592 0082 49       		.uleb128 0x49
ARM GAS  C:\Users\PC\AppData\Local\Temp\ccQ1OcTM.s 			page 14


 593 0083 13       		.uleb128 0x13
 594 0084 38       		.uleb128 0x38
 595 0085 0B       		.uleb128 0xb
 596 0086 00       		.byte	0
 597 0087 00       		.byte	0
 598 0088 0D       		.uleb128 0xd
 599 0089 13       		.uleb128 0x13
 600 008a 01       		.byte	0x1
 601 008b 0B       		.uleb128 0xb
 602 008c 0B       		.uleb128 0xb
 603 008d 3A       		.uleb128 0x3a
 604 008e 0B       		.uleb128 0xb
 605 008f 3B       		.uleb128 0x3b
 606 0090 05       		.uleb128 0x5
 607 0091 01       		.uleb128 0x1
 608 0092 13       		.uleb128 0x13
 609 0093 00       		.byte	0
 610 0094 00       		.byte	0
 611 0095 0E       		.uleb128 0xe
 612 0096 04       		.uleb128 0x4
 613 0097 01       		.byte	0x1
 614 0098 0B       		.uleb128 0xb
 615 0099 0B       		.uleb128 0xb
 616 009a 49       		.uleb128 0x49
 617 009b 13       		.uleb128 0x13
 618 009c 3A       		.uleb128 0x3a
 619 009d 0B       		.uleb128 0xb
 620 009e 3B       		.uleb128 0x3b
 621 009f 0B       		.uleb128 0xb
 622 00a0 01       		.uleb128 0x1
 623 00a1 13       		.uleb128 0x13
 624 00a2 00       		.byte	0
 625 00a3 00       		.byte	0
 626 00a4 0F       		.uleb128 0xf
 627 00a5 28       		.uleb128 0x28
 628 00a6 00       		.byte	0
 629 00a7 03       		.uleb128 0x3
 630 00a8 0E       		.uleb128 0xe
 631 00a9 1C       		.uleb128 0x1c
 632 00aa 0B       		.uleb128 0xb
 633 00ab 00       		.byte	0
 634 00ac 00       		.byte	0
 635 00ad 10       		.uleb128 0x10
 636 00ae 2E       		.uleb128 0x2e
 637 00af 00       		.byte	0
 638 00b0 03       		.uleb128 0x3
 639 00b1 0E       		.uleb128 0xe
 640 00b2 3A       		.uleb128 0x3a
 641 00b3 0B       		.uleb128 0xb
 642 00b4 3B       		.uleb128 0x3b
 643 00b5 0B       		.uleb128 0xb
 644 00b6 27       		.uleb128 0x27
 645 00b7 19       		.uleb128 0x19
 646 00b8 20       		.uleb128 0x20
 647 00b9 0B       		.uleb128 0xb
 648 00ba 00       		.byte	0
 649 00bb 00       		.byte	0
ARM GAS  C:\Users\PC\AppData\Local\Temp\ccQ1OcTM.s 			page 15


 650 00bc 11       		.uleb128 0x11
 651 00bd 2E       		.uleb128 0x2e
 652 00be 01       		.byte	0x1
 653 00bf 3F       		.uleb128 0x3f
 654 00c0 19       		.uleb128 0x19
 655 00c1 03       		.uleb128 0x3
 656 00c2 0E       		.uleb128 0xe
 657 00c3 3A       		.uleb128 0x3a
 658 00c4 0B       		.uleb128 0xb
 659 00c5 3B       		.uleb128 0x3b
 660 00c6 0B       		.uleb128 0xb
 661 00c7 27       		.uleb128 0x27
 662 00c8 19       		.uleb128 0x19
 663 00c9 49       		.uleb128 0x49
 664 00ca 13       		.uleb128 0x13
 665 00cb 8701     		.uleb128 0x87
 666 00cd 19       		.uleb128 0x19
 667 00ce 11       		.uleb128 0x11
 668 00cf 01       		.uleb128 0x1
 669 00d0 12       		.uleb128 0x12
 670 00d1 06       		.uleb128 0x6
 671 00d2 40       		.uleb128 0x40
 672 00d3 18       		.uleb128 0x18
 673 00d4 9742     		.uleb128 0x2117
 674 00d6 19       		.uleb128 0x19
 675 00d7 01       		.uleb128 0x1
 676 00d8 13       		.uleb128 0x13
 677 00d9 00       		.byte	0
 678 00da 00       		.byte	0
 679 00db 12       		.uleb128 0x12
 680 00dc 1D       		.uleb128 0x1d
 681 00dd 00       		.byte	0
 682 00de 31       		.uleb128 0x31
 683 00df 13       		.uleb128 0x13
 684 00e0 11       		.uleb128 0x11
 685 00e1 01       		.uleb128 0x1
 686 00e2 12       		.uleb128 0x12
 687 00e3 06       		.uleb128 0x6
 688 00e4 58       		.uleb128 0x58
 689 00e5 0B       		.uleb128 0xb
 690 00e6 59       		.uleb128 0x59
 691 00e7 0B       		.uleb128 0xb
 692 00e8 00       		.byte	0
 693 00e9 00       		.byte	0
 694 00ea 13       		.uleb128 0x13
 695 00eb 898201   		.uleb128 0x4109
 696 00ee 00       		.byte	0
 697 00ef 11       		.uleb128 0x11
 698 00f0 01       		.uleb128 0x1
 699 00f1 31       		.uleb128 0x31
 700 00f2 13       		.uleb128 0x13
 701 00f3 00       		.byte	0
 702 00f4 00       		.byte	0
 703 00f5 14       		.uleb128 0x14
 704 00f6 34       		.uleb128 0x34
 705 00f7 00       		.byte	0
 706 00f8 03       		.uleb128 0x3
ARM GAS  C:\Users\PC\AppData\Local\Temp\ccQ1OcTM.s 			page 16


 707 00f9 0E       		.uleb128 0xe
 708 00fa 3A       		.uleb128 0x3a
 709 00fb 0B       		.uleb128 0xb
 710 00fc 3B       		.uleb128 0x3b
 711 00fd 05       		.uleb128 0x5
 712 00fe 49       		.uleb128 0x49
 713 00ff 13       		.uleb128 0x13
 714 0100 3F       		.uleb128 0x3f
 715 0101 19       		.uleb128 0x19
 716 0102 3C       		.uleb128 0x3c
 717 0103 19       		.uleb128 0x19
 718 0104 00       		.byte	0
 719 0105 00       		.byte	0
 720 0106 15       		.uleb128 0x15
 721 0107 01       		.uleb128 0x1
 722 0108 01       		.byte	0x1
 723 0109 49       		.uleb128 0x49
 724 010a 13       		.uleb128 0x13
 725 010b 01       		.uleb128 0x1
 726 010c 13       		.uleb128 0x13
 727 010d 00       		.byte	0
 728 010e 00       		.byte	0
 729 010f 16       		.uleb128 0x16
 730 0110 21       		.uleb128 0x21
 731 0111 00       		.byte	0
 732 0112 49       		.uleb128 0x49
 733 0113 13       		.uleb128 0x13
 734 0114 2F       		.uleb128 0x2f
 735 0115 0B       		.uleb128 0xb
 736 0116 00       		.byte	0
 737 0117 00       		.byte	0
 738 0118 17       		.uleb128 0x17
 739 0119 34       		.uleb128 0x34
 740 011a 00       		.byte	0
 741 011b 03       		.uleb128 0x3
 742 011c 0E       		.uleb128 0xe
 743 011d 3A       		.uleb128 0x3a
 744 011e 0B       		.uleb128 0xb
 745 011f 3B       		.uleb128 0x3b
 746 0120 0B       		.uleb128 0xb
 747 0121 49       		.uleb128 0x49
 748 0122 13       		.uleb128 0x13
 749 0123 3F       		.uleb128 0x3f
 750 0124 19       		.uleb128 0x19
 751 0125 3C       		.uleb128 0x3c
 752 0126 19       		.uleb128 0x19
 753 0127 00       		.byte	0
 754 0128 00       		.byte	0
 755 0129 18       		.uleb128 0x18
 756 012a 2E       		.uleb128 0x2e
 757 012b 00       		.byte	0
 758 012c 3F       		.uleb128 0x3f
 759 012d 19       		.uleb128 0x19
 760 012e 3C       		.uleb128 0x3c
 761 012f 19       		.uleb128 0x19
 762 0130 6E       		.uleb128 0x6e
 763 0131 0E       		.uleb128 0xe
ARM GAS  C:\Users\PC\AppData\Local\Temp\ccQ1OcTM.s 			page 17


 764 0132 03       		.uleb128 0x3
 765 0133 0E       		.uleb128 0xe
 766 0134 3A       		.uleb128 0x3a
 767 0135 0B       		.uleb128 0xb
 768 0136 3B       		.uleb128 0x3b
 769 0137 0B       		.uleb128 0xb
 770 0138 00       		.byte	0
 771 0139 00       		.byte	0
 772 013a 00       		.byte	0
 773              		.section	.debug_aranges,"",%progbits
 774 0000 1C000000 		.4byte	0x1c
 775 0004 0200     		.2byte	0x2
 776 0006 00000000 		.4byte	.Ldebug_info0
 777 000a 04       		.byte	0x4
 778 000b 00       		.byte	0
 779 000c 0000     		.2byte	0
 780 000e 0000     		.2byte	0
 781 0010 00000000 		.4byte	.LFB530
 782 0014 0E000000 		.4byte	.LFE530-.LFB530
 783 0018 00000000 		.4byte	0
 784 001c 00000000 		.4byte	0
 785              		.section	.debug_ranges,"",%progbits
 786              	.Ldebug_ranges0:
 787 0000 00000000 		.4byte	.LFB530
 788 0004 0E000000 		.4byte	.LFE530
 789 0008 00000000 		.4byte	0
 790 000c 00000000 		.4byte	0
 791              		.section	.debug_line,"",%progbits
 792              	.Ldebug_line0:
 793 0000 57020000 		.section	.debug_str,"MS",%progbits,1
 793      02003302 
 793      00000201 
 793      FB0E0D00 
 793      01010101 
 794              	.LASF18:
 795 0000 666C6F61 		.ascii	"float\000"
 795      7400
 796              	.LASF27:
 797 0006 72785269 		.ascii	"rxRingBufTail\000"
 797      6E674275 
 797      66546169 
 797      6C00
 798              	.LASF60:
 799 0014 426C6546 		.ascii	"BleFindMe_Init\000"
 799      696E644D 
 799      655F496E 
 799      697400
 800              	.LASF47:
 801 0023 43595F42 		.ascii	"CY_BLE_CONN_STATE_CONNECTED\000"
 801      4C455F43 
 801      4F4E4E5F 
 801      53544154 
 801      455F434F 
 802              	.LASF29:
 803 003f 72784275 		.ascii	"rxBufSize\000"
 803      6653697A 
 803      6500
ARM GAS  C:\Users\PC\AppData\Local\Temp\ccQ1OcTM.s 			page 18


 804              	.LASF21:
 805 0049 63795F63 		.ascii	"cy_cb_scb_uart_handle_events_t\000"
 805      625F7363 
 805      625F7561 
 805      72745F68 
 805      616E646C 
 806              	.LASF44:
 807 0068 63795F65 		.ascii	"cy_en_ble_adv_state_t\000"
 807      6E5F626C 
 807      655F6164 
 807      765F7374 
 807      6174655F 
 808              	.LASF0:
 809 007e 73686F72 		.ascii	"short int\000"
 809      7420696E 
 809      7400
 810              	.LASF15:
 811 0088 73697A65 		.ascii	"sizetype\000"
 811      74797065 
 811      00
 812              	.LASF65:
 813 0091 63795F73 		.ascii	"cy_stc_scb_uart_context\000"
 813      74635F73 
 813      63625F75 
 813      6172745F 
 813      636F6E74 
 814              	.LASF48:
 815 00a9 43595F42 		.ascii	"CY_BLE_CONN_STATE_CLIENT_SRVC_DISCOVERING\000"
 815      4C455F43 
 815      4F4E4E5F 
 815      53544154 
 815      455F434C 
 816              	.LASF32:
 817 00d3 74784275 		.ascii	"txBufSize\000"
 817      6653697A 
 817      6500
 818              	.LASF62:
 819 00dd 474E5520 		.ascii	"GNU C11 5.4.1 20160609 (release) [ARM/embedded-5-br"
 819      43313120 
 819      352E342E 
 819      31203230 
 819      31363036 
 820 0110 616E6368 		.ascii	"anch revision 237715] -mcpu=cortex-m4 -mfloat-abi=s"
 820      20726576 
 820      6973696F 
 820      6E203233 
 820      37373135 
 821 0143 6F667466 		.ascii	"oftfp -mfpu=fpv4-sp-d16 -mthumb -g -Og -ffunction-s"
 821      70202D6D 
 821      6670753D 
 821      66707634 
 821      2D73702D 
 822 0176 65637469 		.ascii	"ections -ffat-lto-objects\000"
 822      6F6E7320 
 822      2D666661 
 822      742D6C74 
 822      6F2D6F62 
ARM GAS  C:\Users\PC\AppData\Local\Temp\ccQ1OcTM.s 			page 19


 823              	.LASF67:
 824 0190 6D61696E 		.ascii	"main\000"
 824      00
 825              	.LASF7:
 826 0195 5F5F7569 		.ascii	"__uint32_t\000"
 826      6E743332 
 826      5F7400
 827              	.LASF22:
 828 01a0 74785374 		.ascii	"txStatus\000"
 828      61747573 
 828      00
 829              	.LASF46:
 830 01a9 43595F42 		.ascii	"CY_BLE_CONN_STATE_CLIENT_DISCONNECTED_DISCOVERED\000"
 830      4C455F43 
 830      4F4E4E5F 
 830      53544154 
 830      455F434C 
 831              	.LASF50:
 832 01da 43595F42 		.ascii	"CY_BLE_CONN_STATE_CLIENT_CHAR_DISCOVERING\000"
 832      4C455F43 
 832      4F4E4E5F 
 832      53544154 
 832      455F434C 
 833              	.LASF30:
 834 0204 72784275 		.ascii	"rxBufIdx\000"
 834      66496478 
 834      00
 835              	.LASF64:
 836 020d 433A5C55 		.ascii	"C:\\Users\\PC\\Desktop\\WorkspaceLab10.cydsn\\CE212"
 836      73657273 
 836      5C50435C 
 836      4465736B 
 836      746F705C 
 837 023b 3733365F 		.ascii	"736_PSoC6BLE_FindMe01.cydsn\000"
 837      50536F43 
 837      36424C45 
 837      5F46696E 
 837      644D6530 
 838              	.LASF63:
 839 0257 6D61696E 		.ascii	"main_cm4.c\000"
 839      5F636D34 
 839      2E6300
 840              	.LASF12:
 841 0262 75696E74 		.ascii	"uint8_t\000"
 841      385F7400 
 842              	.LASF55:
 843 026a 63795F62 		.ascii	"cy_ble_advState\000"
 843      6C655F61 
 843      64765374 
 843      61746500 
 844              	.LASF58:
 845 027a 63795F62 		.ascii	"cy_ble_pendingFlashWrite\000"
 845      6C655F70 
 845      656E6469 
 845      6E67466C 
 845      61736857 
 846              	.LASF45:
ARM GAS  C:\Users\PC\AppData\Local\Temp\ccQ1OcTM.s 			page 20


 847 0293 43595F42 		.ascii	"CY_BLE_CONN_STATE_DISCONNECTED\000"
 847      4C455F43 
 847      4F4E4E5F 
 847      53544154 
 847      455F4449 
 848              	.LASF37:
 849 02b2 62644861 		.ascii	"bdHandle\000"
 849      6E646C65 
 849      00
 850              	.LASF26:
 851 02bb 72785269 		.ascii	"rxRingBufHead\000"
 851      6E674275 
 851      66486561 
 851      6400
 852              	.LASF61:
 853 02c9 426C6546 		.ascii	"BleFindMe_Process\000"
 853      696E644D 
 853      655F5072 
 853      6F636573 
 853      7300
 854              	.LASF31:
 855 02db 74784275 		.ascii	"txBuf\000"
 855      6600
 856              	.LASF9:
 857 02e1 6C6F6E67 		.ascii	"long long int\000"
 857      206C6F6E 
 857      6720696E 
 857      7400
 858              	.LASF56:
 859 02ef 63795F62 		.ascii	"cy_ble_connHandle\000"
 859      6C655F63 
 859      6F6E6E48 
 859      616E646C 
 859      6500
 860              	.LASF49:
 861 0301 43595F42 		.ascii	"CY_BLE_CONN_STATE_CLIENT_INCL_DISCOVERING\000"
 861      4C455F43 
 861      4F4E4E5F 
 861      53544154 
 861      455F434C 
 862              	.LASF35:
 863 032b 696E6974 		.ascii	"initKey\000"
 863      4B657900 
 864              	.LASF4:
 865 0333 5F5F7569 		.ascii	"__uint8_t\000"
 865      6E74385F 
 865      7400
 866              	.LASF66:
 867 033d 5F5F656E 		.ascii	"__enable_irq\000"
 867      61626C65 
 867      5F697271 
 867      00
 868              	.LASF52:
 869 034a 43595F42 		.ascii	"CY_BLE_CONN_STATE_CLIENT_DISCOVERED\000"
 869      4C455F43 
 869      4F4E4E5F 
 869      53544154 
ARM GAS  C:\Users\PC\AppData\Local\Temp\ccQ1OcTM.s 			page 21


 869      455F434C 
 870              	.LASF16:
 871 036e 6C6F6E67 		.ascii	"long double\000"
 871      20646F75 
 871      626C6500 
 872              	.LASF51:
 873 037a 43595F42 		.ascii	"CY_BLE_CONN_STATE_CLIENT_DESCR_DISCOVERING\000"
 873      4C455F43 
 873      4F4E4E5F 
 873      53544154 
 873      455F434C 
 874              	.LASF23:
 875 03a5 72785374 		.ascii	"rxStatus\000"
 875      61747573 
 875      00
 876              	.LASF2:
 877 03ae 756E7369 		.ascii	"unsigned char\000"
 877      676E6564 
 877      20636861 
 877      7200
 878              	.LASF24:
 879 03bc 72785269 		.ascii	"rxRingBuf\000"
 879      6E674275 
 879      6600
 880              	.LASF43:
 881 03c6 43595F42 		.ascii	"CY_BLE_ADV_STATE_STOP_INITIATED\000"
 881      4C455F41 
 881      44565F53 
 881      54415445 
 881      5F53544F 
 882              	.LASF1:
 883 03e6 7369676E 		.ascii	"signed char\000"
 883      65642063 
 883      68617200 
 884              	.LASF10:
 885 03f2 6C6F6E67 		.ascii	"long long unsigned int\000"
 885      206C6F6E 
 885      6720756E 
 885      7369676E 
 885      65642069 
 886              	.LASF14:
 887 0409 75696E74 		.ascii	"uint32_t\000"
 887      33325F74 
 887      00
 888              	.LASF11:
 889 0412 756E7369 		.ascii	"unsigned int\000"
 889      676E6564 
 889      20696E74 
 889      00
 890              	.LASF8:
 891 041f 6C6F6E67 		.ascii	"long unsigned int\000"
 891      20756E73 
 891      69676E65 
 891      6420696E 
 891      7400
 892              	.LASF38:
 893 0431 61747449 		.ascii	"attId\000"
ARM GAS  C:\Users\PC\AppData\Local\Temp\ccQ1OcTM.s 			page 22


 893      6400
 894              	.LASF3:
 895 0437 73686F72 		.ascii	"short unsigned int\000"
 895      7420756E 
 895      7369676E 
 895      65642069 
 895      6E7400
 896              	.LASF28:
 897 044a 72784275 		.ascii	"rxBuf\000"
 897      6600
 898              	.LASF17:
 899 0450 63686172 		.ascii	"char\000"
 899      00
 900              	.LASF34:
 901 0455 63624576 		.ascii	"cbEvents\000"
 901      656E7473 
 901      00
 902              	.LASF13:
 903 045e 696E7433 		.ascii	"int32_t\000"
 903      325F7400 
 904              	.LASF20:
 905 0466 5F426F6F 		.ascii	"_Bool\000"
 905      6C00
 906              	.LASF57:
 907 046c 63795F62 		.ascii	"cy_ble_connState\000"
 907      6C655F63 
 907      6F6E6E53 
 907      74617465 
 907      00
 908              	.LASF41:
 909 047d 43595F42 		.ascii	"CY_BLE_ADV_STATE_ADV_INITIATED\000"
 909      4C455F41 
 909      44565F53 
 909      54415445 
 909      5F414456 
 910              	.LASF59:
 911 049c 55415254 		.ascii	"UART_DEBUG_context\000"
 911      5F444542 
 911      55475F63 
 911      6F6E7465 
 911      787400
 912              	.LASF19:
 913 04af 646F7562 		.ascii	"double\000"
 913      6C6500
 914              	.LASF25:
 915 04b6 72785269 		.ascii	"rxRingBufSize\000"
 915      6E674275 
 915      6653697A 
 915      6500
 916              	.LASF5:
 917 04c4 5F5F696E 		.ascii	"__int32_t\000"
 917      7433325F 
 917      7400
 918              	.LASF40:
 919 04ce 43595F42 		.ascii	"CY_BLE_ADV_STATE_STOPPED\000"
 919      4C455F41 
 919      44565F53 
ARM GAS  C:\Users\PC\AppData\Local\Temp\ccQ1OcTM.s 			page 23


 919      54415445 
 919      5F53544F 
 920              	.LASF33:
 921 04e7 74784C65 		.ascii	"txLeftToTransmit\000"
 921      6674546F 
 921      5472616E 
 921      736D6974 
 921      00
 922              	.LASF36:
 923 04f8 63795F73 		.ascii	"cy_stc_scb_uart_context_t\000"
 923      74635F73 
 923      63625F75 
 923      6172745F 
 923      636F6E74 
 924              	.LASF53:
 925 0512 63795F65 		.ascii	"cy_en_ble_conn_state_t\000"
 925      6E5F626C 
 925      655F636F 
 925      6E6E5F73 
 925      74617465 
 926              	.LASF39:
 927 0529 63795F73 		.ascii	"cy_stc_ble_conn_handle_t\000"
 927      74635F62 
 927      6C655F63 
 927      6F6E6E5F 
 927      68616E64 
 928              	.LASF6:
 929 0542 6C6F6E67 		.ascii	"long int\000"
 929      20696E74 
 929      00
 930              	.LASF54:
 931 054b 49544D5F 		.ascii	"ITM_RxBuffer\000"
 931      52784275 
 931      66666572 
 931      00
 932              	.LASF42:
 933 0558 43595F42 		.ascii	"CY_BLE_ADV_STATE_ADVERTISING\000"
 933      4C455F41 
 933      44565F53 
 933      54415445 
 933      5F414456 
 934              		.ident	"GCC: (GNU Tools for ARM Embedded Processors) 5.4.1 20160609 (release) [ARM/embedded-5-bran
