ARM GAS  C:\Users\PC\AppData\Local\Temp\ccyg3ouP.s 			page 1


   1              		.syntax unified
   2              		.cpu cortex-m0plus
   3              		.fpu softvfp
   4              		.eabi_attribute 20, 1
   5              		.eabi_attribute 21, 1
   6              		.eabi_attribute 23, 3
   7              		.eabi_attribute 24, 1
   8              		.eabi_attribute 25, 1
   9              		.eabi_attribute 26, 1
  10              		.eabi_attribute 30, 1
  11              		.eabi_attribute 34, 0
  12              		.eabi_attribute 18, 4
  13              		.thumb
  14              		.syntax unified
  15              		.file	"BLE_config.c"
  16              		.text
  17              	.Ltext0:
  18              		.cfi_sections	.debug_frame
  19              		.global	cy_ble_config
  20              		.data
  21              		.align	2
  22              		.type	cy_ble_config, %object
  23              		.size	cy_ble_config, 4
  24              	cy_ble_config:
  25 0000 00000000 		.word	BLE_bless_isr_cfg
  26              		.text
  27              	.Letext0:
  28              		.file 1 "Generated_Source\\PSoC6\\pdl\\devices/psoc6/psoc63/include/cy8c6347bzi_bld53.h"
  29              		.file 2 "c:\\program files (x86)\\cypress\\psoc creator\\4.4\\psoc creator\\import\\gnu\\arm\\5.4.
  30              		.file 3 "c:\\program files (x86)\\cypress\\psoc creator\\4.4\\psoc creator\\import\\gnu\\arm\\5.4.
  31              		.file 4 "Generated_Source\\PSoC6\\pdl\\drivers/peripheral/sysint/cy_sysint.h"
  32              		.file 5 "Generated_Source\\PSoC6\\pdl\\middleware/ble/cy_ble.h"
  33              		.file 6 "Generated_Source\\PSoC6\\BLE_config.c"
  34              		.file 7 "Generated_Source\\PSoC6\\cyfitter_sysint_cfg.h"
  35              		.section	.debug_info,"",%progbits
  36              	.Ldebug_info0:
  37 0000 B6050000 		.4byte	0x5b6
  38 0004 0400     		.2byte	0x4
  39 0006 00000000 		.4byte	.Ldebug_abbrev0
  40 000a 04       		.byte	0x4
  41 000b 01       		.uleb128 0x1
  42 000c 490E0000 		.4byte	.LASF214
  43 0010 0C       		.byte	0xc
  44 0011 B4090000 		.4byte	.LASF215
  45 0015 1B000000 		.4byte	.LASF216
  46 0019 00000000 		.4byte	.Ldebug_line0
  47 001d 02       		.uleb128 0x2
  48 001e 02       		.byte	0x2
  49 001f 14010000 		.4byte	0x114
  50 0023 01       		.byte	0x1
  51 0024 24       		.byte	0x24
  52 0025 14010000 		.4byte	0x114
  53 0029 03       		.uleb128 0x3
  54 002a BF020000 		.4byte	.LASF0
  55 002e 71       		.sleb128 -15
  56 002f 03       		.uleb128 0x3
  57 0030 AC0F0000 		.4byte	.LASF1
ARM GAS  C:\Users\PC\AppData\Local\Temp\ccyg3ouP.s 			page 2


  58 0034 72       		.sleb128 -14
  59 0035 03       		.uleb128 0x3
  60 0036 41100000 		.4byte	.LASF2
  61 003a 73       		.sleb128 -13
  62 003b 03       		.uleb128 0x3
  63 003c 98090000 		.4byte	.LASF3
  64 0040 7B       		.sleb128 -5
  65 0041 03       		.uleb128 0x3
  66 0042 580F0000 		.4byte	.LASF4
  67 0046 7E       		.sleb128 -2
  68 0047 03       		.uleb128 0x3
  69 0048 9E080000 		.4byte	.LASF5
  70 004c 7F       		.sleb128 -1
  71 004d 04       		.uleb128 0x4
  72 004e 60090000 		.4byte	.LASF6
  73 0052 00       		.byte	0
  74 0053 04       		.uleb128 0x4
  75 0054 18120000 		.4byte	.LASF7
  76 0058 01       		.byte	0x1
  77 0059 04       		.uleb128 0x4
  78 005a 1D010000 		.4byte	.LASF8
  79 005e 02       		.byte	0x2
  80 005f 04       		.uleb128 0x4
  81 0060 68030000 		.4byte	.LASF9
  82 0064 03       		.byte	0x3
  83 0065 04       		.uleb128 0x4
  84 0066 7D050000 		.4byte	.LASF10
  85 006a 04       		.byte	0x4
  86 006b 04       		.uleb128 0x4
  87 006c AB0D0000 		.4byte	.LASF11
  88 0070 05       		.byte	0x5
  89 0071 04       		.uleb128 0x4
  90 0072 6C100000 		.4byte	.LASF12
  91 0076 06       		.byte	0x6
  92 0077 04       		.uleb128 0x4
  93 0078 3B0D0000 		.4byte	.LASF13
  94 007c 07       		.byte	0x7
  95 007d 04       		.uleb128 0x4
  96 007e 4E070000 		.4byte	.LASF14
  97 0082 08       		.byte	0x8
  98 0083 04       		.uleb128 0x4
  99 0084 8A090000 		.4byte	.LASF15
 100 0088 09       		.byte	0x9
 101 0089 04       		.uleb128 0x4
 102 008a F00F0000 		.4byte	.LASF16
 103 008e 0A       		.byte	0xa
 104 008f 04       		.uleb128 0x4
 105 0090 3E120000 		.4byte	.LASF17
 106 0094 0B       		.byte	0xb
 107 0095 04       		.uleb128 0x4
 108 0096 E1060000 		.4byte	.LASF18
 109 009a 0C       		.byte	0xc
 110 009b 04       		.uleb128 0x4
 111 009c F5080000 		.4byte	.LASF19
 112 00a0 0D       		.byte	0xd
 113 00a1 04       		.uleb128 0x4
 114 00a2 470B0000 		.4byte	.LASF20
ARM GAS  C:\Users\PC\AppData\Local\Temp\ccyg3ouP.s 			page 3


 115 00a6 0E       		.byte	0xe
 116 00a7 04       		.uleb128 0x4
 117 00a8 AF000000 		.4byte	.LASF21
 118 00ac 0F       		.byte	0xf
 119 00ad 04       		.uleb128 0x4
 120 00ae 1B030000 		.4byte	.LASF22
 121 00b2 10       		.byte	0x10
 122 00b3 04       		.uleb128 0x4
 123 00b4 34050000 		.4byte	.LASF23
 124 00b8 11       		.byte	0x11
 125 00b9 04       		.uleb128 0x4
 126 00ba 490D0000 		.4byte	.LASF24
 127 00be 12       		.byte	0x12
 128 00bf 04       		.uleb128 0x4
 129 00c0 FF0F0000 		.4byte	.LASF25
 130 00c4 13       		.byte	0x13
 131 00c5 04       		.uleb128 0x4
 132 00c6 41060000 		.4byte	.LASF26
 133 00ca 14       		.byte	0x14
 134 00cb 04       		.uleb128 0x4
 135 00cc 78080000 		.4byte	.LASF27
 136 00d0 15       		.byte	0x15
 137 00d1 04       		.uleb128 0x4
 138 00d2 3C110000 		.4byte	.LASF28
 139 00d6 16       		.byte	0x16
 140 00d7 04       		.uleb128 0x4
 141 00d8 C2130000 		.4byte	.LASF29
 142 00dc 17       		.byte	0x17
 143 00dd 04       		.uleb128 0x4
 144 00de B0020000 		.4byte	.LASF30
 145 00e2 18       		.byte	0x18
 146 00e3 04       		.uleb128 0x4
 147 00e4 5D0A0000 		.4byte	.LASF31
 148 00e8 19       		.byte	0x19
 149 00e9 04       		.uleb128 0x4
 150 00ea 0A070000 		.4byte	.LASF32
 151 00ee 1A       		.byte	0x1a
 152 00ef 04       		.uleb128 0x4
 153 00f0 8F0F0000 		.4byte	.LASF33
 154 00f4 1B       		.byte	0x1b
 155 00f5 04       		.uleb128 0x4
 156 00f6 30040000 		.4byte	.LASF34
 157 00fa 1C       		.byte	0x1c
 158 00fb 04       		.uleb128 0x4
 159 00fc 50060000 		.4byte	.LASF35
 160 0100 1D       		.byte	0x1d
 161 0101 04       		.uleb128 0x4
 162 0102 8D100000 		.4byte	.LASF36
 163 0106 1E       		.byte	0x1e
 164 0107 04       		.uleb128 0x4
 165 0108 25050000 		.4byte	.LASF37
 166 010c 1F       		.byte	0x1f
 167 010d 04       		.uleb128 0x4
 168 010e B20C0000 		.4byte	.LASF38
 169 0112 F0       		.byte	0xf0
 170 0113 00       		.byte	0
 171 0114 05       		.uleb128 0x5
ARM GAS  C:\Users\PC\AppData\Local\Temp\ccyg3ouP.s 			page 4


 172 0115 02       		.byte	0x2
 173 0116 05       		.byte	0x5
 174 0117 C30C0000 		.4byte	.LASF187
 175 011b 06       		.uleb128 0x6
 176 011c B90D0000 		.4byte	.LASF189
 177 0120 01       		.byte	0x1
 178 0121 F4       		.byte	0xf4
 179 0122 1D000000 		.4byte	0x1d
 180 0126 02       		.uleb128 0x2
 181 0127 01       		.byte	0x1
 182 0128 AB040000 		.4byte	0x4ab
 183 012c 01       		.byte	0x1
 184 012d FD       		.byte	0xfd
 185 012e AB040000 		.4byte	0x4ab
 186 0132 04       		.uleb128 0x4
 187 0133 1C020000 		.4byte	.LASF39
 188 0137 00       		.byte	0
 189 0138 04       		.uleb128 0x4
 190 0139 25100000 		.4byte	.LASF40
 191 013d 01       		.byte	0x1
 192 013e 04       		.uleb128 0x4
 193 013f 7E000000 		.4byte	.LASF41
 194 0143 02       		.byte	0x2
 195 0144 04       		.uleb128 0x4
 196 0145 240F0000 		.4byte	.LASF42
 197 0149 03       		.byte	0x3
 198 014a 04       		.uleb128 0x4
 199 014b 7B110000 		.4byte	.LASF43
 200 014f 04       		.byte	0x4
 201 0150 04       		.uleb128 0x4
 202 0151 D6050000 		.4byte	.LASF44
 203 0155 05       		.byte	0x5
 204 0156 04       		.uleb128 0x4
 205 0157 29080000 		.4byte	.LASF45
 206 015b 06       		.byte	0x6
 207 015c 04       		.uleb128 0x4
 208 015d 9C0A0000 		.4byte	.LASF46
 209 0161 07       		.byte	0x7
 210 0162 04       		.uleb128 0x4
 211 0163 57130000 		.4byte	.LASF47
 212 0167 08       		.byte	0x8
 213 0168 04       		.uleb128 0x4
 214 0169 58020000 		.4byte	.LASF48
 215 016d 09       		.byte	0x9
 216 016e 04       		.uleb128 0x4
 217 016f 7F0C0000 		.4byte	.LASF49
 218 0173 0A       		.byte	0xa
 219 0174 04       		.uleb128 0x4
 220 0175 2A0B0000 		.4byte	.LASF50
 221 0179 0B       		.byte	0xb
 222 017a 04       		.uleb128 0x4
 223 017b AB110000 		.4byte	.LASF51
 224 017f 0C       		.byte	0xc
 225 0180 04       		.uleb128 0x4
 226 0181 24060000 		.4byte	.LASF52
 227 0185 0D       		.byte	0xd
 228 0186 04       		.uleb128 0x4
ARM GAS  C:\Users\PC\AppData\Local\Temp\ccyg3ouP.s 			page 5


 229 0187 5B080000 		.4byte	.LASF53
 230 018b 0E       		.byte	0xe
 231 018c 04       		.uleb128 0x4
 232 018d 76040000 		.4byte	.LASF54
 233 0191 0F       		.byte	0xf
 234 0192 04       		.uleb128 0x4
 235 0193 26120000 		.4byte	.LASF55
 236 0197 10       		.byte	0x10
 237 0198 04       		.uleb128 0x4
 238 0199 76030000 		.4byte	.LASF56
 239 019d 11       		.byte	0x11
 240 019e 04       		.uleb128 0x4
 241 019f EC000000 		.4byte	.LASF57
 242 01a3 12       		.byte	0x12
 243 01a4 04       		.uleb128 0x4
 244 01a5 8F040000 		.4byte	.LASF58
 245 01a9 13       		.byte	0x13
 246 01aa 04       		.uleb128 0x4
 247 01ab A9060000 		.4byte	.LASF59
 248 01af 14       		.byte	0x14
 249 01b0 04       		.uleb128 0x4
 250 01b1 84120000 		.4byte	.LASF60
 251 01b5 15       		.byte	0x15
 252 01b6 04       		.uleb128 0x4
 253 01b7 D8000000 		.4byte	.LASF61
 254 01bb 16       		.byte	0x16
 255 01bc 04       		.uleb128 0x4
 256 01bd 8B050000 		.4byte	.LASF62
 257 01c1 17       		.byte	0x17
 258 01c2 04       		.uleb128 0x4
 259 01c3 2B010000 		.4byte	.LASF63
 260 01c7 18       		.byte	0x18
 261 01c8 04       		.uleb128 0x4
 262 01c9 720D0000 		.4byte	.LASF64
 263 01cd 19       		.byte	0x19
 264 01ce 04       		.uleb128 0x4
 265 01cf 89070000 		.4byte	.LASF65
 266 01d3 1A       		.byte	0x1a
 267 01d4 04       		.uleb128 0x4
 268 01d5 0F0A0000 		.4byte	.LASF66
 269 01d9 1B       		.byte	0x1b
 270 01da 04       		.uleb128 0x4
 271 01db 560C0000 		.4byte	.LASF67
 272 01df 1C       		.byte	0x1c
 273 01e0 04       		.uleb128 0x4
 274 01e1 85010000 		.4byte	.LASF68
 275 01e5 1D       		.byte	0x1d
 276 01e6 04       		.uleb128 0x4
 277 01e7 C9030000 		.4byte	.LASF69
 278 01eb 1E       		.byte	0x1e
 279 01ec 04       		.uleb128 0x4
 280 01ed F2050000 		.4byte	.LASF70
 281 01f1 1F       		.byte	0x1f
 282 01f2 04       		.uleb128 0x4
 283 01f3 6E090000 		.4byte	.LASF71
 284 01f7 20       		.byte	0x20
 285 01f8 04       		.uleb128 0x4
ARM GAS  C:\Users\PC\AppData\Local\Temp\ccyg3ouP.s 			page 6


 286 01f9 D1100000 		.4byte	.LASF72
 287 01fd 21       		.byte	0x21
 288 01fe 04       		.uleb128 0x4
 289 01ff 73130000 		.4byte	.LASF73
 290 0203 22       		.byte	0x22
 291 0204 04       		.uleb128 0x4
 292 0205 9F120000 		.4byte	.LASF74
 293 0209 23       		.byte	0x23
 294 020a 04       		.uleb128 0x4
 295 020b A1010000 		.4byte	.LASF75
 296 020f 24       		.byte	0x24
 297 0210 04       		.uleb128 0x4
 298 0211 F7030000 		.4byte	.LASF76
 299 0215 25       		.byte	0x25
 300 0216 04       		.uleb128 0x4
 301 0217 A5130000 		.4byte	.LASF77
 302 021b 26       		.byte	0x26
 303 021c 04       		.uleb128 0x4
 304 021d 2C0E0000 		.4byte	.LASF78
 305 0221 27       		.byte	0x27
 306 0222 04       		.uleb128 0x4
 307 0223 09110000 		.4byte	.LASF79
 308 0227 28       		.byte	0x28
 309 0228 04       		.uleb128 0x4
 310 0229 56010000 		.4byte	.LASF80
 311 022d 29       		.byte	0x29
 312 022e 04       		.uleb128 0x4
 313 022f 68050000 		.4byte	.LASF81
 314 0233 2A       		.byte	0x2a
 315 0234 04       		.uleb128 0x4
 316 0235 A4050000 		.4byte	.LASF82
 317 0239 2B       		.byte	0x2b
 318 023a 04       		.uleb128 0x4
 319 023b 640F0000 		.4byte	.LASF83
 320 023f 2C       		.byte	0x2c
 321 0240 04       		.uleb128 0x4
 322 0241 870A0000 		.4byte	.LASF84
 323 0245 2D       		.byte	0x2d
 324 0246 04       		.uleb128 0x4
 325 0247 9A000000 		.4byte	.LASF85
 326 024b 2E       		.byte	0x2e
 327 024c 04       		.uleb128 0x4
 328 024d DB0F0000 		.4byte	.LASF86
 329 0251 2F       		.byte	0x2f
 330 0252 04       		.uleb128 0x4
 331 0253 4B110000 		.4byte	.LASF87
 332 0257 30       		.byte	0x30
 333 0258 04       		.uleb128 0x4
 334 0259 7A100000 		.4byte	.LASF88
 335 025d 31       		.byte	0x31
 336 025e 04       		.uleb128 0x4
 337 025f FC110000 		.4byte	.LASF89
 338 0263 32       		.byte	0x32
 339 0264 04       		.uleb128 0x4
 340 0265 01010000 		.4byte	.LASF90
 341 0269 33       		.byte	0x33
 342 026a 04       		.uleb128 0x4
ARM GAS  C:\Users\PC\AppData\Local\Temp\ccyg3ouP.s 			page 7


 343 026b C5060000 		.4byte	.LASF91
 344 026f 34       		.byte	0x34
 345 0270 04       		.uleb128 0x4
 346 0271 0E0B0000 		.4byte	.LASF92
 347 0275 35       		.byte	0x35
 348 0276 04       		.uleb128 0x4
 349 0277 B2040000 		.4byte	.LASF93
 350 027b 36       		.byte	0x36
 351 027c 04       		.uleb128 0x4
 352 027d 50100000 		.4byte	.LASF94
 353 0281 37       		.byte	0x37
 354 0282 04       		.uleb128 0x4
 355 0283 E9040000 		.4byte	.LASF95
 356 0287 38       		.byte	0x38
 357 0288 04       		.uleb128 0x4
 358 0289 D8120000 		.4byte	.LASF96
 359 028d 39       		.byte	0x39
 360 028e 04       		.uleb128 0x4
 361 028f 01130000 		.4byte	.LASF97
 362 0293 3A       		.byte	0x3a
 363 0294 04       		.uleb128 0x4
 364 0295 D80B0000 		.4byte	.LASF98
 365 0299 3B       		.byte	0x3b
 366 029a 04       		.uleb128 0x4
 367 029b D8090000 		.4byte	.LASF99
 368 029f 3C       		.byte	0x3c
 369 02a0 04       		.uleb128 0x4
 370 02a1 1F0C0000 		.4byte	.LASF100
 371 02a5 3D       		.byte	0x3d
 372 02a6 04       		.uleb128 0x4
 373 02a7 070F0000 		.4byte	.LASF101
 374 02ab 3E       		.byte	0x3e
 375 02ac 04       		.uleb128 0x4
 376 02ad B80A0000 		.4byte	.LASF102
 377 02b1 3F       		.byte	0x3f
 378 02b2 04       		.uleb128 0x4
 379 02b3 B9050000 		.4byte	.LASF103
 380 02b7 40       		.byte	0x40
 381 02b8 04       		.uleb128 0x4
 382 02b9 0C080000 		.4byte	.LASF104
 383 02bd 41       		.byte	0x41
 384 02be 04       		.uleb128 0x4
 385 02bf A50B0000 		.4byte	.LASF105
 386 02c3 42       		.byte	0x42
 387 02c4 04       		.uleb128 0x4
 388 02c5 100E0000 		.4byte	.LASF106
 389 02c9 43       		.byte	0x43
 390 02ca 04       		.uleb128 0x4
 391 02cb ED100000 		.4byte	.LASF107
 392 02cf 44       		.byte	0x44
 393 02d0 04       		.uleb128 0x4
 394 02d1 1F0D0000 		.4byte	.LASF108
 395 02d5 45       		.byte	0x45
 396 02d6 04       		.uleb128 0x4
 397 02d7 A5070000 		.4byte	.LASF109
 398 02db 46       		.byte	0x46
 399 02dc 04       		.uleb128 0x4
ARM GAS  C:\Users\PC\AppData\Local\Temp\ccyg3ouP.s 			page 8


 400 02dd 2B0A0000 		.4byte	.LASF110
 401 02e1 47       		.byte	0x47
 402 02e2 04       		.uleb128 0x4
 403 02e3 BC120000 		.4byte	.LASF111
 404 02e7 48       		.byte	0x48
 405 02e8 04       		.uleb128 0x4
 406 02e9 F0070000 		.4byte	.LASF112
 407 02ed 49       		.byte	0x49
 408 02ee 04       		.uleb128 0x4
 409 02ef 14040000 		.4byte	.LASF113
 410 02f3 4A       		.byte	0x4a
 411 02f4 04       		.uleb128 0x4
 412 02f5 44030000 		.4byte	.LASF114
 413 02f9 4B       		.byte	0x4b
 414 02fa 04       		.uleb128 0x4
 415 02fb 67120000 		.4byte	.LASF115
 416 02ff 4C       		.byte	0x4c
 417 0300 04       		.uleb128 0x4
 418 0301 8E0D0000 		.4byte	.LASF116
 419 0305 4D       		.byte	0x4d
 420 0306 04       		.uleb128 0x4
 421 0307 DF110000 		.4byte	.LASF117
 422 030b 4E       		.byte	0x4e
 423 030c 04       		.uleb128 0x4
 424 030d 7A060000 		.4byte	.LASF118
 425 0311 4F       		.byte	0x4f
 426 0312 04       		.uleb128 0x4
 427 0313 AB080000 		.4byte	.LASF119
 428 0317 50       		.byte	0x50
 429 0318 04       		.uleb128 0x4
 430 0319 D50A0000 		.4byte	.LASF120
 431 031d 51       		.byte	0x51
 432 031e 04       		.uleb128 0x4
 433 031f 30070000 		.4byte	.LASF121
 434 0323 52       		.byte	0x52
 435 0324 04       		.uleb128 0x4
 436 0325 39090000 		.4byte	.LASF122
 437 0329 53       		.byte	0x53
 438 032a 04       		.uleb128 0x4
 439 032b E5020000 		.4byte	.LASF123
 440 032f 54       		.byte	0x54
 441 0330 04       		.uleb128 0x4
 442 0331 C1070000 		.4byte	.LASF124
 443 0335 55       		.byte	0x55
 444 0336 04       		.uleb128 0x4
 445 0337 37130000 		.4byte	.LASF125
 446 033b 56       		.byte	0x56
 447 033c 04       		.uleb128 0x4
 448 033d 38020000 		.4byte	.LASF126
 449 0341 57       		.byte	0x57
 450 0342 04       		.uleb128 0x4
 451 0343 CD0C0000 		.4byte	.LASF127
 452 0347 58       		.byte	0x58
 453 0348 04       		.uleb128 0x4
 454 0349 05050000 		.4byte	.LASF128
 455 034d 59       		.byte	0x59
 456 034e 04       		.uleb128 0x4
ARM GAS  C:\Users\PC\AppData\Local\Temp\ccyg3ouP.s 			page 9


 457 034f 4D120000 		.4byte	.LASF129
 458 0353 5A       		.byte	0x5a
 459 0354 04       		.uleb128 0x4
 460 0355 F0060000 		.4byte	.LASF130
 461 0359 5B       		.byte	0x5b
 462 035a 04       		.uleb128 0x4
 463 035b 04090000 		.4byte	.LASF131
 464 035f 5C       		.byte	0x5c
 465 0360 04       		.uleb128 0x4
 466 0361 560B0000 		.4byte	.LASF132
 467 0365 5D       		.byte	0x5d
 468 0366 04       		.uleb128 0x4
 469 0367 BE000000 		.4byte	.LASF133
 470 036b 5E       		.byte	0x5e
 471 036c 04       		.uleb128 0x4
 472 036d 2A030000 		.4byte	.LASF134
 473 0371 5F       		.byte	0x5f
 474 0372 04       		.uleb128 0x4
 475 0373 43050000 		.4byte	.LASF135
 476 0377 60       		.byte	0x60
 477 0378 04       		.uleb128 0x4
 478 0379 580D0000 		.4byte	.LASF136
 479 037d 61       		.byte	0x61
 480 037e 04       		.uleb128 0x4
 481 037f 8C030000 		.4byte	.LASF137
 482 0383 62       		.byte	0x62
 483 0384 04       		.uleb128 0x4
 484 0385 8B0B0000 		.4byte	.LASF138
 485 0389 63       		.byte	0x63
 486 038a 04       		.uleb128 0x4
 487 038b E70D0000 		.4byte	.LASF139
 488 038f 64       		.byte	0x64
 489 0390 04       		.uleb128 0x4
 490 0391 B7100000 		.4byte	.LASF140
 491 0395 65       		.byte	0x65
 492 0396 04       		.uleb128 0x4
 493 0397 1D130000 		.4byte	.LASF141
 494 039b 66       		.byte	0x66
 495 039c 04       		.uleb128 0x4
 496 039d 6F070000 		.4byte	.LASF142
 497 03a1 67       		.byte	0x67
 498 03a2 04       		.uleb128 0x4
 499 03a3 F5090000 		.4byte	.LASF143
 500 03a7 68       		.byte	0x68
 501 03a8 04       		.uleb128 0x4
 502 03a9 3C0C0000 		.4byte	.LASF144
 503 03ad 69       		.byte	0x69
 504 03ae 04       		.uleb128 0x4
 505 03af 6B010000 		.4byte	.LASF145
 506 03b3 6A       		.byte	0x6a
 507 03b4 04       		.uleb128 0x4
 508 03b5 AF030000 		.4byte	.LASF146
 509 03b9 6B       		.byte	0x6b
 510 03ba 04       		.uleb128 0x4
 511 03bb 01020000 		.4byte	.LASF147
 512 03bf 6C       		.byte	0x6c
 513 03c0 04       		.uleb128 0x4
ARM GAS  C:\Users\PC\AppData\Local\Temp\ccyg3ouP.s 			page 10


 514 03c1 47040000 		.4byte	.LASF148
 515 03c5 6D       		.byte	0x6d
 516 03c6 04       		.uleb128 0x4
 517 03c7 5F060000 		.4byte	.LASF149
 518 03cb 6E       		.byte	0x6e
 519 03cc 04       		.uleb128 0x4
 520 03cd 1E090000 		.4byte	.LASF150
 521 03d1 6F       		.byte	0x6f
 522 03d2 04       		.uleb128 0x4
 523 03d3 60110000 		.4byte	.LASF151
 524 03d7 70       		.byte	0x70
 525 03d8 04       		.uleb128 0x4
 526 03d9 00000000 		.4byte	.LASF152
 527 03dd 71       		.byte	0x71
 528 03de 04       		.uleb128 0x4
 529 03df CA020000 		.4byte	.LASF153
 530 03e3 72       		.byte	0x72
 531 03e4 04       		.uleb128 0x4
 532 03e5 6C0A0000 		.4byte	.LASF154
 533 03e9 73       		.byte	0x73
 534 03ea 04       		.uleb128 0x4
 535 03eb ED0C0000 		.4byte	.LASF155
 536 03ef 74       		.byte	0x74
 537 03f0 04       		.uleb128 0x4
 538 03f1 C00F0000 		.4byte	.LASF156
 539 03f5 75       		.byte	0x75
 540 03f6 04       		.uleb128 0x4
 541 03f7 700B0000 		.4byte	.LASF157
 542 03fb 76       		.byte	0x76
 543 03fc 04       		.uleb128 0x4
 544 03fd C30D0000 		.4byte	.LASF158
 545 0401 77       		.byte	0x77
 546 0402 04       		.uleb128 0x4
 547 0403 9C100000 		.4byte	.LASF159
 548 0407 78       		.byte	0x78
 549 0408 04       		.uleb128 0x4
 550 0409 DA080000 		.4byte	.LASF160
 551 040d 79       		.byte	0x79
 552 040e 04       		.uleb128 0x4
 553 040f BE010000 		.4byte	.LASF161
 554 0413 7A       		.byte	0x7a
 555 0414 04       		.uleb128 0x4
 556 0415 40010000 		.4byte	.LASF162
 557 0419 7B       		.byte	0x7b
 558 041a 04       		.uleb128 0x4
 559 041b 0E060000 		.4byte	.LASF163
 560 041f 7C       		.byte	0x7c
 561 0420 04       		.uleb128 0x4
 562 0421 45080000 		.4byte	.LASF164
 563 0425 7D       		.byte	0x7d
 564 0426 04       		.uleb128 0x4
 565 0427 26110000 		.4byte	.LASF165
 566 042b 7E       		.byte	0x7e
 567 042c 04       		.uleb128 0x4
 568 042d 8F130000 		.4byte	.LASF166
 569 0431 7F       		.byte	0x7f
 570 0432 04       		.uleb128 0x4
ARM GAS  C:\Users\PC\AppData\Local\Temp\ccyg3ouP.s 			page 11


 571 0433 8D020000 		.4byte	.LASF167
 572 0437 80       		.byte	0x80
 573 0438 04       		.uleb128 0x4
 574 0439 470A0000 		.4byte	.LASF168
 575 043d 81       		.byte	0x81
 576 043e 04       		.uleb128 0x4
 577 043f 9C0C0000 		.4byte	.LASF169
 578 0443 82       		.byte	0x82
 579 0444 04       		.uleb128 0x4
 580 0445 790F0000 		.4byte	.LASF170
 581 0449 83       		.byte	0x83
 582 044a 04       		.uleb128 0x4
 583 044b 0E100000 		.4byte	.LASF171
 584 044f 84       		.byte	0x84
 585 0450 04       		.uleb128 0x4
 586 0451 C10B0000 		.4byte	.LASF172
 587 0455 85       		.byte	0x85
 588 0456 04       		.uleb128 0x4
 589 0457 C8110000 		.4byte	.LASF173
 590 045b 86       		.byte	0x86
 591 045c 04       		.uleb128 0x4
 592 045d 080D0000 		.4byte	.LASF174
 593 0461 87       		.byte	0x87
 594 0462 04       		.uleb128 0x4
 595 0463 87080000 		.4byte	.LASF175
 596 0467 88       		.byte	0x88
 597 0468 04       		.uleb128 0x4
 598 0469 FA0B0000 		.4byte	.LASF176
 599 046d 89       		.byte	0x89
 600 046e 04       		.uleb128 0x4
 601 046f 400F0000 		.4byte	.LASF177
 602 0473 8A       		.byte	0x8a
 603 0474 04       		.uleb128 0x4
 604 0475 CE040000 		.4byte	.LASF178
 605 0479 8B       		.byte	0x8b
 606 047a 04       		.uleb128 0x4
 607 047b DB0E0000 		.4byte	.LASF179
 608 047f 8C       		.byte	0x8c
 609 0480 04       		.uleb128 0x4
 610 0481 D9070000 		.4byte	.LASF180
 611 0485 8D       		.byte	0x8d
 612 0486 04       		.uleb128 0x4
 613 0487 97110000 		.4byte	.LASF181
 614 048b 8E       		.byte	0x8e
 615 048c 04       		.uleb128 0x4
 616 048d F20A0000 		.4byte	.LASF182
 617 0491 8F       		.byte	0x8f
 618 0492 04       		.uleb128 0x4
 619 0493 19070000 		.4byte	.LASF183
 620 0497 90       		.byte	0x90
 621 0498 04       		.uleb128 0x4
 622 0499 EB010000 		.4byte	.LASF184
 623 049d 91       		.byte	0x91
 624 049e 04       		.uleb128 0x4
 625 049f 74020000 		.4byte	.LASF185
 626 04a3 92       		.byte	0x92
 627 04a4 04       		.uleb128 0x4
ARM GAS  C:\Users\PC\AppData\Local\Temp\ccyg3ouP.s 			page 12


 628 04a5 C8080000 		.4byte	.LASF186
 629 04a9 F0       		.byte	0xf0
 630 04aa 00       		.byte	0
 631 04ab 05       		.uleb128 0x5
 632 04ac 01       		.byte	0x1
 633 04ad 08       		.byte	0x8
 634 04ae 110C0000 		.4byte	.LASF188
 635 04b2 07       		.uleb128 0x7
 636 04b3 A3020000 		.4byte	.LASF190
 637 04b7 01       		.byte	0x1
 638 04b8 9201     		.2byte	0x192
 639 04ba 26010000 		.4byte	0x126
 640 04be 05       		.uleb128 0x5
 641 04bf 01       		.byte	0x1
 642 04c0 06       		.byte	0x6
 643 04c1 0F030000 		.4byte	.LASF191
 644 04c5 05       		.uleb128 0x5
 645 04c6 02       		.byte	0x2
 646 04c7 07       		.byte	0x7
 647 04c8 5C070000 		.4byte	.LASF192
 648 04cc 05       		.uleb128 0x5
 649 04cd 04       		.byte	0x4
 650 04ce 05       		.byte	0x5
 651 04cf A6030000 		.4byte	.LASF193
 652 04d3 06       		.uleb128 0x6
 653 04d4 5D050000 		.4byte	.LASF194
 654 04d8 02       		.byte	0x2
 655 04d9 41       		.byte	0x41
 656 04da DE040000 		.4byte	0x4de
 657 04de 05       		.uleb128 0x5
 658 04df 04       		.byte	0x4
 659 04e0 07       		.byte	0x7
 660 04e1 97060000 		.4byte	.LASF195
 661 04e5 05       		.uleb128 0x5
 662 04e6 08       		.byte	0x8
 663 04e7 05       		.byte	0x5
 664 04e8 01030000 		.4byte	.LASF196
 665 04ec 05       		.uleb128 0x5
 666 04ed 08       		.byte	0x8
 667 04ee 07       		.byte	0x7
 668 04ef D4010000 		.4byte	.LASF197
 669 04f3 08       		.uleb128 0x8
 670 04f4 04       		.byte	0x4
 671 04f5 05       		.byte	0x5
 672 04f6 696E7400 		.ascii	"int\000"
 673 04fa 05       		.uleb128 0x5
 674 04fb 04       		.byte	0x4
 675 04fc 07       		.byte	0x7
 676 04fd 720C0000 		.4byte	.LASF198
 677 0501 06       		.uleb128 0x6
 678 0502 DE0D0000 		.4byte	.LASF199
 679 0506 03       		.byte	0x3
 680 0507 30       		.byte	0x30
 681 0508 D3040000 		.4byte	0x4d3
 682 050c 05       		.uleb128 0x5
 683 050d 04       		.byte	0x4
 684 050e 07       		.byte	0x7
ARM GAS  C:\Users\PC\AppData\Local\Temp\ccyg3ouP.s 			page 13


 685 050f 57090000 		.4byte	.LASF200
 686 0513 05       		.uleb128 0x5
 687 0514 01       		.byte	0x1
 688 0515 08       		.byte	0x8
 689 0516 020F0000 		.4byte	.LASF201
 690 051a 05       		.uleb128 0x5
 691 051b 04       		.byte	0x4
 692 051c 04       		.byte	0x4
 693 051d 080B0000 		.4byte	.LASF202
 694 0521 05       		.uleb128 0x5
 695 0522 08       		.byte	0x8
 696 0523 04       		.byte	0x4
 697 0524 AB040000 		.4byte	.LASF203
 698 0528 05       		.uleb128 0x5
 699 0529 08       		.byte	0x8
 700 052a 04       		.byte	0x4
 701 052b F60E0000 		.4byte	.LASF204
 702 052f 09       		.uleb128 0x9
 703 0530 08       		.byte	0x8
 704 0531 04       		.byte	0x4
 705 0532 EB       		.byte	0xeb
 706 0533 5C050000 		.4byte	0x55c
 707 0537 0A       		.uleb128 0xa
 708 0538 3F040000 		.4byte	.LASF205
 709 053c 04       		.byte	0x4
 710 053d EC       		.byte	0xec
 711 053e 1B010000 		.4byte	0x11b
 712 0542 00       		.byte	0
 713 0543 0A       		.uleb128 0xa
 714 0544 60030000 		.4byte	.LASF206
 715 0548 04       		.byte	0x4
 716 0549 EE       		.byte	0xee
 717 054a B2040000 		.4byte	0x4b2
 718 054e 02       		.byte	0x2
 719 054f 0A       		.uleb128 0xa
 720 0550 F4120000 		.4byte	.LASF207
 721 0554 04       		.byte	0x4
 722 0555 F0       		.byte	0xf0
 723 0556 01050000 		.4byte	0x501
 724 055a 04       		.byte	0x4
 725 055b 00       		.byte	0
 726 055c 06       		.uleb128 0x6
 727 055d A4090000 		.4byte	.LASF208
 728 0561 04       		.byte	0x4
 729 0562 F1       		.byte	0xf1
 730 0563 2F050000 		.4byte	0x52f
 731 0567 05       		.uleb128 0x5
 732 0568 01       		.byte	0x1
 733 0569 02       		.byte	0x2
 734 056a F40B0000 		.4byte	.LASF209
 735 056e 0B       		.uleb128 0xb
 736 056f 04       		.byte	0x4
 737 0570 05       		.byte	0x5
 738 0571 0002     		.2byte	0x200
 739 0573 85050000 		.4byte	0x585
 740 0577 0C       		.uleb128 0xc
 741 0578 010E0000 		.4byte	.LASF210
ARM GAS  C:\Users\PC\AppData\Local\Temp\ccyg3ouP.s 			page 14


 742 057c 05       		.byte	0x5
 743 057d 2D02     		.2byte	0x22d
 744 057f 85050000 		.4byte	0x585
 745 0583 00       		.byte	0
 746 0584 00       		.byte	0
 747 0585 0D       		.uleb128 0xd
 748 0586 04       		.byte	0x4
 749 0587 8B050000 		.4byte	0x58b
 750 058b 0E       		.uleb128 0xe
 751 058c 5C050000 		.4byte	0x55c
 752 0590 07       		.uleb128 0x7
 753 0591 62040000 		.4byte	.LASF211
 754 0595 05       		.byte	0x5
 755 0596 4402     		.2byte	0x244
 756 0598 6E050000 		.4byte	0x56e
 757 059c 0F       		.uleb128 0xf
 758 059d 9E0F0000 		.4byte	.LASF212
 759 05a1 06       		.byte	0x6
 760 05a2 3B01     		.2byte	0x13b
 761 05a4 90050000 		.4byte	0x590
 762 05a8 05       		.uleb128 0x5
 763 05a9 03       		.byte	0x3
 764 05aa 00000000 		.4byte	cy_ble_config
 765 05ae 10       		.uleb128 0x10
 766 05af E5030000 		.4byte	.LASF213
 767 05b3 07       		.byte	0x7
 768 05b4 19       		.byte	0x19
 769 05b5 8B050000 		.4byte	0x58b
 770 05b9 00       		.byte	0
 771              		.section	.debug_abbrev,"",%progbits
 772              	.Ldebug_abbrev0:
 773 0000 01       		.uleb128 0x1
 774 0001 11       		.uleb128 0x11
 775 0002 01       		.byte	0x1
 776 0003 25       		.uleb128 0x25
 777 0004 0E       		.uleb128 0xe
 778 0005 13       		.uleb128 0x13
 779 0006 0B       		.uleb128 0xb
 780 0007 03       		.uleb128 0x3
 781 0008 0E       		.uleb128 0xe
 782 0009 1B       		.uleb128 0x1b
 783 000a 0E       		.uleb128 0xe
 784 000b 10       		.uleb128 0x10
 785 000c 17       		.uleb128 0x17
 786 000d 00       		.byte	0
 787 000e 00       		.byte	0
 788 000f 02       		.uleb128 0x2
 789 0010 04       		.uleb128 0x4
 790 0011 01       		.byte	0x1
 791 0012 0B       		.uleb128 0xb
 792 0013 0B       		.uleb128 0xb
 793 0014 49       		.uleb128 0x49
 794 0015 13       		.uleb128 0x13
 795 0016 3A       		.uleb128 0x3a
 796 0017 0B       		.uleb128 0xb
 797 0018 3B       		.uleb128 0x3b
 798 0019 0B       		.uleb128 0xb
ARM GAS  C:\Users\PC\AppData\Local\Temp\ccyg3ouP.s 			page 15


 799 001a 01       		.uleb128 0x1
 800 001b 13       		.uleb128 0x13
 801 001c 00       		.byte	0
 802 001d 00       		.byte	0
 803 001e 03       		.uleb128 0x3
 804 001f 28       		.uleb128 0x28
 805 0020 00       		.byte	0
 806 0021 03       		.uleb128 0x3
 807 0022 0E       		.uleb128 0xe
 808 0023 1C       		.uleb128 0x1c
 809 0024 0D       		.uleb128 0xd
 810 0025 00       		.byte	0
 811 0026 00       		.byte	0
 812 0027 04       		.uleb128 0x4
 813 0028 28       		.uleb128 0x28
 814 0029 00       		.byte	0
 815 002a 03       		.uleb128 0x3
 816 002b 0E       		.uleb128 0xe
 817 002c 1C       		.uleb128 0x1c
 818 002d 0B       		.uleb128 0xb
 819 002e 00       		.byte	0
 820 002f 00       		.byte	0
 821 0030 05       		.uleb128 0x5
 822 0031 24       		.uleb128 0x24
 823 0032 00       		.byte	0
 824 0033 0B       		.uleb128 0xb
 825 0034 0B       		.uleb128 0xb
 826 0035 3E       		.uleb128 0x3e
 827 0036 0B       		.uleb128 0xb
 828 0037 03       		.uleb128 0x3
 829 0038 0E       		.uleb128 0xe
 830 0039 00       		.byte	0
 831 003a 00       		.byte	0
 832 003b 06       		.uleb128 0x6
 833 003c 16       		.uleb128 0x16
 834 003d 00       		.byte	0
 835 003e 03       		.uleb128 0x3
 836 003f 0E       		.uleb128 0xe
 837 0040 3A       		.uleb128 0x3a
 838 0041 0B       		.uleb128 0xb
 839 0042 3B       		.uleb128 0x3b
 840 0043 0B       		.uleb128 0xb
 841 0044 49       		.uleb128 0x49
 842 0045 13       		.uleb128 0x13
 843 0046 00       		.byte	0
 844 0047 00       		.byte	0
 845 0048 07       		.uleb128 0x7
 846 0049 16       		.uleb128 0x16
 847 004a 00       		.byte	0
 848 004b 03       		.uleb128 0x3
 849 004c 0E       		.uleb128 0xe
 850 004d 3A       		.uleb128 0x3a
 851 004e 0B       		.uleb128 0xb
 852 004f 3B       		.uleb128 0x3b
 853 0050 05       		.uleb128 0x5
 854 0051 49       		.uleb128 0x49
 855 0052 13       		.uleb128 0x13
ARM GAS  C:\Users\PC\AppData\Local\Temp\ccyg3ouP.s 			page 16


 856 0053 00       		.byte	0
 857 0054 00       		.byte	0
 858 0055 08       		.uleb128 0x8
 859 0056 24       		.uleb128 0x24
 860 0057 00       		.byte	0
 861 0058 0B       		.uleb128 0xb
 862 0059 0B       		.uleb128 0xb
 863 005a 3E       		.uleb128 0x3e
 864 005b 0B       		.uleb128 0xb
 865 005c 03       		.uleb128 0x3
 866 005d 08       		.uleb128 0x8
 867 005e 00       		.byte	0
 868 005f 00       		.byte	0
 869 0060 09       		.uleb128 0x9
 870 0061 13       		.uleb128 0x13
 871 0062 01       		.byte	0x1
 872 0063 0B       		.uleb128 0xb
 873 0064 0B       		.uleb128 0xb
 874 0065 3A       		.uleb128 0x3a
 875 0066 0B       		.uleb128 0xb
 876 0067 3B       		.uleb128 0x3b
 877 0068 0B       		.uleb128 0xb
 878 0069 01       		.uleb128 0x1
 879 006a 13       		.uleb128 0x13
 880 006b 00       		.byte	0
 881 006c 00       		.byte	0
 882 006d 0A       		.uleb128 0xa
 883 006e 0D       		.uleb128 0xd
 884 006f 00       		.byte	0
 885 0070 03       		.uleb128 0x3
 886 0071 0E       		.uleb128 0xe
 887 0072 3A       		.uleb128 0x3a
 888 0073 0B       		.uleb128 0xb
 889 0074 3B       		.uleb128 0x3b
 890 0075 0B       		.uleb128 0xb
 891 0076 49       		.uleb128 0x49
 892 0077 13       		.uleb128 0x13
 893 0078 38       		.uleb128 0x38
 894 0079 0B       		.uleb128 0xb
 895 007a 00       		.byte	0
 896 007b 00       		.byte	0
 897 007c 0B       		.uleb128 0xb
 898 007d 13       		.uleb128 0x13
 899 007e 01       		.byte	0x1
 900 007f 0B       		.uleb128 0xb
 901 0080 0B       		.uleb128 0xb
 902 0081 3A       		.uleb128 0x3a
 903 0082 0B       		.uleb128 0xb
 904 0083 3B       		.uleb128 0x3b
 905 0084 05       		.uleb128 0x5
 906 0085 01       		.uleb128 0x1
 907 0086 13       		.uleb128 0x13
 908 0087 00       		.byte	0
 909 0088 00       		.byte	0
 910 0089 0C       		.uleb128 0xc
 911 008a 0D       		.uleb128 0xd
 912 008b 00       		.byte	0
ARM GAS  C:\Users\PC\AppData\Local\Temp\ccyg3ouP.s 			page 17


 913 008c 03       		.uleb128 0x3
 914 008d 0E       		.uleb128 0xe
 915 008e 3A       		.uleb128 0x3a
 916 008f 0B       		.uleb128 0xb
 917 0090 3B       		.uleb128 0x3b
 918 0091 05       		.uleb128 0x5
 919 0092 49       		.uleb128 0x49
 920 0093 13       		.uleb128 0x13
 921 0094 38       		.uleb128 0x38
 922 0095 0B       		.uleb128 0xb
 923 0096 00       		.byte	0
 924 0097 00       		.byte	0
 925 0098 0D       		.uleb128 0xd
 926 0099 0F       		.uleb128 0xf
 927 009a 00       		.byte	0
 928 009b 0B       		.uleb128 0xb
 929 009c 0B       		.uleb128 0xb
 930 009d 49       		.uleb128 0x49
 931 009e 13       		.uleb128 0x13
 932 009f 00       		.byte	0
 933 00a0 00       		.byte	0
 934 00a1 0E       		.uleb128 0xe
 935 00a2 26       		.uleb128 0x26
 936 00a3 00       		.byte	0
 937 00a4 49       		.uleb128 0x49
 938 00a5 13       		.uleb128 0x13
 939 00a6 00       		.byte	0
 940 00a7 00       		.byte	0
 941 00a8 0F       		.uleb128 0xf
 942 00a9 34       		.uleb128 0x34
 943 00aa 00       		.byte	0
 944 00ab 03       		.uleb128 0x3
 945 00ac 0E       		.uleb128 0xe
 946 00ad 3A       		.uleb128 0x3a
 947 00ae 0B       		.uleb128 0xb
 948 00af 3B       		.uleb128 0x3b
 949 00b0 05       		.uleb128 0x5
 950 00b1 49       		.uleb128 0x49
 951 00b2 13       		.uleb128 0x13
 952 00b3 3F       		.uleb128 0x3f
 953 00b4 19       		.uleb128 0x19
 954 00b5 02       		.uleb128 0x2
 955 00b6 18       		.uleb128 0x18
 956 00b7 00       		.byte	0
 957 00b8 00       		.byte	0
 958 00b9 10       		.uleb128 0x10
 959 00ba 34       		.uleb128 0x34
 960 00bb 00       		.byte	0
 961 00bc 03       		.uleb128 0x3
 962 00bd 0E       		.uleb128 0xe
 963 00be 3A       		.uleb128 0x3a
 964 00bf 0B       		.uleb128 0xb
 965 00c0 3B       		.uleb128 0x3b
 966 00c1 0B       		.uleb128 0xb
 967 00c2 49       		.uleb128 0x49
 968 00c3 13       		.uleb128 0x13
 969 00c4 3F       		.uleb128 0x3f
ARM GAS  C:\Users\PC\AppData\Local\Temp\ccyg3ouP.s 			page 18


 970 00c5 19       		.uleb128 0x19
 971 00c6 3C       		.uleb128 0x3c
 972 00c7 19       		.uleb128 0x19
 973 00c8 00       		.byte	0
 974 00c9 00       		.byte	0
 975 00ca 00       		.byte	0
 976              		.section	.debug_aranges,"",%progbits
 977 0000 14000000 		.4byte	0x14
 978 0004 0200     		.2byte	0x2
 979 0006 00000000 		.4byte	.Ldebug_info0
 980 000a 04       		.byte	0x4
 981 000b 00       		.byte	0
 982 000c 0000     		.2byte	0
 983 000e 0000     		.2byte	0
 984 0010 00000000 		.4byte	0
 985 0014 00000000 		.4byte	0
 986              		.section	.debug_line,"",%progbits
 987              	.Ldebug_line0:
 988 0000 1F020000 		.section	.debug_str,"MS",%progbits,1
 988      02001902 
 988      00000201 
 988      FB0E0D00 
 988      01010101 
 989              	.LASF152:
 990 0000 74637077 		.ascii	"tcpwm_1_interrupts_15_IRQn\000"
 990      6D5F315F 
 990      696E7465 
 990      72727570 
 990      74735F31 
 991              	.LASF216:
 992 001b 433A5C55 		.ascii	"C:\\Users\\PC\\Desktop\\WorkspaceLab10.cydsn\\Blank"
 992      73657273 
 992      5C50435C 
 992      4465736B 
 992      746F705C 
 993 0049 2D323032 		.ascii	"-20240329T070651Z-001\\Blank\\Psoc6E-INK DISPLAY.cy"
 993      34303332 
 993      39543037 
 993      30363531 
 993      5A2D3030 
 994 007a 64736E00 		.ascii	"dsn\000"
 995              	.LASF41:
 996 007e 696F7373 		.ascii	"ioss_interrupts_gpio_2_IRQn\000"
 996      5F696E74 
 996      65727275 
 996      7074735F 
 996      6770696F 
 997              	.LASF85:
 998 009a 7363625F 		.ascii	"scb_5_interrupt_IRQn\000"
 998      355F696E 
 998      74657272 
 998      7570745F 
 998      4952516E 
 999              	.LASF21:
 1000 00af 4E766963 		.ascii	"NvicMux15_IRQn\000"
 1000      4D757831 
 1000      355F4952 
ARM GAS  C:\Users\PC\AppData\Local\Temp\ccyg3ouP.s 			page 19


 1000      516E00
 1001              	.LASF133:
 1002 00be 74637077 		.ascii	"tcpwm_0_interrupts_4_IRQn\000"
 1002      6D5F305F 
 1002      696E7465 
 1002      72727570 
 1002      74735F34 
 1003              	.LASF61:
 1004 00d8 73727373 		.ascii	"srss_interrupt_IRQn\000"
 1004      5F696E74 
 1004      65727275 
 1004      70745F49 
 1004      52516E00 
 1005              	.LASF57:
 1006 00ec 7363625F 		.ascii	"scb_8_interrupt_IRQn\000"
 1006      385F696E 
 1006      74657272 
 1006      7570745F 
 1006      4952516E 
 1007              	.LASF90:
 1008 0101 63707573 		.ascii	"cpuss_interrupts_dw0_1_IRQn\000"
 1008      735F696E 
 1008      74657272 
 1008      75707473 
 1008      5F647730 
 1009              	.LASF8:
 1010 011d 4E766963 		.ascii	"NvicMux2_IRQn\000"
 1010      4D757832 
 1010      5F495251 
 1010      6E00
 1011              	.LASF63:
 1012 012b 626C6573 		.ascii	"bless_interrupt_IRQn\000"
 1012      735F696E 
 1012      74657272 
 1012      7570745F 
 1012      4952516E 
 1013              	.LASF162:
 1014 0140 7564625F 		.ascii	"udb_interrupts_1_IRQn\000"
 1014      696E7465 
 1014      72727570 
 1014      74735F31 
 1014      5F495251 
 1015              	.LASF80:
 1016 0156 7363625F 		.ascii	"scb_0_interrupt_IRQn\000"
 1016      305F696E 
 1016      74657272 
 1016      7570745F 
 1016      4952516E 
 1017              	.LASF145:
 1018 016b 74637077 		.ascii	"tcpwm_1_interrupts_8_IRQn\000"
 1018      6D5F315F 
 1018      696E7465 
 1018      72727570 
 1018      74735F38 
 1019              	.LASF68:
 1020 0185 63707573 		.ascii	"cpuss_interrupts_ipc_4_IRQn\000"
 1020      735F696E 
ARM GAS  C:\Users\PC\AppData\Local\Temp\ccyg3ouP.s 			page 20


 1020      74657272 
 1020      75707473 
 1020      5F697063 
 1021              	.LASF75:
 1022 01a1 63707573 		.ascii	"cpuss_interrupts_ipc_11_IRQn\000"
 1022      735F696E 
 1022      74657272 
 1022      75707473 
 1022      5F697063 
 1023              	.LASF161:
 1024 01be 7564625F 		.ascii	"udb_interrupts_0_IRQn\000"
 1024      696E7465 
 1024      72727570 
 1024      74735F30 
 1024      5F495251 
 1025              	.LASF197:
 1026 01d4 6C6F6E67 		.ascii	"long long unsigned int\000"
 1026      206C6F6E 
 1026      6720756E 
 1026      7369676E 
 1026      65642069 
 1027              	.LASF184:
 1028 01eb 7573625F 		.ascii	"usb_interrupt_lo_IRQn\000"
 1028      696E7465 
 1028      72727570 
 1028      745F6C6F 
 1028      5F495251 
 1029              	.LASF147:
 1030 0201 74637077 		.ascii	"tcpwm_1_interrupts_10_IRQn\000"
 1030      6D5F315F 
 1030      696E7465 
 1030      72727570 
 1030      74735F31 
 1031              	.LASF39:
 1032 021c 696F7373 		.ascii	"ioss_interrupts_gpio_0_IRQn\000"
 1032      5F696E74 
 1032      65727275 
 1032      7074735F 
 1032      6770696F 
 1033              	.LASF126:
 1034 0238 63707573 		.ascii	"cpuss_interrupts_cm0_cti_1_IRQn\000"
 1034      735F696E 
 1034      74657272 
 1034      75707473 
 1034      5F636D30 
 1035              	.LASF48:
 1036 0258 696F7373 		.ascii	"ioss_interrupts_gpio_9_IRQn\000"
 1036      5F696E74 
 1036      65727275 
 1036      7074735F 
 1036      6770696F 
 1037              	.LASF185:
 1038 0274 70617373 		.ascii	"pass_interrupt_dacs_IRQn\000"
 1038      5F696E74 
 1038      65727275 
 1038      70745F64 
 1038      6163735F 
ARM GAS  C:\Users\PC\AppData\Local\Temp\ccyg3ouP.s 			page 21


 1039              	.LASF167:
 1040 028d 7564625F 		.ascii	"udb_interrupts_6_IRQn\000"
 1040      696E7465 
 1040      72727570 
 1040      74735F36 
 1040      5F495251 
 1041              	.LASF190:
 1042 02a3 63795F65 		.ascii	"cy_en_intr_t\000"
 1042      6E5F696E 
 1042      74725F74 
 1042      00
 1043              	.LASF30:
 1044 02b0 4E766963 		.ascii	"NvicMux24_IRQn\000"
 1044      4D757832 
 1044      345F4952 
 1044      516E00
 1045              	.LASF0:
 1046 02bf 52657365 		.ascii	"Reset_IRQn\000"
 1046      745F4952 
 1046      516E00
 1047              	.LASF153:
 1048 02ca 74637077 		.ascii	"tcpwm_1_interrupts_16_IRQn\000"
 1048      6D5F315F 
 1048      696E7465 
 1048      72727570 
 1048      74735F31 
 1049              	.LASF123:
 1050 02e5 63707573 		.ascii	"cpuss_interrupt_crypto_IRQn\000"
 1050      735F696E 
 1050      74657272 
 1050      7570745F 
 1050      63727970 
 1051              	.LASF196:
 1052 0301 6C6F6E67 		.ascii	"long long int\000"
 1052      206C6F6E 
 1052      6720696E 
 1052      7400
 1053              	.LASF191:
 1054 030f 7369676E 		.ascii	"signed char\000"
 1054      65642063 
 1054      68617200 
 1055              	.LASF22:
 1056 031b 4E766963 		.ascii	"NvicMux16_IRQn\000"
 1056      4D757831 
 1056      365F4952 
 1056      516E00
 1057              	.LASF134:
 1058 032a 74637077 		.ascii	"tcpwm_0_interrupts_5_IRQn\000"
 1058      6D5F305F 
 1058      696E7465 
 1058      72727570 
 1058      74735F35 
 1059              	.LASF114:
 1060 0344 63707573 		.ascii	"cpuss_interrupts_dw1_9_IRQn\000"
 1060      735F696E 
 1060      74657272 
 1060      75707473 
ARM GAS  C:\Users\PC\AppData\Local\Temp\ccyg3ouP.s 			page 22


 1060      5F647731 
 1061              	.LASF206:
 1062 0360 636D3070 		.ascii	"cm0pSrc\000"
 1062      53726300 
 1063              	.LASF9:
 1064 0368 4E766963 		.ascii	"NvicMux3_IRQn\000"
 1064      4D757833 
 1064      5F495251 
 1064      6E00
 1065              	.LASF56:
 1066 0376 6C70636F 		.ascii	"lpcomp_interrupt_IRQn\000"
 1066      6D705F69 
 1066      6E746572 
 1066      72757074 
 1066      5F495251 
 1067              	.LASF137:
 1068 038c 74637077 		.ascii	"tcpwm_1_interrupts_0_IRQn\000"
 1068      6D5F315F 
 1068      696E7465 
 1068      72727570 
 1068      74735F30 
 1069              	.LASF193:
 1070 03a6 6C6F6E67 		.ascii	"long int\000"
 1070      20696E74 
 1070      00
 1071              	.LASF146:
 1072 03af 74637077 		.ascii	"tcpwm_1_interrupts_9_IRQn\000"
 1072      6D5F315F 
 1072      696E7465 
 1072      72727570 
 1072      74735F39 
 1073              	.LASF69:
 1074 03c9 63707573 		.ascii	"cpuss_interrupts_ipc_5_IRQn\000"
 1074      735F696E 
 1074      74657272 
 1074      75707473 
 1074      5F697063 
 1075              	.LASF213:
 1076 03e5 424C455F 		.ascii	"BLE_bless_isr_cfg\000"
 1076      626C6573 
 1076      735F6973 
 1076      725F6366 
 1076      6700
 1077              	.LASF76:
 1078 03f7 63707573 		.ascii	"cpuss_interrupts_ipc_12_IRQn\000"
 1078      735F696E 
 1078      74657272 
 1078      75707473 
 1078      5F697063 
 1079              	.LASF113:
 1080 0414 63707573 		.ascii	"cpuss_interrupts_dw1_8_IRQn\000"
 1080      735F696E 
 1080      74657272 
 1080      75707473 
 1080      5F647731 
 1081              	.LASF34:
 1082 0430 4E766963 		.ascii	"NvicMux28_IRQn\000"
ARM GAS  C:\Users\PC\AppData\Local\Temp\ccyg3ouP.s 			page 23


 1082      4D757832 
 1082      385F4952 
 1082      516E00
 1083              	.LASF205:
 1084 043f 696E7472 		.ascii	"intrSrc\000"
 1084      53726300 
 1085              	.LASF148:
 1086 0447 74637077 		.ascii	"tcpwm_1_interrupts_11_IRQn\000"
 1086      6D5F315F 
 1086      696E7465 
 1086      72727570 
 1086      74735F31 
 1087              	.LASF211:
 1088 0462 63795F73 		.ascii	"cy_stc_ble_config_t\000"
 1088      74635F62 
 1088      6C655F63 
 1088      6F6E6669 
 1088      675F7400 
 1089              	.LASF54:
 1090 0476 696F7373 		.ascii	"ioss_interrupt_gpio_IRQn\000"
 1090      5F696E74 
 1090      65727275 
 1090      70745F67 
 1090      70696F5F 
 1091              	.LASF58:
 1092 048f 73727373 		.ascii	"srss_interrupt_mcwdt_0_IRQn\000"
 1092      5F696E74 
 1092      65727275 
 1092      70745F6D 
 1092      63776474 
 1093              	.LASF203:
 1094 04ab 646F7562 		.ascii	"double\000"
 1094      6C6500
 1095              	.LASF93:
 1096 04b2 63707573 		.ascii	"cpuss_interrupts_dw0_4_IRQn\000"
 1096      735F696E 
 1096      74657272 
 1096      75707473 
 1096      5F647730 
 1097              	.LASF178:
 1098 04ce 61756469 		.ascii	"audioss_interrupt_i2s_IRQn\000"
 1098      6F73735F 
 1098      696E7465 
 1098      72727570 
 1098      745F6932 
 1099              	.LASF95:
 1100 04e9 63707573 		.ascii	"cpuss_interrupts_dw0_6_IRQn\000"
 1100      735F696E 
 1100      74657272 
 1100      75707473 
 1100      5F647730 
 1101              	.LASF128:
 1102 0505 63707573 		.ascii	"cpuss_interrupts_cm4_cti_1_IRQn\000"
 1102      735F696E 
 1102      74657272 
 1102      75707473 
 1102      5F636D34 
ARM GAS  C:\Users\PC\AppData\Local\Temp\ccyg3ouP.s 			page 24


 1103              	.LASF37:
 1104 0525 4E766963 		.ascii	"NvicMux31_IRQn\000"
 1104      4D757833 
 1104      315F4952 
 1104      516E00
 1105              	.LASF23:
 1106 0534 4E766963 		.ascii	"NvicMux17_IRQn\000"
 1106      4D757831 
 1106      375F4952 
 1106      516E00
 1107              	.LASF135:
 1108 0543 74637077 		.ascii	"tcpwm_0_interrupts_6_IRQn\000"
 1108      6D5F305F 
 1108      696E7465 
 1108      72727570 
 1108      74735F36 
 1109              	.LASF194:
 1110 055d 5F5F7569 		.ascii	"__uint32_t\000"
 1110      6E743332 
 1110      5F7400
 1111              	.LASF81:
 1112 0568 7363625F 		.ascii	"scb_1_interrupt_IRQn\000"
 1112      315F696E 
 1112      74657272 
 1112      7570745F 
 1112      4952516E 
 1113              	.LASF10:
 1114 057d 4E766963 		.ascii	"NvicMux4_IRQn\000"
 1114      4D757834 
 1114      5F495251 
 1114      6E00
 1115              	.LASF62:
 1116 058b 70617373 		.ascii	"pass_interrupt_ctbs_IRQn\000"
 1116      5F696E74 
 1116      65727275 
 1116      70745F63 
 1116      7462735F 
 1117              	.LASF82:
 1118 05a4 7363625F 		.ascii	"scb_2_interrupt_IRQn\000"
 1118      325F696E 
 1118      74657272 
 1118      7570745F 
 1118      4952516E 
 1119              	.LASF103:
 1120 05b9 63707573 		.ascii	"cpuss_interrupts_dw0_14_IRQn\000"
 1120      735F696E 
 1120      74657272 
 1120      75707473 
 1120      5F647730 
 1121              	.LASF44:
 1122 05d6 696F7373 		.ascii	"ioss_interrupts_gpio_5_IRQn\000"
 1122      5F696E74 
 1122      65727275 
 1122      7074735F 
 1122      6770696F 
 1123              	.LASF70:
 1124 05f2 63707573 		.ascii	"cpuss_interrupts_ipc_6_IRQn\000"
ARM GAS  C:\Users\PC\AppData\Local\Temp\ccyg3ouP.s 			page 25


 1124      735F696E 
 1124      74657272 
 1124      75707473 
 1124      5F697063 
 1125              	.LASF163:
 1126 060e 7564625F 		.ascii	"udb_interrupts_2_IRQn\000"
 1126      696E7465 
 1126      72727570 
 1126      74735F32 
 1126      5F495251 
 1127              	.LASF52:
 1128 0624 696F7373 		.ascii	"ioss_interrupts_gpio_13_IRQn\000"
 1128      5F696E74 
 1128      65727275 
 1128      7074735F 
 1128      6770696F 
 1129              	.LASF26:
 1130 0641 4E766963 		.ascii	"NvicMux20_IRQn\000"
 1130      4D757832 
 1130      305F4952 
 1130      516E00
 1131              	.LASF35:
 1132 0650 4E766963 		.ascii	"NvicMux29_IRQn\000"
 1132      4D757832 
 1132      395F4952 
 1132      516E00
 1133              	.LASF149:
 1134 065f 74637077 		.ascii	"tcpwm_1_interrupts_12_IRQn\000"
 1134      6D5F315F 
 1134      696E7465 
 1134      72727570 
 1134      74735F31 
 1135              	.LASF118:
 1136 067a 63707573 		.ascii	"cpuss_interrupts_dw1_13_IRQn\000"
 1136      735F696E 
 1136      74657272 
 1136      75707473 
 1136      5F647731 
 1137              	.LASF195:
 1138 0697 6C6F6E67 		.ascii	"long unsigned int\000"
 1138      20756E73 
 1138      69676E65 
 1138      6420696E 
 1138      7400
 1139              	.LASF59:
 1140 06a9 73727373 		.ascii	"srss_interrupt_mcwdt_1_IRQn\000"
 1140      5F696E74 
 1140      65727275 
 1140      70745F6D 
 1140      63776474 
 1141              	.LASF91:
 1142 06c5 63707573 		.ascii	"cpuss_interrupts_dw0_2_IRQn\000"
 1142      735F696E 
 1142      74657272 
 1142      75707473 
 1142      5F647730 
 1143              	.LASF18:
ARM GAS  C:\Users\PC\AppData\Local\Temp\ccyg3ouP.s 			page 26


 1144 06e1 4E766963 		.ascii	"NvicMux12_IRQn\000"
 1144      4D757831 
 1144      325F4952 
 1144      516E00
 1145              	.LASF130:
 1146 06f0 74637077 		.ascii	"tcpwm_0_interrupts_1_IRQn\000"
 1146      6D5F305F 
 1146      696E7465 
 1146      72727570 
 1146      74735F31 
 1147              	.LASF32:
 1148 070a 4E766963 		.ascii	"NvicMux26_IRQn\000"
 1148      4D757832 
 1148      365F4952 
 1148      516E00
 1149              	.LASF183:
 1150 0719 7573625F 		.ascii	"usb_interrupt_med_IRQn\000"
 1150      696E7465 
 1150      72727570 
 1150      745F6D65 
 1150      645F4952 
 1151              	.LASF121:
 1152 0730 63707573 		.ascii	"cpuss_interrupts_fault_0_IRQn\000"
 1152      735F696E 
 1152      74657272 
 1152      75707473 
 1152      5F666175 
 1153              	.LASF14:
 1154 074e 4E766963 		.ascii	"NvicMux8_IRQn\000"
 1154      4D757838 
 1154      5F495251 
 1154      6E00
 1155              	.LASF192:
 1156 075c 73686F72 		.ascii	"short unsigned int\000"
 1156      7420756E 
 1156      7369676E 
 1156      65642069 
 1156      6E7400
 1157              	.LASF142:
 1158 076f 74637077 		.ascii	"tcpwm_1_interrupts_5_IRQn\000"
 1158      6D5F315F 
 1158      696E7465 
 1158      72727570 
 1158      74735F35 
 1159              	.LASF65:
 1160 0789 63707573 		.ascii	"cpuss_interrupts_ipc_1_IRQn\000"
 1160      735F696E 
 1160      74657272 
 1160      75707473 
 1160      5F697063 
 1161              	.LASF109:
 1162 07a5 63707573 		.ascii	"cpuss_interrupts_dw1_4_IRQn\000"
 1162      735F696E 
 1162      74657272 
 1162      75707473 
 1162      5F647731 
 1163              	.LASF124:
ARM GAS  C:\Users\PC\AppData\Local\Temp\ccyg3ouP.s 			page 27


 1164 07c1 63707573 		.ascii	"cpuss_interrupt_fm_IRQn\000"
 1164      735F696E 
 1164      74657272 
 1164      7570745F 
 1164      666D5F49 
 1165              	.LASF180:
 1166 07d9 70726F66 		.ascii	"profile_interrupt_IRQn\000"
 1166      696C655F 
 1166      696E7465 
 1166      72727570 
 1166      745F4952 
 1167              	.LASF112:
 1168 07f0 63707573 		.ascii	"cpuss_interrupts_dw1_7_IRQn\000"
 1168      735F696E 
 1168      74657272 
 1168      75707473 
 1168      5F647731 
 1169              	.LASF104:
 1170 080c 63707573 		.ascii	"cpuss_interrupts_dw0_15_IRQn\000"
 1170      735F696E 
 1170      74657272 
 1170      75707473 
 1170      5F647730 
 1171              	.LASF45:
 1172 0829 696F7373 		.ascii	"ioss_interrupts_gpio_6_IRQn\000"
 1172      5F696E74 
 1172      65727275 
 1172      7074735F 
 1172      6770696F 
 1173              	.LASF164:
 1174 0845 7564625F 		.ascii	"udb_interrupts_3_IRQn\000"
 1174      696E7465 
 1174      72727570 
 1174      74735F33 
 1174      5F495251 
 1175              	.LASF53:
 1176 085b 696F7373 		.ascii	"ioss_interrupts_gpio_14_IRQn\000"
 1176      5F696E74 
 1176      65727275 
 1176      7074735F 
 1176      6770696F 
 1177              	.LASF27:
 1178 0878 4E766963 		.ascii	"NvicMux21_IRQn\000"
 1178      4D757832 
 1178      315F4952 
 1178      516E00
 1179              	.LASF175:
 1180 0887 7564625F 		.ascii	"udb_interrupts_14_IRQn\000"
 1180      696E7465 
 1180      72727570 
 1180      74735F31 
 1180      345F4952 
 1181              	.LASF5:
 1182 089e 53797354 		.ascii	"SysTick_IRQn\000"
 1182      69636B5F 
 1182      4952516E 
 1182      00
ARM GAS  C:\Users\PC\AppData\Local\Temp\ccyg3ouP.s 			page 28


 1183              	.LASF119:
 1184 08ab 63707573 		.ascii	"cpuss_interrupts_dw1_14_IRQn\000"
 1184      735F696E 
 1184      74657272 
 1184      75707473 
 1184      5F647731 
 1185              	.LASF186:
 1186 08c8 64697363 		.ascii	"disconnected_IRQn\000"
 1186      6F6E6E65 
 1186      63746564 
 1186      5F495251 
 1186      6E00
 1187              	.LASF160:
 1188 08da 74637077 		.ascii	"tcpwm_1_interrupts_23_IRQn\000"
 1188      6D5F315F 
 1188      696E7465 
 1188      72727570 
 1188      74735F32 
 1189              	.LASF19:
 1190 08f5 4E766963 		.ascii	"NvicMux13_IRQn\000"
 1190      4D757831 
 1190      335F4952 
 1190      516E00
 1191              	.LASF131:
 1192 0904 74637077 		.ascii	"tcpwm_0_interrupts_2_IRQn\000"
 1192      6D5F305F 
 1192      696E7465 
 1192      72727570 
 1192      74735F32 
 1193              	.LASF150:
 1194 091e 74637077 		.ascii	"tcpwm_1_interrupts_13_IRQn\000"
 1194      6D5F315F 
 1194      696E7465 
 1194      72727570 
 1194      74735F31 
 1195              	.LASF122:
 1196 0939 63707573 		.ascii	"cpuss_interrupts_fault_1_IRQn\000"
 1196      735F696E 
 1196      74657272 
 1196      75707473 
 1196      5F666175 
 1197              	.LASF200:
 1198 0957 73697A65 		.ascii	"sizetype\000"
 1198      74797065 
 1198      00
 1199              	.LASF6:
 1200 0960 4E766963 		.ascii	"NvicMux0_IRQn\000"
 1200      4D757830 
 1200      5F495251 
 1200      6E00
 1201              	.LASF71:
 1202 096e 63707573 		.ascii	"cpuss_interrupts_ipc_7_IRQn\000"
 1202      735F696E 
 1202      74657272 
 1202      75707473 
 1202      5F697063 
 1203              	.LASF15:
ARM GAS  C:\Users\PC\AppData\Local\Temp\ccyg3ouP.s 			page 29


 1204 098a 4E766963 		.ascii	"NvicMux9_IRQn\000"
 1204      4D757839 
 1204      5F495251 
 1204      6E00
 1205              	.LASF3:
 1206 0998 53564361 		.ascii	"SVCall_IRQn\000"
 1206      6C6C5F49 
 1206      52516E00 
 1207              	.LASF208:
 1208 09a4 63795F73 		.ascii	"cy_stc_sysint_t\000"
 1208      74635F73 
 1208      7973696E 
 1208      745F7400 
 1209              	.LASF215:
 1210 09b4 47656E65 		.ascii	"Generated_Source\\PSoC6\\BLE_config.c\000"
 1210      72617465 
 1210      645F536F 
 1210      75726365 
 1210      5C50536F 
 1211              	.LASF99:
 1212 09d8 63707573 		.ascii	"cpuss_interrupts_dw0_10_IRQn\000"
 1212      735F696E 
 1212      74657272 
 1212      75707473 
 1212      5F647730 
 1213              	.LASF143:
 1214 09f5 74637077 		.ascii	"tcpwm_1_interrupts_6_IRQn\000"
 1214      6D5F315F 
 1214      696E7465 
 1214      72727570 
 1214      74735F36 
 1215              	.LASF66:
 1216 0a0f 63707573 		.ascii	"cpuss_interrupts_ipc_2_IRQn\000"
 1216      735F696E 
 1216      74657272 
 1216      75707473 
 1216      5F697063 
 1217              	.LASF110:
 1218 0a2b 63707573 		.ascii	"cpuss_interrupts_dw1_5_IRQn\000"
 1218      735F696E 
 1218      74657272 
 1218      75707473 
 1218      5F647731 
 1219              	.LASF168:
 1220 0a47 7564625F 		.ascii	"udb_interrupts_7_IRQn\000"
 1220      696E7465 
 1220      72727570 
 1220      74735F37 
 1220      5F495251 
 1221              	.LASF31:
 1222 0a5d 4E766963 		.ascii	"NvicMux25_IRQn\000"
 1222      4D757832 
 1222      355F4952 
 1222      516E00
 1223              	.LASF154:
 1224 0a6c 74637077 		.ascii	"tcpwm_1_interrupts_17_IRQn\000"
 1224      6D5F315F 
ARM GAS  C:\Users\PC\AppData\Local\Temp\ccyg3ouP.s 			page 30


 1224      696E7465 
 1224      72727570 
 1224      74735F31 
 1225              	.LASF84:
 1226 0a87 7363625F 		.ascii	"scb_4_interrupt_IRQn\000"
 1226      345F696E 
 1226      74657272 
 1226      7570745F 
 1226      4952516E 
 1227              	.LASF46:
 1228 0a9c 696F7373 		.ascii	"ioss_interrupts_gpio_7_IRQn\000"
 1228      5F696E74 
 1228      65727275 
 1228      7074735F 
 1228      6770696F 
 1229              	.LASF102:
 1230 0ab8 63707573 		.ascii	"cpuss_interrupts_dw0_13_IRQn\000"
 1230      735F696E 
 1230      74657272 
 1230      75707473 
 1230      5F647730 
 1231              	.LASF120:
 1232 0ad5 63707573 		.ascii	"cpuss_interrupts_dw1_15_IRQn\000"
 1232      735F696E 
 1232      74657272 
 1232      75707473 
 1232      5F647731 
 1233              	.LASF182:
 1234 0af2 7573625F 		.ascii	"usb_interrupt_hi_IRQn\000"
 1234      696E7465 
 1234      72727570 
 1234      745F6869 
 1234      5F495251 
 1235              	.LASF202:
 1236 0b08 666C6F61 		.ascii	"float\000"
 1236      7400
 1237              	.LASF92:
 1238 0b0e 63707573 		.ascii	"cpuss_interrupts_dw0_3_IRQn\000"
 1238      735F696E 
 1238      74657272 
 1238      75707473 
 1238      5F647730 
 1239              	.LASF50:
 1240 0b2a 696F7373 		.ascii	"ioss_interrupts_gpio_11_IRQn\000"
 1240      5F696E74 
 1240      65727275 
 1240      7074735F 
 1240      6770696F 
 1241              	.LASF20:
 1242 0b47 4E766963 		.ascii	"NvicMux14_IRQn\000"
 1242      4D757831 
 1242      345F4952 
 1242      516E00
 1243              	.LASF132:
 1244 0b56 74637077 		.ascii	"tcpwm_0_interrupts_3_IRQn\000"
 1244      6D5F305F 
 1244      696E7465 
ARM GAS  C:\Users\PC\AppData\Local\Temp\ccyg3ouP.s 			page 31


 1244      72727570 
 1244      74735F33 
 1245              	.LASF157:
 1246 0b70 74637077 		.ascii	"tcpwm_1_interrupts_20_IRQn\000"
 1246      6D5F315F 
 1246      696E7465 
 1246      72727570 
 1246      74735F32 
 1247              	.LASF138:
 1248 0b8b 74637077 		.ascii	"tcpwm_1_interrupts_1_IRQn\000"
 1248      6D5F315F 
 1248      696E7465 
 1248      72727570 
 1248      74735F31 
 1249              	.LASF105:
 1250 0ba5 63707573 		.ascii	"cpuss_interrupts_dw1_0_IRQn\000"
 1250      735F696E 
 1250      74657272 
 1250      75707473 
 1250      5F647731 
 1251              	.LASF172:
 1252 0bc1 7564625F 		.ascii	"udb_interrupts_11_IRQn\000"
 1252      696E7465 
 1252      72727570 
 1252      74735F31 
 1252      315F4952 
 1253              	.LASF98:
 1254 0bd8 63707573 		.ascii	"cpuss_interrupts_dw0_9_IRQn\000"
 1254      735F696E 
 1254      74657272 
 1254      75707473 
 1254      5F647730 
 1255              	.LASF209:
 1256 0bf4 5F426F6F 		.ascii	"_Bool\000"
 1256      6C00
 1257              	.LASF176:
 1258 0bfa 7564625F 		.ascii	"udb_interrupts_15_IRQn\000"
 1258      696E7465 
 1258      72727570 
 1258      74735F31 
 1258      355F4952 
 1259              	.LASF188:
 1260 0c11 756E7369 		.ascii	"unsigned char\000"
 1260      676E6564 
 1260      20636861 
 1260      7200
 1261              	.LASF100:
 1262 0c1f 63707573 		.ascii	"cpuss_interrupts_dw0_11_IRQn\000"
 1262      735F696E 
 1262      74657272 
 1262      75707473 
 1262      5F647730 
 1263              	.LASF144:
 1264 0c3c 74637077 		.ascii	"tcpwm_1_interrupts_7_IRQn\000"
 1264      6D5F315F 
 1264      696E7465 
 1264      72727570 
ARM GAS  C:\Users\PC\AppData\Local\Temp\ccyg3ouP.s 			page 32


 1264      74735F37 
 1265              	.LASF67:
 1266 0c56 63707573 		.ascii	"cpuss_interrupts_ipc_3_IRQn\000"
 1266      735F696E 
 1266      74657272 
 1266      75707473 
 1266      5F697063 
 1267              	.LASF198:
 1268 0c72 756E7369 		.ascii	"unsigned int\000"
 1268      676E6564 
 1268      20696E74 
 1268      00
 1269              	.LASF49:
 1270 0c7f 696F7373 		.ascii	"ioss_interrupts_gpio_10_IRQn\000"
 1270      5F696E74 
 1270      65727275 
 1270      7074735F 
 1270      6770696F 
 1271              	.LASF169:
 1272 0c9c 7564625F 		.ascii	"udb_interrupts_8_IRQn\000"
 1272      696E7465 
 1272      72727570 
 1272      74735F38 
 1272      5F495251 
 1273              	.LASF38:
 1274 0cb2 756E636F 		.ascii	"unconnected_IRQn\000"
 1274      6E6E6563 
 1274      7465645F 
 1274      4952516E 
 1274      00
 1275              	.LASF187:
 1276 0cc3 73686F72 		.ascii	"short int\000"
 1276      7420696E 
 1276      7400
 1277              	.LASF127:
 1278 0ccd 63707573 		.ascii	"cpuss_interrupts_cm4_cti_0_IRQn\000"
 1278      735F696E 
 1278      74657272 
 1278      75707473 
 1278      5F636D34 
 1279              	.LASF155:
 1280 0ced 74637077 		.ascii	"tcpwm_1_interrupts_18_IRQn\000"
 1280      6D5F315F 
 1280      696E7465 
 1280      72727570 
 1280      74735F31 
 1281              	.LASF174:
 1282 0d08 7564625F 		.ascii	"udb_interrupts_13_IRQn\000"
 1282      696E7465 
 1282      72727570 
 1282      74735F31 
 1282      335F4952 
 1283              	.LASF108:
 1284 0d1f 63707573 		.ascii	"cpuss_interrupts_dw1_3_IRQn\000"
 1284      735F696E 
 1284      74657272 
 1284      75707473 
ARM GAS  C:\Users\PC\AppData\Local\Temp\ccyg3ouP.s 			page 33


 1284      5F647731 
 1285              	.LASF13:
 1286 0d3b 4E766963 		.ascii	"NvicMux7_IRQn\000"
 1286      4D757837 
 1286      5F495251 
 1286      6E00
 1287              	.LASF24:
 1288 0d49 4E766963 		.ascii	"NvicMux18_IRQn\000"
 1288      4D757831 
 1288      385F4952 
 1288      516E00
 1289              	.LASF136:
 1290 0d58 74637077 		.ascii	"tcpwm_0_interrupts_7_IRQn\000"
 1290      6D5F305F 
 1290      696E7465 
 1290      72727570 
 1290      74735F37 
 1291              	.LASF64:
 1292 0d72 63707573 		.ascii	"cpuss_interrupts_ipc_0_IRQn\000"
 1292      735F696E 
 1292      74657272 
 1292      75707473 
 1292      5F697063 
 1293              	.LASF116:
 1294 0d8e 63707573 		.ascii	"cpuss_interrupts_dw1_11_IRQn\000"
 1294      735F696E 
 1294      74657272 
 1294      75707473 
 1294      5F647731 
 1295              	.LASF11:
 1296 0dab 4E766963 		.ascii	"NvicMux5_IRQn\000"
 1296      4D757835 
 1296      5F495251 
 1296      6E00
 1297              	.LASF189:
 1298 0db9 4952516E 		.ascii	"IRQn_Type\000"
 1298      5F547970 
 1298      6500
 1299              	.LASF158:
 1300 0dc3 74637077 		.ascii	"tcpwm_1_interrupts_21_IRQn\000"
 1300      6D5F315F 
 1300      696E7465 
 1300      72727570 
 1300      74735F32 
 1301              	.LASF199:
 1302 0dde 75696E74 		.ascii	"uint32_t\000"
 1302      33325F74 
 1302      00
 1303              	.LASF139:
 1304 0de7 74637077 		.ascii	"tcpwm_1_interrupts_2_IRQn\000"
 1304      6D5F315F 
 1304      696E7465 
 1304      72727570 
 1304      74735F32 
 1305              	.LASF210:
 1306 0e01 626C6573 		.ascii	"blessIsrConfig\000"
 1306      73497372 
ARM GAS  C:\Users\PC\AppData\Local\Temp\ccyg3ouP.s 			page 34


 1306      436F6E66 
 1306      696700
 1307              	.LASF106:
 1308 0e10 63707573 		.ascii	"cpuss_interrupts_dw1_1_IRQn\000"
 1308      735F696E 
 1308      74657272 
 1308      75707473 
 1308      5F647731 
 1309              	.LASF78:
 1310 0e2c 63707573 		.ascii	"cpuss_interrupts_ipc_14_IRQn\000"
 1310      735F696E 
 1310      74657272 
 1310      75707473 
 1310      5F697063 
 1311              	.LASF214:
 1312 0e49 474E5520 		.ascii	"GNU C11 5.4.1 20160609 (release) [ARM/embedded-5-br"
 1312      43313120 
 1312      352E342E 
 1312      31203230 
 1312      31363036 
 1313 0e7c 616E6368 		.ascii	"anch revision 237715] -mcpu=cortex-m0plus -mthumb -"
 1313      20726576 
 1313      6973696F 
 1313      6E203233 
 1313      37373135 
 1314 0eaf 67202D4F 		.ascii	"g -Og -ffunction-sections -ffat-lto-objects\000"
 1314      67202D66 
 1314      66756E63 
 1314      74696F6E 
 1314      2D736563 
 1315              	.LASF179:
 1316 0edb 61756469 		.ascii	"audioss_interrupt_pdm_IRQn\000"
 1316      6F73735F 
 1316      696E7465 
 1316      72727570 
 1316      745F7064 
 1317              	.LASF204:
 1318 0ef6 6C6F6E67 		.ascii	"long double\000"
 1318      20646F75 
 1318      626C6500 
 1319              	.LASF201:
 1320 0f02 63686172 		.ascii	"char\000"
 1320      00
 1321              	.LASF101:
 1322 0f07 63707573 		.ascii	"cpuss_interrupts_dw0_12_IRQn\000"
 1322      735F696E 
 1322      74657272 
 1322      75707473 
 1322      5F647730 
 1323              	.LASF42:
 1324 0f24 696F7373 		.ascii	"ioss_interrupts_gpio_3_IRQn\000"
 1324      5F696E74 
 1324      65727275 
 1324      7074735F 
 1324      6770696F 
 1325              	.LASF177:
 1326 0f40 70617373 		.ascii	"pass_interrupt_sar_IRQn\000"
ARM GAS  C:\Users\PC\AppData\Local\Temp\ccyg3ouP.s 			page 35


 1326      5F696E74 
 1326      65727275 
 1326      70745F73 
 1326      61725F49 
 1327              	.LASF4:
 1328 0f58 50656E64 		.ascii	"PendSV_IRQn\000"
 1328      53565F49 
 1328      52516E00 
 1329              	.LASF83:
 1330 0f64 7363625F 		.ascii	"scb_3_interrupt_IRQn\000"
 1330      335F696E 
 1330      74657272 
 1330      7570745F 
 1330      4952516E 
 1331              	.LASF170:
 1332 0f79 7564625F 		.ascii	"udb_interrupts_9_IRQn\000"
 1332      696E7465 
 1332      72727570 
 1332      74735F39 
 1332      5F495251 
 1333              	.LASF33:
 1334 0f8f 4E766963 		.ascii	"NvicMux27_IRQn\000"
 1334      4D757832 
 1334      375F4952 
 1334      516E00
 1335              	.LASF212:
 1336 0f9e 63795F62 		.ascii	"cy_ble_config\000"
 1336      6C655F63 
 1336      6F6E6669 
 1336      6700
 1337              	.LASF1:
 1338 0fac 4E6F6E4D 		.ascii	"NonMaskableInt_IRQn\000"
 1338      61736B61 
 1338      626C6549 
 1338      6E745F49 
 1338      52516E00 
 1339              	.LASF156:
 1340 0fc0 74637077 		.ascii	"tcpwm_1_interrupts_19_IRQn\000"
 1340      6D5F315F 
 1340      696E7465 
 1340      72727570 
 1340      74735F31 
 1341              	.LASF86:
 1342 0fdb 7363625F 		.ascii	"scb_6_interrupt_IRQn\000"
 1342      365F696E 
 1342      74657272 
 1342      7570745F 
 1342      4952516E 
 1343              	.LASF16:
 1344 0ff0 4E766963 		.ascii	"NvicMux10_IRQn\000"
 1344      4D757831 
 1344      305F4952 
 1344      516E00
 1345              	.LASF25:
 1346 0fff 4E766963 		.ascii	"NvicMux19_IRQn\000"
 1346      4D757831 
 1346      395F4952 
ARM GAS  C:\Users\PC\AppData\Local\Temp\ccyg3ouP.s 			page 36


 1346      516E00
 1347              	.LASF171:
 1348 100e 7564625F 		.ascii	"udb_interrupts_10_IRQn\000"
 1348      696E7465 
 1348      72727570 
 1348      74735F31 
 1348      305F4952 
 1349              	.LASF40:
 1350 1025 696F7373 		.ascii	"ioss_interrupts_gpio_1_IRQn\000"
 1350      5F696E74 
 1350      65727275 
 1350      7074735F 
 1350      6770696F 
 1351              	.LASF2:
 1352 1041 48617264 		.ascii	"HardFault_IRQn\000"
 1352      4661756C 
 1352      745F4952 
 1352      516E00
 1353              	.LASF94:
 1354 1050 63707573 		.ascii	"cpuss_interrupts_dw0_5_IRQn\000"
 1354      735F696E 
 1354      74657272 
 1354      75707473 
 1354      5F647730 
 1355              	.LASF12:
 1356 106c 4E766963 		.ascii	"NvicMux6_IRQn\000"
 1356      4D757836 
 1356      5F495251 
 1356      6E00
 1357              	.LASF88:
 1358 107a 6373645F 		.ascii	"csd_interrupt_IRQn\000"
 1358      696E7465 
 1358      72727570 
 1358      745F4952 
 1358      516E00
 1359              	.LASF36:
 1360 108d 4E766963 		.ascii	"NvicMux30_IRQn\000"
 1360      4D757833 
 1360      305F4952 
 1360      516E00
 1361              	.LASF159:
 1362 109c 74637077 		.ascii	"tcpwm_1_interrupts_22_IRQn\000"
 1362      6D5F315F 
 1362      696E7465 
 1362      72727570 
 1362      74735F32 
 1363              	.LASF140:
 1364 10b7 74637077 		.ascii	"tcpwm_1_interrupts_3_IRQn\000"
 1364      6D5F315F 
 1364      696E7465 
 1364      72727570 
 1364      74735F33 
 1365              	.LASF72:
 1366 10d1 63707573 		.ascii	"cpuss_interrupts_ipc_8_IRQn\000"
 1366      735F696E 
 1366      74657272 
 1366      75707473 
ARM GAS  C:\Users\PC\AppData\Local\Temp\ccyg3ouP.s 			page 37


 1366      5F697063 
 1367              	.LASF107:
 1368 10ed 63707573 		.ascii	"cpuss_interrupts_dw1_2_IRQn\000"
 1368      735F696E 
 1368      74657272 
 1368      75707473 
 1368      5F647731 
 1369              	.LASF79:
 1370 1109 63707573 		.ascii	"cpuss_interrupts_ipc_15_IRQn\000"
 1370      735F696E 
 1370      74657272 
 1370      75707473 
 1370      5F697063 
 1371              	.LASF165:
 1372 1126 7564625F 		.ascii	"udb_interrupts_4_IRQn\000"
 1372      696E7465 
 1372      72727570 
 1372      74735F34 
 1372      5F495251 
 1373              	.LASF28:
 1374 113c 4E766963 		.ascii	"NvicMux22_IRQn\000"
 1374      4D757832 
 1374      325F4952 
 1374      516E00
 1375              	.LASF87:
 1376 114b 7363625F 		.ascii	"scb_7_interrupt_IRQn\000"
 1376      375F696E 
 1376      74657272 
 1376      7570745F 
 1376      4952516E 
 1377              	.LASF151:
 1378 1160 74637077 		.ascii	"tcpwm_1_interrupts_14_IRQn\000"
 1378      6D5F315F 
 1378      696E7465 
 1378      72727570 
 1378      74735F31 
 1379              	.LASF43:
 1380 117b 696F7373 		.ascii	"ioss_interrupts_gpio_4_IRQn\000"
 1380      5F696E74 
 1380      65727275 
 1380      7074735F 
 1380      6770696F 
 1381              	.LASF181:
 1382 1197 736D6966 		.ascii	"smif_interrupt_IRQn\000"
 1382      5F696E74 
 1382      65727275 
 1382      70745F49 
 1382      52516E00 
 1383              	.LASF51:
 1384 11ab 696F7373 		.ascii	"ioss_interrupts_gpio_12_IRQn\000"
 1384      5F696E74 
 1384      65727275 
 1384      7074735F 
 1384      6770696F 
 1385              	.LASF173:
 1386 11c8 7564625F 		.ascii	"udb_interrupts_12_IRQn\000"
 1386      696E7465 
ARM GAS  C:\Users\PC\AppData\Local\Temp\ccyg3ouP.s 			page 38


 1386      72727570 
 1386      74735F31 
 1386      325F4952 
 1387              	.LASF117:
 1388 11df 63707573 		.ascii	"cpuss_interrupts_dw1_12_IRQn\000"
 1388      735F696E 
 1388      74657272 
 1388      75707473 
 1388      5F647731 
 1389              	.LASF89:
 1390 11fc 63707573 		.ascii	"cpuss_interrupts_dw0_0_IRQn\000"
 1390      735F696E 
 1390      74657272 
 1390      75707473 
 1390      5F647730 
 1391              	.LASF7:
 1392 1218 4E766963 		.ascii	"NvicMux1_IRQn\000"
 1392      4D757831 
 1392      5F495251 
 1392      6E00
 1393              	.LASF55:
 1394 1226 696F7373 		.ascii	"ioss_interrupt_vdd_IRQn\000"
 1394      5F696E74 
 1394      65727275 
 1394      70745F76 
 1394      64645F49 
 1395              	.LASF17:
 1396 123e 4E766963 		.ascii	"NvicMux11_IRQn\000"
 1396      4D757831 
 1396      315F4952 
 1396      516E00
 1397              	.LASF129:
 1398 124d 74637077 		.ascii	"tcpwm_0_interrupts_0_IRQn\000"
 1398      6D5F305F 
 1398      696E7465 
 1398      72727570 
 1398      74735F30 
 1399              	.LASF115:
 1400 1267 63707573 		.ascii	"cpuss_interrupts_dw1_10_IRQn\000"
 1400      735F696E 
 1400      74657272 
 1400      75707473 
 1400      5F647731 
 1401              	.LASF60:
 1402 1284 73727373 		.ascii	"srss_interrupt_backup_IRQn\000"
 1402      5F696E74 
 1402      65727275 
 1402      70745F62 
 1402      61636B75 
 1403              	.LASF74:
 1404 129f 63707573 		.ascii	"cpuss_interrupts_ipc_10_IRQn\000"
 1404      735F696E 
 1404      74657272 
 1404      75707473 
 1404      5F697063 
 1405              	.LASF111:
 1406 12bc 63707573 		.ascii	"cpuss_interrupts_dw1_6_IRQn\000"
ARM GAS  C:\Users\PC\AppData\Local\Temp\ccyg3ouP.s 			page 39


 1406      735F696E 
 1406      74657272 
 1406      75707473 
 1406      5F647731 
 1407              	.LASF96:
 1408 12d8 63707573 		.ascii	"cpuss_interrupts_dw0_7_IRQn\000"
 1408      735F696E 
 1408      74657272 
 1408      75707473 
 1408      5F647730 
 1409              	.LASF207:
 1410 12f4 696E7472 		.ascii	"intrPriority\000"
 1410      5072696F 
 1410      72697479 
 1410      00
 1411              	.LASF97:
 1412 1301 63707573 		.ascii	"cpuss_interrupts_dw0_8_IRQn\000"
 1412      735F696E 
 1412      74657272 
 1412      75707473 
 1412      5F647730 
 1413              	.LASF141:
 1414 131d 74637077 		.ascii	"tcpwm_1_interrupts_4_IRQn\000"
 1414      6D5F315F 
 1414      696E7465 
 1414      72727570 
 1414      74735F34 
 1415              	.LASF125:
 1416 1337 63707573 		.ascii	"cpuss_interrupts_cm0_cti_0_IRQn\000"
 1416      735F696E 
 1416      74657272 
 1416      75707473 
 1416      5F636D30 
 1417              	.LASF47:
 1418 1357 696F7373 		.ascii	"ioss_interrupts_gpio_8_IRQn\000"
 1418      5F696E74 
 1418      65727275 
 1418      7074735F 
 1418      6770696F 
 1419              	.LASF73:
 1420 1373 63707573 		.ascii	"cpuss_interrupts_ipc_9_IRQn\000"
 1420      735F696E 
 1420      74657272 
 1420      75707473 
 1420      5F697063 
 1421              	.LASF166:
 1422 138f 7564625F 		.ascii	"udb_interrupts_5_IRQn\000"
 1422      696E7465 
 1422      72727570 
 1422      74735F35 
 1422      5F495251 
 1423              	.LASF77:
 1424 13a5 63707573 		.ascii	"cpuss_interrupts_ipc_13_IRQn\000"
 1424      735F696E 
 1424      74657272 
 1424      75707473 
 1424      5F697063 
ARM GAS  C:\Users\PC\AppData\Local\Temp\ccyg3ouP.s 			page 40


 1425              	.LASF29:
 1426 13c2 4E766963 		.ascii	"NvicMux23_IRQn\000"
 1426      4D757832 
 1426      335F4952 
 1426      516E00
 1427              		.ident	"GCC: (GNU Tools for ARM Embedded Processors) 5.4.1 20160609 (release) [ARM/embedded-5-bran
