ARM GAS  C:\Users\PC\AppData\Local\Temp\ccBcZMYh.s 			page 1


   1              		.syntax unified
   2              		.cpu cortex-m0plus
   3              		.fpu softvfp
   4              		.eabi_attribute 20, 1
   5              		.eabi_attribute 21, 1
   6              		.eabi_attribute 23, 3
   7              		.eabi_attribute 24, 1
   8              		.eabi_attribute 25, 1
   9              		.eabi_attribute 26, 1
  10              		.eabi_attribute 30, 1
  11              		.eabi_attribute 34, 0
  12              		.eabi_attribute 18, 4
  13              		.thumb
  14              		.syntax unified
  15              		.file	"cyfitter_sysint_cfg.c"
  16              		.text
  17              	.Ltext0:
  18              		.cfi_sections	.debug_frame
  19              		.global	BLE_bless_isr_cfg
  20              		.section	.rodata
  21              		.align	2
  22              		.type	BLE_bless_isr_cfg, %object
  23              		.size	BLE_bless_isr_cfg, 8
  24              	BLE_bless_isr_cfg:
  25 0000 0300     		.short	3
  26 0002 18       		.byte	24
  27 0003 00       		.space	1
  28 0004 03000000 		.word	3
  29              		.text
  30              	.Letext0:
  31              		.file 1 "Generated_Source\\PSoC6\\pdl\\devices/psoc6/psoc63/include/cy8c6347bzi_bld53.h"
  32              		.file 2 "c:\\program files (x86)\\cypress\\psoc creator\\4.4\\psoc creator\\import\\gnu\\arm\\5.4.
  33              		.file 3 "c:\\program files (x86)\\cypress\\psoc creator\\4.4\\psoc creator\\import\\gnu\\arm\\5.4.
  34              		.file 4 "Generated_Source\\PSoC6\\pdl\\drivers/peripheral/sysint/cy_sysint.h"
  35              		.file 5 "Generated_Source\\PSoC6\\cyfitter_sysint_cfg.c"
  36              		.section	.debug_info,"",%progbits
  37              	.Ldebug_info0:
  38 0000 7A050000 		.4byte	0x57a
  39 0004 0400     		.2byte	0x4
  40 0006 00000000 		.4byte	.Ldebug_abbrev0
  41 000a 04       		.byte	0x4
  42 000b 01       		.uleb128 0x1
  43 000c 180E0000 		.4byte	.LASF209
  44 0010 0C       		.byte	0xc
  45 0011 D60E0000 		.4byte	.LASF210
  46 0015 1B000000 		.4byte	.LASF211
  47 0019 00000000 		.4byte	.Ldebug_line0
  48 001d 02       		.uleb128 0x2
  49 001e 02       		.byte	0x2
  50 001f 14010000 		.4byte	0x114
  51 0023 01       		.byte	0x1
  52 0024 24       		.byte	0x24
  53 0025 14010000 		.4byte	0x114
  54 0029 03       		.uleb128 0x3
  55 002a BF020000 		.4byte	.LASF0
  56 002e 71       		.sleb128 -15
  57 002f 03       		.uleb128 0x3
ARM GAS  C:\Users\PC\AppData\Local\Temp\ccBcZMYh.s 			page 2


  58 0030 9A0F0000 		.4byte	.LASF1
  59 0034 72       		.sleb128 -14
  60 0035 03       		.uleb128 0x3
  61 0036 2F100000 		.4byte	.LASF2
  62 003a 73       		.sleb128 -13
  63 003b 03       		.uleb128 0x3
  64 003c 84090000 		.4byte	.LASF3
  65 0040 7B       		.sleb128 -5
  66 0041 03       		.uleb128 0x3
  67 0042 540F0000 		.4byte	.LASF4
  68 0046 7E       		.sleb128 -2
  69 0047 03       		.uleb128 0x3
  70 0048 8A080000 		.4byte	.LASF5
  71 004c 7F       		.sleb128 -1
  72 004d 04       		.uleb128 0x4
  73 004e 4C090000 		.4byte	.LASF6
  74 0052 00       		.byte	0
  75 0053 04       		.uleb128 0x4
  76 0054 06120000 		.4byte	.LASF7
  77 0058 01       		.byte	0x1
  78 0059 04       		.uleb128 0x4
  79 005a 1D010000 		.4byte	.LASF8
  80 005e 02       		.byte	0x2
  81 005f 04       		.uleb128 0x4
  82 0060 68030000 		.4byte	.LASF9
  83 0064 03       		.byte	0x3
  84 0065 04       		.uleb128 0x4
  85 0066 69050000 		.4byte	.LASF10
  86 006a 04       		.byte	0x4
  87 006b 04       		.uleb128 0x4
  88 006c 6D0D0000 		.4byte	.LASF11
  89 0070 05       		.byte	0x5
  90 0071 04       		.uleb128 0x4
  91 0072 5A100000 		.4byte	.LASF12
  92 0076 06       		.byte	0x6
  93 0077 04       		.uleb128 0x4
  94 0078 FD0C0000 		.4byte	.LASF13
  95 007c 07       		.byte	0x7
  96 007d 04       		.uleb128 0x4
  97 007e 3A070000 		.4byte	.LASF14
  98 0082 08       		.byte	0x8
  99 0083 04       		.uleb128 0x4
 100 0084 76090000 		.4byte	.LASF15
 101 0088 09       		.byte	0x9
 102 0089 04       		.uleb128 0x4
 103 008a DE0F0000 		.4byte	.LASF16
 104 008e 0A       		.byte	0xa
 105 008f 04       		.uleb128 0x4
 106 0090 2C120000 		.4byte	.LASF17
 107 0094 0B       		.byte	0xb
 108 0095 04       		.uleb128 0x4
 109 0096 CD060000 		.4byte	.LASF18
 110 009a 0C       		.byte	0xc
 111 009b 04       		.uleb128 0x4
 112 009c E1080000 		.4byte	.LASF19
 113 00a0 0D       		.byte	0xd
 114 00a1 04       		.uleb128 0x4
ARM GAS  C:\Users\PC\AppData\Local\Temp\ccBcZMYh.s 			page 3


 115 00a2 0F0B0000 		.4byte	.LASF20
 116 00a6 0E       		.byte	0xe
 117 00a7 04       		.uleb128 0x4
 118 00a8 AF000000 		.4byte	.LASF21
 119 00ac 0F       		.byte	0xf
 120 00ad 04       		.uleb128 0x4
 121 00ae 1B030000 		.4byte	.LASF22
 122 00b2 10       		.byte	0x10
 123 00b3 04       		.uleb128 0x4
 124 00b4 20050000 		.4byte	.LASF23
 125 00b8 11       		.byte	0x11
 126 00b9 04       		.uleb128 0x4
 127 00ba 0B0D0000 		.4byte	.LASF24
 128 00be 12       		.byte	0x12
 129 00bf 04       		.uleb128 0x4
 130 00c0 ED0F0000 		.4byte	.LASF25
 131 00c4 13       		.byte	0x13
 132 00c5 04       		.uleb128 0x4
 133 00c6 2D060000 		.4byte	.LASF26
 134 00ca 14       		.byte	0x14
 135 00cb 04       		.uleb128 0x4
 136 00cc 64080000 		.4byte	.LASF27
 137 00d0 15       		.byte	0x15
 138 00d1 04       		.uleb128 0x4
 139 00d2 2A110000 		.4byte	.LASF28
 140 00d6 16       		.byte	0x16
 141 00d7 04       		.uleb128 0x4
 142 00d8 94130000 		.4byte	.LASF29
 143 00dc 17       		.byte	0x17
 144 00dd 04       		.uleb128 0x4
 145 00de B0020000 		.4byte	.LASF30
 146 00e2 18       		.byte	0x18
 147 00e3 04       		.uleb128 0x4
 148 00e4 250A0000 		.4byte	.LASF31
 149 00e8 19       		.byte	0x19
 150 00e9 04       		.uleb128 0x4
 151 00ea F6060000 		.4byte	.LASF32
 152 00ee 1A       		.byte	0x1a
 153 00ef 04       		.uleb128 0x4
 154 00f0 8B0F0000 		.4byte	.LASF33
 155 00f4 1B       		.byte	0x1b
 156 00f5 04       		.uleb128 0x4
 157 00f6 30040000 		.4byte	.LASF34
 158 00fa 1C       		.byte	0x1c
 159 00fb 04       		.uleb128 0x4
 160 00fc 3C060000 		.4byte	.LASF35
 161 0100 1D       		.byte	0x1d
 162 0101 04       		.uleb128 0x4
 163 0102 7B100000 		.4byte	.LASF36
 164 0106 1E       		.byte	0x1e
 165 0107 04       		.uleb128 0x4
 166 0108 11050000 		.4byte	.LASF37
 167 010c 1F       		.byte	0x1f
 168 010d 04       		.uleb128 0x4
 169 010e 740C0000 		.4byte	.LASF38
 170 0112 F0       		.byte	0xf0
 171 0113 00       		.byte	0
ARM GAS  C:\Users\PC\AppData\Local\Temp\ccBcZMYh.s 			page 4


 172 0114 05       		.uleb128 0x5
 173 0115 02       		.byte	0x2
 174 0116 05       		.byte	0x5
 175 0117 850C0000 		.4byte	.LASF187
 176 011b 06       		.uleb128 0x6
 177 011c 7B0D0000 		.4byte	.LASF189
 178 0120 01       		.byte	0x1
 179 0121 F4       		.byte	0xf4
 180 0122 1D000000 		.4byte	0x1d
 181 0126 02       		.uleb128 0x2
 182 0127 01       		.byte	0x1
 183 0128 AB040000 		.4byte	0x4ab
 184 012c 01       		.byte	0x1
 185 012d FD       		.byte	0xfd
 186 012e AB040000 		.4byte	0x4ab
 187 0132 04       		.uleb128 0x4
 188 0133 1C020000 		.4byte	.LASF39
 189 0137 00       		.byte	0
 190 0138 04       		.uleb128 0x4
 191 0139 13100000 		.4byte	.LASF40
 192 013d 01       		.byte	0x1
 193 013e 04       		.uleb128 0x4
 194 013f 7E000000 		.4byte	.LASF41
 195 0143 02       		.byte	0x2
 196 0144 04       		.uleb128 0x4
 197 0145 200F0000 		.4byte	.LASF42
 198 0149 03       		.byte	0x3
 199 014a 04       		.uleb128 0x4
 200 014b 69110000 		.4byte	.LASF43
 201 014f 04       		.byte	0x4
 202 0150 04       		.uleb128 0x4
 203 0151 C2050000 		.4byte	.LASF44
 204 0155 05       		.byte	0x5
 205 0156 04       		.uleb128 0x4
 206 0157 15080000 		.4byte	.LASF45
 207 015b 06       		.byte	0x6
 208 015c 04       		.uleb128 0x4
 209 015d 640A0000 		.4byte	.LASF46
 210 0161 07       		.byte	0x7
 211 0162 04       		.uleb128 0x4
 212 0163 29130000 		.4byte	.LASF47
 213 0167 08       		.byte	0x8
 214 0168 04       		.uleb128 0x4
 215 0169 58020000 		.4byte	.LASF48
 216 016d 09       		.byte	0x9
 217 016e 04       		.uleb128 0x4
 218 016f 410C0000 		.4byte	.LASF49
 219 0173 0A       		.byte	0xa
 220 0174 04       		.uleb128 0x4
 221 0175 F20A0000 		.4byte	.LASF50
 222 0179 0B       		.byte	0xb
 223 017a 04       		.uleb128 0x4
 224 017b 99110000 		.4byte	.LASF51
 225 017f 0C       		.byte	0xc
 226 0180 04       		.uleb128 0x4
 227 0181 10060000 		.4byte	.LASF52
 228 0185 0D       		.byte	0xd
ARM GAS  C:\Users\PC\AppData\Local\Temp\ccBcZMYh.s 			page 5


 229 0186 04       		.uleb128 0x4
 230 0187 47080000 		.4byte	.LASF53
 231 018b 0E       		.byte	0xe
 232 018c 04       		.uleb128 0x4
 233 018d 7E040000 		.4byte	.LASF54
 234 0191 0F       		.byte	0xf
 235 0192 04       		.uleb128 0x4
 236 0193 14120000 		.4byte	.LASF55
 237 0197 10       		.byte	0x10
 238 0198 04       		.uleb128 0x4
 239 0199 76030000 		.4byte	.LASF56
 240 019d 11       		.byte	0x11
 241 019e 04       		.uleb128 0x4
 242 019f EC000000 		.4byte	.LASF57
 243 01a3 12       		.byte	0x12
 244 01a4 04       		.uleb128 0x4
 245 01a5 97040000 		.4byte	.LASF58
 246 01a9 13       		.byte	0x13
 247 01aa 04       		.uleb128 0x4
 248 01ab 95060000 		.4byte	.LASF59
 249 01af 14       		.byte	0x14
 250 01b0 04       		.uleb128 0x4
 251 01b1 72120000 		.4byte	.LASF60
 252 01b5 15       		.byte	0x15
 253 01b6 04       		.uleb128 0x4
 254 01b7 D8000000 		.4byte	.LASF61
 255 01bb 16       		.byte	0x16
 256 01bc 04       		.uleb128 0x4
 257 01bd 77050000 		.4byte	.LASF62
 258 01c1 17       		.byte	0x17
 259 01c2 04       		.uleb128 0x4
 260 01c3 2B010000 		.4byte	.LASF63
 261 01c7 18       		.byte	0x18
 262 01c8 04       		.uleb128 0x4
 263 01c9 340D0000 		.4byte	.LASF64
 264 01cd 19       		.byte	0x19
 265 01ce 04       		.uleb128 0x4
 266 01cf 75070000 		.4byte	.LASF65
 267 01d3 1A       		.byte	0x1a
 268 01d4 04       		.uleb128 0x4
 269 01d5 D7090000 		.4byte	.LASF66
 270 01d9 1B       		.byte	0x1b
 271 01da 04       		.uleb128 0x4
 272 01db 180C0000 		.4byte	.LASF67
 273 01df 1C       		.byte	0x1c
 274 01e0 04       		.uleb128 0x4
 275 01e1 85010000 		.4byte	.LASF68
 276 01e5 1D       		.byte	0x1d
 277 01e6 04       		.uleb128 0x4
 278 01e7 C9030000 		.4byte	.LASF69
 279 01eb 1E       		.byte	0x1e
 280 01ec 04       		.uleb128 0x4
 281 01ed DE050000 		.4byte	.LASF70
 282 01f1 1F       		.byte	0x1f
 283 01f2 04       		.uleb128 0x4
 284 01f3 C30D0000 		.4byte	.LASF71
 285 01f7 20       		.byte	0x20
ARM GAS  C:\Users\PC\AppData\Local\Temp\ccBcZMYh.s 			page 6


 286 01f8 04       		.uleb128 0x4
 287 01f9 BF100000 		.4byte	.LASF72
 288 01fd 21       		.byte	0x21
 289 01fe 04       		.uleb128 0x4
 290 01ff 45130000 		.4byte	.LASF73
 291 0203 22       		.byte	0x22
 292 0204 04       		.uleb128 0x4
 293 0205 8D120000 		.4byte	.LASF74
 294 0209 23       		.byte	0x23
 295 020a 04       		.uleb128 0x4
 296 020b A1010000 		.4byte	.LASF75
 297 020f 24       		.byte	0x24
 298 0210 04       		.uleb128 0x4
 299 0211 F7030000 		.4byte	.LASF76
 300 0215 25       		.byte	0x25
 301 0216 04       		.uleb128 0x4
 302 0217 77130000 		.4byte	.LASF77
 303 021b 26       		.byte	0x26
 304 021c 04       		.uleb128 0x4
 305 021d FB0D0000 		.4byte	.LASF78
 306 0221 27       		.byte	0x27
 307 0222 04       		.uleb128 0x4
 308 0223 F7100000 		.4byte	.LASF79
 309 0227 28       		.byte	0x28
 310 0228 04       		.uleb128 0x4
 311 0229 56010000 		.4byte	.LASF80
 312 022d 29       		.byte	0x29
 313 022e 04       		.uleb128 0x4
 314 022f 54050000 		.4byte	.LASF81
 315 0233 2A       		.byte	0x2a
 316 0234 04       		.uleb128 0x4
 317 0235 90050000 		.4byte	.LASF82
 318 0239 2B       		.byte	0x2b
 319 023a 04       		.uleb128 0x4
 320 023b 600F0000 		.4byte	.LASF83
 321 023f 2C       		.byte	0x2c
 322 0240 04       		.uleb128 0x4
 323 0241 4F0A0000 		.4byte	.LASF84
 324 0245 2D       		.byte	0x2d
 325 0246 04       		.uleb128 0x4
 326 0247 9A000000 		.4byte	.LASF85
 327 024b 2E       		.byte	0x2e
 328 024c 04       		.uleb128 0x4
 329 024d C90F0000 		.4byte	.LASF86
 330 0251 2F       		.byte	0x2f
 331 0252 04       		.uleb128 0x4
 332 0253 39110000 		.4byte	.LASF87
 333 0257 30       		.byte	0x30
 334 0258 04       		.uleb128 0x4
 335 0259 68100000 		.4byte	.LASF88
 336 025d 31       		.byte	0x31
 337 025e 04       		.uleb128 0x4
 338 025f EA110000 		.4byte	.LASF89
 339 0263 32       		.byte	0x32
 340 0264 04       		.uleb128 0x4
 341 0265 01010000 		.4byte	.LASF90
 342 0269 33       		.byte	0x33
ARM GAS  C:\Users\PC\AppData\Local\Temp\ccBcZMYh.s 			page 7


 343 026a 04       		.uleb128 0x4
 344 026b B1060000 		.4byte	.LASF91
 345 026f 34       		.byte	0x34
 346 0270 04       		.uleb128 0x4
 347 0271 D60A0000 		.4byte	.LASF92
 348 0275 35       		.byte	0x35
 349 0276 04       		.uleb128 0x4
 350 0277 62040000 		.4byte	.LASF93
 351 027b 36       		.byte	0x36
 352 027c 04       		.uleb128 0x4
 353 027d 3E100000 		.4byte	.LASF94
 354 0281 37       		.byte	0x37
 355 0282 04       		.uleb128 0x4
 356 0283 D5040000 		.4byte	.LASF95
 357 0287 38       		.byte	0x38
 358 0288 04       		.uleb128 0x4
 359 0289 C6120000 		.4byte	.LASF96
 360 028d 39       		.byte	0x39
 361 028e 04       		.uleb128 0x4
 362 028f 5A090000 		.4byte	.LASF97
 363 0293 3A       		.byte	0x3a
 364 0294 04       		.uleb128 0x4
 365 0295 A00B0000 		.4byte	.LASF98
 366 0299 3B       		.byte	0x3b
 367 029a 04       		.uleb128 0x4
 368 029b A0090000 		.4byte	.LASF99
 369 029f 3C       		.byte	0x3c
 370 02a0 04       		.uleb128 0x4
 371 02a1 E10B0000 		.4byte	.LASF100
 372 02a5 3D       		.byte	0x3d
 373 02a6 04       		.uleb128 0x4
 374 02a7 030F0000 		.4byte	.LASF101
 375 02ab 3E       		.byte	0x3e
 376 02ac 04       		.uleb128 0x4
 377 02ad 800A0000 		.4byte	.LASF102
 378 02b1 3F       		.byte	0x3f
 379 02b2 04       		.uleb128 0x4
 380 02b3 A5050000 		.4byte	.LASF103
 381 02b7 40       		.byte	0x40
 382 02b8 04       		.uleb128 0x4
 383 02b9 F8070000 		.4byte	.LASF104
 384 02bd 41       		.byte	0x41
 385 02be 04       		.uleb128 0x4
 386 02bf 6D0B0000 		.4byte	.LASF105
 387 02c3 42       		.byte	0x42
 388 02c4 04       		.uleb128 0x4
 389 02c5 DF0D0000 		.4byte	.LASF106
 390 02c9 43       		.byte	0x43
 391 02ca 04       		.uleb128 0x4
 392 02cb DB100000 		.4byte	.LASF107
 393 02cf 44       		.byte	0x44
 394 02d0 04       		.uleb128 0x4
 395 02d1 E10C0000 		.4byte	.LASF108
 396 02d5 45       		.byte	0x45
 397 02d6 04       		.uleb128 0x4
 398 02d7 91070000 		.4byte	.LASF109
 399 02db 46       		.byte	0x46
ARM GAS  C:\Users\PC\AppData\Local\Temp\ccBcZMYh.s 			page 8


 400 02dc 04       		.uleb128 0x4
 401 02dd F3090000 		.4byte	.LASF110
 402 02e1 47       		.byte	0x47
 403 02e2 04       		.uleb128 0x4
 404 02e3 AA120000 		.4byte	.LASF111
 405 02e7 48       		.byte	0x48
 406 02e8 04       		.uleb128 0x4
 407 02e9 DC070000 		.4byte	.LASF112
 408 02ed 49       		.byte	0x49
 409 02ee 04       		.uleb128 0x4
 410 02ef 14040000 		.4byte	.LASF113
 411 02f3 4A       		.byte	0x4a
 412 02f4 04       		.uleb128 0x4
 413 02f5 44030000 		.4byte	.LASF114
 414 02f9 4B       		.byte	0x4b
 415 02fa 04       		.uleb128 0x4
 416 02fb 55120000 		.4byte	.LASF115
 417 02ff 4C       		.byte	0x4c
 418 0300 04       		.uleb128 0x4
 419 0301 500D0000 		.4byte	.LASF116
 420 0305 4D       		.byte	0x4d
 421 0306 04       		.uleb128 0x4
 422 0307 CD110000 		.4byte	.LASF117
 423 030b 4E       		.byte	0x4e
 424 030c 04       		.uleb128 0x4
 425 030d 66060000 		.4byte	.LASF118
 426 0311 4F       		.byte	0x4f
 427 0312 04       		.uleb128 0x4
 428 0313 97080000 		.4byte	.LASF119
 429 0317 50       		.byte	0x50
 430 0318 04       		.uleb128 0x4
 431 0319 9D0A0000 		.4byte	.LASF120
 432 031d 51       		.byte	0x51
 433 031e 04       		.uleb128 0x4
 434 031f 1C070000 		.4byte	.LASF121
 435 0323 52       		.byte	0x52
 436 0324 04       		.uleb128 0x4
 437 0325 25090000 		.4byte	.LASF122
 438 0329 53       		.byte	0x53
 439 032a 04       		.uleb128 0x4
 440 032b E5020000 		.4byte	.LASF123
 441 032f 54       		.byte	0x54
 442 0330 04       		.uleb128 0x4
 443 0331 AD070000 		.4byte	.LASF124
 444 0335 55       		.byte	0x55
 445 0336 04       		.uleb128 0x4
 446 0337 09130000 		.4byte	.LASF125
 447 033b 56       		.byte	0x56
 448 033c 04       		.uleb128 0x4
 449 033d 38020000 		.4byte	.LASF126
 450 0341 57       		.byte	0x57
 451 0342 04       		.uleb128 0x4
 452 0343 8F0C0000 		.4byte	.LASF127
 453 0347 58       		.byte	0x58
 454 0348 04       		.uleb128 0x4
 455 0349 F1040000 		.4byte	.LASF128
 456 034d 59       		.byte	0x59
ARM GAS  C:\Users\PC\AppData\Local\Temp\ccBcZMYh.s 			page 9


 457 034e 04       		.uleb128 0x4
 458 034f 3B120000 		.4byte	.LASF129
 459 0353 5A       		.byte	0x5a
 460 0354 04       		.uleb128 0x4
 461 0355 DC060000 		.4byte	.LASF130
 462 0359 5B       		.byte	0x5b
 463 035a 04       		.uleb128 0x4
 464 035b F0080000 		.4byte	.LASF131
 465 035f 5C       		.byte	0x5c
 466 0360 04       		.uleb128 0x4
 467 0361 1E0B0000 		.4byte	.LASF132
 468 0365 5D       		.byte	0x5d
 469 0366 04       		.uleb128 0x4
 470 0367 BE000000 		.4byte	.LASF133
 471 036b 5E       		.byte	0x5e
 472 036c 04       		.uleb128 0x4
 473 036d 2A030000 		.4byte	.LASF134
 474 0371 5F       		.byte	0x5f
 475 0372 04       		.uleb128 0x4
 476 0373 2F050000 		.4byte	.LASF135
 477 0377 60       		.byte	0x60
 478 0378 04       		.uleb128 0x4
 479 0379 1A0D0000 		.4byte	.LASF136
 480 037d 61       		.byte	0x61
 481 037e 04       		.uleb128 0x4
 482 037f 8C030000 		.4byte	.LASF137
 483 0383 62       		.byte	0x62
 484 0384 04       		.uleb128 0x4
 485 0385 530B0000 		.4byte	.LASF138
 486 0389 63       		.byte	0x63
 487 038a 04       		.uleb128 0x4
 488 038b A90D0000 		.4byte	.LASF139
 489 038f 64       		.byte	0x64
 490 0390 04       		.uleb128 0x4
 491 0391 A5100000 		.4byte	.LASF140
 492 0395 65       		.byte	0x65
 493 0396 04       		.uleb128 0x4
 494 0397 EF120000 		.4byte	.LASF141
 495 039b 66       		.byte	0x66
 496 039c 04       		.uleb128 0x4
 497 039d 5B070000 		.4byte	.LASF142
 498 03a1 67       		.byte	0x67
 499 03a2 04       		.uleb128 0x4
 500 03a3 BD090000 		.4byte	.LASF143
 501 03a7 68       		.byte	0x68
 502 03a8 04       		.uleb128 0x4
 503 03a9 FE0B0000 		.4byte	.LASF144
 504 03ad 69       		.byte	0x69
 505 03ae 04       		.uleb128 0x4
 506 03af 6B010000 		.4byte	.LASF145
 507 03b3 6A       		.byte	0x6a
 508 03b4 04       		.uleb128 0x4
 509 03b5 AF030000 		.4byte	.LASF146
 510 03b9 6B       		.byte	0x6b
 511 03ba 04       		.uleb128 0x4
 512 03bb 01020000 		.4byte	.LASF147
 513 03bf 6C       		.byte	0x6c
ARM GAS  C:\Users\PC\AppData\Local\Temp\ccBcZMYh.s 			page 10


 514 03c0 04       		.uleb128 0x4
 515 03c1 47040000 		.4byte	.LASF148
 516 03c5 6D       		.byte	0x6d
 517 03c6 04       		.uleb128 0x4
 518 03c7 4B060000 		.4byte	.LASF149
 519 03cb 6E       		.byte	0x6e
 520 03cc 04       		.uleb128 0x4
 521 03cd 0A090000 		.4byte	.LASF150
 522 03d1 6F       		.byte	0x6f
 523 03d2 04       		.uleb128 0x4
 524 03d3 4E110000 		.4byte	.LASF151
 525 03d7 70       		.byte	0x70
 526 03d8 04       		.uleb128 0x4
 527 03d9 00000000 		.4byte	.LASF152
 528 03dd 71       		.byte	0x71
 529 03de 04       		.uleb128 0x4
 530 03df CA020000 		.4byte	.LASF153
 531 03e3 72       		.byte	0x72
 532 03e4 04       		.uleb128 0x4
 533 03e5 340A0000 		.4byte	.LASF154
 534 03e9 73       		.byte	0x73
 535 03ea 04       		.uleb128 0x4
 536 03eb AF0C0000 		.4byte	.LASF155
 537 03ef 74       		.byte	0x74
 538 03f0 04       		.uleb128 0x4
 539 03f1 AE0F0000 		.4byte	.LASF156
 540 03f5 75       		.byte	0x75
 541 03f6 04       		.uleb128 0x4
 542 03f7 380B0000 		.4byte	.LASF157
 543 03fb 76       		.byte	0x76
 544 03fc 04       		.uleb128 0x4
 545 03fd 850D0000 		.4byte	.LASF158
 546 0401 77       		.byte	0x77
 547 0402 04       		.uleb128 0x4
 548 0403 8A100000 		.4byte	.LASF159
 549 0407 78       		.byte	0x78
 550 0408 04       		.uleb128 0x4
 551 0409 C6080000 		.4byte	.LASF160
 552 040d 79       		.byte	0x79
 553 040e 04       		.uleb128 0x4
 554 040f BE010000 		.4byte	.LASF161
 555 0413 7A       		.byte	0x7a
 556 0414 04       		.uleb128 0x4
 557 0415 40010000 		.4byte	.LASF162
 558 0419 7B       		.byte	0x7b
 559 041a 04       		.uleb128 0x4
 560 041b FA050000 		.4byte	.LASF163
 561 041f 7C       		.byte	0x7c
 562 0420 04       		.uleb128 0x4
 563 0421 31080000 		.4byte	.LASF164
 564 0425 7D       		.byte	0x7d
 565 0426 04       		.uleb128 0x4
 566 0427 14110000 		.4byte	.LASF165
 567 042b 7E       		.byte	0x7e
 568 042c 04       		.uleb128 0x4
 569 042d 61130000 		.4byte	.LASF166
 570 0431 7F       		.byte	0x7f
ARM GAS  C:\Users\PC\AppData\Local\Temp\ccBcZMYh.s 			page 11


 571 0432 04       		.uleb128 0x4
 572 0433 8D020000 		.4byte	.LASF167
 573 0437 80       		.byte	0x80
 574 0438 04       		.uleb128 0x4
 575 0439 0F0A0000 		.4byte	.LASF168
 576 043d 81       		.byte	0x81
 577 043e 04       		.uleb128 0x4
 578 043f 5E0C0000 		.4byte	.LASF169
 579 0443 82       		.byte	0x82
 580 0444 04       		.uleb128 0x4
 581 0445 750F0000 		.4byte	.LASF170
 582 0449 83       		.byte	0x83
 583 044a 04       		.uleb128 0x4
 584 044b FC0F0000 		.4byte	.LASF171
 585 044f 84       		.byte	0x84
 586 0450 04       		.uleb128 0x4
 587 0451 890B0000 		.4byte	.LASF172
 588 0455 85       		.byte	0x85
 589 0456 04       		.uleb128 0x4
 590 0457 B6110000 		.4byte	.LASF173
 591 045b 86       		.byte	0x86
 592 045c 04       		.uleb128 0x4
 593 045d CA0C0000 		.4byte	.LASF174
 594 0461 87       		.byte	0x87
 595 0462 04       		.uleb128 0x4
 596 0463 73080000 		.4byte	.LASF175
 597 0467 88       		.byte	0x88
 598 0468 04       		.uleb128 0x4
 599 0469 BC0B0000 		.4byte	.LASF176
 600 046d 89       		.byte	0x89
 601 046e 04       		.uleb128 0x4
 602 046f 3C0F0000 		.4byte	.LASF177
 603 0473 8A       		.byte	0x8a
 604 0474 04       		.uleb128 0x4
 605 0475 BA040000 		.4byte	.LASF178
 606 0479 8B       		.byte	0x8b
 607 047a 04       		.uleb128 0x4
 608 047b AA0E0000 		.4byte	.LASF179
 609 047f 8C       		.byte	0x8c
 610 0480 04       		.uleb128 0x4
 611 0481 C5070000 		.4byte	.LASF180
 612 0485 8D       		.byte	0x8d
 613 0486 04       		.uleb128 0x4
 614 0487 85110000 		.4byte	.LASF181
 615 048b 8E       		.byte	0x8e
 616 048c 04       		.uleb128 0x4
 617 048d BA0A0000 		.4byte	.LASF182
 618 0491 8F       		.byte	0x8f
 619 0492 04       		.uleb128 0x4
 620 0493 05070000 		.4byte	.LASF183
 621 0497 90       		.byte	0x90
 622 0498 04       		.uleb128 0x4
 623 0499 EB010000 		.4byte	.LASF184
 624 049d 91       		.byte	0x91
 625 049e 04       		.uleb128 0x4
 626 049f 74020000 		.4byte	.LASF185
 627 04a3 92       		.byte	0x92
ARM GAS  C:\Users\PC\AppData\Local\Temp\ccBcZMYh.s 			page 12


 628 04a4 04       		.uleb128 0x4
 629 04a5 B4080000 		.4byte	.LASF186
 630 04a9 F0       		.byte	0xf0
 631 04aa 00       		.byte	0
 632 04ab 05       		.uleb128 0x5
 633 04ac 01       		.byte	0x1
 634 04ad 08       		.byte	0x8
 635 04ae D30B0000 		.4byte	.LASF188
 636 04b2 07       		.uleb128 0x7
 637 04b3 A3020000 		.4byte	.LASF190
 638 04b7 01       		.byte	0x1
 639 04b8 9201     		.2byte	0x192
 640 04ba 26010000 		.4byte	0x126
 641 04be 05       		.uleb128 0x5
 642 04bf 01       		.byte	0x1
 643 04c0 06       		.byte	0x6
 644 04c1 0F030000 		.4byte	.LASF191
 645 04c5 05       		.uleb128 0x5
 646 04c6 02       		.byte	0x2
 647 04c7 07       		.byte	0x7
 648 04c8 48070000 		.4byte	.LASF192
 649 04cc 05       		.uleb128 0x5
 650 04cd 04       		.byte	0x4
 651 04ce 05       		.byte	0x5
 652 04cf A6030000 		.4byte	.LASF193
 653 04d3 06       		.uleb128 0x6
 654 04d4 49050000 		.4byte	.LASF194
 655 04d8 02       		.byte	0x2
 656 04d9 41       		.byte	0x41
 657 04da DE040000 		.4byte	0x4de
 658 04de 05       		.uleb128 0x5
 659 04df 04       		.byte	0x4
 660 04e0 07       		.byte	0x7
 661 04e1 83060000 		.4byte	.LASF195
 662 04e5 05       		.uleb128 0x5
 663 04e6 08       		.byte	0x8
 664 04e7 05       		.byte	0x5
 665 04e8 01030000 		.4byte	.LASF196
 666 04ec 05       		.uleb128 0x5
 667 04ed 08       		.byte	0x8
 668 04ee 07       		.byte	0x7
 669 04ef D4010000 		.4byte	.LASF197
 670 04f3 08       		.uleb128 0x8
 671 04f4 04       		.byte	0x4
 672 04f5 05       		.byte	0x5
 673 04f6 696E7400 		.ascii	"int\000"
 674 04fa 05       		.uleb128 0x5
 675 04fb 04       		.byte	0x4
 676 04fc 07       		.byte	0x7
 677 04fd 340C0000 		.4byte	.LASF198
 678 0501 06       		.uleb128 0x6
 679 0502 A00D0000 		.4byte	.LASF199
 680 0506 03       		.byte	0x3
 681 0507 30       		.byte	0x30
 682 0508 D3040000 		.4byte	0x4d3
 683 050c 05       		.uleb128 0x5
 684 050d 04       		.byte	0x4
ARM GAS  C:\Users\PC\AppData\Local\Temp\ccBcZMYh.s 			page 13


 685 050e 07       		.byte	0x7
 686 050f 43090000 		.4byte	.LASF200
 687 0513 05       		.uleb128 0x5
 688 0514 08       		.byte	0x8
 689 0515 04       		.byte	0x4
 690 0516 C50E0000 		.4byte	.LASF201
 691 051a 05       		.uleb128 0x5
 692 051b 01       		.byte	0x1
 693 051c 08       		.byte	0x8
 694 051d D10E0000 		.4byte	.LASF202
 695 0521 05       		.uleb128 0x5
 696 0522 04       		.byte	0x4
 697 0523 04       		.byte	0x4
 698 0524 D00A0000 		.4byte	.LASF203
 699 0528 05       		.uleb128 0x5
 700 0529 08       		.byte	0x8
 701 052a 04       		.byte	0x4
 702 052b B3040000 		.4byte	.LASF204
 703 052f 09       		.uleb128 0x9
 704 0530 08       		.byte	0x8
 705 0531 04       		.byte	0x4
 706 0532 EB       		.byte	0xeb
 707 0533 5C050000 		.4byte	0x55c
 708 0537 0A       		.uleb128 0xa
 709 0538 3F040000 		.4byte	.LASF205
 710 053c 04       		.byte	0x4
 711 053d EC       		.byte	0xec
 712 053e 1B010000 		.4byte	0x11b
 713 0542 00       		.byte	0
 714 0543 0A       		.uleb128 0xa
 715 0544 60030000 		.4byte	.LASF206
 716 0548 04       		.byte	0x4
 717 0549 EE       		.byte	0xee
 718 054a B2040000 		.4byte	0x4b2
 719 054e 02       		.byte	0x2
 720 054f 0A       		.uleb128 0xa
 721 0550 E2120000 		.4byte	.LASF207
 722 0554 04       		.byte	0x4
 723 0555 F0       		.byte	0xf0
 724 0556 01050000 		.4byte	0x501
 725 055a 04       		.byte	0x4
 726 055b 00       		.byte	0
 727 055c 06       		.uleb128 0x6
 728 055d 90090000 		.4byte	.LASF208
 729 0561 04       		.byte	0x4
 730 0562 F1       		.byte	0xf1
 731 0563 2F050000 		.4byte	0x52f
 732 0567 0B       		.uleb128 0xb
 733 0568 E5030000 		.4byte	.LASF212
 734 056c 05       		.byte	0x5
 735 056d 18       		.byte	0x18
 736 056e 78050000 		.4byte	0x578
 737 0572 05       		.uleb128 0x5
 738 0573 03       		.byte	0x3
 739 0574 00000000 		.4byte	BLE_bless_isr_cfg
 740 0578 0C       		.uleb128 0xc
 741 0579 5C050000 		.4byte	0x55c
ARM GAS  C:\Users\PC\AppData\Local\Temp\ccBcZMYh.s 			page 14


 742 057d 00       		.byte	0
 743              		.section	.debug_abbrev,"",%progbits
 744              	.Ldebug_abbrev0:
 745 0000 01       		.uleb128 0x1
 746 0001 11       		.uleb128 0x11
 747 0002 01       		.byte	0x1
 748 0003 25       		.uleb128 0x25
 749 0004 0E       		.uleb128 0xe
 750 0005 13       		.uleb128 0x13
 751 0006 0B       		.uleb128 0xb
 752 0007 03       		.uleb128 0x3
 753 0008 0E       		.uleb128 0xe
 754 0009 1B       		.uleb128 0x1b
 755 000a 0E       		.uleb128 0xe
 756 000b 10       		.uleb128 0x10
 757 000c 17       		.uleb128 0x17
 758 000d 00       		.byte	0
 759 000e 00       		.byte	0
 760 000f 02       		.uleb128 0x2
 761 0010 04       		.uleb128 0x4
 762 0011 01       		.byte	0x1
 763 0012 0B       		.uleb128 0xb
 764 0013 0B       		.uleb128 0xb
 765 0014 49       		.uleb128 0x49
 766 0015 13       		.uleb128 0x13
 767 0016 3A       		.uleb128 0x3a
 768 0017 0B       		.uleb128 0xb
 769 0018 3B       		.uleb128 0x3b
 770 0019 0B       		.uleb128 0xb
 771 001a 01       		.uleb128 0x1
 772 001b 13       		.uleb128 0x13
 773 001c 00       		.byte	0
 774 001d 00       		.byte	0
 775 001e 03       		.uleb128 0x3
 776 001f 28       		.uleb128 0x28
 777 0020 00       		.byte	0
 778 0021 03       		.uleb128 0x3
 779 0022 0E       		.uleb128 0xe
 780 0023 1C       		.uleb128 0x1c
 781 0024 0D       		.uleb128 0xd
 782 0025 00       		.byte	0
 783 0026 00       		.byte	0
 784 0027 04       		.uleb128 0x4
 785 0028 28       		.uleb128 0x28
 786 0029 00       		.byte	0
 787 002a 03       		.uleb128 0x3
 788 002b 0E       		.uleb128 0xe
 789 002c 1C       		.uleb128 0x1c
 790 002d 0B       		.uleb128 0xb
 791 002e 00       		.byte	0
 792 002f 00       		.byte	0
 793 0030 05       		.uleb128 0x5
 794 0031 24       		.uleb128 0x24
 795 0032 00       		.byte	0
 796 0033 0B       		.uleb128 0xb
 797 0034 0B       		.uleb128 0xb
 798 0035 3E       		.uleb128 0x3e
ARM GAS  C:\Users\PC\AppData\Local\Temp\ccBcZMYh.s 			page 15


 799 0036 0B       		.uleb128 0xb
 800 0037 03       		.uleb128 0x3
 801 0038 0E       		.uleb128 0xe
 802 0039 00       		.byte	0
 803 003a 00       		.byte	0
 804 003b 06       		.uleb128 0x6
 805 003c 16       		.uleb128 0x16
 806 003d 00       		.byte	0
 807 003e 03       		.uleb128 0x3
 808 003f 0E       		.uleb128 0xe
 809 0040 3A       		.uleb128 0x3a
 810 0041 0B       		.uleb128 0xb
 811 0042 3B       		.uleb128 0x3b
 812 0043 0B       		.uleb128 0xb
 813 0044 49       		.uleb128 0x49
 814 0045 13       		.uleb128 0x13
 815 0046 00       		.byte	0
 816 0047 00       		.byte	0
 817 0048 07       		.uleb128 0x7
 818 0049 16       		.uleb128 0x16
 819 004a 00       		.byte	0
 820 004b 03       		.uleb128 0x3
 821 004c 0E       		.uleb128 0xe
 822 004d 3A       		.uleb128 0x3a
 823 004e 0B       		.uleb128 0xb
 824 004f 3B       		.uleb128 0x3b
 825 0050 05       		.uleb128 0x5
 826 0051 49       		.uleb128 0x49
 827 0052 13       		.uleb128 0x13
 828 0053 00       		.byte	0
 829 0054 00       		.byte	0
 830 0055 08       		.uleb128 0x8
 831 0056 24       		.uleb128 0x24
 832 0057 00       		.byte	0
 833 0058 0B       		.uleb128 0xb
 834 0059 0B       		.uleb128 0xb
 835 005a 3E       		.uleb128 0x3e
 836 005b 0B       		.uleb128 0xb
 837 005c 03       		.uleb128 0x3
 838 005d 08       		.uleb128 0x8
 839 005e 00       		.byte	0
 840 005f 00       		.byte	0
 841 0060 09       		.uleb128 0x9
 842 0061 13       		.uleb128 0x13
 843 0062 01       		.byte	0x1
 844 0063 0B       		.uleb128 0xb
 845 0064 0B       		.uleb128 0xb
 846 0065 3A       		.uleb128 0x3a
 847 0066 0B       		.uleb128 0xb
 848 0067 3B       		.uleb128 0x3b
 849 0068 0B       		.uleb128 0xb
 850 0069 01       		.uleb128 0x1
 851 006a 13       		.uleb128 0x13
 852 006b 00       		.byte	0
 853 006c 00       		.byte	0
 854 006d 0A       		.uleb128 0xa
 855 006e 0D       		.uleb128 0xd
ARM GAS  C:\Users\PC\AppData\Local\Temp\ccBcZMYh.s 			page 16


 856 006f 00       		.byte	0
 857 0070 03       		.uleb128 0x3
 858 0071 0E       		.uleb128 0xe
 859 0072 3A       		.uleb128 0x3a
 860 0073 0B       		.uleb128 0xb
 861 0074 3B       		.uleb128 0x3b
 862 0075 0B       		.uleb128 0xb
 863 0076 49       		.uleb128 0x49
 864 0077 13       		.uleb128 0x13
 865 0078 38       		.uleb128 0x38
 866 0079 0B       		.uleb128 0xb
 867 007a 00       		.byte	0
 868 007b 00       		.byte	0
 869 007c 0B       		.uleb128 0xb
 870 007d 34       		.uleb128 0x34
 871 007e 00       		.byte	0
 872 007f 03       		.uleb128 0x3
 873 0080 0E       		.uleb128 0xe
 874 0081 3A       		.uleb128 0x3a
 875 0082 0B       		.uleb128 0xb
 876 0083 3B       		.uleb128 0x3b
 877 0084 0B       		.uleb128 0xb
 878 0085 49       		.uleb128 0x49
 879 0086 13       		.uleb128 0x13
 880 0087 3F       		.uleb128 0x3f
 881 0088 19       		.uleb128 0x19
 882 0089 02       		.uleb128 0x2
 883 008a 18       		.uleb128 0x18
 884 008b 00       		.byte	0
 885 008c 00       		.byte	0
 886 008d 0C       		.uleb128 0xc
 887 008e 26       		.uleb128 0x26
 888 008f 00       		.byte	0
 889 0090 49       		.uleb128 0x49
 890 0091 13       		.uleb128 0x13
 891 0092 00       		.byte	0
 892 0093 00       		.byte	0
 893 0094 00       		.byte	0
 894              		.section	.debug_aranges,"",%progbits
 895 0000 14000000 		.4byte	0x14
 896 0004 0200     		.2byte	0x2
 897 0006 00000000 		.4byte	.Ldebug_info0
 898 000a 04       		.byte	0x4
 899 000b 00       		.byte	0
 900 000c 0000     		.2byte	0
 901 000e 0000     		.2byte	0
 902 0010 00000000 		.4byte	0
 903 0014 00000000 		.4byte	0
 904              		.section	.debug_line,"",%progbits
 905              	.Ldebug_line0:
 906 0000 D9010000 		.section	.debug_str,"MS",%progbits,1
 906      0200D301 
 906      00000201 
 906      FB0E0D00 
 906      01010101 
 907              	.LASF152:
 908 0000 74637077 		.ascii	"tcpwm_1_interrupts_15_IRQn\000"
ARM GAS  C:\Users\PC\AppData\Local\Temp\ccBcZMYh.s 			page 17


 908      6D5F315F 
 908      696E7465 
 908      72727570 
 908      74735F31 
 909              	.LASF211:
 910 001b 433A5C55 		.ascii	"C:\\Users\\PC\\Desktop\\WorkspaceLab10.cydsn\\Blank"
 910      73657273 
 910      5C50435C 
 910      4465736B 
 910      746F705C 
 911 0049 2D323032 		.ascii	"-20240329T070651Z-001\\Blank\\Psoc6E-INK DISPLAY.cy"
 911      34303332 
 911      39543037 
 911      30363531 
 911      5A2D3030 
 912 007a 64736E00 		.ascii	"dsn\000"
 913              	.LASF41:
 914 007e 696F7373 		.ascii	"ioss_interrupts_gpio_2_IRQn\000"
 914      5F696E74 
 914      65727275 
 914      7074735F 
 914      6770696F 
 915              	.LASF85:
 916 009a 7363625F 		.ascii	"scb_5_interrupt_IRQn\000"
 916      355F696E 
 916      74657272 
 916      7570745F 
 916      4952516E 
 917              	.LASF21:
 918 00af 4E766963 		.ascii	"NvicMux15_IRQn\000"
 918      4D757831 
 918      355F4952 
 918      516E00
 919              	.LASF133:
 920 00be 74637077 		.ascii	"tcpwm_0_interrupts_4_IRQn\000"
 920      6D5F305F 
 920      696E7465 
 920      72727570 
 920      74735F34 
 921              	.LASF61:
 922 00d8 73727373 		.ascii	"srss_interrupt_IRQn\000"
 922      5F696E74 
 922      65727275 
 922      70745F49 
 922      52516E00 
 923              	.LASF57:
 924 00ec 7363625F 		.ascii	"scb_8_interrupt_IRQn\000"
 924      385F696E 
 924      74657272 
 924      7570745F 
 924      4952516E 
 925              	.LASF90:
 926 0101 63707573 		.ascii	"cpuss_interrupts_dw0_1_IRQn\000"
 926      735F696E 
 926      74657272 
 926      75707473 
 926      5F647730 
ARM GAS  C:\Users\PC\AppData\Local\Temp\ccBcZMYh.s 			page 18


 927              	.LASF8:
 928 011d 4E766963 		.ascii	"NvicMux2_IRQn\000"
 928      4D757832 
 928      5F495251 
 928      6E00
 929              	.LASF63:
 930 012b 626C6573 		.ascii	"bless_interrupt_IRQn\000"
 930      735F696E 
 930      74657272 
 930      7570745F 
 930      4952516E 
 931              	.LASF162:
 932 0140 7564625F 		.ascii	"udb_interrupts_1_IRQn\000"
 932      696E7465 
 932      72727570 
 932      74735F31 
 932      5F495251 
 933              	.LASF80:
 934 0156 7363625F 		.ascii	"scb_0_interrupt_IRQn\000"
 934      305F696E 
 934      74657272 
 934      7570745F 
 934      4952516E 
 935              	.LASF145:
 936 016b 74637077 		.ascii	"tcpwm_1_interrupts_8_IRQn\000"
 936      6D5F315F 
 936      696E7465 
 936      72727570 
 936      74735F38 
 937              	.LASF68:
 938 0185 63707573 		.ascii	"cpuss_interrupts_ipc_4_IRQn\000"
 938      735F696E 
 938      74657272 
 938      75707473 
 938      5F697063 
 939              	.LASF75:
 940 01a1 63707573 		.ascii	"cpuss_interrupts_ipc_11_IRQn\000"
 940      735F696E 
 940      74657272 
 940      75707473 
 940      5F697063 
 941              	.LASF161:
 942 01be 7564625F 		.ascii	"udb_interrupts_0_IRQn\000"
 942      696E7465 
 942      72727570 
 942      74735F30 
 942      5F495251 
 943              	.LASF197:
 944 01d4 6C6F6E67 		.ascii	"long long unsigned int\000"
 944      206C6F6E 
 944      6720756E 
 944      7369676E 
 944      65642069 
 945              	.LASF184:
 946 01eb 7573625F 		.ascii	"usb_interrupt_lo_IRQn\000"
 946      696E7465 
 946      72727570 
ARM GAS  C:\Users\PC\AppData\Local\Temp\ccBcZMYh.s 			page 19


 946      745F6C6F 
 946      5F495251 
 947              	.LASF147:
 948 0201 74637077 		.ascii	"tcpwm_1_interrupts_10_IRQn\000"
 948      6D5F315F 
 948      696E7465 
 948      72727570 
 948      74735F31 
 949              	.LASF39:
 950 021c 696F7373 		.ascii	"ioss_interrupts_gpio_0_IRQn\000"
 950      5F696E74 
 950      65727275 
 950      7074735F 
 950      6770696F 
 951              	.LASF126:
 952 0238 63707573 		.ascii	"cpuss_interrupts_cm0_cti_1_IRQn\000"
 952      735F696E 
 952      74657272 
 952      75707473 
 952      5F636D30 
 953              	.LASF48:
 954 0258 696F7373 		.ascii	"ioss_interrupts_gpio_9_IRQn\000"
 954      5F696E74 
 954      65727275 
 954      7074735F 
 954      6770696F 
 955              	.LASF185:
 956 0274 70617373 		.ascii	"pass_interrupt_dacs_IRQn\000"
 956      5F696E74 
 956      65727275 
 956      70745F64 
 956      6163735F 
 957              	.LASF167:
 958 028d 7564625F 		.ascii	"udb_interrupts_6_IRQn\000"
 958      696E7465 
 958      72727570 
 958      74735F36 
 958      5F495251 
 959              	.LASF190:
 960 02a3 63795F65 		.ascii	"cy_en_intr_t\000"
 960      6E5F696E 
 960      74725F74 
 960      00
 961              	.LASF30:
 962 02b0 4E766963 		.ascii	"NvicMux24_IRQn\000"
 962      4D757832 
 962      345F4952 
 962      516E00
 963              	.LASF0:
 964 02bf 52657365 		.ascii	"Reset_IRQn\000"
 964      745F4952 
 964      516E00
 965              	.LASF153:
 966 02ca 74637077 		.ascii	"tcpwm_1_interrupts_16_IRQn\000"
 966      6D5F315F 
 966      696E7465 
 966      72727570 
ARM GAS  C:\Users\PC\AppData\Local\Temp\ccBcZMYh.s 			page 20


 966      74735F31 
 967              	.LASF123:
 968 02e5 63707573 		.ascii	"cpuss_interrupt_crypto_IRQn\000"
 968      735F696E 
 968      74657272 
 968      7570745F 
 968      63727970 
 969              	.LASF196:
 970 0301 6C6F6E67 		.ascii	"long long int\000"
 970      206C6F6E 
 970      6720696E 
 970      7400
 971              	.LASF191:
 972 030f 7369676E 		.ascii	"signed char\000"
 972      65642063 
 972      68617200 
 973              	.LASF22:
 974 031b 4E766963 		.ascii	"NvicMux16_IRQn\000"
 974      4D757831 
 974      365F4952 
 974      516E00
 975              	.LASF134:
 976 032a 74637077 		.ascii	"tcpwm_0_interrupts_5_IRQn\000"
 976      6D5F305F 
 976      696E7465 
 976      72727570 
 976      74735F35 
 977              	.LASF114:
 978 0344 63707573 		.ascii	"cpuss_interrupts_dw1_9_IRQn\000"
 978      735F696E 
 978      74657272 
 978      75707473 
 978      5F647731 
 979              	.LASF206:
 980 0360 636D3070 		.ascii	"cm0pSrc\000"
 980      53726300 
 981              	.LASF9:
 982 0368 4E766963 		.ascii	"NvicMux3_IRQn\000"
 982      4D757833 
 982      5F495251 
 982      6E00
 983              	.LASF56:
 984 0376 6C70636F 		.ascii	"lpcomp_interrupt_IRQn\000"
 984      6D705F69 
 984      6E746572 
 984      72757074 
 984      5F495251 
 985              	.LASF137:
 986 038c 74637077 		.ascii	"tcpwm_1_interrupts_0_IRQn\000"
 986      6D5F315F 
 986      696E7465 
 986      72727570 
 986      74735F30 
 987              	.LASF193:
 988 03a6 6C6F6E67 		.ascii	"long int\000"
 988      20696E74 
 988      00
ARM GAS  C:\Users\PC\AppData\Local\Temp\ccBcZMYh.s 			page 21


 989              	.LASF146:
 990 03af 74637077 		.ascii	"tcpwm_1_interrupts_9_IRQn\000"
 990      6D5F315F 
 990      696E7465 
 990      72727570 
 990      74735F39 
 991              	.LASF69:
 992 03c9 63707573 		.ascii	"cpuss_interrupts_ipc_5_IRQn\000"
 992      735F696E 
 992      74657272 
 992      75707473 
 992      5F697063 
 993              	.LASF212:
 994 03e5 424C455F 		.ascii	"BLE_bless_isr_cfg\000"
 994      626C6573 
 994      735F6973 
 994      725F6366 
 994      6700
 995              	.LASF76:
 996 03f7 63707573 		.ascii	"cpuss_interrupts_ipc_12_IRQn\000"
 996      735F696E 
 996      74657272 
 996      75707473 
 996      5F697063 
 997              	.LASF113:
 998 0414 63707573 		.ascii	"cpuss_interrupts_dw1_8_IRQn\000"
 998      735F696E 
 998      74657272 
 998      75707473 
 998      5F647731 
 999              	.LASF34:
 1000 0430 4E766963 		.ascii	"NvicMux28_IRQn\000"
 1000      4D757832 
 1000      385F4952 
 1000      516E00
 1001              	.LASF205:
 1002 043f 696E7472 		.ascii	"intrSrc\000"
 1002      53726300 
 1003              	.LASF148:
 1004 0447 74637077 		.ascii	"tcpwm_1_interrupts_11_IRQn\000"
 1004      6D5F315F 
 1004      696E7465 
 1004      72727570 
 1004      74735F31 
 1005              	.LASF93:
 1006 0462 63707573 		.ascii	"cpuss_interrupts_dw0_4_IRQn\000"
 1006      735F696E 
 1006      74657272 
 1006      75707473 
 1006      5F647730 
 1007              	.LASF54:
 1008 047e 696F7373 		.ascii	"ioss_interrupt_gpio_IRQn\000"
 1008      5F696E74 
 1008      65727275 
 1008      70745F67 
 1008      70696F5F 
 1009              	.LASF58:
ARM GAS  C:\Users\PC\AppData\Local\Temp\ccBcZMYh.s 			page 22


 1010 0497 73727373 		.ascii	"srss_interrupt_mcwdt_0_IRQn\000"
 1010      5F696E74 
 1010      65727275 
 1010      70745F6D 
 1010      63776474 
 1011              	.LASF204:
 1012 04b3 646F7562 		.ascii	"double\000"
 1012      6C6500
 1013              	.LASF178:
 1014 04ba 61756469 		.ascii	"audioss_interrupt_i2s_IRQn\000"
 1014      6F73735F 
 1014      696E7465 
 1014      72727570 
 1014      745F6932 
 1015              	.LASF95:
 1016 04d5 63707573 		.ascii	"cpuss_interrupts_dw0_6_IRQn\000"
 1016      735F696E 
 1016      74657272 
 1016      75707473 
 1016      5F647730 
 1017              	.LASF128:
 1018 04f1 63707573 		.ascii	"cpuss_interrupts_cm4_cti_1_IRQn\000"
 1018      735F696E 
 1018      74657272 
 1018      75707473 
 1018      5F636D34 
 1019              	.LASF37:
 1020 0511 4E766963 		.ascii	"NvicMux31_IRQn\000"
 1020      4D757833 
 1020      315F4952 
 1020      516E00
 1021              	.LASF23:
 1022 0520 4E766963 		.ascii	"NvicMux17_IRQn\000"
 1022      4D757831 
 1022      375F4952 
 1022      516E00
 1023              	.LASF135:
 1024 052f 74637077 		.ascii	"tcpwm_0_interrupts_6_IRQn\000"
 1024      6D5F305F 
 1024      696E7465 
 1024      72727570 
 1024      74735F36 
 1025              	.LASF194:
 1026 0549 5F5F7569 		.ascii	"__uint32_t\000"
 1026      6E743332 
 1026      5F7400
 1027              	.LASF81:
 1028 0554 7363625F 		.ascii	"scb_1_interrupt_IRQn\000"
 1028      315F696E 
 1028      74657272 
 1028      7570745F 
 1028      4952516E 
 1029              	.LASF10:
 1030 0569 4E766963 		.ascii	"NvicMux4_IRQn\000"
 1030      4D757834 
 1030      5F495251 
 1030      6E00
ARM GAS  C:\Users\PC\AppData\Local\Temp\ccBcZMYh.s 			page 23


 1031              	.LASF62:
 1032 0577 70617373 		.ascii	"pass_interrupt_ctbs_IRQn\000"
 1032      5F696E74 
 1032      65727275 
 1032      70745F63 
 1032      7462735F 
 1033              	.LASF82:
 1034 0590 7363625F 		.ascii	"scb_2_interrupt_IRQn\000"
 1034      325F696E 
 1034      74657272 
 1034      7570745F 
 1034      4952516E 
 1035              	.LASF103:
 1036 05a5 63707573 		.ascii	"cpuss_interrupts_dw0_14_IRQn\000"
 1036      735F696E 
 1036      74657272 
 1036      75707473 
 1036      5F647730 
 1037              	.LASF44:
 1038 05c2 696F7373 		.ascii	"ioss_interrupts_gpio_5_IRQn\000"
 1038      5F696E74 
 1038      65727275 
 1038      7074735F 
 1038      6770696F 
 1039              	.LASF70:
 1040 05de 63707573 		.ascii	"cpuss_interrupts_ipc_6_IRQn\000"
 1040      735F696E 
 1040      74657272 
 1040      75707473 
 1040      5F697063 
 1041              	.LASF163:
 1042 05fa 7564625F 		.ascii	"udb_interrupts_2_IRQn\000"
 1042      696E7465 
 1042      72727570 
 1042      74735F32 
 1042      5F495251 
 1043              	.LASF52:
 1044 0610 696F7373 		.ascii	"ioss_interrupts_gpio_13_IRQn\000"
 1044      5F696E74 
 1044      65727275 
 1044      7074735F 
 1044      6770696F 
 1045              	.LASF26:
 1046 062d 4E766963 		.ascii	"NvicMux20_IRQn\000"
 1046      4D757832 
 1046      305F4952 
 1046      516E00
 1047              	.LASF35:
 1048 063c 4E766963 		.ascii	"NvicMux29_IRQn\000"
 1048      4D757832 
 1048      395F4952 
 1048      516E00
 1049              	.LASF149:
 1050 064b 74637077 		.ascii	"tcpwm_1_interrupts_12_IRQn\000"
 1050      6D5F315F 
 1050      696E7465 
 1050      72727570 
ARM GAS  C:\Users\PC\AppData\Local\Temp\ccBcZMYh.s 			page 24


 1050      74735F31 
 1051              	.LASF118:
 1052 0666 63707573 		.ascii	"cpuss_interrupts_dw1_13_IRQn\000"
 1052      735F696E 
 1052      74657272 
 1052      75707473 
 1052      5F647731 
 1053              	.LASF195:
 1054 0683 6C6F6E67 		.ascii	"long unsigned int\000"
 1054      20756E73 
 1054      69676E65 
 1054      6420696E 
 1054      7400
 1055              	.LASF59:
 1056 0695 73727373 		.ascii	"srss_interrupt_mcwdt_1_IRQn\000"
 1056      5F696E74 
 1056      65727275 
 1056      70745F6D 
 1056      63776474 
 1057              	.LASF91:
 1058 06b1 63707573 		.ascii	"cpuss_interrupts_dw0_2_IRQn\000"
 1058      735F696E 
 1058      74657272 
 1058      75707473 
 1058      5F647730 
 1059              	.LASF18:
 1060 06cd 4E766963 		.ascii	"NvicMux12_IRQn\000"
 1060      4D757831 
 1060      325F4952 
 1060      516E00
 1061              	.LASF130:
 1062 06dc 74637077 		.ascii	"tcpwm_0_interrupts_1_IRQn\000"
 1062      6D5F305F 
 1062      696E7465 
 1062      72727570 
 1062      74735F31 
 1063              	.LASF32:
 1064 06f6 4E766963 		.ascii	"NvicMux26_IRQn\000"
 1064      4D757832 
 1064      365F4952 
 1064      516E00
 1065              	.LASF183:
 1066 0705 7573625F 		.ascii	"usb_interrupt_med_IRQn\000"
 1066      696E7465 
 1066      72727570 
 1066      745F6D65 
 1066      645F4952 
 1067              	.LASF121:
 1068 071c 63707573 		.ascii	"cpuss_interrupts_fault_0_IRQn\000"
 1068      735F696E 
 1068      74657272 
 1068      75707473 
 1068      5F666175 
 1069              	.LASF14:
 1070 073a 4E766963 		.ascii	"NvicMux8_IRQn\000"
 1070      4D757838 
 1070      5F495251 
ARM GAS  C:\Users\PC\AppData\Local\Temp\ccBcZMYh.s 			page 25


 1070      6E00
 1071              	.LASF192:
 1072 0748 73686F72 		.ascii	"short unsigned int\000"
 1072      7420756E 
 1072      7369676E 
 1072      65642069 
 1072      6E7400
 1073              	.LASF142:
 1074 075b 74637077 		.ascii	"tcpwm_1_interrupts_5_IRQn\000"
 1074      6D5F315F 
 1074      696E7465 
 1074      72727570 
 1074      74735F35 
 1075              	.LASF65:
 1076 0775 63707573 		.ascii	"cpuss_interrupts_ipc_1_IRQn\000"
 1076      735F696E 
 1076      74657272 
 1076      75707473 
 1076      5F697063 
 1077              	.LASF109:
 1078 0791 63707573 		.ascii	"cpuss_interrupts_dw1_4_IRQn\000"
 1078      735F696E 
 1078      74657272 
 1078      75707473 
 1078      5F647731 
 1079              	.LASF124:
 1080 07ad 63707573 		.ascii	"cpuss_interrupt_fm_IRQn\000"
 1080      735F696E 
 1080      74657272 
 1080      7570745F 
 1080      666D5F49 
 1081              	.LASF180:
 1082 07c5 70726F66 		.ascii	"profile_interrupt_IRQn\000"
 1082      696C655F 
 1082      696E7465 
 1082      72727570 
 1082      745F4952 
 1083              	.LASF112:
 1084 07dc 63707573 		.ascii	"cpuss_interrupts_dw1_7_IRQn\000"
 1084      735F696E 
 1084      74657272 
 1084      75707473 
 1084      5F647731 
 1085              	.LASF104:
 1086 07f8 63707573 		.ascii	"cpuss_interrupts_dw0_15_IRQn\000"
 1086      735F696E 
 1086      74657272 
 1086      75707473 
 1086      5F647730 
 1087              	.LASF45:
 1088 0815 696F7373 		.ascii	"ioss_interrupts_gpio_6_IRQn\000"
 1088      5F696E74 
 1088      65727275 
 1088      7074735F 
 1088      6770696F 
 1089              	.LASF164:
 1090 0831 7564625F 		.ascii	"udb_interrupts_3_IRQn\000"
ARM GAS  C:\Users\PC\AppData\Local\Temp\ccBcZMYh.s 			page 26


 1090      696E7465 
 1090      72727570 
 1090      74735F33 
 1090      5F495251 
 1091              	.LASF53:
 1092 0847 696F7373 		.ascii	"ioss_interrupts_gpio_14_IRQn\000"
 1092      5F696E74 
 1092      65727275 
 1092      7074735F 
 1092      6770696F 
 1093              	.LASF27:
 1094 0864 4E766963 		.ascii	"NvicMux21_IRQn\000"
 1094      4D757832 
 1094      315F4952 
 1094      516E00
 1095              	.LASF175:
 1096 0873 7564625F 		.ascii	"udb_interrupts_14_IRQn\000"
 1096      696E7465 
 1096      72727570 
 1096      74735F31 
 1096      345F4952 
 1097              	.LASF5:
 1098 088a 53797354 		.ascii	"SysTick_IRQn\000"
 1098      69636B5F 
 1098      4952516E 
 1098      00
 1099              	.LASF119:
 1100 0897 63707573 		.ascii	"cpuss_interrupts_dw1_14_IRQn\000"
 1100      735F696E 
 1100      74657272 
 1100      75707473 
 1100      5F647731 
 1101              	.LASF186:
 1102 08b4 64697363 		.ascii	"disconnected_IRQn\000"
 1102      6F6E6E65 
 1102      63746564 
 1102      5F495251 
 1102      6E00
 1103              	.LASF160:
 1104 08c6 74637077 		.ascii	"tcpwm_1_interrupts_23_IRQn\000"
 1104      6D5F315F 
 1104      696E7465 
 1104      72727570 
 1104      74735F32 
 1105              	.LASF19:
 1106 08e1 4E766963 		.ascii	"NvicMux13_IRQn\000"
 1106      4D757831 
 1106      335F4952 
 1106      516E00
 1107              	.LASF131:
 1108 08f0 74637077 		.ascii	"tcpwm_0_interrupts_2_IRQn\000"
 1108      6D5F305F 
 1108      696E7465 
 1108      72727570 
 1108      74735F32 
 1109              	.LASF150:
 1110 090a 74637077 		.ascii	"tcpwm_1_interrupts_13_IRQn\000"
ARM GAS  C:\Users\PC\AppData\Local\Temp\ccBcZMYh.s 			page 27


 1110      6D5F315F 
 1110      696E7465 
 1110      72727570 
 1110      74735F31 
 1111              	.LASF122:
 1112 0925 63707573 		.ascii	"cpuss_interrupts_fault_1_IRQn\000"
 1112      735F696E 
 1112      74657272 
 1112      75707473 
 1112      5F666175 
 1113              	.LASF200:
 1114 0943 73697A65 		.ascii	"sizetype\000"
 1114      74797065 
 1114      00
 1115              	.LASF6:
 1116 094c 4E766963 		.ascii	"NvicMux0_IRQn\000"
 1116      4D757830 
 1116      5F495251 
 1116      6E00
 1117              	.LASF97:
 1118 095a 63707573 		.ascii	"cpuss_interrupts_dw0_8_IRQn\000"
 1118      735F696E 
 1118      74657272 
 1118      75707473 
 1118      5F647730 
 1119              	.LASF15:
 1120 0976 4E766963 		.ascii	"NvicMux9_IRQn\000"
 1120      4D757839 
 1120      5F495251 
 1120      6E00
 1121              	.LASF3:
 1122 0984 53564361 		.ascii	"SVCall_IRQn\000"
 1122      6C6C5F49 
 1122      52516E00 
 1123              	.LASF208:
 1124 0990 63795F73 		.ascii	"cy_stc_sysint_t\000"
 1124      74635F73 
 1124      7973696E 
 1124      745F7400 
 1125              	.LASF99:
 1126 09a0 63707573 		.ascii	"cpuss_interrupts_dw0_10_IRQn\000"
 1126      735F696E 
 1126      74657272 
 1126      75707473 
 1126      5F647730 
 1127              	.LASF143:
 1128 09bd 74637077 		.ascii	"tcpwm_1_interrupts_6_IRQn\000"
 1128      6D5F315F 
 1128      696E7465 
 1128      72727570 
 1128      74735F36 
 1129              	.LASF66:
 1130 09d7 63707573 		.ascii	"cpuss_interrupts_ipc_2_IRQn\000"
 1130      735F696E 
 1130      74657272 
 1130      75707473 
 1130      5F697063 
ARM GAS  C:\Users\PC\AppData\Local\Temp\ccBcZMYh.s 			page 28


 1131              	.LASF110:
 1132 09f3 63707573 		.ascii	"cpuss_interrupts_dw1_5_IRQn\000"
 1132      735F696E 
 1132      74657272 
 1132      75707473 
 1132      5F647731 
 1133              	.LASF168:
 1134 0a0f 7564625F 		.ascii	"udb_interrupts_7_IRQn\000"
 1134      696E7465 
 1134      72727570 
 1134      74735F37 
 1134      5F495251 
 1135              	.LASF31:
 1136 0a25 4E766963 		.ascii	"NvicMux25_IRQn\000"
 1136      4D757832 
 1136      355F4952 
 1136      516E00
 1137              	.LASF154:
 1138 0a34 74637077 		.ascii	"tcpwm_1_interrupts_17_IRQn\000"
 1138      6D5F315F 
 1138      696E7465 
 1138      72727570 
 1138      74735F31 
 1139              	.LASF84:
 1140 0a4f 7363625F 		.ascii	"scb_4_interrupt_IRQn\000"
 1140      345F696E 
 1140      74657272 
 1140      7570745F 
 1140      4952516E 
 1141              	.LASF46:
 1142 0a64 696F7373 		.ascii	"ioss_interrupts_gpio_7_IRQn\000"
 1142      5F696E74 
 1142      65727275 
 1142      7074735F 
 1142      6770696F 
 1143              	.LASF102:
 1144 0a80 63707573 		.ascii	"cpuss_interrupts_dw0_13_IRQn\000"
 1144      735F696E 
 1144      74657272 
 1144      75707473 
 1144      5F647730 
 1145              	.LASF120:
 1146 0a9d 63707573 		.ascii	"cpuss_interrupts_dw1_15_IRQn\000"
 1146      735F696E 
 1146      74657272 
 1146      75707473 
 1146      5F647731 
 1147              	.LASF182:
 1148 0aba 7573625F 		.ascii	"usb_interrupt_hi_IRQn\000"
 1148      696E7465 
 1148      72727570 
 1148      745F6869 
 1148      5F495251 
 1149              	.LASF203:
 1150 0ad0 666C6F61 		.ascii	"float\000"
 1150      7400
 1151              	.LASF92:
ARM GAS  C:\Users\PC\AppData\Local\Temp\ccBcZMYh.s 			page 29


 1152 0ad6 63707573 		.ascii	"cpuss_interrupts_dw0_3_IRQn\000"
 1152      735F696E 
 1152      74657272 
 1152      75707473 
 1152      5F647730 
 1153              	.LASF50:
 1154 0af2 696F7373 		.ascii	"ioss_interrupts_gpio_11_IRQn\000"
 1154      5F696E74 
 1154      65727275 
 1154      7074735F 
 1154      6770696F 
 1155              	.LASF20:
 1156 0b0f 4E766963 		.ascii	"NvicMux14_IRQn\000"
 1156      4D757831 
 1156      345F4952 
 1156      516E00
 1157              	.LASF132:
 1158 0b1e 74637077 		.ascii	"tcpwm_0_interrupts_3_IRQn\000"
 1158      6D5F305F 
 1158      696E7465 
 1158      72727570 
 1158      74735F33 
 1159              	.LASF157:
 1160 0b38 74637077 		.ascii	"tcpwm_1_interrupts_20_IRQn\000"
 1160      6D5F315F 
 1160      696E7465 
 1160      72727570 
 1160      74735F32 
 1161              	.LASF138:
 1162 0b53 74637077 		.ascii	"tcpwm_1_interrupts_1_IRQn\000"
 1162      6D5F315F 
 1162      696E7465 
 1162      72727570 
 1162      74735F31 
 1163              	.LASF105:
 1164 0b6d 63707573 		.ascii	"cpuss_interrupts_dw1_0_IRQn\000"
 1164      735F696E 
 1164      74657272 
 1164      75707473 
 1164      5F647731 
 1165              	.LASF172:
 1166 0b89 7564625F 		.ascii	"udb_interrupts_11_IRQn\000"
 1166      696E7465 
 1166      72727570 
 1166      74735F31 
 1166      315F4952 
 1167              	.LASF98:
 1168 0ba0 63707573 		.ascii	"cpuss_interrupts_dw0_9_IRQn\000"
 1168      735F696E 
 1168      74657272 
 1168      75707473 
 1168      5F647730 
 1169              	.LASF176:
 1170 0bbc 7564625F 		.ascii	"udb_interrupts_15_IRQn\000"
 1170      696E7465 
 1170      72727570 
 1170      74735F31 
ARM GAS  C:\Users\PC\AppData\Local\Temp\ccBcZMYh.s 			page 30


 1170      355F4952 
 1171              	.LASF188:
 1172 0bd3 756E7369 		.ascii	"unsigned char\000"
 1172      676E6564 
 1172      20636861 
 1172      7200
 1173              	.LASF100:
 1174 0be1 63707573 		.ascii	"cpuss_interrupts_dw0_11_IRQn\000"
 1174      735F696E 
 1174      74657272 
 1174      75707473 
 1174      5F647730 
 1175              	.LASF144:
 1176 0bfe 74637077 		.ascii	"tcpwm_1_interrupts_7_IRQn\000"
 1176      6D5F315F 
 1176      696E7465 
 1176      72727570 
 1176      74735F37 
 1177              	.LASF67:
 1178 0c18 63707573 		.ascii	"cpuss_interrupts_ipc_3_IRQn\000"
 1178      735F696E 
 1178      74657272 
 1178      75707473 
 1178      5F697063 
 1179              	.LASF198:
 1180 0c34 756E7369 		.ascii	"unsigned int\000"
 1180      676E6564 
 1180      20696E74 
 1180      00
 1181              	.LASF49:
 1182 0c41 696F7373 		.ascii	"ioss_interrupts_gpio_10_IRQn\000"
 1182      5F696E74 
 1182      65727275 
 1182      7074735F 
 1182      6770696F 
 1183              	.LASF169:
 1184 0c5e 7564625F 		.ascii	"udb_interrupts_8_IRQn\000"
 1184      696E7465 
 1184      72727570 
 1184      74735F38 
 1184      5F495251 
 1185              	.LASF38:
 1186 0c74 756E636F 		.ascii	"unconnected_IRQn\000"
 1186      6E6E6563 
 1186      7465645F 
 1186      4952516E 
 1186      00
 1187              	.LASF187:
 1188 0c85 73686F72 		.ascii	"short int\000"
 1188      7420696E 
 1188      7400
 1189              	.LASF127:
 1190 0c8f 63707573 		.ascii	"cpuss_interrupts_cm4_cti_0_IRQn\000"
 1190      735F696E 
 1190      74657272 
 1190      75707473 
 1190      5F636D34 
ARM GAS  C:\Users\PC\AppData\Local\Temp\ccBcZMYh.s 			page 31


 1191              	.LASF155:
 1192 0caf 74637077 		.ascii	"tcpwm_1_interrupts_18_IRQn\000"
 1192      6D5F315F 
 1192      696E7465 
 1192      72727570 
 1192      74735F31 
 1193              	.LASF174:
 1194 0cca 7564625F 		.ascii	"udb_interrupts_13_IRQn\000"
 1194      696E7465 
 1194      72727570 
 1194      74735F31 
 1194      335F4952 
 1195              	.LASF108:
 1196 0ce1 63707573 		.ascii	"cpuss_interrupts_dw1_3_IRQn\000"
 1196      735F696E 
 1196      74657272 
 1196      75707473 
 1196      5F647731 
 1197              	.LASF13:
 1198 0cfd 4E766963 		.ascii	"NvicMux7_IRQn\000"
 1198      4D757837 
 1198      5F495251 
 1198      6E00
 1199              	.LASF24:
 1200 0d0b 4E766963 		.ascii	"NvicMux18_IRQn\000"
 1200      4D757831 
 1200      385F4952 
 1200      516E00
 1201              	.LASF136:
 1202 0d1a 74637077 		.ascii	"tcpwm_0_interrupts_7_IRQn\000"
 1202      6D5F305F 
 1202      696E7465 
 1202      72727570 
 1202      74735F37 
 1203              	.LASF64:
 1204 0d34 63707573 		.ascii	"cpuss_interrupts_ipc_0_IRQn\000"
 1204      735F696E 
 1204      74657272 
 1204      75707473 
 1204      5F697063 
 1205              	.LASF116:
 1206 0d50 63707573 		.ascii	"cpuss_interrupts_dw1_11_IRQn\000"
 1206      735F696E 
 1206      74657272 
 1206      75707473 
 1206      5F647731 
 1207              	.LASF11:
 1208 0d6d 4E766963 		.ascii	"NvicMux5_IRQn\000"
 1208      4D757835 
 1208      5F495251 
 1208      6E00
 1209              	.LASF189:
 1210 0d7b 4952516E 		.ascii	"IRQn_Type\000"
 1210      5F547970 
 1210      6500
 1211              	.LASF158:
 1212 0d85 74637077 		.ascii	"tcpwm_1_interrupts_21_IRQn\000"
ARM GAS  C:\Users\PC\AppData\Local\Temp\ccBcZMYh.s 			page 32


 1212      6D5F315F 
 1212      696E7465 
 1212      72727570 
 1212      74735F32 
 1213              	.LASF199:
 1214 0da0 75696E74 		.ascii	"uint32_t\000"
 1214      33325F74 
 1214      00
 1215              	.LASF139:
 1216 0da9 74637077 		.ascii	"tcpwm_1_interrupts_2_IRQn\000"
 1216      6D5F315F 
 1216      696E7465 
 1216      72727570 
 1216      74735F32 
 1217              	.LASF71:
 1218 0dc3 63707573 		.ascii	"cpuss_interrupts_ipc_7_IRQn\000"
 1218      735F696E 
 1218      74657272 
 1218      75707473 
 1218      5F697063 
 1219              	.LASF106:
 1220 0ddf 63707573 		.ascii	"cpuss_interrupts_dw1_1_IRQn\000"
 1220      735F696E 
 1220      74657272 
 1220      75707473 
 1220      5F647731 
 1221              	.LASF78:
 1222 0dfb 63707573 		.ascii	"cpuss_interrupts_ipc_14_IRQn\000"
 1222      735F696E 
 1222      74657272 
 1222      75707473 
 1222      5F697063 
 1223              	.LASF209:
 1224 0e18 474E5520 		.ascii	"GNU C11 5.4.1 20160609 (release) [ARM/embedded-5-br"
 1224      43313120 
 1224      352E342E 
 1224      31203230 
 1224      31363036 
 1225 0e4b 616E6368 		.ascii	"anch revision 237715] -mcpu=cortex-m0plus -mthumb -"
 1225      20726576 
 1225      6973696F 
 1225      6E203233 
 1225      37373135 
 1226 0e7e 67202D4F 		.ascii	"g -Og -ffunction-sections -ffat-lto-objects\000"
 1226      67202D66 
 1226      66756E63 
 1226      74696F6E 
 1226      2D736563 
 1227              	.LASF179:
 1228 0eaa 61756469 		.ascii	"audioss_interrupt_pdm_IRQn\000"
 1228      6F73735F 
 1228      696E7465 
 1228      72727570 
 1228      745F7064 
 1229              	.LASF201:
 1230 0ec5 6C6F6E67 		.ascii	"long double\000"
 1230      20646F75 
ARM GAS  C:\Users\PC\AppData\Local\Temp\ccBcZMYh.s 			page 33


 1230      626C6500 
 1231              	.LASF202:
 1232 0ed1 63686172 		.ascii	"char\000"
 1232      00
 1233              	.LASF210:
 1234 0ed6 47656E65 		.ascii	"Generated_Source\\PSoC6\\cyfitter_sysint_cfg.c\000"
 1234      72617465 
 1234      645F536F 
 1234      75726365 
 1234      5C50536F 
 1235              	.LASF101:
 1236 0f03 63707573 		.ascii	"cpuss_interrupts_dw0_12_IRQn\000"
 1236      735F696E 
 1236      74657272 
 1236      75707473 
 1236      5F647730 
 1237              	.LASF42:
 1238 0f20 696F7373 		.ascii	"ioss_interrupts_gpio_3_IRQn\000"
 1238      5F696E74 
 1238      65727275 
 1238      7074735F 
 1238      6770696F 
 1239              	.LASF177:
 1240 0f3c 70617373 		.ascii	"pass_interrupt_sar_IRQn\000"
 1240      5F696E74 
 1240      65727275 
 1240      70745F73 
 1240      61725F49 
 1241              	.LASF4:
 1242 0f54 50656E64 		.ascii	"PendSV_IRQn\000"
 1242      53565F49 
 1242      52516E00 
 1243              	.LASF83:
 1244 0f60 7363625F 		.ascii	"scb_3_interrupt_IRQn\000"
 1244      335F696E 
 1244      74657272 
 1244      7570745F 
 1244      4952516E 
 1245              	.LASF170:
 1246 0f75 7564625F 		.ascii	"udb_interrupts_9_IRQn\000"
 1246      696E7465 
 1246      72727570 
 1246      74735F39 
 1246      5F495251 
 1247              	.LASF33:
 1248 0f8b 4E766963 		.ascii	"NvicMux27_IRQn\000"
 1248      4D757832 
 1248      375F4952 
 1248      516E00
 1249              	.LASF1:
 1250 0f9a 4E6F6E4D 		.ascii	"NonMaskableInt_IRQn\000"
 1250      61736B61 
 1250      626C6549 
 1250      6E745F49 
 1250      52516E00 
 1251              	.LASF156:
 1252 0fae 74637077 		.ascii	"tcpwm_1_interrupts_19_IRQn\000"
ARM GAS  C:\Users\PC\AppData\Local\Temp\ccBcZMYh.s 			page 34


 1252      6D5F315F 
 1252      696E7465 
 1252      72727570 
 1252      74735F31 
 1253              	.LASF86:
 1254 0fc9 7363625F 		.ascii	"scb_6_interrupt_IRQn\000"
 1254      365F696E 
 1254      74657272 
 1254      7570745F 
 1254      4952516E 
 1255              	.LASF16:
 1256 0fde 4E766963 		.ascii	"NvicMux10_IRQn\000"
 1256      4D757831 
 1256      305F4952 
 1256      516E00
 1257              	.LASF25:
 1258 0fed 4E766963 		.ascii	"NvicMux19_IRQn\000"
 1258      4D757831 
 1258      395F4952 
 1258      516E00
 1259              	.LASF171:
 1260 0ffc 7564625F 		.ascii	"udb_interrupts_10_IRQn\000"
 1260      696E7465 
 1260      72727570 
 1260      74735F31 
 1260      305F4952 
 1261              	.LASF40:
 1262 1013 696F7373 		.ascii	"ioss_interrupts_gpio_1_IRQn\000"
 1262      5F696E74 
 1262      65727275 
 1262      7074735F 
 1262      6770696F 
 1263              	.LASF2:
 1264 102f 48617264 		.ascii	"HardFault_IRQn\000"
 1264      4661756C 
 1264      745F4952 
 1264      516E00
 1265              	.LASF94:
 1266 103e 63707573 		.ascii	"cpuss_interrupts_dw0_5_IRQn\000"
 1266      735F696E 
 1266      74657272 
 1266      75707473 
 1266      5F647730 
 1267              	.LASF12:
 1268 105a 4E766963 		.ascii	"NvicMux6_IRQn\000"
 1268      4D757836 
 1268      5F495251 
 1268      6E00
 1269              	.LASF88:
 1270 1068 6373645F 		.ascii	"csd_interrupt_IRQn\000"
 1270      696E7465 
 1270      72727570 
 1270      745F4952 
 1270      516E00
 1271              	.LASF36:
 1272 107b 4E766963 		.ascii	"NvicMux30_IRQn\000"
 1272      4D757833 
ARM GAS  C:\Users\PC\AppData\Local\Temp\ccBcZMYh.s 			page 35


 1272      305F4952 
 1272      516E00
 1273              	.LASF159:
 1274 108a 74637077 		.ascii	"tcpwm_1_interrupts_22_IRQn\000"
 1274      6D5F315F 
 1274      696E7465 
 1274      72727570 
 1274      74735F32 
 1275              	.LASF140:
 1276 10a5 74637077 		.ascii	"tcpwm_1_interrupts_3_IRQn\000"
 1276      6D5F315F 
 1276      696E7465 
 1276      72727570 
 1276      74735F33 
 1277              	.LASF72:
 1278 10bf 63707573 		.ascii	"cpuss_interrupts_ipc_8_IRQn\000"
 1278      735F696E 
 1278      74657272 
 1278      75707473 
 1278      5F697063 
 1279              	.LASF107:
 1280 10db 63707573 		.ascii	"cpuss_interrupts_dw1_2_IRQn\000"
 1280      735F696E 
 1280      74657272 
 1280      75707473 
 1280      5F647731 
 1281              	.LASF79:
 1282 10f7 63707573 		.ascii	"cpuss_interrupts_ipc_15_IRQn\000"
 1282      735F696E 
 1282      74657272 
 1282      75707473 
 1282      5F697063 
 1283              	.LASF165:
 1284 1114 7564625F 		.ascii	"udb_interrupts_4_IRQn\000"
 1284      696E7465 
 1284      72727570 
 1284      74735F34 
 1284      5F495251 
 1285              	.LASF28:
 1286 112a 4E766963 		.ascii	"NvicMux22_IRQn\000"
 1286      4D757832 
 1286      325F4952 
 1286      516E00
 1287              	.LASF87:
 1288 1139 7363625F 		.ascii	"scb_7_interrupt_IRQn\000"
 1288      375F696E 
 1288      74657272 
 1288      7570745F 
 1288      4952516E 
 1289              	.LASF151:
 1290 114e 74637077 		.ascii	"tcpwm_1_interrupts_14_IRQn\000"
 1290      6D5F315F 
 1290      696E7465 
 1290      72727570 
 1290      74735F31 
 1291              	.LASF43:
 1292 1169 696F7373 		.ascii	"ioss_interrupts_gpio_4_IRQn\000"
ARM GAS  C:\Users\PC\AppData\Local\Temp\ccBcZMYh.s 			page 36


 1292      5F696E74 
 1292      65727275 
 1292      7074735F 
 1292      6770696F 
 1293              	.LASF181:
 1294 1185 736D6966 		.ascii	"smif_interrupt_IRQn\000"
 1294      5F696E74 
 1294      65727275 
 1294      70745F49 
 1294      52516E00 
 1295              	.LASF51:
 1296 1199 696F7373 		.ascii	"ioss_interrupts_gpio_12_IRQn\000"
 1296      5F696E74 
 1296      65727275 
 1296      7074735F 
 1296      6770696F 
 1297              	.LASF173:
 1298 11b6 7564625F 		.ascii	"udb_interrupts_12_IRQn\000"
 1298      696E7465 
 1298      72727570 
 1298      74735F31 
 1298      325F4952 
 1299              	.LASF117:
 1300 11cd 63707573 		.ascii	"cpuss_interrupts_dw1_12_IRQn\000"
 1300      735F696E 
 1300      74657272 
 1300      75707473 
 1300      5F647731 
 1301              	.LASF89:
 1302 11ea 63707573 		.ascii	"cpuss_interrupts_dw0_0_IRQn\000"
 1302      735F696E 
 1302      74657272 
 1302      75707473 
 1302      5F647730 
 1303              	.LASF7:
 1304 1206 4E766963 		.ascii	"NvicMux1_IRQn\000"
 1304      4D757831 
 1304      5F495251 
 1304      6E00
 1305              	.LASF55:
 1306 1214 696F7373 		.ascii	"ioss_interrupt_vdd_IRQn\000"
 1306      5F696E74 
 1306      65727275 
 1306      70745F76 
 1306      64645F49 
 1307              	.LASF17:
 1308 122c 4E766963 		.ascii	"NvicMux11_IRQn\000"
 1308      4D757831 
 1308      315F4952 
 1308      516E00
 1309              	.LASF129:
 1310 123b 74637077 		.ascii	"tcpwm_0_interrupts_0_IRQn\000"
 1310      6D5F305F 
 1310      696E7465 
 1310      72727570 
 1310      74735F30 
 1311              	.LASF115:
ARM GAS  C:\Users\PC\AppData\Local\Temp\ccBcZMYh.s 			page 37


 1312 1255 63707573 		.ascii	"cpuss_interrupts_dw1_10_IRQn\000"
 1312      735F696E 
 1312      74657272 
 1312      75707473 
 1312      5F647731 
 1313              	.LASF60:
 1314 1272 73727373 		.ascii	"srss_interrupt_backup_IRQn\000"
 1314      5F696E74 
 1314      65727275 
 1314      70745F62 
 1314      61636B75 
 1315              	.LASF74:
 1316 128d 63707573 		.ascii	"cpuss_interrupts_ipc_10_IRQn\000"
 1316      735F696E 
 1316      74657272 
 1316      75707473 
 1316      5F697063 
 1317              	.LASF111:
 1318 12aa 63707573 		.ascii	"cpuss_interrupts_dw1_6_IRQn\000"
 1318      735F696E 
 1318      74657272 
 1318      75707473 
 1318      5F647731 
 1319              	.LASF96:
 1320 12c6 63707573 		.ascii	"cpuss_interrupts_dw0_7_IRQn\000"
 1320      735F696E 
 1320      74657272 
 1320      75707473 
 1320      5F647730 
 1321              	.LASF207:
 1322 12e2 696E7472 		.ascii	"intrPriority\000"
 1322      5072696F 
 1322      72697479 
 1322      00
 1323              	.LASF141:
 1324 12ef 74637077 		.ascii	"tcpwm_1_interrupts_4_IRQn\000"
 1324      6D5F315F 
 1324      696E7465 
 1324      72727570 
 1324      74735F34 
 1325              	.LASF125:
 1326 1309 63707573 		.ascii	"cpuss_interrupts_cm0_cti_0_IRQn\000"
 1326      735F696E 
 1326      74657272 
 1326      75707473 
 1326      5F636D30 
 1327              	.LASF47:
 1328 1329 696F7373 		.ascii	"ioss_interrupts_gpio_8_IRQn\000"
 1328      5F696E74 
 1328      65727275 
 1328      7074735F 
 1328      6770696F 
 1329              	.LASF73:
 1330 1345 63707573 		.ascii	"cpuss_interrupts_ipc_9_IRQn\000"
 1330      735F696E 
 1330      74657272 
 1330      75707473 
ARM GAS  C:\Users\PC\AppData\Local\Temp\ccBcZMYh.s 			page 38


 1330      5F697063 
 1331              	.LASF166:
 1332 1361 7564625F 		.ascii	"udb_interrupts_5_IRQn\000"
 1332      696E7465 
 1332      72727570 
 1332      74735F35 
 1332      5F495251 
 1333              	.LASF77:
 1334 1377 63707573 		.ascii	"cpuss_interrupts_ipc_13_IRQn\000"
 1334      735F696E 
 1334      74657272 
 1334      75707473 
 1334      5F697063 
 1335              	.LASF29:
 1336 1394 4E766963 		.ascii	"NvicMux23_IRQn\000"
 1336      4D757832 
 1336      335F4952 
 1336      516E00
 1337              		.ident	"GCC: (GNU Tools for ARM Embedded Processors) 5.4.1 20160609 (release) [ARM/embedded-5-bran
