ARM GAS  C:\Users\PC\AppData\Local\Temp\cc3S0kRm.s 			page 1


   1              		.syntax unified
   2              		.cpu cortex-m0plus
   3              		.fpu softvfp
   4              		.eabi_attribute 20, 1
   5              		.eabi_attribute 21, 1
   6              		.eabi_attribute 23, 3
   7              		.eabi_attribute 24, 1
   8              		.eabi_attribute 25, 1
   9              		.eabi_attribute 26, 1
  10              		.eabi_attribute 30, 1
  11              		.eabi_attribute 34, 0
  12              		.eabi_attribute 18, 4
  13              		.thumb
  14              		.syntax unified
  15              		.file	"LCDConf.c"
  16              		.text
  17              	.Ltext0:
  18              		.cfi_sections	.debug_frame
  19              		.section	.text.LCD_X_Config,"ax",%progbits
  20              		.align	2
  21              		.global	LCD_X_Config
  22              		.code	16
  23              		.thumb_func
  24              		.type	LCD_X_Config, %function
  25              	LCD_X_Config:
  26              	.LFB36:
  27              		.file 1 "LCDConf.c"
   1:LCDConf.c     **** /*********************************************************************
   2:LCDConf.c     **** *                SEGGER Microcontroller GmbH & Co. KG                *
   3:LCDConf.c     **** *        Solutions for real time microcontroller applications        *
   4:LCDConf.c     **** **********************************************************************
   5:LCDConf.c     **** *                                                                    *
   6:LCDConf.c     **** *        (c) 1996 - 2017  SEGGER Microcontroller GmbH & Co. KG       *
   7:LCDConf.c     **** *                                                                    *
   8:LCDConf.c     **** *        Internet: www.segger.com    Support:  support@segger.com    *
   9:LCDConf.c     **** *                                                                    *
  10:LCDConf.c     **** **********************************************************************
  11:LCDConf.c     **** 
  12:LCDConf.c     **** ** emWin V5.46 - Graphical user interface for embedded applications **
  13:LCDConf.c     **** All  Intellectual Property rights  in the Software belongs to  SEGGER.
  14:LCDConf.c     **** emWin is protected by  international copyright laws.  Knowledge of the
  15:LCDConf.c     **** source code may not be used to write a similar product.  This file may
  16:LCDConf.c     **** only be used in accordance with the following terms:
  17:LCDConf.c     **** 
  18:LCDConf.c     **** The software  has been licensed to  Cypress Semiconductor Corporation,
  19:LCDConf.c     **** whose registered  office is situated  at 198 Champion Ct. San Jose, CA 
  20:LCDConf.c     **** 95134 USA  solely for the  purposes of creating  libraries for Cypress
  21:LCDConf.c     **** PSoC3 and  PSoC5 processor-based devices,  sublicensed and distributed
  22:LCDConf.c     **** under  the  terms  and  conditions  of  the  Cypress  End User License
  23:LCDConf.c     **** Agreement.
  24:LCDConf.c     **** Full source code is available at: www.segger.com
  25:LCDConf.c     **** 
  26:LCDConf.c     **** We appreciate your understanding and fairness.
  27:LCDConf.c     **** ----------------------------------------------------------------------
  28:LCDConf.c     **** Licensing information
  29:LCDConf.c     **** Licensor:                 SEGGER Microcontroller Systems LLC
  30:LCDConf.c     **** Licensed to:              Cypress Semiconductor Corp, 198 Champion Ct., San Jose, CA 95134, USA
ARM GAS  C:\Users\PC\AppData\Local\Temp\cc3S0kRm.s 			page 2


  31:LCDConf.c     **** Licensed SEGGER software: emWin
  32:LCDConf.c     **** License number:           GUI-00319
  33:LCDConf.c     **** License model:            Services and License Agreement, signed June 10th, 2009
  34:LCDConf.c     **** Licensed platform:        Any Cypress platform (Initial targets are: PSoC3, PSoC5)
  35:LCDConf.c     **** ----------------------------------------------------------------------
  36:LCDConf.c     **** Support and Update Agreement (SUA)
  37:LCDConf.c     **** SUA period:               2009-06-12 - 2022-07-27
  38:LCDConf.c     **** Contact to extend SUA:    sales@segger.com
  39:LCDConf.c     **** ----------------------------------------------------------------------
  40:LCDConf.c     **** File        : LCDConf.c
  41:LCDConf.c     **** Purpose     : Display configuration file for GUIDRV_Bitplains to be
  42:LCDConf.c     ****               used without any display controller. This implementation
  43:LCDConf.c     ****               has been written and tested with the RSKR32C111 with
  44:LCDConf.c     ****               Visualization Add On.
  45:LCDConf.c     **** ---------------------------END-OF-HEADER------------------------------
  46:LCDConf.c     **** */
  47:LCDConf.c     **** 
  48:LCDConf.c     **** #include <stddef.h>
  49:LCDConf.c     **** #include "syslib/cy_syslib.h"
  50:LCDConf.c     **** 
  51:LCDConf.c     **** #include "GUI.h"
  52:LCDConf.c     **** 
  53:LCDConf.c     **** #include "GUIDRV_BitPlains.h"
  54:LCDConf.c     **** 
  55:LCDConf.c     **** /*********************************************************************
  56:LCDConf.c     **** *
  57:LCDConf.c     **** *       Layer configuration
  58:LCDConf.c     **** *
  59:LCDConf.c     **** **********************************************************************
  60:LCDConf.c     **** */
  61:LCDConf.c     **** //
  62:LCDConf.c     **** // Physical display size
  63:LCDConf.c     **** //
  64:LCDConf.c     **** #define XSIZE_PHYS 264
  65:LCDConf.c     **** #define YSIZE_PHYS 176
  66:LCDConf.c     **** 
  67:LCDConf.c     **** //
  68:LCDConf.c     **** // Initial color conversion API
  69:LCDConf.c     **** //
  70:LCDConf.c     **** #define COLOR_CONVERSION GUICC_1
  71:LCDConf.c     **** 
  72:LCDConf.c     **** /*********************************************************************
  73:LCDConf.c     **** *
  74:LCDConf.c     **** *       Configuration checking
  75:LCDConf.c     **** *
  76:LCDConf.c     **** **********************************************************************
  77:LCDConf.c     **** */
  78:LCDConf.c     **** //
  79:LCDConf.c     **** // Checking display driver configuration
  80:LCDConf.c     **** //
  81:LCDConf.c     **** #ifndef   XSIZE_PHYS
  82:LCDConf.c     ****   #error Physical X size of display is not defined!
  83:LCDConf.c     **** #endif
  84:LCDConf.c     **** #ifndef   YSIZE_PHYS
  85:LCDConf.c     ****   #error Physical Y size of display is not defined!
  86:LCDConf.c     **** #endif
  87:LCDConf.c     **** #ifndef   COLOR_CONVERSION
ARM GAS  C:\Users\PC\AppData\Local\Temp\cc3S0kRm.s 			page 3


  88:LCDConf.c     ****   #error Color conversion not defined!
  89:LCDConf.c     **** #endif
  90:LCDConf.c     **** 
  91:LCDConf.c     **** //
  92:LCDConf.c     **** // Number of bytes per line
  93:LCDConf.c     **** //
  94:LCDConf.c     **** #define BYTES_PER_LINE ((XSIZE_PHYS + 7) >> 3)
  95:LCDConf.c     **** 
  96:LCDConf.c     **** /*********************************************************************
  97:LCDConf.c     **** *
  98:LCDConf.c     **** *       Static data
  99:LCDConf.c     **** *
 100:LCDConf.c     **** **********************************************************************
 101:LCDConf.c     **** */
 102:LCDConf.c     **** //
 103:LCDConf.c     **** // Data arrays to be used by the display driver
 104:LCDConf.c     **** //
 105:LCDConf.c     **** static U8 _aPlain_0[BYTES_PER_LINE * YSIZE_PHYS];
 106:LCDConf.c     **** 
 107:LCDConf.c     **** //
 108:LCDConf.c     **** // Structure to be passed to the driver
 109:LCDConf.c     **** //
 110:LCDConf.c     **** static struct {
 111:LCDConf.c     ****   U8 * apVRAM[8];
 112:LCDConf.c     **** } _VRAM_Desc = {{
 113:LCDConf.c     ****   _aPlain_0,
 114:LCDConf.c     **** }};
 115:LCDConf.c     **** 
 116:LCDConf.c     **** /*********************************************************************
 117:LCDConf.c     **** *
 118:LCDConf.c     **** *       Public code
 119:LCDConf.c     **** *
 120:LCDConf.c     **** **********************************************************************
 121:LCDConf.c     **** */
 122:LCDConf.c     **** /*********************************************************************
 123:LCDConf.c     **** *
 124:LCDConf.c     **** *       LCD_X_Config
 125:LCDConf.c     **** *
 126:LCDConf.c     **** * Purpose:
 127:LCDConf.c     **** *   Called during the initialization process in order to set up the
 128:LCDConf.c     **** *   display driver configuration.
 129:LCDConf.c     **** *   
 130:LCDConf.c     **** */
 131:LCDConf.c     **** void LCD_X_Config(void) {
  28              		.loc 1 131 0
  29              		.cfi_startproc
  30              		@ args = 0, pretend = 0, frame = 8
  31              		@ frame_needed = 0, uses_anonymous_args = 0
  32 0000 10B5     		push	{r4, lr}
  33              		.cfi_def_cfa_offset 8
  34              		.cfi_offset 4, -8
  35              		.cfi_offset 14, -4
  36 0002 82B0     		sub	sp, sp, #8
  37              		.cfi_def_cfa_offset 16
 132:LCDConf.c     **** 	
 133:LCDConf.c     **** 	GUI_DEVICE * pDevice;
 134:LCDConf.c     **** 	CONFIG_BITPLAINS Config;
ARM GAS  C:\Users\PC\AppData\Local\Temp\cc3S0kRm.s 			page 4


 135:LCDConf.c     **** 	
 136:LCDConf.c     **** 	Config.Mirror = 1;
  38              		.loc 1 136 0
  39 0004 0123     		movs	r3, #1
  40 0006 0193     		str	r3, [sp, #4]
 137:LCDConf.c     **** 	
 138:LCDConf.c     **** 	
 139:LCDConf.c     ****   //
 140:LCDConf.c     ****   // Set display driver and color conversion for 1st layer
 141:LCDConf.c     ****   //
 142:LCDConf.c     ****   pDevice = GUI_DEVICE_CreateAndLink(GUIDRV_BITPLAINS, COLOR_CONVERSION, 0, 0);
  41              		.loc 1 142 0
  42 0008 0023     		movs	r3, #0
  43 000a 0022     		movs	r2, #0
  44 000c 1449     		ldr	r1, .L4
  45 000e 1548     		ldr	r0, .L4+4
  46 0010 FFF7FEFF 		bl	GUI_DEVICE_CreateAndLink
  47              	.LVL0:
 143:LCDConf.c     ****   GUIDRV_BitPlains_Config(pDevice, &Config);
  48              		.loc 1 143 0
  49 0014 01A9     		add	r1, sp, #4
  50 0016 FFF7FEFF 		bl	GUIDRV_BitPlains_Config
  51              	.LVL1:
 144:LCDConf.c     **** 
 145:LCDConf.c     ****   //
 146:LCDConf.c     ****   // Display driver configuration
 147:LCDConf.c     ****   //
 148:LCDConf.c     ****   if (LCD_GetSwapXY()) {
  52              		.loc 1 148 0
  53 001a FFF7FEFF 		bl	LCD_GetSwapXY
  54              	.LVL2:
  55 001e 0028     		cmp	r0, #0
  56 0020 0CD0     		beq	.L2
 149:LCDConf.c     ****     LCD_SetSizeEx (0, YSIZE_PHYS, XSIZE_PHYS);
  57              		.loc 1 149 0
  58 0022 8424     		movs	r4, #132
  59 0024 6400     		lsls	r4, r4, #1
  60 0026 2200     		movs	r2, r4
  61 0028 B021     		movs	r1, #176
  62 002a 0020     		movs	r0, #0
  63 002c FFF7FEFF 		bl	LCD_SetSizeEx
  64              	.LVL3:
 150:LCDConf.c     ****     LCD_SetVSizeEx(0, YSIZE_PHYS, XSIZE_PHYS);
  65              		.loc 1 150 0
  66 0030 2200     		movs	r2, r4
  67 0032 B021     		movs	r1, #176
  68 0034 0020     		movs	r0, #0
  69 0036 FFF7FEFF 		bl	LCD_SetVSizeEx
  70              	.LVL4:
  71 003a 0BE0     		b	.L3
  72              	.L2:
 151:LCDConf.c     ****   } else {
 152:LCDConf.c     ****     LCD_SetSizeEx (0, XSIZE_PHYS, YSIZE_PHYS);
  73              		.loc 1 152 0
  74 003c 8424     		movs	r4, #132
  75 003e 6400     		lsls	r4, r4, #1
  76 0040 B022     		movs	r2, #176
ARM GAS  C:\Users\PC\AppData\Local\Temp\cc3S0kRm.s 			page 5


  77 0042 2100     		movs	r1, r4
  78 0044 0020     		movs	r0, #0
  79 0046 FFF7FEFF 		bl	LCD_SetSizeEx
  80              	.LVL5:
 153:LCDConf.c     ****     LCD_SetVSizeEx(0, XSIZE_PHYS, YSIZE_PHYS);
  81              		.loc 1 153 0
  82 004a B022     		movs	r2, #176
  83 004c 2100     		movs	r1, r4
  84 004e 0020     		movs	r0, #0
  85 0050 FFF7FEFF 		bl	LCD_SetVSizeEx
  86              	.LVL6:
  87              	.L3:
 154:LCDConf.c     ****   }
 155:LCDConf.c     ****   //
 156:LCDConf.c     ****   // Initialize VRAM access off driver
 157:LCDConf.c     ****   //
 158:LCDConf.c     ****   LCD_SetVRAMAddrEx(0, (void *)&_VRAM_Desc);
  88              		.loc 1 158 0
  89 0054 0449     		ldr	r1, .L4+8
  90 0056 0020     		movs	r0, #0
  91 0058 FFF7FEFF 		bl	LCD_SetVRAMAddrEx
  92              	.LVL7:
 159:LCDConf.c     **** }
  93              		.loc 1 159 0
  94 005c 02B0     		add	sp, sp, #8
  95              		@ sp needed
  96 005e 10BD     		pop	{r4, pc}
  97              	.L5:
  98              		.align	2
  99              	.L4:
 100 0060 00000000 		.word	LCD_API_ColorConv_1
 101 0064 00000000 		.word	GUIDRV_BitPlains_API
 102 0068 00000000 		.word	.LANCHOR0
 103              		.cfi_endproc
 104              	.LFE36:
 105              		.size	LCD_X_Config, .-LCD_X_Config
 106              		.section	.text.LCD_X_DisplayDriver,"ax",%progbits
 107              		.align	2
 108              		.global	LCD_X_DisplayDriver
 109              		.code	16
 110              		.thumb_func
 111              		.type	LCD_X_DisplayDriver, %function
 112              	LCD_X_DisplayDriver:
 113              	.LFB37:
 160:LCDConf.c     **** 
 161:LCDConf.c     **** /*********************************************************************
 162:LCDConf.c     **** *
 163:LCDConf.c     **** *       LCD_X_DisplayDriver
 164:LCDConf.c     **** *
 165:LCDConf.c     **** * Purpose:
 166:LCDConf.c     **** *   This function is called by the display driver for several purposes.
 167:LCDConf.c     **** *   To support the according task the routine needs to be adapted to
 168:LCDConf.c     **** *   the display controller. Please note that the commands marked with
 169:LCDConf.c     **** *   'optional' are not cogently required and should only be adapted if 
 170:LCDConf.c     **** *   the display controller supports these features.
 171:LCDConf.c     **** *
 172:LCDConf.c     **** * Parameter:
ARM GAS  C:\Users\PC\AppData\Local\Temp\cc3S0kRm.s 			page 6


 173:LCDConf.c     **** *   LayerIndex - Index of layer to be configured
 174:LCDConf.c     **** *   Cmd        - Please refer to the details in the switch statement below
 175:LCDConf.c     **** *   pData      - Pointer to a LCD_X_DATA structure
 176:LCDConf.c     **** *
 177:LCDConf.c     **** * Return Value:
 178:LCDConf.c     **** *   < -1 - Error
 179:LCDConf.c     **** *     -1 - Command not handled
 180:LCDConf.c     **** *      0 - Ok
 181:LCDConf.c     **** */
 182:LCDConf.c     **** int LCD_X_DisplayDriver(unsigned LayerIndex, unsigned Cmd, void * p) {
 114              		.loc 1 182 0
 115              		.cfi_startproc
 116              		@ args = 0, pretend = 0, frame = 0
 117              		@ frame_needed = 0, uses_anonymous_args = 0
 118              		@ link register save eliminated.
 119              	.LVL8:
 183:LCDConf.c     ****   int r;
 184:LCDConf.c     ****   GUI_USE_PARA(LayerIndex);
 185:LCDConf.c     ****   GUI_USE_PARA(p);
 186:LCDConf.c     **** 
 187:LCDConf.c     ****   switch (Cmd) {
 120              		.loc 1 187 0
 121 0000 0129     		cmp	r1, #1
 122 0002 01D1     		bne	.L10
 188:LCDConf.c     ****   case LCD_X_INITCONTROLLER: {
 189:LCDConf.c     **** 	//
 190:LCDConf.c     ****     // Called during the initialization process in order to set up the
 191:LCDConf.c     ****     // display controller and put it into operation. If the display
 192:LCDConf.c     ****     // controller is not initialized by any external routine this needs
 193:LCDConf.c     ****     // to be adapted by the customer...
 194:LCDConf.c     ****     //
 195:LCDConf.c     ****     return 0;
 123              		.loc 1 195 0
 124 0004 0020     		movs	r0, #0
 125              	.LVL9:
 126 0006 01E0     		b	.L7
 127              	.LVL10:
 128              	.L10:
 196:LCDConf.c     ****   }
 197:LCDConf.c     ****   default:
 198:LCDConf.c     ****     r = -1;
 199:LCDConf.c     ****   }
 200:LCDConf.c     ****   return r;
 129              		.loc 1 200 0
 130 0008 0120     		movs	r0, #1
 131              	.LVL11:
 132 000a 4042     		rsbs	r0, r0, #0
 133              	.L7:
 201:LCDConf.c     **** }
 134              		.loc 1 201 0
 135              		@ sp needed
 136 000c 7047     		bx	lr
 137              		.cfi_endproc
 138              	.LFE37:
 139              		.size	LCD_X_DisplayDriver, .-LCD_X_DisplayDriver
 140 000e C046     		.section	.text.LCD_CopyDisplayBuffer,"ax",%progbits
 141              		.align	2
ARM GAS  C:\Users\PC\AppData\Local\Temp\cc3S0kRm.s 			page 7


 142              		.global	LCD_CopyDisplayBuffer
 143              		.code	16
 144              		.thumb_func
 145              		.type	LCD_CopyDisplayBuffer, %function
 146              	LCD_CopyDisplayBuffer:
 147              	.LFB38:
 202:LCDConf.c     **** 
 203:LCDConf.c     **** 
 204:LCDConf.c     **** /*******************************************************************************
 205:LCDConf.c     **** * Function Name: void LCD_CopyDisplayBuffer(uint8* destination, int count)
 206:LCDConf.c     **** ********************************************************************************
 207:LCDConf.c     **** *
 208:LCDConf.c     **** * Summary: This function copies the EmWin display buffer to an external buffer
 209:LCDConf.c     **** *
 210:LCDConf.c     **** * Parameters:
 211:LCDConf.c     **** *  uint8* destination - pointer to the destination buffer
 212:LCDConf.c     **** *  int count - number of bytes to be copied
 213:LCDConf.c     **** *
 214:LCDConf.c     **** * Return:
 215:LCDConf.c     **** *  None
 216:LCDConf.c     **** *
 217:LCDConf.c     **** *******************************************************************************/
 218:LCDConf.c     **** void LCD_CopyDisplayBuffer(uint8* destination, int count)
 219:LCDConf.c     **** {
 148              		.loc 1 219 0
 149              		.cfi_startproc
 150              		@ args = 0, pretend = 0, frame = 0
 151              		@ frame_needed = 0, uses_anonymous_args = 0
 152              		@ link register save eliminated.
 153              	.LVL12:
 220:LCDConf.c     **** 	int i;
 221:LCDConf.c     **** 	
 222:LCDConf.c     **** 	for(i=0; i<count; i++)
 154              		.loc 1 222 0
 155 0000 0023     		movs	r3, #0
 156 0002 03E0     		b	.L12
 157              	.LVL13:
 158              	.L13:
 223:LCDConf.c     **** 	{
 224:LCDConf.c     **** 		destination[i] = _aPlain_0[i];
 159              		.loc 1 224 0 discriminator 3
 160 0004 034A     		ldr	r2, .L14
 161 0006 D25C     		ldrb	r2, [r2, r3]
 162 0008 C254     		strb	r2, [r0, r3]
 222:LCDConf.c     **** 	{
 163              		.loc 1 222 0 discriminator 3
 164 000a 0133     		adds	r3, r3, #1
 165              	.LVL14:
 166              	.L12:
 222:LCDConf.c     **** 	{
 167              		.loc 1 222 0 is_stmt 0 discriminator 1
 168 000c 8B42     		cmp	r3, r1
 169 000e F9DB     		blt	.L13
 225:LCDConf.c     **** 	}
 226:LCDConf.c     **** }
 170              		.loc 1 226 0 is_stmt 1
 171              		@ sp needed
ARM GAS  C:\Users\PC\AppData\Local\Temp\cc3S0kRm.s 			page 8


 172 0010 7047     		bx	lr
 173              	.L15:
 174 0012 C046     		.align	2
 175              	.L14:
 176 0014 00000000 		.word	.LANCHOR1
 177              		.cfi_endproc
 178              	.LFE38:
 179              		.size	LCD_CopyDisplayBuffer, .-LCD_CopyDisplayBuffer
 180              		.data
 181              		.align	2
 182              		.set	.LANCHOR0,. + 0
 183              		.type	_VRAM_Desc, %object
 184              		.size	_VRAM_Desc, 32
 185              	_VRAM_Desc:
 186 0000 00000000 		.word	_aPlain_0
 187 0004 00000000 		.space	28
 187      00000000 
 187      00000000 
 187      00000000 
 187      00000000 
 188              		.bss
 189              		.align	2
 190              		.set	.LANCHOR1,. + 0
 191              		.type	_aPlain_0, %object
 192              		.size	_aPlain_0, 5808
 193              	_aPlain_0:
 194 0000 00000000 		.space	5808
 194      00000000 
 194      00000000 
 194      00000000 
 194      00000000 
 195              		.text
 196              	.Letext0:
 197              		.file 2 "c:\\program files (x86)\\cypress\\psoc creator\\4.4\\psoc creator\\import\\gnu\\arm\\5.4.
 198              		.file 3 "c:\\program files (x86)\\cypress\\psoc creator\\4.4\\psoc creator\\import\\gnu\\arm\\5.4.
 199              		.file 4 "Generated_Source\\PSoC6\\pdl\\drivers/peripheral/syslib/cy_syslib.h"
 200              		.file 5 "Generated_Source\\PSoC6\\pdl\\middleware/emWin/code/include/LCD.h"
 201              		.file 6 "Generated_Source\\PSoC6\\pdl\\middleware/emWin/code/include/GUI.h"
 202              		.file 7 "Generated_Source\\PSoC6\\pdl\\middleware/emWin/code/drivers/BitPlains/GUIDRV_BitPlains.h"
 203              		.section	.debug_info,"",%progbits
 204              	.Ldebug_info0:
 205 0000 47070000 		.4byte	0x747
 206 0004 0400     		.2byte	0x4
 207 0006 00000000 		.4byte	.Ldebug_abbrev0
 208 000a 04       		.byte	0x4
 209 000b 01       		.uleb128 0x1
 210 000c 89000000 		.4byte	.LASF75
 211 0010 0C       		.byte	0xc
 212 0011 88020000 		.4byte	.LASF76
 213 0015 0B030000 		.4byte	.LASF77
 214 0019 00000000 		.4byte	.Ldebug_ranges0+0
 215 001d 00000000 		.4byte	0
 216 0021 00000000 		.4byte	.Ldebug_line0
 217 0025 02       		.uleb128 0x2
 218 0026 04       		.byte	0x4
 219 0027 05       		.byte	0x5
 220 0028 696E7400 		.ascii	"int\000"
ARM GAS  C:\Users\PC\AppData\Local\Temp\cc3S0kRm.s 			page 9


 221 002c 03       		.uleb128 0x3
 222 002d 04       		.byte	0x4
 223 002e 07       		.byte	0x7
 224 002f DD020000 		.4byte	.LASF0
 225 0033 03       		.uleb128 0x3
 226 0034 08       		.byte	0x8
 227 0035 05       		.byte	0x5
 228 0036 CD010000 		.4byte	.LASF1
 229 003a 03       		.uleb128 0x3
 230 003b 08       		.byte	0x8
 231 003c 04       		.byte	0x4
 232 003d 7C020000 		.4byte	.LASF2
 233 0041 03       		.uleb128 0x3
 234 0042 01       		.byte	0x1
 235 0043 06       		.byte	0x6
 236 0044 9B020000 		.4byte	.LASF3
 237 0048 04       		.uleb128 0x4
 238 0049 54020000 		.4byte	.LASF8
 239 004d 02       		.byte	0x2
 240 004e 1D       		.byte	0x1d
 241 004f 53000000 		.4byte	0x53
 242 0053 03       		.uleb128 0x3
 243 0054 01       		.byte	0x1
 244 0055 08       		.byte	0x8
 245 0056 65020000 		.4byte	.LASF4
 246 005a 03       		.uleb128 0x3
 247 005b 02       		.byte	0x2
 248 005c 05       		.byte	0x5
 249 005d 69000000 		.4byte	.LASF5
 250 0061 03       		.uleb128 0x3
 251 0062 02       		.byte	0x2
 252 0063 07       		.byte	0x7
 253 0064 AC030000 		.4byte	.LASF6
 254 0068 03       		.uleb128 0x3
 255 0069 04       		.byte	0x4
 256 006a 05       		.byte	0x5
 257 006b F6010000 		.4byte	.LASF7
 258 006f 04       		.uleb128 0x4
 259 0070 27010000 		.4byte	.LASF9
 260 0074 02       		.byte	0x2
 261 0075 41       		.byte	0x41
 262 0076 7A000000 		.4byte	0x7a
 263 007a 03       		.uleb128 0x3
 264 007b 04       		.byte	0x4
 265 007c 07       		.byte	0x7
 266 007d 05040000 		.4byte	.LASF10
 267 0081 03       		.uleb128 0x3
 268 0082 08       		.byte	0x8
 269 0083 07       		.byte	0x7
 270 0084 A7020000 		.4byte	.LASF11
 271 0088 04       		.uleb128 0x4
 272 0089 6F010000 		.4byte	.LASF12
 273 008d 03       		.byte	0x3
 274 008e 18       		.byte	0x18
 275 008f 48000000 		.4byte	0x48
 276 0093 04       		.uleb128 0x4
 277 0094 BE020000 		.4byte	.LASF13
ARM GAS  C:\Users\PC\AppData\Local\Temp\cc3S0kRm.s 			page 10


 278 0098 03       		.byte	0x3
 279 0099 30       		.byte	0x30
 280 009a 6F000000 		.4byte	0x6f
 281 009e 03       		.uleb128 0x3
 282 009f 04       		.byte	0x4
 283 00a0 07       		.byte	0x7
 284 00a1 73000000 		.4byte	.LASF14
 285 00a5 05       		.uleb128 0x5
 286 00a6 04       		.byte	0x4
 287 00a7 AB000000 		.4byte	0xab
 288 00ab 06       		.uleb128 0x6
 289 00ac 03       		.uleb128 0x3
 290 00ad 01       		.byte	0x1
 291 00ae 08       		.byte	0x8
 292 00af 7C030000 		.4byte	.LASF15
 293 00b3 03       		.uleb128 0x3
 294 00b4 04       		.byte	0x4
 295 00b5 04       		.byte	0x4
 296 00b6 A7010000 		.4byte	.LASF16
 297 00ba 03       		.uleb128 0x3
 298 00bb 08       		.byte	0x8
 299 00bc 04       		.byte	0x4
 300 00bd 23040000 		.4byte	.LASF17
 301 00c1 07       		.uleb128 0x7
 302 00c2 77010000 		.4byte	.LASF18
 303 00c6 04       		.byte	0x4
 304 00c7 8503     		.2byte	0x385
 305 00c9 88000000 		.4byte	0x88
 306 00cd 04       		.uleb128 0x4
 307 00ce 56010000 		.4byte	.LASF19
 308 00d2 05       		.byte	0x5
 309 00d3 6A       		.byte	0x6a
 310 00d4 7A000000 		.4byte	0x7a
 311 00d8 08       		.uleb128 0x8
 312 00d9 08       		.byte	0x8
 313 00da 05       		.byte	0x5
 314 00db 71       		.byte	0x71
 315 00dc 0D010000 		.4byte	0x10d
 316 00e0 09       		.uleb128 0x9
 317 00e1 783000   		.ascii	"x0\000"
 318 00e4 05       		.byte	0x5
 319 00e5 71       		.byte	0x71
 320 00e6 5A000000 		.4byte	0x5a
 321 00ea 00       		.byte	0
 322 00eb 09       		.uleb128 0x9
 323 00ec 793000   		.ascii	"y0\000"
 324 00ef 05       		.byte	0x5
 325 00f0 71       		.byte	0x71
 326 00f1 5A000000 		.4byte	0x5a
 327 00f5 02       		.byte	0x2
 328 00f6 09       		.uleb128 0x9
 329 00f7 783100   		.ascii	"x1\000"
 330 00fa 05       		.byte	0x5
 331 00fb 71       		.byte	0x71
 332 00fc 5A000000 		.4byte	0x5a
 333 0100 04       		.byte	0x4
 334 0101 09       		.uleb128 0x9
ARM GAS  C:\Users\PC\AppData\Local\Temp\cc3S0kRm.s 			page 11


 335 0102 793100   		.ascii	"y1\000"
 336 0105 05       		.byte	0x5
 337 0106 71       		.byte	0x71
 338 0107 5A000000 		.4byte	0x5a
 339 010b 06       		.byte	0x6
 340 010c 00       		.byte	0
 341 010d 04       		.uleb128 0x4
 342 010e 92020000 		.4byte	.LASF20
 343 0112 05       		.byte	0x5
 344 0113 71       		.byte	0x71
 345 0114 D8000000 		.4byte	0xd8
 346 0118 04       		.uleb128 0x4
 347 0119 AE040000 		.4byte	.LASF21
 348 011d 05       		.byte	0x5
 349 011e 88       		.byte	0x88
 350 011f 23010000 		.4byte	0x123
 351 0123 0A       		.uleb128 0xa
 352 0124 CD000000 		.4byte	0xcd
 353 0128 32010000 		.4byte	0x132
 354 012c 0B       		.uleb128 0xb
 355 012d 7A000000 		.4byte	0x7a
 356 0131 00       		.byte	0
 357 0132 04       		.uleb128 0x4
 358 0133 D7040000 		.4byte	.LASF22
 359 0137 05       		.byte	0x5
 360 0138 89       		.byte	0x89
 361 0139 3D010000 		.4byte	0x13d
 362 013d 0A       		.uleb128 0xa
 363 013e 7A000000 		.4byte	0x7a
 364 0142 4C010000 		.4byte	0x14c
 365 0146 0B       		.uleb128 0xb
 366 0147 CD000000 		.4byte	0xcd
 367 014b 00       		.byte	0
 368 014c 04       		.uleb128 0x4
 369 014d E1010000 		.4byte	.LASF23
 370 0151 05       		.byte	0x5
 371 0152 8A       		.byte	0x8a
 372 0153 57010000 		.4byte	0x157
 373 0157 0C       		.uleb128 0xc
 374 0158 7A000000 		.4byte	0x7a
 375 015c 04       		.uleb128 0x4
 376 015d 82040000 		.4byte	.LASF24
 377 0161 05       		.byte	0x5
 378 0162 8C       		.byte	0x8c
 379 0163 67010000 		.4byte	0x167
 380 0167 0D       		.uleb128 0xd
 381 0168 81010000 		.4byte	0x181
 382 016c 0B       		.uleb128 0xb
 383 016d 81010000 		.4byte	0x181
 384 0171 0B       		.uleb128 0xb
 385 0172 83010000 		.4byte	0x183
 386 0176 0B       		.uleb128 0xb
 387 0177 7A000000 		.4byte	0x7a
 388 017b 0B       		.uleb128 0xb
 389 017c 53000000 		.4byte	0x53
 390 0180 00       		.byte	0
 391 0181 0E       		.uleb128 0xe
ARM GAS  C:\Users\PC\AppData\Local\Temp\cc3S0kRm.s 			page 12


 392 0182 04       		.byte	0x4
 393 0183 05       		.uleb128 0x5
 394 0184 04       		.byte	0x4
 395 0185 CD000000 		.4byte	0xcd
 396 0189 04       		.uleb128 0x4
 397 018a 56040000 		.4byte	.LASF25
 398 018e 05       		.byte	0x5
 399 018f 8D       		.byte	0x8d
 400 0190 94010000 		.4byte	0x194
 401 0194 0D       		.uleb128 0xd
 402 0195 AE010000 		.4byte	0x1ae
 403 0199 0B       		.uleb128 0xb
 404 019a 83010000 		.4byte	0x183
 405 019e 0B       		.uleb128 0xb
 406 019f 81010000 		.4byte	0x181
 407 01a3 0B       		.uleb128 0xb
 408 01a4 7A000000 		.4byte	0x7a
 409 01a8 0B       		.uleb128 0xb
 410 01a9 53000000 		.4byte	0x53
 411 01ad 00       		.byte	0
 412 01ae 08       		.uleb128 0x8
 413 01af 18       		.byte	0x18
 414 01b0 05       		.byte	0x5
 415 01b1 93       		.byte	0x93
 416 01b2 FF010000 		.4byte	0x1ff
 417 01b6 0F       		.uleb128 0xf
 418 01b7 6E030000 		.4byte	.LASF26
 419 01bb 05       		.byte	0x5
 420 01bc 94       		.byte	0x94
 421 01bd FF010000 		.4byte	0x1ff
 422 01c1 00       		.byte	0
 423 01c2 0F       		.uleb128 0xf
 424 01c3 CF020000 		.4byte	.LASF27
 425 01c7 05       		.byte	0x5
 426 01c8 95       		.byte	0x95
 427 01c9 05020000 		.4byte	0x205
 428 01cd 04       		.byte	0x4
 429 01ce 0F       		.uleb128 0xf
 430 01cf 60010000 		.4byte	.LASF28
 431 01d3 05       		.byte	0x5
 432 01d4 96       		.byte	0x96
 433 01d5 0B020000 		.4byte	0x20b
 434 01d9 08       		.byte	0x8
 435 01da 0F       		.uleb128 0xf
 436 01db C7020000 		.4byte	.LASF29
 437 01df 05       		.byte	0x5
 438 01e0 97       		.byte	0x97
 439 01e1 25000000 		.4byte	0x25
 440 01e5 0C       		.byte	0xc
 441 01e6 0F       		.uleb128 0xf
 442 01e7 42020000 		.4byte	.LASF30
 443 01eb 05       		.byte	0x5
 444 01ec 98       		.byte	0x98
 445 01ed 11020000 		.4byte	0x211
 446 01f1 10       		.byte	0x10
 447 01f2 0F       		.uleb128 0xf
 448 01f3 2A040000 		.4byte	.LASF31
ARM GAS  C:\Users\PC\AppData\Local\Temp\cc3S0kRm.s 			page 13


 449 01f7 05       		.byte	0x5
 450 01f8 99       		.byte	0x99
 451 01f9 17020000 		.4byte	0x217
 452 01fd 14       		.byte	0x14
 453 01fe 00       		.byte	0
 454 01ff 05       		.uleb128 0x5
 455 0200 04       		.byte	0x4
 456 0201 32010000 		.4byte	0x132
 457 0205 05       		.uleb128 0x5
 458 0206 04       		.byte	0x4
 459 0207 18010000 		.4byte	0x118
 460 020b 05       		.uleb128 0x5
 461 020c 04       		.byte	0x4
 462 020d 4C010000 		.4byte	0x14c
 463 0211 05       		.uleb128 0x5
 464 0212 04       		.byte	0x4
 465 0213 89010000 		.4byte	0x189
 466 0217 05       		.uleb128 0x5
 467 0218 04       		.byte	0x4
 468 0219 5C010000 		.4byte	0x15c
 469 021d 04       		.uleb128 0x4
 470 021e 0F020000 		.4byte	.LASF32
 471 0222 05       		.byte	0x5
 472 0223 9A       		.byte	0x9a
 473 0224 AE010000 		.4byte	0x1ae
 474 0228 05       		.uleb128 0x5
 475 0229 04       		.byte	0x4
 476 022a 0D010000 		.4byte	0x10d
 477 022e 07       		.uleb128 0x7
 478 022f A1030000 		.4byte	.LASF33
 479 0233 05       		.byte	0x5
 480 0234 4301     		.2byte	0x143
 481 0236 3A020000 		.4byte	0x23a
 482 023a 10       		.uleb128 0x10
 483 023b A1030000 		.4byte	.LASF33
 484 023f 1C       		.byte	0x1c
 485 0240 06       		.byte	0x6
 486 0241 B0       		.byte	0xb0
 487 0242 99020000 		.4byte	0x299
 488 0246 0F       		.uleb128 0xf
 489 0247 DB010000 		.4byte	.LASF34
 490 024b 06       		.byte	0x6
 491 024c B4       		.byte	0xb4
 492 024d A2030000 		.4byte	0x3a2
 493 0251 00       		.byte	0
 494 0252 0F       		.uleb128 0xf
 495 0253 8F010000 		.4byte	.LASF35
 496 0257 06       		.byte	0x6
 497 0258 B5       		.byte	0xb5
 498 0259 A2030000 		.4byte	0x3a2
 499 025d 04       		.byte	0x4
 500 025e 09       		.uleb128 0x9
 501 025f 7500     		.ascii	"u\000"
 502 0261 06       		.byte	0x6
 503 0262 BC       		.byte	0xbc
 504 0263 C2040000 		.4byte	0x4c2
 505 0267 08       		.byte	0x8
ARM GAS  C:\Users\PC\AppData\Local\Temp\cc3S0kRm.s 			page 14


 506 0268 0F       		.uleb128 0xf
 507 0269 3C010000 		.4byte	.LASF36
 508 026d 06       		.byte	0x6
 509 026e C0       		.byte	0xc0
 510 026f E1040000 		.4byte	0x4e1
 511 0273 0C       		.byte	0xc
 512 0274 0F       		.uleb128 0xf
 513 0275 00000000 		.4byte	.LASF37
 514 0279 06       		.byte	0x6
 515 027a C1       		.byte	0xc1
 516 027b 59030000 		.4byte	0x359
 517 027f 10       		.byte	0x10
 518 0280 0F       		.uleb128 0xf
 519 0281 A1010000 		.4byte	.LASF38
 520 0285 06       		.byte	0x6
 521 0286 C2       		.byte	0xc2
 522 0287 61000000 		.4byte	0x61
 523 028b 14       		.byte	0x14
 524 028c 0F       		.uleb128 0xf
 525 028d C2010000 		.4byte	.LASF39
 526 0291 06       		.byte	0x6
 527 0292 C3       		.byte	0xc3
 528 0293 25000000 		.4byte	0x25
 529 0297 18       		.byte	0x18
 530 0298 00       		.byte	0
 531 0299 07       		.uleb128 0x7
 532 029a 47010000 		.4byte	.LASF40
 533 029e 05       		.byte	0x5
 534 029f 4401     		.2byte	0x144
 535 02a1 A5020000 		.4byte	0x2a5
 536 02a5 10       		.uleb128 0x10
 537 02a6 47010000 		.4byte	.LASF40
 538 02aa 34       		.byte	0x34
 539 02ab 06       		.byte	0x6
 540 02ac 6A       		.byte	0x6a
 541 02ad 4E030000 		.4byte	0x34e
 542 02b1 0F       		.uleb128 0xf
 543 02b2 90030000 		.4byte	.LASF41
 544 02b6 06       		.byte	0x6
 545 02b7 6E       		.byte	0x6e
 546 02b8 25000000 		.4byte	0x25
 547 02bc 00       		.byte	0
 548 02bd 0F       		.uleb128 0xf
 549 02be E0030000 		.4byte	.LASF42
 550 02c2 06       		.byte	0x6
 551 02c3 72       		.byte	0x72
 552 02c4 B3030000 		.4byte	0x3b3
 553 02c8 04       		.byte	0x4
 554 02c9 0F       		.uleb128 0xf
 555 02ca 95010000 		.4byte	.LASF43
 556 02ce 06       		.byte	0x6
 557 02cf 73       		.byte	0x73
 558 02d0 D3030000 		.4byte	0x3d3
 559 02d4 08       		.byte	0x8
 560 02d5 0F       		.uleb128 0xf
 561 02d6 1B010000 		.4byte	.LASF44
 562 02da 06       		.byte	0x6
ARM GAS  C:\Users\PC\AppData\Local\Temp\cc3S0kRm.s 			page 15


 563 02db 74       		.byte	0x74
 564 02dc D3030000 		.4byte	0x3d3
 565 02e0 0C       		.byte	0xc
 566 02e1 0F       		.uleb128 0xf
 567 02e2 54000000 		.4byte	.LASF45
 568 02e6 06       		.byte	0x6
 569 02e7 75       		.byte	0x75
 570 02e8 F8030000 		.4byte	0x3f8
 571 02ec 10       		.byte	0x10
 572 02ed 0F       		.uleb128 0xf
 573 02ee FF010000 		.4byte	.LASF46
 574 02f2 06       		.byte	0x6
 575 02f3 76       		.byte	0x76
 576 02f4 17040000 		.4byte	0x417
 577 02f8 14       		.byte	0x14
 578 02f9 0F       		.uleb128 0xf
 579 02fa EA020000 		.4byte	.LASF47
 580 02fe 06       		.byte	0x6
 581 02ff 77       		.byte	0x77
 582 0300 37040000 		.4byte	0x437
 583 0304 18       		.byte	0x18
 584 0305 0F       		.uleb128 0xf
 585 0306 42040000 		.4byte	.LASF48
 586 030a 06       		.byte	0x6
 587 030b 78       		.byte	0x78
 588 030c 52040000 		.4byte	0x452
 589 0310 1C       		.byte	0x1c
 590 0311 0F       		.uleb128 0xf
 591 0312 4D040000 		.4byte	.LASF49
 592 0316 06       		.byte	0x6
 593 0317 7C       		.byte	0x7c
 594 0318 52040000 		.4byte	0x452
 595 031c 20       		.byte	0x20
 596 031d 0F       		.uleb128 0xf
 597 031e ED030000 		.4byte	.LASF50
 598 0322 06       		.byte	0x6
 599 0323 80       		.byte	0x80
 600 0324 72040000 		.4byte	0x472
 601 0328 24       		.byte	0x24
 602 0329 0F       		.uleb128 0xf
 603 032a CA040000 		.4byte	.LASF51
 604 032e 06       		.byte	0x6
 605 032f 81       		.byte	0x81
 606 0330 8C040000 		.4byte	0x48c
 607 0334 28       		.byte	0x28
 608 0335 0F       		.uleb128 0xf
 609 0336 7C000000 		.4byte	.LASF52
 610 033a 06       		.byte	0x6
 611 033b 82       		.byte	0x82
 612 033c A6040000 		.4byte	0x4a6
 613 0340 2C       		.byte	0x2c
 614 0341 0F       		.uleb128 0xf
 615 0342 32010000 		.4byte	.LASF53
 616 0346 06       		.byte	0x6
 617 0347 83       		.byte	0x83
 618 0348 BC040000 		.4byte	0x4bc
 619 034c 30       		.byte	0x30
ARM GAS  C:\Users\PC\AppData\Local\Temp\cc3S0kRm.s 			page 16


 620 034d 00       		.byte	0
 621 034e 05       		.uleb128 0x5
 622 034f 04       		.byte	0x4
 623 0350 54030000 		.4byte	0x354
 624 0354 11       		.uleb128 0x11
 625 0355 53000000 		.4byte	0x53
 626 0359 05       		.uleb128 0x5
 627 035a 04       		.byte	0x4
 628 035b 5F030000 		.4byte	0x35f
 629 035f 11       		.uleb128 0x11
 630 0360 1D020000 		.4byte	0x21d
 631 0364 05       		.uleb128 0x5
 632 0365 04       		.byte	0x4
 633 0366 53000000 		.4byte	0x53
 634 036a 0D       		.uleb128 0xd
 635 036b A2030000 		.4byte	0x3a2
 636 036f 0B       		.uleb128 0xb
 637 0370 A2030000 		.4byte	0x3a2
 638 0374 0B       		.uleb128 0xb
 639 0375 25000000 		.4byte	0x25
 640 0379 0B       		.uleb128 0xb
 641 037a 25000000 		.4byte	0x25
 642 037e 0B       		.uleb128 0xb
 643 037f 25000000 		.4byte	0x25
 644 0383 0B       		.uleb128 0xb
 645 0384 25000000 		.4byte	0x25
 646 0388 0B       		.uleb128 0xb
 647 0389 25000000 		.4byte	0x25
 648 038d 0B       		.uleb128 0xb
 649 038e 25000000 		.4byte	0x25
 650 0392 0B       		.uleb128 0xb
 651 0393 4E030000 		.4byte	0x34e
 652 0397 0B       		.uleb128 0xb
 653 0398 25000000 		.4byte	0x25
 654 039c 0B       		.uleb128 0xb
 655 039d A8030000 		.4byte	0x3a8
 656 03a1 00       		.byte	0
 657 03a2 05       		.uleb128 0x5
 658 03a3 04       		.byte	0x4
 659 03a4 2E020000 		.4byte	0x22e
 660 03a8 05       		.uleb128 0x5
 661 03a9 04       		.byte	0x4
 662 03aa AE030000 		.4byte	0x3ae
 663 03ae 11       		.uleb128 0x11
 664 03af 7A000000 		.4byte	0x7a
 665 03b3 05       		.uleb128 0x5
 666 03b4 04       		.byte	0x4
 667 03b5 6A030000 		.4byte	0x36a
 668 03b9 0D       		.uleb128 0xd
 669 03ba D3030000 		.4byte	0x3d3
 670 03be 0B       		.uleb128 0xb
 671 03bf A2030000 		.4byte	0x3a2
 672 03c3 0B       		.uleb128 0xb
 673 03c4 25000000 		.4byte	0x25
 674 03c8 0B       		.uleb128 0xb
 675 03c9 25000000 		.4byte	0x25
 676 03cd 0B       		.uleb128 0xb
ARM GAS  C:\Users\PC\AppData\Local\Temp\cc3S0kRm.s 			page 17


 677 03ce 25000000 		.4byte	0x25
 678 03d2 00       		.byte	0
 679 03d3 05       		.uleb128 0x5
 680 03d4 04       		.byte	0x4
 681 03d5 B9030000 		.4byte	0x3b9
 682 03d9 0D       		.uleb128 0xd
 683 03da F8030000 		.4byte	0x3f8
 684 03de 0B       		.uleb128 0xb
 685 03df A2030000 		.4byte	0x3a2
 686 03e3 0B       		.uleb128 0xb
 687 03e4 25000000 		.4byte	0x25
 688 03e8 0B       		.uleb128 0xb
 689 03e9 25000000 		.4byte	0x25
 690 03ed 0B       		.uleb128 0xb
 691 03ee 25000000 		.4byte	0x25
 692 03f2 0B       		.uleb128 0xb
 693 03f3 25000000 		.4byte	0x25
 694 03f7 00       		.byte	0
 695 03f8 05       		.uleb128 0x5
 696 03f9 04       		.byte	0x4
 697 03fa D9030000 		.4byte	0x3d9
 698 03fe 0A       		.uleb128 0xa
 699 03ff 7A000000 		.4byte	0x7a
 700 0403 17040000 		.4byte	0x417
 701 0407 0B       		.uleb128 0xb
 702 0408 A2030000 		.4byte	0x3a2
 703 040c 0B       		.uleb128 0xb
 704 040d 25000000 		.4byte	0x25
 705 0411 0B       		.uleb128 0xb
 706 0412 25000000 		.4byte	0x25
 707 0416 00       		.byte	0
 708 0417 05       		.uleb128 0x5
 709 0418 04       		.byte	0x4
 710 0419 FE030000 		.4byte	0x3fe
 711 041d 0D       		.uleb128 0xd
 712 041e 37040000 		.4byte	0x437
 713 0422 0B       		.uleb128 0xb
 714 0423 A2030000 		.4byte	0x3a2
 715 0427 0B       		.uleb128 0xb
 716 0428 25000000 		.4byte	0x25
 717 042c 0B       		.uleb128 0xb
 718 042d 25000000 		.4byte	0x25
 719 0431 0B       		.uleb128 0xb
 720 0432 7A000000 		.4byte	0x7a
 721 0436 00       		.byte	0
 722 0437 05       		.uleb128 0x5
 723 0438 04       		.byte	0x4
 724 0439 1D040000 		.4byte	0x41d
 725 043d 0D       		.uleb128 0xd
 726 043e 52040000 		.4byte	0x452
 727 0442 0B       		.uleb128 0xb
 728 0443 A2030000 		.4byte	0x3a2
 729 0447 0B       		.uleb128 0xb
 730 0448 25000000 		.4byte	0x25
 731 044c 0B       		.uleb128 0xb
 732 044d 25000000 		.4byte	0x25
 733 0451 00       		.byte	0
ARM GAS  C:\Users\PC\AppData\Local\Temp\cc3S0kRm.s 			page 18


 734 0452 05       		.uleb128 0x5
 735 0453 04       		.byte	0x4
 736 0454 3D040000 		.4byte	0x43d
 737 0458 0A       		.uleb128 0xa
 738 0459 A5000000 		.4byte	0xa5
 739 045d 6C040000 		.4byte	0x46c
 740 0461 0B       		.uleb128 0xb
 741 0462 6C040000 		.4byte	0x46c
 742 0466 0B       		.uleb128 0xb
 743 0467 25000000 		.4byte	0x25
 744 046b 00       		.byte	0
 745 046c 05       		.uleb128 0x5
 746 046d 04       		.byte	0x4
 747 046e A2030000 		.4byte	0x3a2
 748 0472 05       		.uleb128 0x5
 749 0473 04       		.byte	0x4
 750 0474 58040000 		.4byte	0x458
 751 0478 0A       		.uleb128 0xa
 752 0479 68000000 		.4byte	0x68
 753 047d 8C040000 		.4byte	0x48c
 754 0481 0B       		.uleb128 0xb
 755 0482 A2030000 		.4byte	0x3a2
 756 0486 0B       		.uleb128 0xb
 757 0487 25000000 		.4byte	0x25
 758 048b 00       		.byte	0
 759 048c 05       		.uleb128 0x5
 760 048d 04       		.byte	0x4
 761 048e 78040000 		.4byte	0x478
 762 0492 0A       		.uleb128 0xa
 763 0493 81010000 		.4byte	0x181
 764 0497 A6040000 		.4byte	0x4a6
 765 049b 0B       		.uleb128 0xb
 766 049c A2030000 		.4byte	0x3a2
 767 04a0 0B       		.uleb128 0xb
 768 04a1 25000000 		.4byte	0x25
 769 04a5 00       		.byte	0
 770 04a6 05       		.uleb128 0x5
 771 04a7 04       		.byte	0x4
 772 04a8 92040000 		.4byte	0x492
 773 04ac 0D       		.uleb128 0xd
 774 04ad BC040000 		.4byte	0x4bc
 775 04b1 0B       		.uleb128 0xb
 776 04b2 A2030000 		.4byte	0x3a2
 777 04b6 0B       		.uleb128 0xb
 778 04b7 28020000 		.4byte	0x228
 779 04bb 00       		.byte	0
 780 04bc 05       		.uleb128 0x5
 781 04bd 04       		.byte	0x4
 782 04be AC040000 		.4byte	0x4ac
 783 04c2 12       		.uleb128 0x12
 784 04c3 04       		.byte	0x4
 785 04c4 06       		.byte	0x6
 786 04c5 B9       		.byte	0xb9
 787 04c6 E1040000 		.4byte	0x4e1
 788 04ca 13       		.uleb128 0x13
 789 04cb 73020000 		.4byte	.LASF54
 790 04cf 06       		.byte	0x6
ARM GAS  C:\Users\PC\AppData\Local\Temp\cc3S0kRm.s 			page 19


 791 04d0 BA       		.byte	0xba
 792 04d1 68000000 		.4byte	0x68
 793 04d5 13       		.uleb128 0x13
 794 04d6 D7030000 		.4byte	.LASF55
 795 04da 06       		.byte	0x6
 796 04db BB       		.byte	0xbb
 797 04dc 81010000 		.4byte	0x181
 798 04e0 00       		.byte	0
 799 04e1 05       		.uleb128 0x5
 800 04e2 04       		.byte	0x4
 801 04e3 E7040000 		.4byte	0x4e7
 802 04e7 11       		.uleb128 0x11
 803 04e8 99020000 		.4byte	0x299
 804 04ec 08       		.uleb128 0x8
 805 04ed 04       		.byte	0x4
 806 04ee 07       		.byte	0x7
 807 04ef 38       		.byte	0x38
 808 04f0 01050000 		.4byte	0x501
 809 04f4 0F       		.uleb128 0xf
 810 04f5 3F000000 		.4byte	.LASF56
 811 04f9 07       		.byte	0x7
 812 04fa 39       		.byte	0x39
 813 04fb 25000000 		.4byte	0x25
 814 04ff 00       		.byte	0
 815 0500 00       		.byte	0
 816 0501 04       		.uleb128 0x4
 817 0502 FA020000 		.4byte	.LASF57
 818 0506 07       		.byte	0x7
 819 0507 3A       		.byte	0x3a
 820 0508 EC040000 		.4byte	0x4ec
 821 050c 14       		.uleb128 0x14
 822 050d 64030000 		.4byte	0x364
 823 0511 1C050000 		.4byte	0x51c
 824 0515 15       		.uleb128 0x15
 825 0516 9E000000 		.4byte	0x9e
 826 051a 07       		.byte	0x7
 827 051b 00       		.byte	0
 828 051c 08       		.uleb128 0x8
 829 051d 20       		.byte	0x20
 830 051e 01       		.byte	0x1
 831 051f 6E       		.byte	0x6e
 832 0520 31050000 		.4byte	0x531
 833 0524 0F       		.uleb128 0xf
 834 0525 22020000 		.4byte	.LASF58
 835 0529 01       		.byte	0x1
 836 052a 6F       		.byte	0x6f
 837 052b 0C050000 		.4byte	0x50c
 838 052f 00       		.byte	0
 839 0530 00       		.byte	0
 840 0531 16       		.uleb128 0x16
 841 0532 32000000 		.4byte	.LASF61
 842 0536 01       		.byte	0x1
 843 0537 83       		.byte	0x83
 844 0538 00000000 		.4byte	.LFB36
 845 053c 6C000000 		.4byte	.LFE36-.LFB36
 846 0540 01       		.uleb128 0x1
 847 0541 9C       		.byte	0x9c
ARM GAS  C:\Users\PC\AppData\Local\Temp\cc3S0kRm.s 			page 20


 848 0542 2D060000 		.4byte	0x62d
 849 0546 17       		.uleb128 0x17
 850 0547 C2040000 		.4byte	.LASF59
 851 054b 01       		.byte	0x1
 852 054c 85       		.byte	0x85
 853 054d A2030000 		.4byte	0x3a2
 854 0551 00000000 		.4byte	.LLST0
 855 0555 18       		.uleb128 0x18
 856 0556 5E020000 		.4byte	.LASF60
 857 055a 01       		.byte	0x1
 858 055b 86       		.byte	0x86
 859 055c 01050000 		.4byte	0x501
 860 0560 02       		.uleb128 0x2
 861 0561 91       		.byte	0x91
 862 0562 74       		.sleb128 -12
 863 0563 19       		.uleb128 0x19
 864 0564 14000000 		.4byte	.LVL0
 865 0568 03070000 		.4byte	0x703
 866 056c 7B050000 		.4byte	0x57b
 867 0570 1A       		.uleb128 0x1a
 868 0571 01       		.uleb128 0x1
 869 0572 52       		.byte	0x52
 870 0573 01       		.uleb128 0x1
 871 0574 30       		.byte	0x30
 872 0575 1A       		.uleb128 0x1a
 873 0576 01       		.uleb128 0x1
 874 0577 53       		.byte	0x53
 875 0578 01       		.uleb128 0x1
 876 0579 30       		.byte	0x30
 877 057a 00       		.byte	0
 878 057b 19       		.uleb128 0x19
 879 057c 1A000000 		.4byte	.LVL1
 880 0580 0F070000 		.4byte	0x70f
 881 0584 8F050000 		.4byte	0x58f
 882 0588 1A       		.uleb128 0x1a
 883 0589 01       		.uleb128 0x1
 884 058a 51       		.byte	0x51
 885 058b 02       		.uleb128 0x2
 886 058c 91       		.byte	0x91
 887 058d 74       		.sleb128 -12
 888 058e 00       		.byte	0
 889 058f 1B       		.uleb128 0x1b
 890 0590 1E000000 		.4byte	.LVL2
 891 0594 1A070000 		.4byte	0x71a
 892 0598 19       		.uleb128 0x19
 893 0599 30000000 		.4byte	.LVL3
 894 059d 26070000 		.4byte	0x726
 895 05a1 B7050000 		.4byte	0x5b7
 896 05a5 1A       		.uleb128 0x1a
 897 05a6 01       		.uleb128 0x1
 898 05a7 50       		.byte	0x50
 899 05a8 01       		.uleb128 0x1
 900 05a9 30       		.byte	0x30
 901 05aa 1A       		.uleb128 0x1a
 902 05ab 01       		.uleb128 0x1
 903 05ac 51       		.byte	0x51
 904 05ad 02       		.uleb128 0x2
ARM GAS  C:\Users\PC\AppData\Local\Temp\cc3S0kRm.s 			page 21


 905 05ae 08       		.byte	0x8
 906 05af B0       		.byte	0xb0
 907 05b0 1A       		.uleb128 0x1a
 908 05b1 01       		.uleb128 0x1
 909 05b2 52       		.byte	0x52
 910 05b3 02       		.uleb128 0x2
 911 05b4 74       		.byte	0x74
 912 05b5 00       		.sleb128 0
 913 05b6 00       		.byte	0
 914 05b7 19       		.uleb128 0x19
 915 05b8 3A000000 		.4byte	.LVL4
 916 05bc 32070000 		.4byte	0x732
 917 05c0 D6050000 		.4byte	0x5d6
 918 05c4 1A       		.uleb128 0x1a
 919 05c5 01       		.uleb128 0x1
 920 05c6 50       		.byte	0x50
 921 05c7 01       		.uleb128 0x1
 922 05c8 30       		.byte	0x30
 923 05c9 1A       		.uleb128 0x1a
 924 05ca 01       		.uleb128 0x1
 925 05cb 51       		.byte	0x51
 926 05cc 02       		.uleb128 0x2
 927 05cd 08       		.byte	0x8
 928 05ce B0       		.byte	0xb0
 929 05cf 1A       		.uleb128 0x1a
 930 05d0 01       		.uleb128 0x1
 931 05d1 52       		.byte	0x52
 932 05d2 02       		.uleb128 0x2
 933 05d3 74       		.byte	0x74
 934 05d4 00       		.sleb128 0
 935 05d5 00       		.byte	0
 936 05d6 19       		.uleb128 0x19
 937 05d7 4A000000 		.4byte	.LVL5
 938 05db 26070000 		.4byte	0x726
 939 05df F5050000 		.4byte	0x5f5
 940 05e3 1A       		.uleb128 0x1a
 941 05e4 01       		.uleb128 0x1
 942 05e5 50       		.byte	0x50
 943 05e6 01       		.uleb128 0x1
 944 05e7 30       		.byte	0x30
 945 05e8 1A       		.uleb128 0x1a
 946 05e9 01       		.uleb128 0x1
 947 05ea 51       		.byte	0x51
 948 05eb 02       		.uleb128 0x2
 949 05ec 74       		.byte	0x74
 950 05ed 00       		.sleb128 0
 951 05ee 1A       		.uleb128 0x1a
 952 05ef 01       		.uleb128 0x1
 953 05f0 52       		.byte	0x52
 954 05f1 02       		.uleb128 0x2
 955 05f2 08       		.byte	0x8
 956 05f3 B0       		.byte	0xb0
 957 05f4 00       		.byte	0
 958 05f5 19       		.uleb128 0x19
 959 05f6 54000000 		.4byte	.LVL6
 960 05fa 32070000 		.4byte	0x732
 961 05fe 14060000 		.4byte	0x614
ARM GAS  C:\Users\PC\AppData\Local\Temp\cc3S0kRm.s 			page 22


 962 0602 1A       		.uleb128 0x1a
 963 0603 01       		.uleb128 0x1
 964 0604 50       		.byte	0x50
 965 0605 01       		.uleb128 0x1
 966 0606 30       		.byte	0x30
 967 0607 1A       		.uleb128 0x1a
 968 0608 01       		.uleb128 0x1
 969 0609 51       		.byte	0x51
 970 060a 02       		.uleb128 0x2
 971 060b 74       		.byte	0x74
 972 060c 00       		.sleb128 0
 973 060d 1A       		.uleb128 0x1a
 974 060e 01       		.uleb128 0x1
 975 060f 52       		.byte	0x52
 976 0610 02       		.uleb128 0x2
 977 0611 08       		.byte	0x8
 978 0612 B0       		.byte	0xb0
 979 0613 00       		.byte	0
 980 0614 1C       		.uleb128 0x1c
 981 0615 5C000000 		.4byte	.LVL7
 982 0619 3E070000 		.4byte	0x73e
 983 061d 1A       		.uleb128 0x1a
 984 061e 01       		.uleb128 0x1
 985 061f 50       		.byte	0x50
 986 0620 01       		.uleb128 0x1
 987 0621 30       		.byte	0x30
 988 0622 1A       		.uleb128 0x1a
 989 0623 01       		.uleb128 0x1
 990 0624 51       		.byte	0x51
 991 0625 05       		.uleb128 0x5
 992 0626 03       		.byte	0x3
 993 0627 00000000 		.4byte	.LANCHOR0
 994 062b 00       		.byte	0
 995 062c 00       		.byte	0
 996 062d 1D       		.uleb128 0x1d
 997 062e 6E040000 		.4byte	.LASF78
 998 0632 01       		.byte	0x1
 999 0633 B6       		.byte	0xb6
 1000 0634 25000000 		.4byte	0x25
 1001 0638 00000000 		.4byte	.LFB37
 1002 063c 0E000000 		.4byte	.LFE37-.LFB37
 1003 0640 01       		.uleb128 0x1
 1004 0641 9C       		.byte	0x9c
 1005 0642 77060000 		.4byte	0x677
 1006 0646 1E       		.uleb128 0x1e
 1007 0647 C2010000 		.4byte	.LASF39
 1008 064b 01       		.byte	0x1
 1009 064c B6       		.byte	0xb6
 1010 064d 2C000000 		.4byte	0x2c
 1011 0651 13000000 		.4byte	.LLST1
 1012 0655 1F       		.uleb128 0x1f
 1013 0656 436D6400 		.ascii	"Cmd\000"
 1014 065a 01       		.byte	0x1
 1015 065b B6       		.byte	0xb6
 1016 065c 2C000000 		.4byte	0x2c
 1017 0660 01       		.uleb128 0x1
 1018 0661 51       		.byte	0x51
ARM GAS  C:\Users\PC\AppData\Local\Temp\cc3S0kRm.s 			page 23


 1019 0662 1F       		.uleb128 0x1f
 1020 0663 7000     		.ascii	"p\000"
 1021 0665 01       		.byte	0x1
 1022 0666 B6       		.byte	0xb6
 1023 0667 81010000 		.4byte	0x181
 1024 066b 01       		.uleb128 0x1
 1025 066c 52       		.byte	0x52
 1026 066d 20       		.uleb128 0x20
 1027 066e 7200     		.ascii	"r\000"
 1028 0670 01       		.byte	0x1
 1029 0671 B7       		.byte	0xb7
 1030 0672 25000000 		.4byte	0x25
 1031 0676 00       		.byte	0
 1032 0677 16       		.uleb128 0x16
 1033 0678 1C000000 		.4byte	.LASF62
 1034 067c 01       		.byte	0x1
 1035 067d DA       		.byte	0xda
 1036 067e 00000000 		.4byte	.LFB38
 1037 0682 18000000 		.4byte	.LFE38-.LFB38
 1038 0686 01       		.uleb128 0x1
 1039 0687 9C       		.byte	0x9c
 1040 0688 B4060000 		.4byte	0x6b4
 1041 068c 21       		.uleb128 0x21
 1042 068d 17040000 		.4byte	.LASF63
 1043 0691 01       		.byte	0x1
 1044 0692 DA       		.byte	0xda
 1045 0693 B4060000 		.4byte	0x6b4
 1046 0697 01       		.uleb128 0x1
 1047 0698 50       		.byte	0x50
 1048 0699 21       		.uleb128 0x21
 1049 069a 3C040000 		.4byte	.LASF64
 1050 069e 01       		.byte	0x1
 1051 069f DA       		.byte	0xda
 1052 06a0 25000000 		.4byte	0x25
 1053 06a4 01       		.uleb128 0x1
 1054 06a5 51       		.byte	0x51
 1055 06a6 22       		.uleb128 0x22
 1056 06a7 6900     		.ascii	"i\000"
 1057 06a9 01       		.byte	0x1
 1058 06aa DC       		.byte	0xdc
 1059 06ab 25000000 		.4byte	0x25
 1060 06af 4D000000 		.4byte	.LLST2
 1061 06b3 00       		.byte	0
 1062 06b4 05       		.uleb128 0x5
 1063 06b5 04       		.byte	0x4
 1064 06b6 C1000000 		.4byte	0xc1
 1065 06ba 14       		.uleb128 0x14
 1066 06bb 53000000 		.4byte	0x53
 1067 06bf CB060000 		.4byte	0x6cb
 1068 06c3 23       		.uleb128 0x23
 1069 06c4 9E000000 		.4byte	0x9e
 1070 06c8 AF16     		.2byte	0x16af
 1071 06ca 00       		.byte	0
 1072 06cb 18       		.uleb128 0x18
 1073 06cc 5F000000 		.4byte	.LASF65
 1074 06d0 01       		.byte	0x1
 1075 06d1 69       		.byte	0x69
ARM GAS  C:\Users\PC\AppData\Local\Temp\cc3S0kRm.s 			page 24


 1076 06d2 BA060000 		.4byte	0x6ba
 1077 06d6 05       		.uleb128 0x5
 1078 06d7 03       		.byte	0x3
 1079 06d8 00000000 		.4byte	_aPlain_0
 1080 06dc 18       		.uleb128 0x18
 1081 06dd FA030000 		.4byte	.LASF66
 1082 06e1 01       		.byte	0x1
 1083 06e2 70       		.byte	0x70
 1084 06e3 1C050000 		.4byte	0x51c
 1085 06e7 05       		.uleb128 0x5
 1086 06e8 03       		.byte	0x3
 1087 06e9 00000000 		.4byte	_VRAM_Desc
 1088 06ed 24       		.uleb128 0x24
 1089 06ee 9A040000 		.4byte	.LASF67
 1090 06f2 05       		.byte	0x5
 1091 06f3 9D       		.byte	0x9d
 1092 06f4 5F030000 		.4byte	0x35f
 1093 06f8 24       		.uleb128 0x24
 1094 06f9 AD010000 		.4byte	.LASF68
 1095 06fd 07       		.byte	0x7
 1096 06fe 49       		.byte	0x49
 1097 06ff E7040000 		.4byte	0x4e7
 1098 0703 25       		.uleb128 0x25
 1099 0704 29020000 		.4byte	.LASF69
 1100 0708 29020000 		.4byte	.LASF69
 1101 070c 06       		.byte	0x6
 1102 070d 2201     		.2byte	0x122
 1103 070f 26       		.uleb128 0x26
 1104 0710 BF030000 		.4byte	.LASF70
 1105 0714 BF030000 		.4byte	.LASF70
 1106 0718 07       		.byte	0x7
 1107 0719 5C       		.byte	0x5c
 1108 071a 25       		.uleb128 0x25
 1109 071b 46000000 		.4byte	.LASF71
 1110 071f 46000000 		.4byte	.LASF71
 1111 0723 05       		.byte	0x5
 1112 0724 8F01     		.2byte	0x18f
 1113 0726 25       		.uleb128 0x25
 1114 0727 0E000000 		.4byte	.LASF72
 1115 072b 0E000000 		.4byte	.LASF72
 1116 072f 05       		.byte	0x5
 1117 0730 4902     		.2byte	0x249
 1118 0732 25       		.uleb128 0x25
 1119 0733 81030000 		.4byte	.LASF73
 1120 0737 81030000 		.4byte	.LASF73
 1121 073b 05       		.byte	0x5
 1122 073c 4C02     		.2byte	0x24c
 1123 073e 25       		.uleb128 0x25
 1124 073f 7D010000 		.4byte	.LASF74
 1125 0743 7D010000 		.4byte	.LASF74
 1126 0747 05       		.byte	0x5
 1127 0748 4B02     		.2byte	0x24b
 1128 074a 00       		.byte	0
 1129              		.section	.debug_abbrev,"",%progbits
 1130              	.Ldebug_abbrev0:
 1131 0000 01       		.uleb128 0x1
 1132 0001 11       		.uleb128 0x11
ARM GAS  C:\Users\PC\AppData\Local\Temp\cc3S0kRm.s 			page 25


 1133 0002 01       		.byte	0x1
 1134 0003 25       		.uleb128 0x25
 1135 0004 0E       		.uleb128 0xe
 1136 0005 13       		.uleb128 0x13
 1137 0006 0B       		.uleb128 0xb
 1138 0007 03       		.uleb128 0x3
 1139 0008 0E       		.uleb128 0xe
 1140 0009 1B       		.uleb128 0x1b
 1141 000a 0E       		.uleb128 0xe
 1142 000b 55       		.uleb128 0x55
 1143 000c 17       		.uleb128 0x17
 1144 000d 11       		.uleb128 0x11
 1145 000e 01       		.uleb128 0x1
 1146 000f 10       		.uleb128 0x10
 1147 0010 17       		.uleb128 0x17
 1148 0011 00       		.byte	0
 1149 0012 00       		.byte	0
 1150 0013 02       		.uleb128 0x2
 1151 0014 24       		.uleb128 0x24
 1152 0015 00       		.byte	0
 1153 0016 0B       		.uleb128 0xb
 1154 0017 0B       		.uleb128 0xb
 1155 0018 3E       		.uleb128 0x3e
 1156 0019 0B       		.uleb128 0xb
 1157 001a 03       		.uleb128 0x3
 1158 001b 08       		.uleb128 0x8
 1159 001c 00       		.byte	0
 1160 001d 00       		.byte	0
 1161 001e 03       		.uleb128 0x3
 1162 001f 24       		.uleb128 0x24
 1163 0020 00       		.byte	0
 1164 0021 0B       		.uleb128 0xb
 1165 0022 0B       		.uleb128 0xb
 1166 0023 3E       		.uleb128 0x3e
 1167 0024 0B       		.uleb128 0xb
 1168 0025 03       		.uleb128 0x3
 1169 0026 0E       		.uleb128 0xe
 1170 0027 00       		.byte	0
 1171 0028 00       		.byte	0
 1172 0029 04       		.uleb128 0x4
 1173 002a 16       		.uleb128 0x16
 1174 002b 00       		.byte	0
 1175 002c 03       		.uleb128 0x3
 1176 002d 0E       		.uleb128 0xe
 1177 002e 3A       		.uleb128 0x3a
 1178 002f 0B       		.uleb128 0xb
 1179 0030 3B       		.uleb128 0x3b
 1180 0031 0B       		.uleb128 0xb
 1181 0032 49       		.uleb128 0x49
 1182 0033 13       		.uleb128 0x13
 1183 0034 00       		.byte	0
 1184 0035 00       		.byte	0
 1185 0036 05       		.uleb128 0x5
 1186 0037 0F       		.uleb128 0xf
 1187 0038 00       		.byte	0
 1188 0039 0B       		.uleb128 0xb
 1189 003a 0B       		.uleb128 0xb
ARM GAS  C:\Users\PC\AppData\Local\Temp\cc3S0kRm.s 			page 26


 1190 003b 49       		.uleb128 0x49
 1191 003c 13       		.uleb128 0x13
 1192 003d 00       		.byte	0
 1193 003e 00       		.byte	0
 1194 003f 06       		.uleb128 0x6
 1195 0040 15       		.uleb128 0x15
 1196 0041 00       		.byte	0
 1197 0042 27       		.uleb128 0x27
 1198 0043 19       		.uleb128 0x19
 1199 0044 00       		.byte	0
 1200 0045 00       		.byte	0
 1201 0046 07       		.uleb128 0x7
 1202 0047 16       		.uleb128 0x16
 1203 0048 00       		.byte	0
 1204 0049 03       		.uleb128 0x3
 1205 004a 0E       		.uleb128 0xe
 1206 004b 3A       		.uleb128 0x3a
 1207 004c 0B       		.uleb128 0xb
 1208 004d 3B       		.uleb128 0x3b
 1209 004e 05       		.uleb128 0x5
 1210 004f 49       		.uleb128 0x49
 1211 0050 13       		.uleb128 0x13
 1212 0051 00       		.byte	0
 1213 0052 00       		.byte	0
 1214 0053 08       		.uleb128 0x8
 1215 0054 13       		.uleb128 0x13
 1216 0055 01       		.byte	0x1
 1217 0056 0B       		.uleb128 0xb
 1218 0057 0B       		.uleb128 0xb
 1219 0058 3A       		.uleb128 0x3a
 1220 0059 0B       		.uleb128 0xb
 1221 005a 3B       		.uleb128 0x3b
 1222 005b 0B       		.uleb128 0xb
 1223 005c 01       		.uleb128 0x1
 1224 005d 13       		.uleb128 0x13
 1225 005e 00       		.byte	0
 1226 005f 00       		.byte	0
 1227 0060 09       		.uleb128 0x9
 1228 0061 0D       		.uleb128 0xd
 1229 0062 00       		.byte	0
 1230 0063 03       		.uleb128 0x3
 1231 0064 08       		.uleb128 0x8
 1232 0065 3A       		.uleb128 0x3a
 1233 0066 0B       		.uleb128 0xb
 1234 0067 3B       		.uleb128 0x3b
 1235 0068 0B       		.uleb128 0xb
 1236 0069 49       		.uleb128 0x49
 1237 006a 13       		.uleb128 0x13
 1238 006b 38       		.uleb128 0x38
 1239 006c 0B       		.uleb128 0xb
 1240 006d 00       		.byte	0
 1241 006e 00       		.byte	0
 1242 006f 0A       		.uleb128 0xa
 1243 0070 15       		.uleb128 0x15
 1244 0071 01       		.byte	0x1
 1245 0072 27       		.uleb128 0x27
 1246 0073 19       		.uleb128 0x19
ARM GAS  C:\Users\PC\AppData\Local\Temp\cc3S0kRm.s 			page 27


 1247 0074 49       		.uleb128 0x49
 1248 0075 13       		.uleb128 0x13
 1249 0076 01       		.uleb128 0x1
 1250 0077 13       		.uleb128 0x13
 1251 0078 00       		.byte	0
 1252 0079 00       		.byte	0
 1253 007a 0B       		.uleb128 0xb
 1254 007b 05       		.uleb128 0x5
 1255 007c 00       		.byte	0
 1256 007d 49       		.uleb128 0x49
 1257 007e 13       		.uleb128 0x13
 1258 007f 00       		.byte	0
 1259 0080 00       		.byte	0
 1260 0081 0C       		.uleb128 0xc
 1261 0082 15       		.uleb128 0x15
 1262 0083 00       		.byte	0
 1263 0084 27       		.uleb128 0x27
 1264 0085 19       		.uleb128 0x19
 1265 0086 49       		.uleb128 0x49
 1266 0087 13       		.uleb128 0x13
 1267 0088 00       		.byte	0
 1268 0089 00       		.byte	0
 1269 008a 0D       		.uleb128 0xd
 1270 008b 15       		.uleb128 0x15
 1271 008c 01       		.byte	0x1
 1272 008d 27       		.uleb128 0x27
 1273 008e 19       		.uleb128 0x19
 1274 008f 01       		.uleb128 0x1
 1275 0090 13       		.uleb128 0x13
 1276 0091 00       		.byte	0
 1277 0092 00       		.byte	0
 1278 0093 0E       		.uleb128 0xe
 1279 0094 0F       		.uleb128 0xf
 1280 0095 00       		.byte	0
 1281 0096 0B       		.uleb128 0xb
 1282 0097 0B       		.uleb128 0xb
 1283 0098 00       		.byte	0
 1284 0099 00       		.byte	0
 1285 009a 0F       		.uleb128 0xf
 1286 009b 0D       		.uleb128 0xd
 1287 009c 00       		.byte	0
 1288 009d 03       		.uleb128 0x3
 1289 009e 0E       		.uleb128 0xe
 1290 009f 3A       		.uleb128 0x3a
 1291 00a0 0B       		.uleb128 0xb
 1292 00a1 3B       		.uleb128 0x3b
 1293 00a2 0B       		.uleb128 0xb
 1294 00a3 49       		.uleb128 0x49
 1295 00a4 13       		.uleb128 0x13
 1296 00a5 38       		.uleb128 0x38
 1297 00a6 0B       		.uleb128 0xb
 1298 00a7 00       		.byte	0
 1299 00a8 00       		.byte	0
 1300 00a9 10       		.uleb128 0x10
 1301 00aa 13       		.uleb128 0x13
 1302 00ab 01       		.byte	0x1
 1303 00ac 03       		.uleb128 0x3
ARM GAS  C:\Users\PC\AppData\Local\Temp\cc3S0kRm.s 			page 28


 1304 00ad 0E       		.uleb128 0xe
 1305 00ae 0B       		.uleb128 0xb
 1306 00af 0B       		.uleb128 0xb
 1307 00b0 3A       		.uleb128 0x3a
 1308 00b1 0B       		.uleb128 0xb
 1309 00b2 3B       		.uleb128 0x3b
 1310 00b3 0B       		.uleb128 0xb
 1311 00b4 01       		.uleb128 0x1
 1312 00b5 13       		.uleb128 0x13
 1313 00b6 00       		.byte	0
 1314 00b7 00       		.byte	0
 1315 00b8 11       		.uleb128 0x11
 1316 00b9 26       		.uleb128 0x26
 1317 00ba 00       		.byte	0
 1318 00bb 49       		.uleb128 0x49
 1319 00bc 13       		.uleb128 0x13
 1320 00bd 00       		.byte	0
 1321 00be 00       		.byte	0
 1322 00bf 12       		.uleb128 0x12
 1323 00c0 17       		.uleb128 0x17
 1324 00c1 01       		.byte	0x1
 1325 00c2 0B       		.uleb128 0xb
 1326 00c3 0B       		.uleb128 0xb
 1327 00c4 3A       		.uleb128 0x3a
 1328 00c5 0B       		.uleb128 0xb
 1329 00c6 3B       		.uleb128 0x3b
 1330 00c7 0B       		.uleb128 0xb
 1331 00c8 01       		.uleb128 0x1
 1332 00c9 13       		.uleb128 0x13
 1333 00ca 00       		.byte	0
 1334 00cb 00       		.byte	0
 1335 00cc 13       		.uleb128 0x13
 1336 00cd 0D       		.uleb128 0xd
 1337 00ce 00       		.byte	0
 1338 00cf 03       		.uleb128 0x3
 1339 00d0 0E       		.uleb128 0xe
 1340 00d1 3A       		.uleb128 0x3a
 1341 00d2 0B       		.uleb128 0xb
 1342 00d3 3B       		.uleb128 0x3b
 1343 00d4 0B       		.uleb128 0xb
 1344 00d5 49       		.uleb128 0x49
 1345 00d6 13       		.uleb128 0x13
 1346 00d7 00       		.byte	0
 1347 00d8 00       		.byte	0
 1348 00d9 14       		.uleb128 0x14
 1349 00da 01       		.uleb128 0x1
 1350 00db 01       		.byte	0x1
 1351 00dc 49       		.uleb128 0x49
 1352 00dd 13       		.uleb128 0x13
 1353 00de 01       		.uleb128 0x1
 1354 00df 13       		.uleb128 0x13
 1355 00e0 00       		.byte	0
 1356 00e1 00       		.byte	0
 1357 00e2 15       		.uleb128 0x15
 1358 00e3 21       		.uleb128 0x21
 1359 00e4 00       		.byte	0
 1360 00e5 49       		.uleb128 0x49
ARM GAS  C:\Users\PC\AppData\Local\Temp\cc3S0kRm.s 			page 29


 1361 00e6 13       		.uleb128 0x13
 1362 00e7 2F       		.uleb128 0x2f
 1363 00e8 0B       		.uleb128 0xb
 1364 00e9 00       		.byte	0
 1365 00ea 00       		.byte	0
 1366 00eb 16       		.uleb128 0x16
 1367 00ec 2E       		.uleb128 0x2e
 1368 00ed 01       		.byte	0x1
 1369 00ee 3F       		.uleb128 0x3f
 1370 00ef 19       		.uleb128 0x19
 1371 00f0 03       		.uleb128 0x3
 1372 00f1 0E       		.uleb128 0xe
 1373 00f2 3A       		.uleb128 0x3a
 1374 00f3 0B       		.uleb128 0xb
 1375 00f4 3B       		.uleb128 0x3b
 1376 00f5 0B       		.uleb128 0xb
 1377 00f6 27       		.uleb128 0x27
 1378 00f7 19       		.uleb128 0x19
 1379 00f8 11       		.uleb128 0x11
 1380 00f9 01       		.uleb128 0x1
 1381 00fa 12       		.uleb128 0x12
 1382 00fb 06       		.uleb128 0x6
 1383 00fc 40       		.uleb128 0x40
 1384 00fd 18       		.uleb128 0x18
 1385 00fe 9742     		.uleb128 0x2117
 1386 0100 19       		.uleb128 0x19
 1387 0101 01       		.uleb128 0x1
 1388 0102 13       		.uleb128 0x13
 1389 0103 00       		.byte	0
 1390 0104 00       		.byte	0
 1391 0105 17       		.uleb128 0x17
 1392 0106 34       		.uleb128 0x34
 1393 0107 00       		.byte	0
 1394 0108 03       		.uleb128 0x3
 1395 0109 0E       		.uleb128 0xe
 1396 010a 3A       		.uleb128 0x3a
 1397 010b 0B       		.uleb128 0xb
 1398 010c 3B       		.uleb128 0x3b
 1399 010d 0B       		.uleb128 0xb
 1400 010e 49       		.uleb128 0x49
 1401 010f 13       		.uleb128 0x13
 1402 0110 02       		.uleb128 0x2
 1403 0111 17       		.uleb128 0x17
 1404 0112 00       		.byte	0
 1405 0113 00       		.byte	0
 1406 0114 18       		.uleb128 0x18
 1407 0115 34       		.uleb128 0x34
 1408 0116 00       		.byte	0
 1409 0117 03       		.uleb128 0x3
 1410 0118 0E       		.uleb128 0xe
 1411 0119 3A       		.uleb128 0x3a
 1412 011a 0B       		.uleb128 0xb
 1413 011b 3B       		.uleb128 0x3b
 1414 011c 0B       		.uleb128 0xb
 1415 011d 49       		.uleb128 0x49
 1416 011e 13       		.uleb128 0x13
 1417 011f 02       		.uleb128 0x2
ARM GAS  C:\Users\PC\AppData\Local\Temp\cc3S0kRm.s 			page 30


 1418 0120 18       		.uleb128 0x18
 1419 0121 00       		.byte	0
 1420 0122 00       		.byte	0
 1421 0123 19       		.uleb128 0x19
 1422 0124 898201   		.uleb128 0x4109
 1423 0127 01       		.byte	0x1
 1424 0128 11       		.uleb128 0x11
 1425 0129 01       		.uleb128 0x1
 1426 012a 31       		.uleb128 0x31
 1427 012b 13       		.uleb128 0x13
 1428 012c 01       		.uleb128 0x1
 1429 012d 13       		.uleb128 0x13
 1430 012e 00       		.byte	0
 1431 012f 00       		.byte	0
 1432 0130 1A       		.uleb128 0x1a
 1433 0131 8A8201   		.uleb128 0x410a
 1434 0134 00       		.byte	0
 1435 0135 02       		.uleb128 0x2
 1436 0136 18       		.uleb128 0x18
 1437 0137 9142     		.uleb128 0x2111
 1438 0139 18       		.uleb128 0x18
 1439 013a 00       		.byte	0
 1440 013b 00       		.byte	0
 1441 013c 1B       		.uleb128 0x1b
 1442 013d 898201   		.uleb128 0x4109
 1443 0140 00       		.byte	0
 1444 0141 11       		.uleb128 0x11
 1445 0142 01       		.uleb128 0x1
 1446 0143 31       		.uleb128 0x31
 1447 0144 13       		.uleb128 0x13
 1448 0145 00       		.byte	0
 1449 0146 00       		.byte	0
 1450 0147 1C       		.uleb128 0x1c
 1451 0148 898201   		.uleb128 0x4109
 1452 014b 01       		.byte	0x1
 1453 014c 11       		.uleb128 0x11
 1454 014d 01       		.uleb128 0x1
 1455 014e 31       		.uleb128 0x31
 1456 014f 13       		.uleb128 0x13
 1457 0150 00       		.byte	0
 1458 0151 00       		.byte	0
 1459 0152 1D       		.uleb128 0x1d
 1460 0153 2E       		.uleb128 0x2e
 1461 0154 01       		.byte	0x1
 1462 0155 3F       		.uleb128 0x3f
 1463 0156 19       		.uleb128 0x19
 1464 0157 03       		.uleb128 0x3
 1465 0158 0E       		.uleb128 0xe
 1466 0159 3A       		.uleb128 0x3a
 1467 015a 0B       		.uleb128 0xb
 1468 015b 3B       		.uleb128 0x3b
 1469 015c 0B       		.uleb128 0xb
 1470 015d 27       		.uleb128 0x27
 1471 015e 19       		.uleb128 0x19
 1472 015f 49       		.uleb128 0x49
 1473 0160 13       		.uleb128 0x13
 1474 0161 11       		.uleb128 0x11
ARM GAS  C:\Users\PC\AppData\Local\Temp\cc3S0kRm.s 			page 31


 1475 0162 01       		.uleb128 0x1
 1476 0163 12       		.uleb128 0x12
 1477 0164 06       		.uleb128 0x6
 1478 0165 40       		.uleb128 0x40
 1479 0166 18       		.uleb128 0x18
 1480 0167 9742     		.uleb128 0x2117
 1481 0169 19       		.uleb128 0x19
 1482 016a 01       		.uleb128 0x1
 1483 016b 13       		.uleb128 0x13
 1484 016c 00       		.byte	0
 1485 016d 00       		.byte	0
 1486 016e 1E       		.uleb128 0x1e
 1487 016f 05       		.uleb128 0x5
 1488 0170 00       		.byte	0
 1489 0171 03       		.uleb128 0x3
 1490 0172 0E       		.uleb128 0xe
 1491 0173 3A       		.uleb128 0x3a
 1492 0174 0B       		.uleb128 0xb
 1493 0175 3B       		.uleb128 0x3b
 1494 0176 0B       		.uleb128 0xb
 1495 0177 49       		.uleb128 0x49
 1496 0178 13       		.uleb128 0x13
 1497 0179 02       		.uleb128 0x2
 1498 017a 17       		.uleb128 0x17
 1499 017b 00       		.byte	0
 1500 017c 00       		.byte	0
 1501 017d 1F       		.uleb128 0x1f
 1502 017e 05       		.uleb128 0x5
 1503 017f 00       		.byte	0
 1504 0180 03       		.uleb128 0x3
 1505 0181 08       		.uleb128 0x8
 1506 0182 3A       		.uleb128 0x3a
 1507 0183 0B       		.uleb128 0xb
 1508 0184 3B       		.uleb128 0x3b
 1509 0185 0B       		.uleb128 0xb
 1510 0186 49       		.uleb128 0x49
 1511 0187 13       		.uleb128 0x13
 1512 0188 02       		.uleb128 0x2
 1513 0189 18       		.uleb128 0x18
 1514 018a 00       		.byte	0
 1515 018b 00       		.byte	0
 1516 018c 20       		.uleb128 0x20
 1517 018d 34       		.uleb128 0x34
 1518 018e 00       		.byte	0
 1519 018f 03       		.uleb128 0x3
 1520 0190 08       		.uleb128 0x8
 1521 0191 3A       		.uleb128 0x3a
 1522 0192 0B       		.uleb128 0xb
 1523 0193 3B       		.uleb128 0x3b
 1524 0194 0B       		.uleb128 0xb
 1525 0195 49       		.uleb128 0x49
 1526 0196 13       		.uleb128 0x13
 1527 0197 00       		.byte	0
 1528 0198 00       		.byte	0
 1529 0199 21       		.uleb128 0x21
 1530 019a 05       		.uleb128 0x5
 1531 019b 00       		.byte	0
ARM GAS  C:\Users\PC\AppData\Local\Temp\cc3S0kRm.s 			page 32


 1532 019c 03       		.uleb128 0x3
 1533 019d 0E       		.uleb128 0xe
 1534 019e 3A       		.uleb128 0x3a
 1535 019f 0B       		.uleb128 0xb
 1536 01a0 3B       		.uleb128 0x3b
 1537 01a1 0B       		.uleb128 0xb
 1538 01a2 49       		.uleb128 0x49
 1539 01a3 13       		.uleb128 0x13
 1540 01a4 02       		.uleb128 0x2
 1541 01a5 18       		.uleb128 0x18
 1542 01a6 00       		.byte	0
 1543 01a7 00       		.byte	0
 1544 01a8 22       		.uleb128 0x22
 1545 01a9 34       		.uleb128 0x34
 1546 01aa 00       		.byte	0
 1547 01ab 03       		.uleb128 0x3
 1548 01ac 08       		.uleb128 0x8
 1549 01ad 3A       		.uleb128 0x3a
 1550 01ae 0B       		.uleb128 0xb
 1551 01af 3B       		.uleb128 0x3b
 1552 01b0 0B       		.uleb128 0xb
 1553 01b1 49       		.uleb128 0x49
 1554 01b2 13       		.uleb128 0x13
 1555 01b3 02       		.uleb128 0x2
 1556 01b4 17       		.uleb128 0x17
 1557 01b5 00       		.byte	0
 1558 01b6 00       		.byte	0
 1559 01b7 23       		.uleb128 0x23
 1560 01b8 21       		.uleb128 0x21
 1561 01b9 00       		.byte	0
 1562 01ba 49       		.uleb128 0x49
 1563 01bb 13       		.uleb128 0x13
 1564 01bc 2F       		.uleb128 0x2f
 1565 01bd 05       		.uleb128 0x5
 1566 01be 00       		.byte	0
 1567 01bf 00       		.byte	0
 1568 01c0 24       		.uleb128 0x24
 1569 01c1 34       		.uleb128 0x34
 1570 01c2 00       		.byte	0
 1571 01c3 03       		.uleb128 0x3
 1572 01c4 0E       		.uleb128 0xe
 1573 01c5 3A       		.uleb128 0x3a
 1574 01c6 0B       		.uleb128 0xb
 1575 01c7 3B       		.uleb128 0x3b
 1576 01c8 0B       		.uleb128 0xb
 1577 01c9 49       		.uleb128 0x49
 1578 01ca 13       		.uleb128 0x13
 1579 01cb 3F       		.uleb128 0x3f
 1580 01cc 19       		.uleb128 0x19
 1581 01cd 3C       		.uleb128 0x3c
 1582 01ce 19       		.uleb128 0x19
 1583 01cf 00       		.byte	0
 1584 01d0 00       		.byte	0
 1585 01d1 25       		.uleb128 0x25
 1586 01d2 2E       		.uleb128 0x2e
 1587 01d3 00       		.byte	0
 1588 01d4 3F       		.uleb128 0x3f
ARM GAS  C:\Users\PC\AppData\Local\Temp\cc3S0kRm.s 			page 33


 1589 01d5 19       		.uleb128 0x19
 1590 01d6 3C       		.uleb128 0x3c
 1591 01d7 19       		.uleb128 0x19
 1592 01d8 6E       		.uleb128 0x6e
 1593 01d9 0E       		.uleb128 0xe
 1594 01da 03       		.uleb128 0x3
 1595 01db 0E       		.uleb128 0xe
 1596 01dc 3A       		.uleb128 0x3a
 1597 01dd 0B       		.uleb128 0xb
 1598 01de 3B       		.uleb128 0x3b
 1599 01df 05       		.uleb128 0x5
 1600 01e0 00       		.byte	0
 1601 01e1 00       		.byte	0
 1602 01e2 26       		.uleb128 0x26
 1603 01e3 2E       		.uleb128 0x2e
 1604 01e4 00       		.byte	0
 1605 01e5 3F       		.uleb128 0x3f
 1606 01e6 19       		.uleb128 0x19
 1607 01e7 3C       		.uleb128 0x3c
 1608 01e8 19       		.uleb128 0x19
 1609 01e9 6E       		.uleb128 0x6e
 1610 01ea 0E       		.uleb128 0xe
 1611 01eb 03       		.uleb128 0x3
 1612 01ec 0E       		.uleb128 0xe
 1613 01ed 3A       		.uleb128 0x3a
 1614 01ee 0B       		.uleb128 0xb
 1615 01ef 3B       		.uleb128 0x3b
 1616 01f0 0B       		.uleb128 0xb
 1617 01f1 00       		.byte	0
 1618 01f2 00       		.byte	0
 1619 01f3 00       		.byte	0
 1620              		.section	.debug_loc,"",%progbits
 1621              	.Ldebug_loc0:
 1622              	.LLST0:
 1623 0000 14000000 		.4byte	.LVL0
 1624 0004 19000000 		.4byte	.LVL1-1
 1625 0008 0100     		.2byte	0x1
 1626 000a 50       		.byte	0x50
 1627 000b 00000000 		.4byte	0
 1628 000f 00000000 		.4byte	0
 1629              	.LLST1:
 1630 0013 00000000 		.4byte	.LVL8
 1631 0017 06000000 		.4byte	.LVL9
 1632 001b 0100     		.2byte	0x1
 1633 001d 50       		.byte	0x50
 1634 001e 06000000 		.4byte	.LVL9
 1635 0022 08000000 		.4byte	.LVL10
 1636 0026 0400     		.2byte	0x4
 1637 0028 F3       		.byte	0xf3
 1638 0029 01       		.uleb128 0x1
 1639 002a 50       		.byte	0x50
 1640 002b 9F       		.byte	0x9f
 1641 002c 08000000 		.4byte	.LVL10
 1642 0030 0A000000 		.4byte	.LVL11
 1643 0034 0100     		.2byte	0x1
 1644 0036 50       		.byte	0x50
 1645 0037 0A000000 		.4byte	.LVL11
ARM GAS  C:\Users\PC\AppData\Local\Temp\cc3S0kRm.s 			page 34


 1646 003b 0E000000 		.4byte	.LFE37
 1647 003f 0400     		.2byte	0x4
 1648 0041 F3       		.byte	0xf3
 1649 0042 01       		.uleb128 0x1
 1650 0043 50       		.byte	0x50
 1651 0044 9F       		.byte	0x9f
 1652 0045 00000000 		.4byte	0
 1653 0049 00000000 		.4byte	0
 1654              	.LLST2:
 1655 004d 00000000 		.4byte	.LVL12
 1656 0051 04000000 		.4byte	.LVL13
 1657 0055 0200     		.2byte	0x2
 1658 0057 30       		.byte	0x30
 1659 0058 9F       		.byte	0x9f
 1660 0059 04000000 		.4byte	.LVL13
 1661 005d 18000000 		.4byte	.LFE38
 1662 0061 0100     		.2byte	0x1
 1663 0063 53       		.byte	0x53
 1664 0064 00000000 		.4byte	0
 1665 0068 00000000 		.4byte	0
 1666              		.section	.debug_aranges,"",%progbits
 1667 0000 2C000000 		.4byte	0x2c
 1668 0004 0200     		.2byte	0x2
 1669 0006 00000000 		.4byte	.Ldebug_info0
 1670 000a 04       		.byte	0x4
 1671 000b 00       		.byte	0
 1672 000c 0000     		.2byte	0
 1673 000e 0000     		.2byte	0
 1674 0010 00000000 		.4byte	.LFB36
 1675 0014 6C000000 		.4byte	.LFE36-.LFB36
 1676 0018 00000000 		.4byte	.LFB37
 1677 001c 0E000000 		.4byte	.LFE37-.LFB37
 1678 0020 00000000 		.4byte	.LFB38
 1679 0024 18000000 		.4byte	.LFE38-.LFB38
 1680 0028 00000000 		.4byte	0
 1681 002c 00000000 		.4byte	0
 1682              		.section	.debug_ranges,"",%progbits
 1683              	.Ldebug_ranges0:
 1684 0000 00000000 		.4byte	.LFB36
 1685 0004 6C000000 		.4byte	.LFE36
 1686 0008 00000000 		.4byte	.LFB37
 1687 000c 0E000000 		.4byte	.LFE37
 1688 0010 00000000 		.4byte	.LFB38
 1689 0014 18000000 		.4byte	.LFE38
 1690 0018 00000000 		.4byte	0
 1691 001c 00000000 		.4byte	0
 1692              		.section	.debug_line,"",%progbits
 1693              	.Ldebug_line0:
 1694 0000 5C020000 		.section	.debug_str,"MS",%progbits,1
 1694      02000502 
 1694      00000201 
 1694      FB0E0D00 
 1694      01010101 
 1695              	.LASF37:
 1696 0000 70436F6C 		.ascii	"pColorConvAPI\000"
 1696      6F72436F 
 1696      6E764150 
ARM GAS  C:\Users\PC\AppData\Local\Temp\cc3S0kRm.s 			page 35


 1696      4900
 1697              	.LASF72:
 1698 000e 4C43445F 		.ascii	"LCD_SetSizeEx\000"
 1698      53657453 
 1698      697A6545 
 1698      7800
 1699              	.LASF62:
 1700 001c 4C43445F 		.ascii	"LCD_CopyDisplayBuffer\000"
 1700      436F7079 
 1700      44697370 
 1700      6C617942 
 1700      75666665 
 1701              	.LASF61:
 1702 0032 4C43445F 		.ascii	"LCD_X_Config\000"
 1702      585F436F 
 1702      6E666967 
 1702      00
 1703              	.LASF56:
 1704 003f 4D697272 		.ascii	"Mirror\000"
 1704      6F7200
 1705              	.LASF71:
 1706 0046 4C43445F 		.ascii	"LCD_GetSwapXY\000"
 1706      47657453 
 1706      77617058 
 1706      5900
 1707              	.LASF45:
 1708 0054 70664669 		.ascii	"pfFillRect\000"
 1708      6C6C5265 
 1708      637400
 1709              	.LASF65:
 1710 005f 5F61506C 		.ascii	"_aPlain_0\000"
 1710      61696E5F 
 1710      3000
 1711              	.LASF5:
 1712 0069 73686F72 		.ascii	"short int\000"
 1712      7420696E 
 1712      7400
 1713              	.LASF14:
 1714 0073 73697A65 		.ascii	"sizetype\000"
 1714      74797065 
 1714      00
 1715              	.LASF52:
 1716 007c 70664765 		.ascii	"pfGetDevData\000"
 1716      74446576 
 1716      44617461 
 1716      00
 1717              	.LASF75:
 1718 0089 474E5520 		.ascii	"GNU C11 5.4.1 20160609 (release) [ARM/embedded-5-br"
 1718      43313120 
 1718      352E342E 
 1718      31203230 
 1718      31363036 
 1719 00bc 616E6368 		.ascii	"anch revision 237715] -mcpu=cortex-m0plus -mthumb -"
 1719      20726576 
 1719      6973696F 
 1719      6E203233 
 1719      37373135 
ARM GAS  C:\Users\PC\AppData\Local\Temp\cc3S0kRm.s 			page 36


 1720 00ef 67202D4F 		.ascii	"g -Og -ffunction-sections -ffat-lto-objects\000"
 1720      67202D66 
 1720      66756E63 
 1720      74696F6E 
 1720      2D736563 
 1721              	.LASF44:
 1722 011b 70664472 		.ascii	"pfDrawVLine\000"
 1722      6177564C 
 1722      696E6500 
 1723              	.LASF9:
 1724 0127 5F5F7569 		.ascii	"__uint32_t\000"
 1724      6E743332 
 1724      5F7400
 1725              	.LASF53:
 1726 0132 70664765 		.ascii	"pfGetRect\000"
 1726      74526563 
 1726      7400
 1727              	.LASF36:
 1728 013c 70446576 		.ascii	"pDeviceAPI\000"
 1728      69636541 
 1728      504900
 1729              	.LASF40:
 1730 0147 4755495F 		.ascii	"GUI_DEVICE_API\000"
 1730      44455649 
 1730      43455F41 
 1730      504900
 1731              	.LASF19:
 1732 0156 4C43445F 		.ascii	"LCD_COLOR\000"
 1732      434F4C4F 
 1732      5200
 1733              	.LASF28:
 1734 0160 70664765 		.ascii	"pfGetIndexMask\000"
 1734      74496E64 
 1734      65784D61 
 1734      736B00
 1735              	.LASF12:
 1736 016f 75696E74 		.ascii	"uint8_t\000"
 1736      385F7400 
 1737              	.LASF18:
 1738 0177 75696E74 		.ascii	"uint8\000"
 1738      3800
 1739              	.LASF74:
 1740 017d 4C43445F 		.ascii	"LCD_SetVRAMAddrEx\000"
 1740      53657456 
 1740      52414D41 
 1740      64647245 
 1740      7800
 1741              	.LASF35:
 1742 018f 70507265 		.ascii	"pPrev\000"
 1742      7600
 1743              	.LASF43:
 1744 0195 70664472 		.ascii	"pfDrawHLine\000"
 1744      6177484C 
 1744      696E6500 
 1745              	.LASF38:
 1746 01a1 466C6167 		.ascii	"Flags\000"
 1746      7300
ARM GAS  C:\Users\PC\AppData\Local\Temp\cc3S0kRm.s 			page 37


 1747              	.LASF16:
 1748 01a7 666C6F61 		.ascii	"float\000"
 1748      7400
 1749              	.LASF68:
 1750 01ad 47554944 		.ascii	"GUIDRV_BitPlains_API\000"
 1750      52565F42 
 1750      6974506C 
 1750      61696E73 
 1750      5F415049 
 1751              	.LASF39:
 1752 01c2 4C617965 		.ascii	"LayerIndex\000"
 1752      72496E64 
 1752      657800
 1753              	.LASF1:
 1754 01cd 6C6F6E67 		.ascii	"long long int\000"
 1754      206C6F6E 
 1754      6720696E 
 1754      7400
 1755              	.LASF34:
 1756 01db 704E6578 		.ascii	"pNext\000"
 1756      7400
 1757              	.LASF23:
 1758 01e1 744C4344 		.ascii	"tLCDDEV_GetIndexMask\000"
 1758      4445565F 
 1758      47657449 
 1758      6E646578 
 1758      4D61736B 
 1759              	.LASF7:
 1760 01f6 6C6F6E67 		.ascii	"long int\000"
 1760      20696E74 
 1760      00
 1761              	.LASF46:
 1762 01ff 70664765 		.ascii	"pfGetPixelIndex\000"
 1762      74506978 
 1762      656C496E 
 1762      64657800 
 1763              	.LASF32:
 1764 020f 4C43445F 		.ascii	"LCD_API_COLOR_CONV\000"
 1764      4150495F 
 1764      434F4C4F 
 1764      525F434F 
 1764      4E5600
 1765              	.LASF58:
 1766 0222 61705652 		.ascii	"apVRAM\000"
 1766      414D00
 1767              	.LASF69:
 1768 0229 4755495F 		.ascii	"GUI_DEVICE_CreateAndLink\000"
 1768      44455649 
 1768      43455F43 
 1768      72656174 
 1768      65416E64 
 1769              	.LASF30:
 1770 0242 7066436F 		.ascii	"pfColor2IndexBulk\000"
 1770      6C6F7232 
 1770      496E6465 
 1770      7842756C 
 1770      6B00
ARM GAS  C:\Users\PC\AppData\Local\Temp\cc3S0kRm.s 			page 38


 1771              	.LASF8:
 1772 0254 5F5F7569 		.ascii	"__uint8_t\000"
 1772      6E74385F 
 1772      7400
 1773              	.LASF60:
 1774 025e 436F6E66 		.ascii	"Config\000"
 1774      696700
 1775              	.LASF4:
 1776 0265 756E7369 		.ascii	"unsigned char\000"
 1776      676E6564 
 1776      20636861 
 1776      7200
 1777              	.LASF54:
 1778 0273 68436F6E 		.ascii	"hContext\000"
 1778      74657874 
 1778      00
 1779              	.LASF2:
 1780 027c 6C6F6E67 		.ascii	"long double\000"
 1780      20646F75 
 1780      626C6500 
 1781              	.LASF76:
 1782 0288 4C434443 		.ascii	"LCDConf.c\000"
 1782      6F6E662E 
 1782      6300
 1783              	.LASF20:
 1784 0292 4C43445F 		.ascii	"LCD_RECT\000"
 1784      52454354 
 1784      00
 1785              	.LASF3:
 1786 029b 7369676E 		.ascii	"signed char\000"
 1786      65642063 
 1786      68617200 
 1787              	.LASF11:
 1788 02a7 6C6F6E67 		.ascii	"long long unsigned int\000"
 1788      206C6F6E 
 1788      6720756E 
 1788      7369676E 
 1788      65642069 
 1789              	.LASF13:
 1790 02be 75696E74 		.ascii	"uint32_t\000"
 1790      33325F74 
 1790      00
 1791              	.LASF29:
 1792 02c7 4E6F416C 		.ascii	"NoAlpha\000"
 1792      70686100 
 1793              	.LASF27:
 1794 02cf 7066496E 		.ascii	"pfIndex2Color\000"
 1794      64657832 
 1794      436F6C6F 
 1794      7200
 1795              	.LASF0:
 1796 02dd 756E7369 		.ascii	"unsigned int\000"
 1796      676E6564 
 1796      20696E74 
 1796      00
 1797              	.LASF47:
 1798 02ea 70665365 		.ascii	"pfSetPixelIndex\000"
ARM GAS  C:\Users\PC\AppData\Local\Temp\cc3S0kRm.s 			page 39


 1798      74506978 
 1798      656C496E 
 1798      64657800 
 1799              	.LASF57:
 1800 02fa 434F4E46 		.ascii	"CONFIG_BITPLAINS\000"
 1800      49475F42 
 1800      4954504C 
 1800      41494E53 
 1800      00
 1801              	.LASF77:
 1802 030b 433A5C55 		.ascii	"C:\\Users\\PC\\Desktop\\WorkspaceLab10.cydsn\\Blank"
 1802      73657273 
 1802      5C50435C 
 1802      4465736B 
 1802      746F705C 
 1803 0339 2D323032 		.ascii	"-20240329T070651Z-001\\Blank\\Psoc6E-INK DISPLAY.cy"
 1803      34303332 
 1803      39543037 
 1803      30363531 
 1803      5A2D3030 
 1804 036a 64736E00 		.ascii	"dsn\000"
 1805              	.LASF26:
 1806 036e 7066436F 		.ascii	"pfColor2Index\000"
 1806      6C6F7232 
 1806      496E6465 
 1806      7800
 1807              	.LASF15:
 1808 037c 63686172 		.ascii	"char\000"
 1808      00
 1809              	.LASF73:
 1810 0381 4C43445F 		.ascii	"LCD_SetVSizeEx\000"
 1810      53657456 
 1810      53697A65 
 1810      457800
 1811              	.LASF41:
 1812 0390 44657669 		.ascii	"DeviceClassIndex\000"
 1812      6365436C 
 1812      61737349 
 1812      6E646578 
 1812      00
 1813              	.LASF33:
 1814 03a1 4755495F 		.ascii	"GUI_DEVICE\000"
 1814      44455649 
 1814      434500
 1815              	.LASF6:
 1816 03ac 73686F72 		.ascii	"short unsigned int\000"
 1816      7420756E 
 1816      7369676E 
 1816      65642069 
 1816      6E7400
 1817              	.LASF70:
 1818 03bf 47554944 		.ascii	"GUIDRV_BitPlains_Config\000"
 1818      52565F42 
 1818      6974506C 
 1818      61696E73 
 1818      5F436F6E 
 1819              	.LASF55:
ARM GAS  C:\Users\PC\AppData\Local\Temp\cc3S0kRm.s 			page 40


 1820 03d7 70436F6E 		.ascii	"pContext\000"
 1820      74657874 
 1820      00
 1821              	.LASF42:
 1822 03e0 70664472 		.ascii	"pfDrawBitmap\000"
 1822      61774269 
 1822      746D6170 
 1822      00
 1823              	.LASF50:
 1824 03ed 70664765 		.ascii	"pfGetDevFunc\000"
 1824      74446576 
 1824      46756E63 
 1824      00
 1825              	.LASF66:
 1826 03fa 5F565241 		.ascii	"_VRAM_Desc\000"
 1826      4D5F4465 
 1826      736300
 1827              	.LASF10:
 1828 0405 6C6F6E67 		.ascii	"long unsigned int\000"
 1828      20756E73 
 1828      69676E65 
 1828      6420696E 
 1828      7400
 1829              	.LASF63:
 1830 0417 64657374 		.ascii	"destination\000"
 1830      696E6174 
 1830      696F6E00 
 1831              	.LASF17:
 1832 0423 646F7562 		.ascii	"double\000"
 1832      6C6500
 1833              	.LASF31:
 1834 042a 7066496E 		.ascii	"pfIndex2ColorBulk\000"
 1834      64657832 
 1834      436F6C6F 
 1834      7242756C 
 1834      6B00
 1835              	.LASF64:
 1836 043c 636F756E 		.ascii	"count\000"
 1836      7400
 1837              	.LASF48:
 1838 0442 7066586F 		.ascii	"pfXorPixel\000"
 1838      72506978 
 1838      656C00
 1839              	.LASF49:
 1840 044d 70665365 		.ascii	"pfSetOrg\000"
 1840      744F7267 
 1840      00
 1841              	.LASF25:
 1842 0456 744C4344 		.ascii	"tLCDDEV_Color2IndexBulk\000"
 1842      4445565F 
 1842      436F6C6F 
 1842      7232496E 
 1842      64657842 
 1843              	.LASF78:
 1844 046e 4C43445F 		.ascii	"LCD_X_DisplayDriver\000"
 1844      585F4469 
 1844      73706C61 
ARM GAS  C:\Users\PC\AppData\Local\Temp\cc3S0kRm.s 			page 41


 1844      79447269 
 1844      76657200 
 1845              	.LASF24:
 1846 0482 744C4344 		.ascii	"tLCDDEV_Index2ColorBulk\000"
 1846      4445565F 
 1846      496E6465 
 1846      7832436F 
 1846      6C6F7242 
 1847              	.LASF67:
 1848 049a 4C43445F 		.ascii	"LCD_API_ColorConv_1\000"
 1848      4150495F 
 1848      436F6C6F 
 1848      72436F6E 
 1848      765F3100 
 1849              	.LASF21:
 1850 04ae 744C4344 		.ascii	"tLCDDEV_Index2Color\000"
 1850      4445565F 
 1850      496E6465 
 1850      7832436F 
 1850      6C6F7200 
 1851              	.LASF59:
 1852 04c2 70446576 		.ascii	"pDevice\000"
 1852      69636500 
 1853              	.LASF51:
 1854 04ca 70664765 		.ascii	"pfGetDevProp\000"
 1854      74446576 
 1854      50726F70 
 1854      00
 1855              	.LASF22:
 1856 04d7 744C4344 		.ascii	"tLCDDEV_Color2Index\000"
 1856      4445565F 
 1856      436F6C6F 
 1856      7232496E 
 1856      64657800 
 1857              		.ident	"GCC: (GNU Tools for ARM Embedded Processors) 5.4.1 20160609 (release) [ARM/embedded-5-bran
